Mplus VERSION 8.2
MUTHEN & MUTHEN
12/13/2018   5:40 PM

INPUT INSTRUCTIONS

  TITLE: ML EFA with metric data
         1 to 6 factors, Promax rotation

  DATA: file = mvs.dat;
        LISTWISE=ON;

  VARIABLE:
    names = idnum satopt ars ars01 im mvs1-mvs18;
    usevar = mvs1-mvs18;

    missing = all(-99);

  ANALYSIS:
    ESTIMATOR=ML;
    ROTATION=PROMAX;
    TYPE = EFA 1 6;

  OUTPUT: TECH1;




INPUT READING TERMINATED NORMALLY



ML EFA with metric data
1 to 6 factors, Promax rotation

SUMMARY OF ANALYSIS

Number of groups                                                 1
Number of observations                                         554

Number of dependent variables                                   18
Number of independent variables                                  0
Number of continuous latent variables                            0

Observed dependent variables

  Continuous
   MVS1        MVS2        MVS3        MVS4        MVS5        MVS6
   MVS7        MVS8        MVS9        MVS10       MVS11       MVS12
   MVS13       MVS14       MVS15       MVS16       MVS17       MVS18


Estimator                                                       ML
Rotation                                                    PROMAX
Row standardization                                    CORRELATION
Type of rotation                                           OBLIQUE
Information matrix                                        OBSERVED
Maximum number of iterations                                  1000
Convergence criterion                                    0.500D-04
Maximum number of steepest descent iterations                   20
Optimization Specifications for the Exploratory Factor Analysis
Rotation Algorithm
  Number of random starts                                        0
  Maximum number of iterations                               10000
  Derivative convergence criterion                       0.100D-04

Input data file(s)
  mvs.dat

Input data format  FREE



UNIVARIATE SAMPLE STATISTICS


     UNIVARIATE HIGHER-ORDER MOMENT DESCRIPTIVE STATISTICS

         Variable/         Mean/     Skewness/   Minimum/ % with                Percentiles
        Sample Size      Variance    Kurtosis    Maximum  Min/Max      20%/60%    40%/80%    Median

     MVS1                  3.359      -0.412       1.000    3.97%       2.000      3.000      4.000
             554.000       1.082      -0.647       5.000   10.47%       4.000      4.000
     MVS2                  2.363       0.467       1.000   20.76%       1.000      2.000      2.000
             554.000       1.069      -0.629       5.000    1.62%       2.000      3.000
     MVS3                  3.087      -0.280       1.000    7.94%       2.000      3.000      3.000
             554.000       1.191      -0.959       5.000    5.60%       4.000      4.000
     MVS4                  2.919      -0.105       1.000    6.14%       2.000      3.000      3.000
             554.000       0.981      -1.057       5.000    1.81%       3.000      4.000
     MVS5                  2.713       0.201       1.000    7.40%       2.000      2.000      3.000
             554.000       0.912      -0.811       5.000    1.62%       3.000      4.000
     MVS6                  3.220      -0.344       1.000    2.71%       2.000      3.000      3.000
             554.000       0.937      -0.916       5.000    4.33%       4.000      4.000
     MVS7                  2.605       0.467       1.000    9.39%       2.000      2.000      2.000
             554.000       0.965      -0.413       5.000    3.25%       3.000      4.000
     MVS8                  3.482      -0.467       1.000    2.17%       2.000      3.000      4.000
             554.000       0.983      -0.535       5.000   12.09%       4.000      4.000
     MVS9                  3.300      -0.214       1.000    3.07%       2.000      3.000      3.000
             554.000       1.037      -0.735       5.000   10.29%       4.000      4.000
     MVS10                 3.038      -0.064       1.000    3.25%       2.000      3.000      3.000
             554.000       0.939      -1.024       5.000    3.43%       3.000      4.000
     MVS11                 3.570      -0.652       1.000    1.44%       3.000      4.000      4.000
             554.000       0.855      -0.191       5.000   10.83%       4.000      4.000
     MVS12                 2.854       0.043       1.000    5.60%       2.000      2.000      3.000
             554.000       0.905      -0.873       5.000    1.99%       3.000      4.000
     MVS13                 3.166      -0.172       1.000    3.61%       2.000      3.000      3.000
             554.000       1.084      -1.048       5.000    6.68%       4.000      4.000
     MVS14                 3.430      -0.350       1.000    2.89%       2.000      3.000      4.000
             554.000       1.155      -0.845       5.000   14.62%       4.000      4.000
     MVS15                 3.348      -0.362       1.000    4.51%       2.000      3.000      4.000
             554.000       1.209      -0.851       5.000   12.45%       4.000      4.000
     MVS16                 2.345       0.733       1.000   14.08%       2.000      2.000      2.000
             554.000       0.865       0.120       5.000    1.81%       2.000      3.000
     MVS17                 3.224      -0.418       1.000    5.05%       2.000      3.000      3.500
             554.000       1.058      -0.772       5.000    5.78%       4.000      4.000
     MVS18                 2.731       0.203       1.000    6.32%       2.000      2.000      3.000
             554.000       0.879      -0.831       5.000    1.44%       3.000      4.000


THE MODEL ESTIMATION TERMINATED NORMALLY

THE MODEL ESTIMATION TERMINATED NORMALLY

THE MODEL ESTIMATION TERMINATED NORMALLY

THE MODEL ESTIMATION TERMINATED NORMALLY

THE MODEL ESTIMATION TERMINATED NORMALLY

THE MODEL ESTIMATION TERMINATED NORMALLY



SUMMARY OF MODEL FIT INFORMATION


                                  Degrees of
     Model           Chi-Square    Freedom     P-Value

     1-factor           626.978       135       0.0000
     2-factor           349.899       118       0.0000
     3-factor           239.986       102       0.0000
     4-factor           162.744        87       0.0000
     5-factor           114.050        73       0.0015
     6-factor            77.554        60       0.0633

                                               Degrees of
     Models Compared              Chi-Square    Freedom     P-Value

     1-factor against 2-factor       277.080        17       0.0000
     2-factor against 3-factor       109.913        16       0.0000
     3-factor against 4-factor        77.242        15       0.0000
     4-factor against 5-factor        48.693        14       0.0000
     5-factor against 6-factor        36.496        13       0.0005



RESULTS FOR EXPLORATORY FACTOR ANALYSIS


           EIGENVALUES FOR SAMPLE CORRELATION MATRIX
                  1             2             3             4             5
              ________      ________      ________      ________      ________
                5.135         1.493         1.293         1.078         1.047


           EIGENVALUES FOR SAMPLE CORRELATION MATRIX
                  6             7             8             9            10
              ________      ________      ________      ________      ________
                0.892         0.804         0.760         0.748         0.670


           EIGENVALUES FOR SAMPLE CORRELATION MATRIX
                 11            12            13            14            15
              ________      ________      ________      ________      ________
                0.631         0.594         0.543         0.531         0.506


           EIGENVALUES FOR SAMPLE CORRELATION MATRIX
                 16            17            18
              ________      ________      ________
                0.477         0.476         0.322


EXPLORATORY FACTOR ANALYSIS WITH 1 FACTOR(S):


MODEL FIT INFORMATION

Chi-Square Test of Model Fit

          Value                            626.978
          Degrees of Freedom                   135
          P-Value                           0.0000

RMSEA (Root Mean Square Error Of Approximation)

          Estimate                           0.081
          90 Percent C.I.                    0.075  0.088
          Probability RMSEA <= .05           0.000

Root Mean Square Residual

          Value                              0.068


           ESTIMATED FACTOR LOADINGS
                  1
              ________
 MVS1           0.508
 MVS2           0.478
 MVS3           0.601
 MVS4           0.482
 MVS5           0.346
 MVS6           0.529
 MVS7           0.324
 MVS8           0.513
 MVS9           0.563
 MVS10          0.419
 MVS11          0.155
 MVS12          0.472
 MVS13          0.648
 MVS14          0.686
 MVS15          0.441
 MVS16          0.335
 MVS17          0.548
 MVS18          0.581


           ESTIMATED RESIDUAL VARIANCES
              MVS1          MVS2          MVS3          MVS4          MVS5
              ________      ________      ________      ________      ________
                0.742         0.772         0.639         0.768         0.880


           ESTIMATED RESIDUAL VARIANCES
              MVS6          MVS7          MVS8          MVS9          MVS10
              ________      ________      ________      ________      ________
                0.720         0.895         0.736         0.683         0.825


           ESTIMATED RESIDUAL VARIANCES
              MVS11         MVS12         MVS13         MVS14         MVS15
              ________      ________      ________      ________      ________
                0.976         0.777         0.580         0.529         0.806


           ESTIMATED RESIDUAL VARIANCES
              MVS16         MVS17         MVS18
              ________      ________      ________
                0.888         0.699         0.663


           FACTOR DETERMINACIES
                  1
              ________
                0.930


EXPLORATORY FACTOR ANALYSIS WITH 2 FACTOR(S):


MODEL FIT INFORMATION

Chi-Square Test of Model Fit

          Value                            349.899
          Degrees of Freedom                   118
          P-Value                           0.0000

RMSEA (Root Mean Square Error Of Approximation)

          Estimate                           0.060
          90 Percent C.I.                    0.052  0.067
          Probability RMSEA <= .05           0.015

Root Mean Square Residual

          Value                              0.049


           PROMAX ROTATED LOADINGS
                  1             2
              ________      ________
 MVS1           0.279         0.275
 MVS2           0.321         0.194
 MVS3           0.194         0.451
 MVS4           0.004         0.532
 MVS5          -0.095         0.478
 MVS6          -0.009         0.605
 MVS7           0.098         0.259
 MVS8           0.236         0.324
 MVS9           0.158         0.460
 MVS10         -0.212         0.699
 MVS11         -0.050         0.228
 MVS12         -0.130         0.675
 MVS13          0.752        -0.031
 MVS14          0.951        -0.153
 MVS15          0.532        -0.052
 MVS16          0.256         0.102
 MVS17          0.498         0.110
 MVS18          0.266         0.372


           PROMAX FACTOR CORRELATIONS
                  1             2
              ________      ________
      1         1.000
      2         0.645         1.000


           ESTIMATED RESIDUAL VARIANCES
              MVS1          MVS2          MVS3          MVS4          MVS5
              ________      ________      ________      ________      ________
                0.748         0.779         0.646         0.714         0.821


           ESTIMATED RESIDUAL VARIANCES
              MVS6          MVS7          MVS8          MVS9          MVS10
              ________      ________      ________      ________      ________
                0.641         0.890         0.741         0.670         0.658


           ESTIMATED RESIDUAL VARIANCES
              MVS11         MVS12         MVS13         MVS14         MVS15
              ________      ________      ________      ________      ________
                0.960         0.640         0.464         0.259         0.750


           ESTIMATED RESIDUAL VARIANCES
              MVS16         MVS17         MVS18
              ________      ________      ________
                0.890         0.669         0.663


           FACTOR STRUCTURE
                  1             2
              ________      ________
 MVS1           0.456         0.455
 MVS2           0.446         0.401
 MVS3           0.485         0.577
 MVS4           0.348         0.535
 MVS5           0.213         0.416
 MVS6           0.381         0.599
 MVS7           0.266         0.323
 MVS8           0.445         0.476
 MVS9           0.455         0.562
 MVS10          0.239         0.562
 MVS11          0.097         0.195
 MVS12          0.306         0.591
 MVS13          0.732         0.454
 MVS14          0.853         0.461
 MVS15          0.498         0.291
 MVS16          0.322         0.267
 MVS17          0.569         0.432
 MVS18          0.506         0.544


           FACTOR DETERMINACIES
                  1             2
              ________      ________
                0.931         0.906


EXPLORATORY FACTOR ANALYSIS WITH 3 FACTOR(S):


MODEL FIT INFORMATION

Chi-Square Test of Model Fit

          Value                            239.986
          Degrees of Freedom                   102
          P-Value                           0.0000

RMSEA (Root Mean Square Error Of Approximation)

          Estimate                           0.049
          90 Percent C.I.                    0.041  0.058
          Probability RMSEA <= .05           0.534

Root Mean Square Residual

          Value                              0.038


           PROMAX ROTATED LOADINGS
                  1             2             3
              ________      ________      ________
 MVS1           0.223         0.183         0.221
 MVS2           0.278         0.067         0.246
 MVS3           0.335         0.283         0.129
 MVS4           0.018         0.547         0.034
 MVS5          -0.002         0.486        -0.056
 MVS6           0.111         0.556         0.006
 MVS7           0.523        -0.039        -0.026
 MVS8           0.520         0.048         0.110
 MVS9           0.528         0.181         0.039
 MVS10          0.213         0.552        -0.199
 MVS11         -0.104         0.294        -0.004
 MVS12          0.293         0.489        -0.145
 MVS13          0.119        -0.010         0.678
 MVS14          0.132        -0.111         0.846
 MVS15          0.166        -0.087         0.454
 MVS16         -0.080         0.187         0.274
 MVS17         -0.177         0.285         0.540
 MVS18          0.061         0.380         0.265


           PROMAX FACTOR CORRELATIONS
                  1             2             3
              ________      ________      ________
      1         1.000
      2         0.425         1.000
      3         0.445         0.521         1.000


           ESTIMATED RESIDUAL VARIANCES
              MVS1          MVS2          MVS3          MVS4          MVS5
              ________      ________      ________      ________      ________
                0.747         0.764         0.634         0.671         0.789


           ESTIMATED RESIDUAL VARIANCES
              MVS6          MVS7          MVS8          MVS9          MVS10
              ________      ________      ________      ________      ________
                0.623         0.753         0.637         0.580         0.662


           ESTIMATED RESIDUAL VARIANCES
              MVS11         MVS12         MVS13         MVS14         MVS15
              ________      ________      ________      ________      ________
                0.930         0.644         0.462         0.266         0.746


           ESTIMATED RESIDUAL VARIANCES
              MVS16         MVS17         MVS18
              ________      ________      ________
                0.862         0.562         0.643


           FACTOR STRUCTURE
                  1             2             3
              ________      ________      ________
 MVS1           0.400         0.393         0.416
 MVS2           0.416         0.313         0.405
 MVS3           0.512         0.493         0.425
 MVS4           0.266         0.572         0.327
 MVS5           0.181         0.457         0.197
 MVS6           0.350         0.606         0.344
 MVS7           0.495         0.170         0.186
 MVS8           0.590         0.327         0.367
 MVS9           0.622         0.426         0.368
 MVS10          0.360         0.539         0.184
 MVS11          0.020         0.248         0.103
 MVS12          0.437         0.538         0.240
 MVS13          0.417         0.394         0.726
 MVS14          0.461         0.385         0.846
 MVS15          0.331         0.220         0.482
 MVS16          0.122         0.296         0.336
 MVS17          0.185         0.492         0.610
 MVS18          0.340         0.544         0.490


           FACTOR DETERMINACIES
                  1             2             3
              ________      ________      ________
                0.836         0.874         0.917


EXPLORATORY FACTOR ANALYSIS WITH 4 FACTOR(S):


MODEL FIT INFORMATION

Chi-Square Test of Model Fit

          Value                            162.744
          Degrees of Freedom                    87
          P-Value                           0.0000

RMSEA (Root Mean Square Error Of Approximation)

          Estimate                           0.040
          90 Percent C.I.                    0.030  0.049
          Probability RMSEA <= .05           0.967

Root Mean Square Residual

          Value                              0.030


           PROMAX ROTATED LOADINGS
                  1             2             3             4
              ________      ________      ________      ________
 MVS1           0.477        -0.023         0.114         0.048
 MVS2           0.267         0.135         0.202         0.016
 MVS3           0.722         0.023        -0.060         0.088
 MVS4           0.261        -0.061        -0.022         0.439
 MVS5           0.204        -0.036        -0.103         0.389
 MVS6           0.205         0.045        -0.012         0.483
 MVS7          -0.005         0.554         0.052         0.016
 MVS8           0.221         0.361         0.132         0.050
 MVS9           0.343         0.344         0.025         0.127
 MVS10         -0.068         0.311        -0.124         0.597
 MVS11         -0.034        -0.068         0.006         0.291
 MVS12         -0.141         0.441        -0.052         0.586
 MVS13          0.064         0.041         0.674         0.000
 MVS14         -0.014         0.053         0.890        -0.075
 MVS15          0.072         0.059         0.464        -0.074
 MVS16         -0.070        -0.024         0.291         0.193
 MVS17         -0.061        -0.125         0.543         0.273
 MVS18         -0.033         0.091         0.309         0.393


           PROMAX FACTOR CORRELATIONS
                  1             2             3             4
              ________      ________      ________      ________
      1         1.000
      2         0.375         1.000
      3         0.607         0.296         1.000
      4         0.489         0.139         0.458         1.000


           ESTIMATED RESIDUAL VARIANCES
              MVS1          MVS2          MVS3          MVS4          MVS5
              ________      ________      ________      ________      ________
                0.673         0.753         0.450         0.658         0.787


           ESTIMATED RESIDUAL VARIANCES
              MVS6          MVS7          MVS8          MVS9          MVS10
              ________      ________      ________      ________      ________
                0.621         0.672         0.656         0.585         0.611


           ESTIMATED RESIDUAL VARIANCES
              MVS11         MVS12         MVS13         MVS14         MVS15
              ________      ________      ________      ________      ________
                0.922         0.527         0.468         0.248         0.748


           ESTIMATED RESIDUAL VARIANCES
              MVS16         MVS17         MVS18
              ________      ________      ________
                0.864         0.575         0.631


           FACTOR STRUCTURE
                  1             2             3             4
              ________      ________      ________      ________
 MVS1           0.561         0.196         0.419         0.330
 MVS2           0.448         0.297         0.411         0.258
 MVS3           0.737         0.289         0.425         0.416
 MVS4           0.439         0.091         0.319         0.548
 MVS5           0.318         0.064         0.188         0.436
 MVS6           0.451         0.186         0.347         0.584
 MVS7           0.243         0.570         0.221         0.115
 MVS8           0.461         0.490         0.395         0.268
 MVS9           0.550         0.498         0.393         0.354
 MVS10          0.265         0.332         0.200         0.550
 MVS11          0.086        -0.038         0.098         0.267
 MVS12          0.280         0.455         0.262         0.555
 MVS13          0.489         0.265         0.726         0.346
 MVS14          0.510         0.301         0.863         0.333
 MVS15          0.340         0.213         0.491         0.181
 MVS16          0.191         0.062         0.329         0.288
 MVS17          0.355         0.051         0.594         0.475
 MVS18          0.380         0.224         0.495         0.531


           FACTOR DETERMINACIES
                  1             2             3             4
              ________      ________      ________      ________
                0.865         0.769         0.925         0.855


EXPLORATORY FACTOR ANALYSIS WITH 5 FACTOR(S):


MODEL FIT INFORMATION

Chi-Square Test of Model Fit

          Value                            114.050
          Degrees of Freedom                    73
          P-Value                           0.0015

RMSEA (Root Mean Square Error Of Approximation)

          Estimate                           0.032
          90 Percent C.I.                    0.020  0.043
          Probability RMSEA <= .05           0.998

Root Mean Square Residual

          Value                              0.024


           PROMAX ROTATED LOADINGS
                  1             2             3             4             5
              ________      ________      ________      ________      ________
 MVS1           0.444         0.102         0.163         0.042        -0.064
 MVS2           0.303        -0.090         0.113         0.191         0.150
 MVS3           0.778         0.019        -0.047        -0.021        -0.002
 MVS4           0.281         0.312        -0.091         0.158        -0.040
 MVS5           0.252         0.216        -0.199         0.128         0.004
 MVS6           0.149         0.598         0.094        -0.031        -0.018
 MVS7          -0.001        -0.095         0.045        -0.006         0.623
 MVS8           0.160         0.162         0.278        -0.096         0.323
 MVS9           0.325         0.100         0.084        -0.025         0.332
 MVS10         -0.064         0.487        -0.110         0.012         0.330
 MVS11         -0.076         0.382         0.073        -0.008        -0.114
 MVS12         -0.132         0.453        -0.058         0.053         0.468
 MVS13          0.084        -0.109         0.439         0.584         0.046
 MVS14         -0.052        -0.049         0.700         0.616         0.021
 MVS15         -0.022         0.110         0.537         0.160        -0.010
 MVS16         -0.015        -0.006         0.053         0.429         0.026
 MVS17         -0.030         0.116         0.267         0.613        -0.100
 MVS18         -0.026         0.278         0.174         0.359         0.106


           PROMAX FACTOR CORRELATIONS
                  1             2             3             4             5
              ________      ________      ________      ________      ________
      1         1.000
      2         0.491         1.000
      3         0.391         0.112         1.000
      4         0.464         0.441        -0.056         1.000
      5         0.474         0.275         0.221         0.322         1.000


           ESTIMATED RESIDUAL VARIANCES
              MVS1          MVS2          MVS3          MVS4          MVS5
              ________      ________      ________      ________      ________
                0.673         0.733         0.423         0.663         0.770


           ESTIMATED RESIDUAL VARIANCES
              MVS6          MVS7          MVS8          MVS9          MVS10
              ________      ________      ________      ________      ________
                0.529         0.624         0.615         0.593         0.615


           ESTIMATED RESIDUAL VARIANCES
              MVS11         MVS12         MVS13         MVS14         MVS15
              ________      ________      ________      ________      ________
                0.878         0.534         0.448         0.250         0.672


           ESTIMATED RESIDUAL VARIANCES
              MVS16         MVS17         MVS18
              ________      ________      ________
                0.817         0.559         0.632


           FACTOR STRUCTURE
                  1             2             3             4             5
              ________      ________      ________      ________      ________
 MVS1           0.546         0.338         0.332         0.262         0.223
 MVS2           0.463         0.197         0.244         0.334         0.356
 MVS3           0.758         0.386         0.261         0.350         0.355
 MVS4           0.453         0.499         0.036         0.418         0.210
 MVS5           0.342         0.375        -0.083         0.353         0.181
 MVS6           0.456         0.663         0.216         0.291         0.227
 MVS7           0.262         0.078         0.172         0.150         0.604
 MVS8           0.457         0.318         0.435         0.138         0.474
 MVS9           0.553         0.349         0.297         0.272         0.524
 MVS10          0.294         0.539        -0.008         0.310         0.413
 MVS11          0.082         0.317         0.061         0.084        -0.032
 MVS12          0.314         0.534         0.041         0.346         0.534
 MVS13          0.495         0.252         0.437         0.565         0.341
 MVS14          0.493         0.281         0.645         0.538         0.336
 MVS15          0.312         0.228         0.530         0.166         0.180
 MVS16          0.213         0.188         0.028         0.424         0.166
 MVS17          0.368         0.374         0.212         0.603         0.175
 MVS18          0.395         0.472         0.199         0.494         0.324


           FACTOR DETERMINACIES
                  1             2             3             4             5
              ________      ________      ________      ________      ________
                0.875         0.841         0.785         0.807         0.807


EXPLORATORY FACTOR ANALYSIS WITH 6 FACTOR(S):


MODEL FIT INFORMATION

Chi-Square Test of Model Fit

          Value                             77.554
          Degrees of Freedom                    60
          P-Value                           0.0633

RMSEA (Root Mean Square Error Of Approximation)

          Estimate                           0.023
          90 Percent C.I.                    0.000  0.037
          Probability RMSEA <= .05           1.000

Root Mean Square Residual

          Value                              0.019


           PROMAX ROTATED LOADINGS
                  1             2             3             4             5
              ________      ________      ________      ________      ________
 MVS1           0.684        -0.041         0.099         0.183        -0.009
 MVS2          -0.114         0.317         0.153         0.431        -0.065
 MVS3           0.148         0.295        -0.077         0.697         0.047
 MVS4           0.112        -0.067         0.031         0.323         0.142
 MVS5           0.031        -0.094        -0.041         0.332         0.062
 MVS6           0.117         0.115        -0.027         0.121         0.372
 MVS7          -0.004         0.268         0.045        -0.071        -0.389
 MVS8          -0.081         0.620        -0.007         0.139         0.112
 MVS9           0.184         0.263         0.023         0.182        -0.110
 MVS10         -0.009         0.013        -0.070        -0.046         0.090
 MVS11         -0.120         0.084        -0.023         0.009         0.383
 MVS12         -0.056         0.092        -0.015        -0.065         0.020
 MVS13         -0.035         0.167         0.661         0.136        -0.062
 MVS14          0.137         0.172         0.859        -0.158        -0.024
 MVS15          0.085         0.308         0.379        -0.109         0.164
 MVS16         -0.107        -0.082         0.334         0.124        -0.049
 MVS17          0.007        -0.122         0.590         0.041         0.066
 MVS18         -0.005         0.021         0.333         0.031         0.099


           PROMAX ROTATED LOADINGS
                  6
              ________
 MVS1          -0.013
 MVS2          -0.092
 MVS3          -0.122
 MVS4           0.206
 MVS5           0.196
 MVS6           0.332
 MVS7           0.424
 MVS8           0.142
 MVS9           0.276
 MVS10          0.662
 MVS11          0.105
 MVS12          0.700
 MVS13         -0.080
 MVS14         -0.046
 MVS15         -0.071
 MVS16          0.079
 MVS17          0.089
 MVS18          0.305


           PROMAX FACTOR CORRELATIONS
                  1             2             3             4             5
              ________      ________      ________      ________      ________
      1         1.000
      2         0.380         1.000
      3         0.272         0.290         1.000
      4         0.264         0.097         0.577         1.000
      5         0.135        -0.074         0.235         0.198         1.000
      6         0.260         0.241         0.462         0.644         0.198


           PROMAX FACTOR CORRELATIONS
                  6
              ________
      6         1.000


           ESTIMATED RESIDUAL VARIANCES
              MVS1          MVS2          MVS3          MVS4          MVS5
              ________      ________      ________      ________      ________
                0.399         0.678         0.454         0.660         0.770


           ESTIMATED RESIDUAL VARIANCES
              MVS6          MVS7          MVS8          MVS9          MVS10
              ________      ________      ________      ________      ________
                0.546         0.605         0.528         0.591         0.605


           ESTIMATED RESIDUAL VARIANCES
              MVS11         MVS12         MVS13         MVS14         MVS15
              ________      ________      ________      ________      ________
                0.836         0.549         0.439         0.235         0.679


           ESTIMATED RESIDUAL VARIANCES
              MVS16         MVS17         MVS18
              ________      ________      ________
                0.818         0.565         0.633


           FACTOR STRUCTURE
                  1             2             3             4             5
              ________      ________      ________      ________      ________
 MVS1           0.739         0.262         0.371         0.407         0.144
 MVS2           0.129         0.342         0.404         0.448        -0.001
 MVS3           0.398         0.364         0.406         0.651         0.141
 MVS4           0.253         0.055         0.357         0.524         0.274
 MVS5           0.131        -0.019         0.236         0.445         0.168
 MVS6           0.322         0.216         0.349         0.435         0.462
 MVS7           0.149         0.404         0.185         0.176        -0.329
 MVS8           0.241         0.627         0.322         0.287         0.109
 MVS9           0.395         0.432         0.356         0.426        -0.008
 MVS10          0.149         0.138         0.232         0.357         0.193
 MVS11         -0.013         0.030         0.113         0.116         0.378
 MVS12          0.142         0.227         0.287         0.375         0.128
 MVS13          0.215         0.344         0.727         0.461         0.088
 MVS14          0.379         0.448         0.828         0.356         0.144
 MVS15          0.280         0.411         0.434         0.149         0.206
 MVS16         -0.001         0.008         0.377         0.321         0.061
 MVS17          0.164         0.072         0.637         0.442         0.240
 MVS18          0.195         0.185         0.520         0.440         0.242


           FACTOR STRUCTURE
                  6
              ________
 MVS1           0.317
 MVS2           0.290
 MVS3           0.410
 MVS4           0.469
 MVS5           0.388
 MVS6           0.530
 MVS7           0.386
 MVS8           0.379
 MVS9           0.494
 MVS10          0.619
 MVS11          0.165
 MVS12          0.663
 MVS13          0.332
 MVS14          0.321
 MVS15          0.163
 MVS16          0.255
 MVS17          0.373
 MVS18          0.502


           FACTOR DETERMINACIES
                  1             2             3             4             5
              ________      ________      ________      ________      ________
                0.783         0.782         0.916         0.833         0.694


           FACTOR DETERMINACIES
                  6
              ________
                0.870


DIAGRAM INFORMATION

  Mplus diagrams are currently not available for EFA.
  No diagram output was produced.


     Beginning Time:  17:40:34
        Ending Time:  17:40:34
       Elapsed Time:  00:00:00



MUTHEN & MUTHEN
3463 Stoner Ave.
Los Angeles, CA  90066

Tel: (310) 391-9971
Fax: (310) 391-8971
Web: www.StatModel.com
Support: Support@StatModel.com

Copyright (c) 1998-2018 Muthen & Muthen
