Mplus VERSION 8.2
MUTHEN & MUTHEN
12/13/2018   5:45 PM

INPUT INSTRUCTIONS

  TITLE: cfa with metric data
         3 factors

  DATA: file = mvs.dat;

  VARIABLE:
    names = idnum satopt ars ars01 im mvs1-mvs18;
    usevar = mvs1-mvs18;

    missing = all(-99);

  ANALYSIS:
    ESTIMATOR=ML;

  MODEL:

    SUC BY mvs1*1 (l1)
           mvs2 (l2)
           mvs3 (l3)
           mvs4 (l4)
           mvs5 (l5)
           mvs6 (l6);
    CEN BY mvs7*1 (l7)
           mvs8 (l8)
           mvs9 (l9)
           mvs10 (l10)
           mvs11 (l11)
           mvs12 (l12);
    HAP BY mvs13*1 (l13)
           mvs14 (l14)
           mvs15 (l15)
           mvs16 (l16)
           mvs17 (l17)
           mvs18 (l18);

    SUC@1;
    CEN@1;
    HAP@1;

    SUC WITH CEN;
    SUC WITH HAP;
    CEN WITH HAP;

    mvs1 (ev1);
    mvs2 (ev2);
    mvs3 (ev3);
    mvs4 (ev4);
    mvs5 (ev5);
    mvs6 (ev6);
    mvs7 (ev7);
    mvs8 (ev8);
    mvs9 (ev9);
    mvs10 (ev10);
    mvs11 (ev11);
    mvs12 (ev12);
    mvs13 (ev13);
    mvs14 (ev14);
    mvs15 (ev15);
    mvs16 (ev16);
    mvs17 (ev17);
    mvs18 (ev18);

  OUTPUT: TECH1 MOD (3.84) svalues CINTERVAL standardized;




INPUT READING TERMINATED NORMALLY



cfa with metric data
3 factors

SUMMARY OF ANALYSIS

Number of groups                                                 1
Number of observations                                         554

Number of dependent variables                                   18
Number of independent variables                                  0
Number of continuous latent variables                            3

Observed dependent variables

  Continuous
   MVS1        MVS2        MVS3        MVS4        MVS5        MVS6
   MVS7        MVS8        MVS9        MVS10       MVS11       MVS12
   MVS13       MVS14       MVS15       MVS16       MVS17       MVS18

Continuous latent variables
   SUC         CEN         HAP


Estimator                                                       ML
Information matrix                                        OBSERVED
Maximum number of iterations                                  1000
Convergence criterion                                    0.500D-04
Maximum number of steepest descent iterations                   20
Maximum number of iterations for H1                           2000
Convergence criterion for H1                             0.100D-03

Input data file(s)
  mvs.dat

Input data format  FREE


SUMMARY OF DATA

     Number of missing data patterns             1


COVARIANCE COVERAGE OF DATA

Minimum covariance coverage value   0.100


     PROPORTION OF DATA PRESENT


           Covariance Coverage
              MVS1          MVS2          MVS3          MVS4          MVS5
              ________      ________      ________      ________      ________
 MVS1           1.000
 MVS2           1.000         1.000
 MVS3           1.000         1.000         1.000
 MVS4           1.000         1.000         1.000         1.000
 MVS5           1.000         1.000         1.000         1.000         1.000
 MVS6           1.000         1.000         1.000         1.000         1.000
 MVS7           1.000         1.000         1.000         1.000         1.000
 MVS8           1.000         1.000         1.000         1.000         1.000
 MVS9           1.000         1.000         1.000         1.000         1.000
 MVS10          1.000         1.000         1.000         1.000         1.000
 MVS11          1.000         1.000         1.000         1.000         1.000
 MVS12          1.000         1.000         1.000         1.000         1.000
 MVS13          1.000         1.000         1.000         1.000         1.000
 MVS14          1.000         1.000         1.000         1.000         1.000
 MVS15          1.000         1.000         1.000         1.000         1.000
 MVS16          1.000         1.000         1.000         1.000         1.000
 MVS17          1.000         1.000         1.000         1.000         1.000
 MVS18          1.000         1.000         1.000         1.000         1.000


           Covariance Coverage
              MVS6          MVS7          MVS8          MVS9          MVS10
              ________      ________      ________      ________      ________
 MVS6           1.000
 MVS7           1.000         1.000
 MVS8           1.000         1.000         1.000
 MVS9           1.000         1.000         1.000         1.000
 MVS10          1.000         1.000         1.000         1.000         1.000
 MVS11          1.000         1.000         1.000         1.000         1.000
 MVS12          1.000         1.000         1.000         1.000         1.000
 MVS13          1.000         1.000         1.000         1.000         1.000
 MVS14          1.000         1.000         1.000         1.000         1.000
 MVS15          1.000         1.000         1.000         1.000         1.000
 MVS16          1.000         1.000         1.000         1.000         1.000
 MVS17          1.000         1.000         1.000         1.000         1.000
 MVS18          1.000         1.000         1.000         1.000         1.000


           Covariance Coverage
              MVS11         MVS12         MVS13         MVS14         MVS15
              ________      ________      ________      ________      ________
 MVS11          1.000
 MVS12          1.000         1.000
 MVS13          1.000         1.000         1.000
 MVS14          1.000         1.000         1.000         1.000
 MVS15          1.000         1.000         1.000         1.000         1.000
 MVS16          1.000         1.000         1.000         1.000         1.000
 MVS17          1.000         1.000         1.000         1.000         1.000
 MVS18          1.000         1.000         1.000         1.000         1.000


           Covariance Coverage
              MVS16         MVS17         MVS18
              ________      ________      ________
 MVS16          1.000
 MVS17          1.000         1.000
 MVS18          1.000         1.000         1.000



UNIVARIATE SAMPLE STATISTICS


     UNIVARIATE HIGHER-ORDER MOMENT DESCRIPTIVE STATISTICS

         Variable/         Mean/     Skewness/   Minimum/ % with                Percentiles
        Sample Size      Variance    Kurtosis    Maximum  Min/Max      20%/60%    40%/80%    Median

     MVS1                  3.359      -0.412       1.000    3.97%       2.000      3.000      4.000
             554.000       1.082      -0.647       5.000   10.47%       4.000      4.000
     MVS2                  2.363       0.467       1.000   20.76%       1.000      2.000      2.000
             554.000       1.069      -0.629       5.000    1.62%       2.000      3.000
     MVS3                  3.087      -0.280       1.000    7.94%       2.000      3.000      3.000
             554.000       1.191      -0.959       5.000    5.60%       4.000      4.000
     MVS4                  2.919      -0.105       1.000    6.14%       2.000      3.000      3.000
             554.000       0.981      -1.057       5.000    1.81%       3.000      4.000
     MVS5                  2.713       0.201       1.000    7.40%       2.000      2.000      3.000
             554.000       0.912      -0.811       5.000    1.62%       3.000      4.000
     MVS6                  3.220      -0.344       1.000    2.71%       2.000      3.000      3.000
             554.000       0.937      -0.916       5.000    4.33%       4.000      4.000
     MVS7                  2.605       0.467       1.000    9.39%       2.000      2.000      2.000
             554.000       0.965      -0.413       5.000    3.25%       3.000      4.000
     MVS8                  3.482      -0.467       1.000    2.17%       2.000      3.000      4.000
             554.000       0.983      -0.535       5.000   12.09%       4.000      4.000
     MVS9                  3.300      -0.214       1.000    3.07%       2.000      3.000      3.000
             554.000       1.037      -0.735       5.000   10.29%       4.000      4.000
     MVS10                 3.038      -0.064       1.000    3.25%       2.000      3.000      3.000
             554.000       0.939      -1.024       5.000    3.43%       3.000      4.000
     MVS11                 3.570      -0.652       1.000    1.44%       3.000      4.000      4.000
             554.000       0.855      -0.191       5.000   10.83%       4.000      4.000
     MVS12                 2.854       0.043       1.000    5.60%       2.000      2.000      3.000
             554.000       0.905      -0.873       5.000    1.99%       3.000      4.000
     MVS13                 3.166      -0.172       1.000    3.61%       2.000      3.000      3.000
             554.000       1.084      -1.048       5.000    6.68%       4.000      4.000
     MVS14                 3.430      -0.350       1.000    2.89%       2.000      3.000      4.000
             554.000       1.155      -0.845       5.000   14.62%       4.000      4.000
     MVS15                 3.348      -0.362       1.000    4.51%       2.000      3.000      4.000
             554.000       1.209      -0.851       5.000   12.45%       4.000      4.000
     MVS16                 2.345       0.733       1.000   14.08%       2.000      2.000      2.000
             554.000       0.865       0.120       5.000    1.81%       2.000      3.000
     MVS17                 3.224      -0.418       1.000    5.05%       2.000      3.000      3.500
             554.000       1.058      -0.772       5.000    5.78%       4.000      4.000
     MVS18                 2.731       0.203       1.000    6.32%       2.000      2.000      3.000
             554.000       0.879      -0.831       5.000    1.44%       3.000      4.000


THE MODEL ESTIMATION TERMINATED NORMALLY



MODEL FIT INFORMATION

Number of Free Parameters                       57

Loglikelihood

          H0 Value                      -13138.112
          H1 Value                      -12930.493

Information Criteria

          Akaike (AIC)                   26390.225
          Bayesian (BIC)                 26636.303
          Sample-Size Adjusted BIC       26455.360
            (n* = (n + 2) / 24)

Chi-Square Test of Model Fit

          Value                            415.239
          Degrees of Freedom                   132
          P-Value                           0.0000

RMSEA (Root Mean Square Error Of Approximation)

          Estimate                           0.062
          90 Percent C.I.                    0.056  0.069
          Probability RMSEA <= .05           0.002

CFI/TLI

          CFI                                0.876
          TLI                                0.856

Chi-Square Test of Model Fit for the Baseline Model

          Value                           2440.337
          Degrees of Freedom                   153
          P-Value                           0.0000

SRMR (Standardized Root Mean Square Residual)

          Value                              0.052



MODEL RESULTS

                                                    Two-Tailed
                    Estimate       S.E.  Est./S.E.    P-Value

 SUC      BY
    MVS1               0.569      0.046     12.481      0.000
    MVS2               0.500      0.046     10.822      0.000
    MVS3               0.725      0.046     15.730      0.000
    MVS4               0.531      0.044     12.141      0.000
    MVS5               0.373      0.044      8.543      0.000
    MVS6               0.552      0.042     13.090      0.000

 CEN      BY
    MVS7               0.406      0.046      8.817      0.000
    MVS8               0.556      0.044     12.519      0.000
    MVS9               0.656      0.045     14.713      0.000
    MVS10              0.496      0.044     11.175      0.000
    MVS11              0.145      0.045      3.246      0.001
    MVS12              0.544      0.043     12.631      0.000

 HAP      BY
    MVS13              0.770      0.041     18.743      0.000
    MVS14              0.862      0.041     20.775      0.000
    MVS15              0.533      0.048     11.132      0.000
    MVS16              0.338      0.042      8.066      0.000
    MVS17              0.624      0.043     14.530      0.000
    MVS18              0.521      0.040     12.921      0.000

 SUC      WITH
    CEN                0.818      0.036     22.671      0.000
    HAP                0.720      0.036     20.106      0.000

 CEN      WITH
    HAP                0.629      0.042     15.049      0.000

 Intercepts
    MVS1               3.359      0.044     76.005      0.000
    MVS2               2.363      0.044     53.796      0.000
    MVS3               3.087      0.046     66.570      0.000
    MVS4               2.919      0.042     69.370      0.000
    MVS5               2.713      0.041     66.858      0.000
    MVS6               3.220      0.041     78.299      0.000
    MVS7               2.605      0.042     62.420      0.000
    MVS8               3.482      0.042     82.681      0.000
    MVS9               3.300      0.043     76.282      0.000
    MVS10              3.038      0.041     73.790      0.000
    MVS11              3.570      0.039     90.876      0.000
    MVS12              2.854      0.040     70.623      0.000
    MVS13              3.166      0.044     71.564      0.000
    MVS14              3.430      0.046     75.117      0.000
    MVS15              3.348      0.047     71.678      0.000
    MVS16              2.345      0.040     59.344      0.000
    MVS17              3.224      0.044     73.764      0.000
    MVS18              2.731      0.040     68.566      0.000

 Variances
    SUC                1.000      0.000    999.000    999.000
    CEN                1.000      0.000    999.000    999.000
    HAP                1.000      0.000    999.000    999.000

 Residual Variances
    MVS1               0.758      0.051     14.814      0.000
    MVS2               0.819      0.053     15.336      0.000
    MVS3               0.665      0.050     13.176      0.000
    MVS4               0.699      0.047     14.872      0.000
    MVS5               0.773      0.049     15.873      0.000
    MVS6               0.632      0.043     14.558      0.000
    MVS7               0.800      0.052     15.509      0.000
    MVS8               0.674      0.047     14.272      0.000
    MVS9               0.607      0.047     12.957      0.000
    MVS10              0.693      0.047     14.682      0.000
    MVS11              0.834      0.051     16.513      0.000
    MVS12              0.608      0.044     13.884      0.000
    MVS13              0.491      0.039     12.669      0.000
    MVS14              0.412      0.039     10.534      0.000
    MVS15              0.925      0.059     15.637      0.000
    MVS16              0.751      0.047     16.118      0.000
    MVS17              0.669      0.045     14.725      0.000
    MVS18              0.607      0.041     14.990      0.000


STANDARDIZED MODEL RESULTS


STDYX Standardization

                                                    Two-Tailed
                    Estimate       S.E.  Est./S.E.    P-Value

 SUC      BY
    MVS1               0.547      0.036     15.334      0.000
    MVS2               0.484      0.038     12.646      0.000
    MVS3               0.665      0.031     21.660      0.000
    MVS4               0.536      0.036     14.751      0.000
    MVS5               0.391      0.041      9.419      0.000
    MVS6               0.570      0.035     16.406      0.000

 CEN      BY
    MVS7               0.414      0.042      9.775      0.000
    MVS8               0.561      0.037     15.357      0.000
    MVS9               0.644      0.033     19.387      0.000
    MVS10              0.512      0.039     13.161      0.000
    MVS11              0.157      0.048      3.293      0.001
    MVS12              0.572      0.037     15.520      0.000

 HAP      BY
    MVS13              0.740      0.025     29.795      0.000
    MVS14              0.802      0.022     36.015      0.000
    MVS15              0.484      0.037     13.148      0.000
    MVS16              0.363      0.041      8.805      0.000
    MVS17              0.607      0.031     19.268      0.000
    MVS18              0.556      0.034     16.138      0.000

 SUC      WITH
    CEN                0.818      0.036     22.671      0.000
    HAP                0.720      0.036     20.106      0.000

 CEN      WITH
    HAP                0.629      0.042     15.049      0.000

 Intercepts
    MVS1               3.229      0.106     30.491      0.000
    MVS2               2.286      0.081     28.306      0.000
    MVS3               2.828      0.095     29.772      0.000
    MVS4               2.947      0.098     30.010      0.000
    MVS5               2.841      0.095     29.798      0.000
    MVS6               3.327      0.109     30.633      0.000
    MVS7               2.652      0.090     29.371      0.000
    MVS8               3.513      0.114     30.878      0.000
    MVS9               3.241      0.106     30.508      0.000
    MVS10              3.135      0.103     30.342      0.000
    MVS11              3.861      0.124     31.256      0.000
    MVS12              3.000      0.100     30.110      0.000
    MVS13              3.040      0.101     30.182      0.000
    MVS14              3.191      0.105     30.432      0.000
    MVS15              3.045      0.101     30.190      0.000
    MVS16              2.521      0.087     29.031      0.000
    MVS17              3.134      0.103     30.340      0.000
    MVS18              2.913      0.097     29.944      0.000

 Variances
    SUC                1.000      0.000    999.000    999.000
    CEN                1.000      0.000    999.000    999.000
    HAP                1.000      0.000    999.000    999.000

 Residual Variances
    MVS1               0.701      0.039     17.935      0.000
    MVS2               0.766      0.037     20.717      0.000
    MVS3               0.558      0.041     13.685      0.000
    MVS4               0.713      0.039     18.303      0.000
    MVS5               0.847      0.032     26.167      0.000
    MVS6               0.675      0.040     17.005      0.000
    MVS7               0.829      0.035     23.686      0.000
    MVS8               0.685      0.041     16.736      0.000
    MVS9               0.585      0.043     13.684      0.000
    MVS10              0.738      0.040     18.494      0.000
    MVS11              0.975      0.015     65.219      0.000
    MVS12              0.672      0.042     15.924      0.000
    MVS13              0.453      0.037     12.337      0.000
    MVS14              0.356      0.036      9.976      0.000
    MVS15              0.765      0.036     21.450      0.000
    MVS16              0.868      0.030     28.968      0.000
    MVS17              0.632      0.038     16.529      0.000
    MVS18              0.691      0.038     18.044      0.000


STDY Standardization

                                                    Two-Tailed
                    Estimate       S.E.  Est./S.E.    P-Value

 SUC      BY
    MVS1               0.547      0.036     15.334      0.000
    MVS2               0.484      0.038     12.646      0.000
    MVS3               0.665      0.031     21.660      0.000
    MVS4               0.536      0.036     14.751      0.000
    MVS5               0.391      0.041      9.419      0.000
    MVS6               0.570      0.035     16.406      0.000

 CEN      BY
    MVS7               0.414      0.042      9.775      0.000
    MVS8               0.561      0.037     15.357      0.000
    MVS9               0.644      0.033     19.387      0.000
    MVS10              0.512      0.039     13.161      0.000
    MVS11              0.157      0.048      3.293      0.001
    MVS12              0.572      0.037     15.520      0.000

 HAP      BY
    MVS13              0.740      0.025     29.795      0.000
    MVS14              0.802      0.022     36.015      0.000
    MVS15              0.484      0.037     13.148      0.000
    MVS16              0.363      0.041      8.805      0.000
    MVS17              0.607      0.031     19.268      0.000
    MVS18              0.556      0.034     16.138      0.000

 SUC      WITH
    CEN                0.818      0.036     22.671      0.000
    HAP                0.720      0.036     20.106      0.000

 CEN      WITH
    HAP                0.629      0.042     15.049      0.000

 Intercepts
    MVS1               3.229      0.106     30.491      0.000
    MVS2               2.286      0.081     28.306      0.000
    MVS3               2.828      0.095     29.772      0.000
    MVS4               2.947      0.098     30.010      0.000
    MVS5               2.841      0.095     29.798      0.000
    MVS6               3.327      0.109     30.633      0.000
    MVS7               2.652      0.090     29.371      0.000
    MVS8               3.513      0.114     30.878      0.000
    MVS9               3.241      0.106     30.508      0.000
    MVS10              3.135      0.103     30.342      0.000
    MVS11              3.861      0.124     31.256      0.000
    MVS12              3.000      0.100     30.110      0.000
    MVS13              3.040      0.101     30.182      0.000
    MVS14              3.191      0.105     30.432      0.000
    MVS15              3.045      0.101     30.190      0.000
    MVS16              2.521      0.087     29.031      0.000
    MVS17              3.134      0.103     30.340      0.000
    MVS18              2.913      0.097     29.944      0.000

 Variances
    SUC                1.000      0.000    999.000    999.000
    CEN                1.000      0.000    999.000    999.000
    HAP                1.000      0.000    999.000    999.000

 Residual Variances
    MVS1               0.701      0.039     17.935      0.000
    MVS2               0.766      0.037     20.717      0.000
    MVS3               0.558      0.041     13.685      0.000
    MVS4               0.713      0.039     18.303      0.000
    MVS5               0.847      0.032     26.167      0.000
    MVS6               0.675      0.040     17.005      0.000
    MVS7               0.829      0.035     23.686      0.000
    MVS8               0.685      0.041     16.736      0.000
    MVS9               0.585      0.043     13.684      0.000
    MVS10              0.738      0.040     18.494      0.000
    MVS11              0.975      0.015     65.219      0.000
    MVS12              0.672      0.042     15.924      0.000
    MVS13              0.453      0.037     12.337      0.000
    MVS14              0.356      0.036      9.976      0.000
    MVS15              0.765      0.036     21.450      0.000
    MVS16              0.868      0.030     28.968      0.000
    MVS17              0.632      0.038     16.529      0.000
    MVS18              0.691      0.038     18.044      0.000


STD Standardization

                                                    Two-Tailed
                    Estimate       S.E.  Est./S.E.    P-Value

 SUC      BY
    MVS1               0.569      0.046     12.481      0.000
    MVS2               0.500      0.046     10.822      0.000
    MVS3               0.725      0.046     15.730      0.000
    MVS4               0.531      0.044     12.141      0.000
    MVS5               0.373      0.044      8.543      0.000
    MVS6               0.552      0.042     13.090      0.000

 CEN      BY
    MVS7               0.406      0.046      8.817      0.000
    MVS8               0.556      0.044     12.519      0.000
    MVS9               0.656      0.045     14.713      0.000
    MVS10              0.496      0.044     11.175      0.000
    MVS11              0.145      0.045      3.246      0.001
    MVS12              0.544      0.043     12.631      0.000

 HAP      BY
    MVS13              0.770      0.041     18.743      0.000
    MVS14              0.862      0.041     20.775      0.000
    MVS15              0.533      0.048     11.132      0.000
    MVS16              0.338      0.042      8.066      0.000
    MVS17              0.624      0.043     14.530      0.000
    MVS18              0.521      0.040     12.921      0.000

 SUC      WITH
    CEN                0.818      0.036     22.671      0.000
    HAP                0.720      0.036     20.106      0.000

 CEN      WITH
    HAP                0.629      0.042     15.049      0.000

 Intercepts
    MVS1               3.359      0.044     76.005      0.000
    MVS2               2.363      0.044     53.796      0.000
    MVS3               3.087      0.046     66.570      0.000
    MVS4               2.919      0.042     69.370      0.000
    MVS5               2.713      0.041     66.858      0.000
    MVS6               3.220      0.041     78.299      0.000
    MVS7               2.605      0.042     62.420      0.000
    MVS8               3.482      0.042     82.681      0.000
    MVS9               3.300      0.043     76.282      0.000
    MVS10              3.038      0.041     73.790      0.000
    MVS11              3.570      0.039     90.876      0.000
    MVS12              2.854      0.040     70.623      0.000
    MVS13              3.166      0.044     71.564      0.000
    MVS14              3.430      0.046     75.117      0.000
    MVS15              3.348      0.047     71.678      0.000
    MVS16              2.345      0.040     59.344      0.000
    MVS17              3.224      0.044     73.764      0.000
    MVS18              2.731      0.040     68.566      0.000

 Variances
    SUC                1.000      0.000    999.000    999.000
    CEN                1.000      0.000    999.000    999.000
    HAP                1.000      0.000    999.000    999.000

 Residual Variances
    MVS1               0.758      0.051     14.814      0.000
    MVS2               0.819      0.053     15.336      0.000
    MVS3               0.665      0.050     13.176      0.000
    MVS4               0.699      0.047     14.872      0.000
    MVS5               0.773      0.049     15.873      0.000
    MVS6               0.632      0.043     14.558      0.000
    MVS7               0.800      0.052     15.509      0.000
    MVS8               0.674      0.047     14.272      0.000
    MVS9               0.607      0.047     12.957      0.000
    MVS10              0.693      0.047     14.682      0.000
    MVS11              0.834      0.051     16.513      0.000
    MVS12              0.608      0.044     13.884      0.000
    MVS13              0.491      0.039     12.669      0.000
    MVS14              0.412      0.039     10.534      0.000
    MVS15              0.925      0.059     15.637      0.000
    MVS16              0.751      0.047     16.118      0.000
    MVS17              0.669      0.045     14.725      0.000
    MVS18              0.607      0.041     14.990      0.000


R-SQUARE

    Observed                                        Two-Tailed
    Variable        Estimate       S.E.  Est./S.E.    P-Value

    MVS1               0.299      0.039      7.667      0.000
    MVS2               0.234      0.037      6.323      0.000
    MVS3               0.442      0.041     10.830      0.000
    MVS4               0.287      0.039      7.376      0.000
    MVS5               0.153      0.032      4.710      0.000
    MVS6               0.325      0.040      8.203      0.000
    MVS7               0.171      0.035      4.888      0.000
    MVS8               0.315      0.041      7.679      0.000
    MVS9               0.415      0.043      9.694      0.000
    MVS10              0.262      0.040      6.580      0.000
    MVS11              0.025      0.015      1.646      0.100
    MVS12              0.328      0.042      7.760      0.000
    MVS13              0.547      0.037     14.897      0.000
    MVS14              0.644      0.036     18.007      0.000
    MVS15              0.235      0.036      6.574      0.000
    MVS16              0.132      0.030      4.402      0.000
    MVS17              0.368      0.038      9.634      0.000
    MVS18              0.309      0.038      8.069      0.000


QUALITY OF NUMERICAL RESULTS

     Condition Number for the Information Matrix              0.551E-01
       (ratio of smallest to largest eigenvalue)


CONFIDENCE INTERVALS OF MODEL RESULTS

                  Lower .5%  Lower 2.5%    Lower 5%    Estimate    Upper 5%  Upper 2.5%   Upper .5%

 SUC      BY
    MVS1             0.452       0.480       0.494       0.569       0.644       0.659       0.687
    MVS2             0.381       0.409       0.424       0.500       0.576       0.590       0.619
    MVS3             0.607       0.635       0.650       0.725       0.801       0.816       0.844
    MVS4             0.418       0.445       0.459       0.531       0.603       0.616       0.643
    MVS5             0.261       0.287       0.301       0.373       0.445       0.459       0.485
    MVS6             0.444       0.470       0.483       0.552       0.622       0.635       0.661

 CEN      BY
    MVS7             0.288       0.316       0.330       0.406       0.482       0.497       0.525
    MVS8             0.442       0.469       0.483       0.556       0.629       0.643       0.670
    MVS9             0.541       0.568       0.582       0.656       0.729       0.743       0.770
    MVS10            0.382       0.409       0.423       0.496       0.569       0.583       0.611
    MVS11            0.030       0.057       0.072       0.145       0.219       0.233       0.260
    MVS12            0.433       0.460       0.474       0.544       0.615       0.629       0.655

 HAP      BY
    MVS13            0.664       0.690       0.703       0.770       0.838       0.851       0.876
    MVS14            0.755       0.781       0.794       0.862       0.930       0.943       0.969
    MVS15            0.409       0.439       0.454       0.533       0.611       0.626       0.656
    MVS16            0.230       0.256       0.269       0.338       0.407       0.420       0.446
    MVS17            0.514       0.540       0.554       0.624       0.695       0.708       0.735
    MVS18            0.417       0.442       0.455       0.521       0.587       0.600       0.625

 SUC      WITH
    CEN              0.725       0.747       0.759       0.818       0.878       0.889       0.911
    HAP              0.627       0.650       0.661       0.720       0.779       0.790       0.812

 CEN      WITH
    HAP              0.521       0.547       0.560       0.629       0.697       0.711       0.736

 Intercepts
    MVS1             3.245       3.273       3.287       3.359       3.432       3.446       3.473
    MVS2             2.250       2.277       2.291       2.363       2.435       2.449       2.476
    MVS3             2.967       2.996       3.010       3.087       3.163       3.178       3.206
    MVS4             2.810       2.836       2.850       2.919       2.988       3.001       3.027
    MVS5             2.608       2.633       2.646       2.713       2.780       2.793       2.818
    MVS6             3.114       3.140       3.153       3.220       3.288       3.301       3.326
    MVS7             2.497       2.523       2.536       2.605       2.673       2.686       2.712
    MVS8             3.373       3.399       3.413       3.482       3.551       3.564       3.590
    MVS9             3.188       3.215       3.228       3.300       3.371       3.384       3.411
    MVS10            2.932       2.957       2.970       3.038       3.106       3.119       3.144
    MVS11            3.469       3.493       3.506       3.570       3.635       3.647       3.672
    MVS12            2.750       2.775       2.787       2.854       2.920       2.933       2.958
    MVS13            3.052       3.079       3.093       3.166       3.239       3.253       3.280
    MVS14            3.312       3.340       3.354       3.430       3.505       3.519       3.547
    MVS15            3.228       3.257       3.272       3.348       3.425       3.440       3.469
    MVS16            2.243       2.267       2.280       2.345       2.410       2.422       2.447
    MVS17            3.111       3.138       3.152       3.224       3.296       3.309       3.336
    MVS18            2.628       2.653       2.666       2.731       2.797       2.809       2.834

 Variances
    SUC              1.000       1.000       1.000       1.000       1.000       1.000       1.000
    CEN              1.000       1.000       1.000       1.000       1.000       1.000       1.000
    HAP              1.000       1.000       1.000       1.000       1.000       1.000       1.000

 Residual Variances
    MVS1             0.626       0.658       0.674       0.758       0.842       0.858       0.890
    MVS2             0.681       0.714       0.731       0.819       0.907       0.923       0.956
    MVS3             0.535       0.566       0.582       0.665       0.748       0.764       0.795
    MVS4             0.578       0.607       0.622       0.699       0.776       0.791       0.820
    MVS5             0.648       0.678       0.693       0.773       0.853       0.869       0.899
    MVS6             0.520       0.547       0.561       0.632       0.704       0.717       0.744
    MVS7             0.667       0.699       0.715       0.800       0.884       0.901       0.932
    MVS8             0.552       0.581       0.596       0.674       0.751       0.766       0.795
    MVS9             0.486       0.515       0.530       0.607       0.684       0.699       0.727
    MVS10            0.571       0.600       0.615       0.693       0.770       0.785       0.814
    MVS11            0.704       0.735       0.751       0.834       0.917       0.933       0.964
    MVS12            0.495       0.522       0.536       0.608       0.680       0.694       0.721
    MVS13            0.391       0.415       0.427       0.491       0.555       0.567       0.591
    MVS14            0.311       0.335       0.347       0.412       0.476       0.488       0.512
    MVS15            0.773       0.809       0.828       0.925       1.023       1.041       1.078
    MVS16            0.631       0.659       0.674       0.751       0.827       0.842       0.871
    MVS17            0.552       0.580       0.594       0.669       0.743       0.758       0.785
    MVS18            0.503       0.528       0.541       0.607       0.674       0.687       0.712


CONFIDENCE INTERVALS OF STANDARDIZED MODEL RESULTS


STDYX Standardization

                  Lower .5%  Lower 2.5%    Lower 5%    Estimate    Upper 5%  Upper 2.5%   Upper .5%

 SUC      BY
    MVS1             0.455       0.477       0.489       0.547       0.606       0.617       0.639
    MVS2             0.385       0.409       0.421       0.484       0.546       0.559       0.582
    MVS3             0.586       0.605       0.614       0.665       0.715       0.725       0.744
    MVS4             0.442       0.465       0.476       0.536       0.596       0.607       0.630
    MVS5             0.284       0.309       0.322       0.391       0.459       0.472       0.497
    MVS6             0.481       0.502       0.513       0.570       0.628       0.639       0.660

 CEN      BY
    MVS7             0.305       0.331       0.344       0.414       0.483       0.497       0.523
    MVS8             0.467       0.489       0.501       0.561       0.621       0.632       0.655
    MVS9             0.558       0.579       0.589       0.644       0.699       0.709       0.729
    MVS10            0.412       0.436       0.448       0.512       0.576       0.589       0.613
    MVS11            0.034       0.064       0.079       0.157       0.235       0.250       0.280
    MVS12            0.477       0.500       0.512       0.572       0.633       0.645       0.667

 HAP      BY
    MVS13            0.676       0.691       0.699       0.740       0.780       0.788       0.804
    MVS14            0.745       0.759       0.766       0.802       0.839       0.846       0.860
    MVS15            0.389       0.412       0.424       0.484       0.545       0.557       0.579
    MVS16            0.257       0.282       0.295       0.363       0.431       0.444       0.469
    MVS17            0.526       0.545       0.555       0.607       0.659       0.669       0.688
    MVS18            0.467       0.488       0.499       0.556       0.613       0.623       0.645

 SUC      WITH
    CEN              0.725       0.747       0.759       0.818       0.878       0.889       0.911
    HAP              0.627       0.650       0.661       0.720       0.779       0.790       0.812

 CEN      WITH
    HAP              0.521       0.547       0.560       0.629       0.697       0.711       0.736

 Intercepts
    MVS1             2.956       3.022       3.055       3.229       3.403       3.437       3.502
    MVS2             2.078       2.127       2.153       2.286       2.418       2.444       2.494
    MVS3             2.584       2.642       2.672       2.828       2.985       3.014       3.073
    MVS4             2.694       2.755       2.786       2.947       3.109       3.140       3.200
    MVS5             2.595       2.654       2.684       2.841       2.997       3.027       3.086
    MVS6             3.047       3.114       3.148       3.327       3.505       3.539       3.606
    MVS7             2.419       2.475       2.503       2.652       2.800       2.829       2.885
    MVS8             3.220       3.290       3.326       3.513       3.700       3.736       3.806
    MVS9             2.967       3.033       3.066       3.241       3.416       3.449       3.515
    MVS10            2.869       2.933       2.965       3.135       3.305       3.338       3.401
    MVS11            3.543       3.619       3.658       3.861       4.064       4.103       4.179
    MVS12            2.744       2.805       2.837       3.000       3.164       3.196       3.257
    MVS13            2.781       2.843       2.875       3.040       3.206       3.238       3.300
    MVS14            2.921       2.986       3.019       3.191       3.364       3.397       3.462
    MVS15            2.785       2.848       2.879       3.045       3.211       3.243       3.305
    MVS16            2.298       2.351       2.378       2.521       2.664       2.691       2.745
    MVS17            2.868       2.931       2.964       3.134       3.304       3.336       3.400
    MVS18            2.663       2.722       2.753       2.913       3.073       3.104       3.164

 Variances
    SUC              1.000       1.000       1.000       1.000       1.000       1.000       1.000
    CEN              1.000       1.000       1.000       1.000       1.000       1.000       1.000
    HAP              1.000       1.000       1.000       1.000       1.000       1.000       1.000

 Residual Variances
    MVS1             0.600       0.624       0.636       0.701       0.765       0.777       0.801
    MVS2             0.671       0.694       0.705       0.766       0.827       0.839       0.861
    MVS3             0.453       0.478       0.491       0.558       0.625       0.638       0.663
    MVS4             0.612       0.636       0.649       0.713       0.777       0.789       0.813
    MVS5             0.764       0.784       0.794       0.847       0.901       0.911       0.931
    MVS6             0.572       0.597       0.609       0.675       0.740       0.752       0.777
    MVS7             0.739       0.760       0.771       0.829       0.887       0.898       0.919
    MVS8             0.580       0.605       0.618       0.685       0.753       0.766       0.791
    MVS9             0.475       0.501       0.515       0.585       0.656       0.669       0.696
    MVS10            0.635       0.659       0.672       0.738       0.803       0.816       0.840
    MVS11            0.937       0.946       0.951       0.975       1.000       1.005       1.014
    MVS12            0.564       0.590       0.603       0.672       0.742       0.755       0.781
    MVS13            0.358       0.381       0.393       0.453       0.513       0.525       0.548
    MVS14            0.264       0.286       0.298       0.356       0.415       0.427       0.449
    MVS15            0.674       0.695       0.707       0.765       0.824       0.835       0.857
    MVS16            0.791       0.809       0.819       0.868       0.917       0.927       0.945
    MVS17            0.533       0.557       0.569       0.632       0.695       0.707       0.730
    MVS18            0.592       0.616       0.628       0.691       0.754       0.766       0.790


STDY Standardization

                  Lower .5%  Lower 2.5%    Lower 5%    Estimate    Upper 5%  Upper 2.5%   Upper .5%

 SUC      BY
    MVS1             0.455       0.477       0.489       0.547       0.606       0.617       0.639
    MVS2             0.385       0.409       0.421       0.484       0.546       0.559       0.582
    MVS3             0.586       0.605       0.614       0.665       0.715       0.725       0.744
    MVS4             0.442       0.465       0.476       0.536       0.596       0.607       0.630
    MVS5             0.284       0.309       0.322       0.391       0.459       0.472       0.497
    MVS6             0.481       0.502       0.513       0.570       0.628       0.639       0.660

 CEN      BY
    MVS7             0.305       0.331       0.344       0.414       0.483       0.497       0.523
    MVS8             0.467       0.489       0.501       0.561       0.621       0.632       0.655
    MVS9             0.558       0.579       0.589       0.644       0.699       0.709       0.729
    MVS10            0.412       0.436       0.448       0.512       0.576       0.589       0.613
    MVS11            0.034       0.064       0.079       0.157       0.235       0.250       0.280
    MVS12            0.477       0.500       0.512       0.572       0.633       0.645       0.667

 HAP      BY
    MVS13            0.676       0.691       0.699       0.740       0.780       0.788       0.804
    MVS14            0.745       0.759       0.766       0.802       0.839       0.846       0.860
    MVS15            0.389       0.412       0.424       0.484       0.545       0.557       0.579
    MVS16            0.257       0.282       0.295       0.363       0.431       0.444       0.469
    MVS17            0.526       0.545       0.555       0.607       0.659       0.669       0.688
    MVS18            0.467       0.488       0.499       0.556       0.613       0.623       0.645

 SUC      WITH
    CEN              0.725       0.747       0.759       0.818       0.878       0.889       0.911
    HAP              0.627       0.650       0.661       0.720       0.779       0.790       0.812

 CEN      WITH
    HAP              0.521       0.547       0.560       0.629       0.697       0.711       0.736

 Intercepts
    MVS1             2.956       3.022       3.055       3.229       3.403       3.437       3.502
    MVS2             2.078       2.127       2.153       2.286       2.418       2.444       2.494
    MVS3             2.584       2.642       2.672       2.828       2.985       3.014       3.073
    MVS4             2.694       2.755       2.786       2.947       3.109       3.140       3.200
    MVS5             2.595       2.654       2.684       2.841       2.997       3.027       3.086
    MVS6             3.047       3.114       3.148       3.327       3.505       3.539       3.606
    MVS7             2.419       2.475       2.503       2.652       2.800       2.829       2.885
    MVS8             3.220       3.290       3.326       3.513       3.700       3.736       3.806
    MVS9             2.967       3.033       3.066       3.241       3.416       3.449       3.515
    MVS10            2.869       2.933       2.965       3.135       3.305       3.338       3.401
    MVS11            3.543       3.619       3.658       3.861       4.064       4.103       4.179
    MVS12            2.744       2.805       2.837       3.000       3.164       3.196       3.257
    MVS13            2.781       2.843       2.875       3.040       3.206       3.238       3.300
    MVS14            2.921       2.986       3.019       3.191       3.364       3.397       3.462
    MVS15            2.785       2.848       2.879       3.045       3.211       3.243       3.305
    MVS16            2.298       2.351       2.378       2.521       2.664       2.691       2.745
    MVS17            2.868       2.931       2.964       3.134       3.304       3.336       3.400
    MVS18            2.663       2.722       2.753       2.913       3.073       3.104       3.164

 Variances
    SUC              1.000       1.000       1.000       1.000       1.000       1.000       1.000
    CEN              1.000       1.000       1.000       1.000       1.000       1.000       1.000
    HAP              1.000       1.000       1.000       1.000       1.000       1.000       1.000

 Residual Variances
    MVS1             0.600       0.624       0.636       0.701       0.765       0.777       0.801
    MVS2             0.671       0.694       0.705       0.766       0.827       0.839       0.861
    MVS3             0.453       0.478       0.491       0.558       0.625       0.638       0.663
    MVS4             0.612       0.636       0.649       0.713       0.777       0.789       0.813
    MVS5             0.764       0.784       0.794       0.847       0.901       0.911       0.931
    MVS6             0.572       0.597       0.609       0.675       0.740       0.752       0.777
    MVS7             0.739       0.760       0.771       0.829       0.887       0.898       0.919
    MVS8             0.580       0.605       0.618       0.685       0.753       0.766       0.791
    MVS9             0.475       0.501       0.515       0.585       0.656       0.669       0.696
    MVS10            0.635       0.659       0.672       0.738       0.803       0.816       0.840
    MVS11            0.937       0.946       0.951       0.975       1.000       1.005       1.014
    MVS12            0.564       0.590       0.603       0.672       0.742       0.755       0.781
    MVS13            0.358       0.381       0.393       0.453       0.513       0.525       0.548
    MVS14            0.264       0.286       0.298       0.356       0.415       0.427       0.449
    MVS15            0.674       0.695       0.707       0.765       0.824       0.835       0.857
    MVS16            0.791       0.809       0.819       0.868       0.917       0.927       0.945
    MVS17            0.533       0.557       0.569       0.632       0.695       0.707       0.730
    MVS18            0.592       0.616       0.628       0.691       0.754       0.766       0.790


STD Standardization

                  Lower .5%  Lower 2.5%    Lower 5%    Estimate    Upper 5%  Upper 2.5%   Upper .5%

 SUC      BY
    MVS1             0.452       0.480       0.494       0.569       0.644       0.659       0.687
    MVS2             0.381       0.409       0.424       0.500       0.576       0.590       0.619
    MVS3             0.607       0.635       0.650       0.725       0.801       0.816       0.844
    MVS4             0.418       0.445       0.459       0.531       0.603       0.616       0.643
    MVS5             0.261       0.287       0.301       0.373       0.445       0.459       0.485
    MVS6             0.444       0.470       0.483       0.552       0.622       0.635       0.661

 CEN      BY
    MVS7             0.288       0.316       0.330       0.406       0.482       0.497       0.525
    MVS8             0.442       0.469       0.483       0.556       0.629       0.643       0.670
    MVS9             0.541       0.568       0.582       0.656       0.729       0.743       0.770
    MVS10            0.382       0.409       0.423       0.496       0.569       0.583       0.611
    MVS11            0.030       0.057       0.072       0.145       0.219       0.233       0.260
    MVS12            0.433       0.460       0.474       0.544       0.615       0.629       0.655

 HAP      BY
    MVS13            0.664       0.690       0.703       0.770       0.838       0.851       0.876
    MVS14            0.755       0.781       0.794       0.862       0.930       0.943       0.969
    MVS15            0.409       0.439       0.454       0.533       0.611       0.626       0.656
    MVS16            0.230       0.256       0.269       0.338       0.407       0.420       0.446
    MVS17            0.514       0.540       0.554       0.624       0.695       0.708       0.735
    MVS18            0.417       0.442       0.455       0.521       0.587       0.600       0.625

 SUC      WITH
    CEN              0.725       0.747       0.759       0.818       0.878       0.889       0.911
    HAP              0.627       0.650       0.661       0.720       0.779       0.790       0.812

 CEN      WITH
    HAP              0.521       0.547       0.560       0.629       0.697       0.711       0.736

 Intercepts
    MVS1             3.245       3.273       3.287       3.359       3.432       3.446       3.473
    MVS2             2.250       2.277       2.291       2.363       2.435       2.449       2.476
    MVS3             2.967       2.996       3.010       3.087       3.163       3.178       3.206
    MVS4             2.810       2.836       2.850       2.919       2.988       3.001       3.027
    MVS5             2.608       2.633       2.646       2.713       2.780       2.793       2.818
    MVS6             3.114       3.140       3.153       3.220       3.288       3.301       3.326
    MVS7             2.497       2.523       2.536       2.605       2.673       2.686       2.712
    MVS8             3.373       3.399       3.413       3.482       3.551       3.564       3.590
    MVS9             3.188       3.215       3.228       3.300       3.371       3.384       3.411
    MVS10            2.932       2.957       2.970       3.038       3.106       3.119       3.144
    MVS11            3.469       3.493       3.506       3.570       3.635       3.647       3.672
    MVS12            2.750       2.775       2.787       2.854       2.920       2.933       2.958
    MVS13            3.052       3.079       3.093       3.166       3.239       3.253       3.280
    MVS14            3.312       3.340       3.354       3.430       3.505       3.519       3.547
    MVS15            3.228       3.257       3.272       3.348       3.425       3.440       3.469
    MVS16            2.243       2.267       2.280       2.345       2.410       2.422       2.447
    MVS17            3.111       3.138       3.152       3.224       3.296       3.309       3.336
    MVS18            2.628       2.653       2.666       2.731       2.797       2.809       2.834

 Variances
    SUC              1.000       1.000       1.000       1.000       1.000       1.000       1.000
    CEN              1.000       1.000       1.000       1.000       1.000       1.000       1.000
    HAP              1.000       1.000       1.000       1.000       1.000       1.000       1.000

 Residual Variances
    MVS1             0.626       0.658       0.674       0.758       0.842       0.858       0.890
    MVS2             0.681       0.714       0.731       0.819       0.907       0.923       0.956
    MVS3             0.535       0.566       0.582       0.665       0.748       0.764       0.795
    MVS4             0.578       0.607       0.622       0.699       0.776       0.791       0.820
    MVS5             0.648       0.678       0.693       0.773       0.853       0.869       0.899
    MVS6             0.520       0.547       0.561       0.632       0.704       0.717       0.744
    MVS7             0.667       0.699       0.715       0.800       0.884       0.901       0.932
    MVS8             0.552       0.581       0.596       0.674       0.751       0.766       0.795
    MVS9             0.486       0.515       0.530       0.607       0.684       0.699       0.727
    MVS10            0.571       0.600       0.615       0.693       0.770       0.785       0.814
    MVS11            0.704       0.735       0.751       0.834       0.917       0.933       0.964
    MVS12            0.495       0.522       0.536       0.608       0.680       0.694       0.721
    MVS13            0.391       0.415       0.427       0.491       0.555       0.567       0.591
    MVS14            0.311       0.335       0.347       0.412       0.476       0.488       0.512
    MVS15            0.773       0.809       0.828       0.925       1.023       1.041       1.078
    MVS16            0.631       0.659       0.674       0.751       0.827       0.842       0.871
    MVS17            0.552       0.580       0.594       0.669       0.743       0.758       0.785
    MVS18            0.503       0.528       0.541       0.607       0.674       0.687       0.712


MODEL COMMAND WITH FINAL ESTIMATES USED AS STARTING VALUES

     suc BY mvs1*0.56928 (l1);
     suc BY mvs2*0.49990 (l2);
     suc BY mvs3*0.72538 (l3);
     suc BY mvs4*0.53076 (l4);
     suc BY mvs5*0.37301 (l5);
     suc BY mvs6*0.55220 (l6);
     cen BY mvs7*0.40622 (l7);
     cen BY mvs8*0.55588 (l8);
     cen BY mvs9*0.65561 (l9);
     cen BY mvs10*0.49640 (l10);
     cen BY mvs11*0.14511 (l11);
     cen BY mvs12*0.54442 (l12);
     hap BY mvs13*0.77015 (l13);
     hap BY mvs14*0.86205 (l14);
     hap BY mvs15*0.53254 (l15);
     hap BY mvs16*0.33779 (l16);
     hap BY mvs17*0.62423 (l17);
     hap BY mvs18*0.52114 (l18);

     suc WITH cen*0.81816;
     suc WITH hap*0.71969;
     cen WITH hap*0.62871;

     [ mvs1*3.35921 ];
     [ mvs2*2.36282 ];
     [ mvs3*3.08664 ];
     [ mvs4*2.91877 ];
     [ mvs5*2.71300 ];
     [ mvs6*3.22022 ];
     [ mvs7*2.60469 ];
     [ mvs8*3.48195 ];
     [ mvs9*3.29964 ];
     [ mvs10*3.03791 ];
     [ mvs11*3.57040 ];
     [ mvs12*2.85379 ];
     [ mvs13*3.16606 ];
     [ mvs14*3.42960 ];
     [ mvs15*3.34838 ];
     [ mvs16*2.34477 ];
     [ mvs17*3.22383 ];
     [ mvs18*2.73105 ];

     mvs1*0.75808 (ev1);
     mvs2*0.81882 (ev2);
     mvs3*0.66488 (ev3);
     mvs4*0.69906 (ev4);
     mvs5*0.77308 (ev5);
     mvs6*0.63214 (ev6);
     mvs7*0.79966 (ev7);
     mvs8*0.67352 (ev8);
     mvs9*0.60675 (ev9);
     mvs10*0.69258 (ev10);
     mvs11*0.83410 (ev11);
     mvs12*0.60822 (ev12);
     mvs13*0.49119 (ev13);
     mvs14*0.41169 (ev14);
     mvs15*0.92536 (ev15);
     mvs16*0.75079 (ev16);
     mvs17*0.66854 (ev17);
     mvs18*0.60734 (ev18);
     suc@1;
     cen@1;
     hap@1;



MODEL MODIFICATION INDICES

NOTE:  Modification indices for direct effects of observed dependent variables
regressed on covariates may not be included.  To include these, request
MODINDICES (ALL).

Minimum M.I. value for printing the modification index     3.840

                                   M.I.     E.P.C.  Std E.P.C.  StdYX E.P.C.

BY Statements

SUC      BY MVS7                  12.313    -0.435     -0.435       -0.443
SUC      BY MVS9                   4.695     0.307      0.307        0.301
SUC      BY MVS14                  6.930    -0.206     -0.206       -0.192
SUC      BY MVS18                 21.243     0.325      0.325        0.346
CEN      BY MVS6                   5.724     0.287      0.287        0.297
CEN      BY MVS14                  3.939    -0.131     -0.131       -0.122
CEN      BY MVS18                 27.031     0.317      0.317        0.338
HAP      BY MVS2                  11.306     0.272      0.272        0.263
HAP      BY MVS8                   7.455     0.184      0.184        0.185
HAP      BY MVS10                  4.786    -0.144     -0.144       -0.148

WITH Statements

MVS2     WITH MVS1                 6.386    -0.095     -0.095       -0.120
MVS3     WITH MVS1                 4.715     0.082      0.082        0.115
MVS5     WITH MVS4                 8.511     0.099      0.099        0.135
MVS6     WITH MVS2                13.109    -0.125     -0.125       -0.174
MVS6     WITH MVS4                 4.763     0.071      0.071        0.107
MVS7     WITH MVS4                 5.589    -0.081     -0.081       -0.108
MVS7     WITH MVS6                 7.825    -0.092     -0.092       -0.129
MVS8     WITH MVS2                 7.716     0.097      0.097        0.130
MVS8     WITH MVS4                 5.749    -0.078     -0.078       -0.114
MVS8     WITH MVS5                 5.779    -0.080     -0.080       -0.111
MVS9     WITH MVS1                 9.084     0.102      0.102        0.150
MVS9     WITH MVS3                 8.599     0.098      0.098        0.155
MVS9     WITH MVS7                 4.245     0.073      0.073        0.105
MVS10    WITH MVS2                 7.804    -0.097     -0.097       -0.129
MVS10    WITH MVS4                 5.268     0.075      0.075        0.107
MVS10    WITH MVS6                15.639     0.124      0.124        0.187
MVS11    WITH MVS1                 4.219    -0.073     -0.073       -0.092
MVS11    WITH MVS6                12.618     0.116      0.116        0.160
MVS11    WITH MVS7                19.438    -0.159     -0.159       -0.194
MVS12    WITH MVS1                 5.033    -0.073     -0.073       -0.107
MVS12    WITH MVS3                 9.090    -0.097     -0.097       -0.152
MVS12    WITH MVS5                 4.413     0.067      0.067        0.097
MVS12    WITH MVS6                 8.323     0.086      0.086        0.139
MVS12    WITH MVS7                 4.479     0.072      0.072        0.103
MVS12    WITH MVS8                 4.037    -0.067     -0.067       -0.105
MVS12    WITH MVS9                 8.168    -0.099     -0.099       -0.163
MVS12    WITH MVS10               24.375     0.162      0.162        0.250
MVS12    WITH MVS11                5.900     0.080      0.080        0.112
MVS13    WITH MVS2                 7.591     0.086      0.086        0.136
MVS13    WITH MVS6                 4.559    -0.060     -0.060       -0.108
MVS14    WITH MVS1                11.620     0.102      0.102        0.183
MVS14    WITH MVS5                13.495    -0.107     -0.107       -0.190
MVS14    WITH MVS8                 5.413     0.066      0.066        0.126
MVS14    WITH MVS10               13.605    -0.105     -0.105       -0.196
MVS14    WITH MVS13               13.581     0.133      0.133        0.295
MVS15    WITH MVS8                15.079     0.141      0.141        0.179
MVS15    WITH MVS10                5.172    -0.083     -0.083       -0.104
MVS15    WITH MVS12                4.281    -0.072     -0.072       -0.096
MVS15    WITH MVS14                9.360     0.109      0.109        0.176
MVS16    WITH MVS14                9.602    -0.095     -0.095       -0.170
MVS17    WITH MVS4                 5.241     0.073      0.073        0.107
MVS17    WITH MVS5                 9.969     0.103      0.103        0.144
MVS17    WITH MVS8                 6.577    -0.081     -0.081       -0.121
MVS17    WITH MVS9                 4.720    -0.068     -0.068       -0.107
MVS17    WITH MVS15                4.762    -0.081     -0.081       -0.103
MVS18    WITH MVS4                 4.421     0.063      0.063        0.097
MVS18    WITH MVS6                 4.038     0.058      0.058        0.094
MVS18    WITH MVS10               18.739     0.129      0.129        0.200
MVS18    WITH MVS12                8.228     0.082      0.082        0.135
MVS18    WITH MVS13                8.537    -0.086     -0.086       -0.157
MVS18    WITH MVS14                9.772    -0.094     -0.094       -0.189
MVS18    WITH MVS16               20.148     0.137      0.137        0.204


TECHNICAL 1 OUTPUT


     PARAMETER SPECIFICATION


           NU
              MVS1          MVS2          MVS3          MVS4          MVS5
              ________      ________      ________      ________      ________
                  1             2             3             4             5


           NU
              MVS6          MVS7          MVS8          MVS9          MVS10
              ________      ________      ________      ________      ________
                  6             7             8             9            10


           NU
              MVS11         MVS12         MVS13         MVS14         MVS15
              ________      ________      ________      ________      ________
                 11            12            13            14            15


           NU
              MVS16         MVS17         MVS18
              ________      ________      ________
                 16            17            18


           LAMBDA
              SUC           CEN           HAP
              ________      ________      ________
 MVS1              19             0             0
 MVS2              20             0             0
 MVS3              21             0             0
 MVS4              22             0             0
 MVS5              23             0             0
 MVS6              24             0             0
 MVS7               0            25             0
 MVS8               0            26             0
 MVS9               0            27             0
 MVS10              0            28             0
 MVS11              0            29             0
 MVS12              0            30             0
 MVS13              0             0            31
 MVS14              0             0            32
 MVS15              0             0            33
 MVS16              0             0            34
 MVS17              0             0            35
 MVS18              0             0            36


           THETA
              MVS1          MVS2          MVS3          MVS4          MVS5
              ________      ________      ________      ________      ________
 MVS1              37
 MVS2               0            38
 MVS3               0             0            39
 MVS4               0             0             0            40
 MVS5               0             0             0             0            41
 MVS6               0             0             0             0             0
 MVS7               0             0             0             0             0
 MVS8               0             0             0             0             0
 MVS9               0             0             0             0             0
 MVS10              0             0             0             0             0
 MVS11              0             0             0             0             0
 MVS12              0             0             0             0             0
 MVS13              0             0             0             0             0
 MVS14              0             0             0             0             0
 MVS15              0             0             0             0             0
 MVS16              0             0             0             0             0
 MVS17              0             0             0             0             0
 MVS18              0             0             0             0             0


           THETA
              MVS6          MVS7          MVS8          MVS9          MVS10
              ________      ________      ________      ________      ________
 MVS6              42
 MVS7               0            43
 MVS8               0             0            44
 MVS9               0             0             0            45
 MVS10              0             0             0             0            46
 MVS11              0             0             0             0             0
 MVS12              0             0             0             0             0
 MVS13              0             0             0             0             0
 MVS14              0             0             0             0             0
 MVS15              0             0             0             0             0
 MVS16              0             0             0             0             0
 MVS17              0             0             0             0             0
 MVS18              0             0             0             0             0


           THETA
              MVS11         MVS12         MVS13         MVS14         MVS15
              ________      ________      ________      ________      ________
 MVS11             47
 MVS12              0            48
 MVS13              0             0            49
 MVS14              0             0             0            50
 MVS15              0             0             0             0            51
 MVS16              0             0             0             0             0
 MVS17              0             0             0             0             0
 MVS18              0             0             0             0             0


           THETA
              MVS16         MVS17         MVS18
              ________      ________      ________
 MVS16             52
 MVS17              0            53
 MVS18              0             0            54


           ALPHA
              SUC           CEN           HAP
              ________      ________      ________
                  0             0             0


           BETA
              SUC           CEN           HAP
              ________      ________      ________
 SUC                0             0             0
 CEN                0             0             0
 HAP                0             0             0


           PSI
              SUC           CEN           HAP
              ________      ________      ________
 SUC                0
 CEN               55             0
 HAP               56            57             0


     STARTING VALUES


           NU
              MVS1          MVS2          MVS3          MVS4          MVS5
              ________      ________      ________      ________      ________
                3.359         2.363         3.087         2.919         2.713


           NU
              MVS6          MVS7          MVS8          MVS9          MVS10
              ________      ________      ________      ________      ________
                3.220         2.605         3.482         3.300         3.038


           NU
              MVS11         MVS12         MVS13         MVS14         MVS15
              ________      ________      ________      ________      ________
                3.570         2.854         3.166         3.430         3.348


           NU
              MVS16         MVS17         MVS18
              ________      ________      ________
                2.345         3.224         2.731


           LAMBDA
              SUC           CEN           HAP
              ________      ________      ________
 MVS1           1.000         0.000         0.000
 MVS2           1.000         0.000         0.000
 MVS3           1.000         0.000         0.000
 MVS4           1.000         0.000         0.000
 MVS5           1.000         0.000         0.000
 MVS6           1.000         0.000         0.000
 MVS7           0.000         1.000         0.000
 MVS8           0.000         1.000         0.000
 MVS9           0.000         1.000         0.000
 MVS10          0.000         1.000         0.000
 MVS11          0.000         1.000         0.000
 MVS12          0.000         1.000         0.000
 MVS13          0.000         0.000         1.000
 MVS14          0.000         0.000         1.000
 MVS15          0.000         0.000         1.000
 MVS16          0.000         0.000         1.000
 MVS17          0.000         0.000         1.000
 MVS18          0.000         0.000         1.000


           THETA
              MVS1          MVS2          MVS3          MVS4          MVS5
              ________      ________      ________      ________      ________
 MVS1           0.541
 MVS2           0.000         0.534
 MVS3           0.000         0.000         0.596
 MVS4           0.000         0.000         0.000         0.490
 MVS5           0.000         0.000         0.000         0.000         0.456
 MVS6           0.000         0.000         0.000         0.000         0.000
 MVS7           0.000         0.000         0.000         0.000         0.000
 MVS8           0.000         0.000         0.000         0.000         0.000
 MVS9           0.000         0.000         0.000         0.000         0.000
 MVS10          0.000         0.000         0.000         0.000         0.000
 MVS11          0.000         0.000         0.000         0.000         0.000
 MVS12          0.000         0.000         0.000         0.000         0.000
 MVS13          0.000         0.000         0.000         0.000         0.000
 MVS14          0.000         0.000         0.000         0.000         0.000
 MVS15          0.000         0.000         0.000         0.000         0.000
 MVS16          0.000         0.000         0.000         0.000         0.000
 MVS17          0.000         0.000         0.000         0.000         0.000
 MVS18          0.000         0.000         0.000         0.000         0.000


           THETA
              MVS6          MVS7          MVS8          MVS9          MVS10
              ________      ________      ________      ________      ________
 MVS6           0.469
 MVS7           0.000         0.482
 MVS8           0.000         0.000         0.491
 MVS9           0.000         0.000         0.000         0.518
 MVS10          0.000         0.000         0.000         0.000         0.469
 MVS11          0.000         0.000         0.000         0.000         0.000
 MVS12          0.000         0.000         0.000         0.000         0.000
 MVS13          0.000         0.000         0.000         0.000         0.000
 MVS14          0.000         0.000         0.000         0.000         0.000
 MVS15          0.000         0.000         0.000         0.000         0.000
 MVS16          0.000         0.000         0.000         0.000         0.000
 MVS17          0.000         0.000         0.000         0.000         0.000
 MVS18          0.000         0.000         0.000         0.000         0.000


           THETA
              MVS11         MVS12         MVS13         MVS14         MVS15
              ________      ________      ________      ________      ________
 MVS11          0.428
 MVS12          0.000         0.452
 MVS13          0.000         0.000         0.542
 MVS14          0.000         0.000         0.000         0.577
 MVS15          0.000         0.000         0.000         0.000         0.604
 MVS16          0.000         0.000         0.000         0.000         0.000
 MVS17          0.000         0.000         0.000         0.000         0.000
 MVS18          0.000         0.000         0.000         0.000         0.000


           THETA
              MVS16         MVS17         MVS18
              ________      ________      ________
 MVS16          0.432
 MVS17          0.000         0.529
 MVS18          0.000         0.000         0.439


           ALPHA
              SUC           CEN           HAP
              ________      ________      ________
                0.000         0.000         0.000


           BETA
              SUC           CEN           HAP
              ________      ________      ________
 SUC            0.000         0.000         0.000
 CEN            0.000         0.000         0.000
 HAP            0.000         0.000         0.000


           PSI
              SUC           CEN           HAP
              ________      ________      ________
 SUC            1.000
 CEN            0.000         1.000
 HAP            0.000         0.000         1.000


DIAGRAM INFORMATION

  Use View Diagram under the Diagram menu in the Mplus Editor to view the diagram.
  If running Mplus from the Mplus Diagrammer, the diagram opens automatically.

  Diagram output
    c:\users\jxb14\dropbox (personal)\consumeropinions\feb18oct18\18items\metric\singlegroup\01-t3-metric-ml.dgm

     Beginning Time:  17:45:09
        Ending Time:  17:45:09
       Elapsed Time:  00:00:00



MUTHEN & MUTHEN
3463 Stoner Ave.
Los Angeles, CA  90066

Tel: (310) 391-9971
Fax: (310) 391-8971
Web: www.StatModel.com
Support: Support@StatModel.com

Copyright (c) 1998-2018 Muthen & Muthen
