Mplus VERSION 8.2
MUTHEN & MUTHEN
12/13/2018   5:46 PM

INPUT INSTRUCTIONS

  TITLE: cfa with metric data
         3 factors with reliabilities
         (so variables are standardized)
         cr - composite reliabilities
         ave - average variance extracted

  DATA: file = mvs.dat;

  VARIABLE:
    names = idnum satopt ars ars01 im mvs1-mvs18;
    usevar = mvs1-mvs18;

    missing = all(-99);

  DEFINE: STANDARDIZE mvs1-mvs18;

  ANALYSIS:
    ESTIMATOR=ML;

  MODEL:

    SUC BY mvs1*1 (l1)
           mvs2 (l2)
           mvs3 (l3)
           mvs4 (l4)
           mvs5 (l5)
           mvs6 (l6);
    CEN BY mvs7*1 (l7)
           mvs8 (l8)
           mvs9 (l9)
           mvs10 (l10)
           mvs11 (l11)
           mvs12 (l12);
    HAP BY mvs13*1 (l13)
           mvs14 (l14)
           mvs15 (l15)
           mvs16 (l16)
           mvs17 (l17)
           mvs18 (l18);

    SUC@1;
    CEN@1;
    HAP@1;

    SUC WITH CEN;
    SUC WITH HAP;
    CEN WITH HAP;

    mvs1 (ev1);
    mvs2 (ev2);
    mvs3 (ev3);
    mvs4 (ev4);
    mvs5 (ev5);
    mvs6 (ev6);
    mvs7 (ev7);
    mvs8 (ev8);
    mvs9 (ev9);
    mvs10 (ev10);
    mvs11 (ev11);
    mvs12 (ev12);
    mvs13 (ev13);
    mvs14 (ev14);
    mvs15 (ev15);
    mvs16 (ev16);
    mvs17 (ev17);
    mvs18 (ev18);

  MODEL CONSTRAINT:

    NEW(crsuc, crcen, crhap, avesuc, avecen, avehap);

    crsuc=(l1+l2+l3+l4+l5+l6)**2/
             ((l1+l2+l3+l4+l5+l6)**2+ev1+ev2+ev3+ev4+ev5+ev6);
    crcen=(l7+l8+l9+l10+l11+l12)**2/
             ((l7+l8+l9+l10+l11+l12)**2+ev7+ev8+ev9+ev10+ev11+ev12);
    crhap=(l13+l14+l15+l16+l17+l18)**2/
             ((l13+l14+l15+l16+l17+l18)**2+ev13+ev14+ev15+ev16+ev17+ev18);

    avesuc=(l1**2+l2**2+l3**2+l4**2+l5**2+l6**2)/
             (l1**2+l2**2+l3**2+l4**2+l5**2+l6**2+ev1+ev2+ev3+ev4+ev5+ev6);
    avecen=(l7**2+l8**2+l9**2+l10**2+l11**2+l12**2)/
             (l7**2+l8**2+l9**2+l10**2+l11**2+l12**2+ev7+ev8+ev9+ev10+ev11+ev12);
    avehap=(l13**2+l14**2+l15**2+l16**2+l17**2+l18**2)/
             (l13**2+l14**2+l15**2+l16**2+l17**2+l18**2+ev13+ev14+ev15+ev16+ev17+ev18);

  OUTPUT: TECH1 svalues CINTERVAL standardized;




INPUT READING TERMINATED NORMALLY



cfa with metric data
3 factors with reliabilities
(so variables are standardized)
cr - composite reliabilities
ave - average variance extracted

SUMMARY OF ANALYSIS

Number of groups                                                 1
Number of observations                                         554

Number of dependent variables                                   18
Number of independent variables                                  0
Number of continuous latent variables                            3

Observed dependent variables

  Continuous
   MVS1        MVS2        MVS3        MVS4        MVS5        MVS6
   MVS7        MVS8        MVS9        MVS10       MVS11       MVS12
   MVS13       MVS14       MVS15       MVS16       MVS17       MVS18

Continuous latent variables
   SUC         CEN         HAP


Estimator                                                       ML
Information matrix                                        OBSERVED
Maximum number of iterations                                  1000
Convergence criterion                                    0.500D-04
Maximum number of steepest descent iterations                   20
Maximum number of iterations for H1                           2000
Convergence criterion for H1                             0.100D-03

Input data file(s)
  mvs.dat

Input data format  FREE


SUMMARY OF DATA

     Number of missing data patterns             1


COVARIANCE COVERAGE OF DATA

Minimum covariance coverage value   0.100


     PROPORTION OF DATA PRESENT


           Covariance Coverage
              MVS1          MVS2          MVS3          MVS4          MVS5
              ________      ________      ________      ________      ________
 MVS1           1.000
 MVS2           1.000         1.000
 MVS3           1.000         1.000         1.000
 MVS4           1.000         1.000         1.000         1.000
 MVS5           1.000         1.000         1.000         1.000         1.000
 MVS6           1.000         1.000         1.000         1.000         1.000
 MVS7           1.000         1.000         1.000         1.000         1.000
 MVS8           1.000         1.000         1.000         1.000         1.000
 MVS9           1.000         1.000         1.000         1.000         1.000
 MVS10          1.000         1.000         1.000         1.000         1.000
 MVS11          1.000         1.000         1.000         1.000         1.000
 MVS12          1.000         1.000         1.000         1.000         1.000
 MVS13          1.000         1.000         1.000         1.000         1.000
 MVS14          1.000         1.000         1.000         1.000         1.000
 MVS15          1.000         1.000         1.000         1.000         1.000
 MVS16          1.000         1.000         1.000         1.000         1.000
 MVS17          1.000         1.000         1.000         1.000         1.000
 MVS18          1.000         1.000         1.000         1.000         1.000


           Covariance Coverage
              MVS6          MVS7          MVS8          MVS9          MVS10
              ________      ________      ________      ________      ________
 MVS6           1.000
 MVS7           1.000         1.000
 MVS8           1.000         1.000         1.000
 MVS9           1.000         1.000         1.000         1.000
 MVS10          1.000         1.000         1.000         1.000         1.000
 MVS11          1.000         1.000         1.000         1.000         1.000
 MVS12          1.000         1.000         1.000         1.000         1.000
 MVS13          1.000         1.000         1.000         1.000         1.000
 MVS14          1.000         1.000         1.000         1.000         1.000
 MVS15          1.000         1.000         1.000         1.000         1.000
 MVS16          1.000         1.000         1.000         1.000         1.000
 MVS17          1.000         1.000         1.000         1.000         1.000
 MVS18          1.000         1.000         1.000         1.000         1.000


           Covariance Coverage
              MVS11         MVS12         MVS13         MVS14         MVS15
              ________      ________      ________      ________      ________
 MVS11          1.000
 MVS12          1.000         1.000
 MVS13          1.000         1.000         1.000
 MVS14          1.000         1.000         1.000         1.000
 MVS15          1.000         1.000         1.000         1.000         1.000
 MVS16          1.000         1.000         1.000         1.000         1.000
 MVS17          1.000         1.000         1.000         1.000         1.000
 MVS18          1.000         1.000         1.000         1.000         1.000


           Covariance Coverage
              MVS16         MVS17         MVS18
              ________      ________      ________
 MVS16          1.000
 MVS17          1.000         1.000
 MVS18          1.000         1.000         1.000



UNIVARIATE SAMPLE STATISTICS


     UNIVARIATE HIGHER-ORDER MOMENT DESCRIPTIVE STATISTICS

         Variable/         Mean/     Skewness/   Minimum/ % with                Percentiles
        Sample Size      Variance    Kurtosis    Maximum  Min/Max      20%/60%    40%/80%    Median

     MVS1                  0.000      -0.412      -2.268    3.97%      -1.307     -0.345      0.616
             554.000       1.000      -0.647       1.577   10.47%       0.616      0.616
     MVS2                  0.000       0.467      -1.318   20.76%      -1.318     -0.351     -0.351
             554.000       1.000      -0.629       2.551    1.62%      -0.351      0.616
     MVS3                  0.000      -0.280      -1.912    7.94%      -0.996     -0.079     -0.079
             554.000       1.000      -0.959       1.753    5.60%       0.837      0.837
     MVS4                  0.000      -0.105      -1.937    6.14%      -0.928      0.082      0.082
             554.000       1.000      -1.057       2.102    1.81%       0.082      1.092
     MVS5                  0.000       0.201      -1.794    7.40%      -0.747     -0.747      0.300
             554.000       1.000      -0.811       2.395    1.62%       0.300      1.348
     MVS6                  0.000      -0.344      -2.294    2.71%      -1.261     -0.227     -0.227
             554.000       1.000      -0.916       1.839    4.33%       0.806      0.806
     MVS7                  0.000       0.467      -1.634    9.39%      -0.616     -0.616     -0.616
             554.000       1.000      -0.413       2.439    3.25%       0.402      1.421
     MVS8                  0.000      -0.467      -2.504    2.17%      -1.495     -0.486      0.523
             554.000       1.000      -0.535       1.531   12.09%       0.523      0.523
     MVS9                  0.000      -0.214      -2.259    3.07%      -1.277     -0.294     -0.294
             554.000       1.000      -0.735       1.670   10.29%       0.688      0.688
     MVS10                 0.000      -0.064      -2.103    3.25%      -1.071     -0.039     -0.039
             554.000       1.000      -1.024       2.025    3.43%      -0.039      0.993
     MVS11                 0.000      -0.652      -2.780    1.44%      -0.617      0.465      0.465
             554.000       1.000      -0.191       1.546   10.83%       0.465      0.465
     MVS12                 0.000       0.043      -1.949    5.60%      -0.898     -0.898      0.154
             554.000       1.000      -0.873       2.257    1.99%       0.154      1.205
     MVS13                 0.000      -0.172      -2.080    3.61%      -1.120     -0.159     -0.159
             554.000       1.000      -1.048       1.761    6.68%       0.801      0.801
     MVS14                 0.000      -0.350      -2.261    2.89%      -1.330     -0.400      0.531
             554.000       1.000      -0.845       1.461   14.62%       0.531      0.531
     MVS15                 0.000      -0.362      -2.136    4.51%      -1.226     -0.317      0.593
             554.000       1.000      -0.851       1.502   12.45%       0.593      0.593
     MVS16                 0.000       0.733      -1.446   14.08%      -0.371     -0.371     -0.371
             554.000       1.000       0.120       2.855    1.81%      -0.371      0.705
     MVS17                 0.000      -0.418      -2.162    5.05%      -1.190     -0.218      0.268
             554.000       1.000      -0.772       1.727    5.78%       0.755      0.755
     MVS18                 0.000       0.203      -1.846    6.32%      -0.780     -0.780      0.287
             554.000       1.000      -0.831       2.420    1.44%       0.287      1.354


THE MODEL ESTIMATION TERMINATED NORMALLY



MODEL FIT INFORMATION

Number of Free Parameters                       57

Loglikelihood

          H0 Value                      -13137.106
          H1 Value                      -12929.487

Information Criteria

          Akaike (AIC)                   26388.213
          Bayesian (BIC)                 26634.291
          Sample-Size Adjusted BIC       26453.348
            (n* = (n + 2) / 24)

Chi-Square Test of Model Fit

          Value                            415.239
          Degrees of Freedom                   132
          P-Value                           0.0000

RMSEA (Root Mean Square Error Of Approximation)

          Estimate                           0.062
          90 Percent C.I.                    0.056  0.069
          Probability RMSEA <= .05           0.002

CFI/TLI

          CFI                                0.876
          TLI                                0.856

Chi-Square Test of Model Fit for the Baseline Model

          Value                           2440.337
          Degrees of Freedom                   153
          P-Value                           0.0000

SRMR (Standardized Root Mean Square Residual)

          Value                              0.052



MODEL RESULTS

                                                    Two-Tailed
                    Estimate       S.E.  Est./S.E.    P-Value

 SUC      BY
    MVS1               0.547      0.044     12.481      0.000
    MVS2               0.484      0.045     10.822      0.000
    MVS3               0.665      0.042     15.730      0.000
    MVS4               0.536      0.044     12.141      0.000
    MVS5               0.391      0.046      8.543      0.000
    MVS6               0.570      0.044     13.090      0.000

 CEN      BY
    MVS7               0.414      0.047      8.817      0.000
    MVS8               0.561      0.045     12.520      0.000
    MVS9               0.644      0.044     14.713      0.000
    MVS10              0.512      0.046     11.175      0.000
    MVS11              0.157      0.048      3.246      0.001
    MVS12              0.572      0.045     12.631      0.000

 HAP      BY
    MVS13              0.740      0.039     18.743      0.000
    MVS14              0.802      0.039     20.775      0.000
    MVS15              0.484      0.044     11.133      0.000
    MVS16              0.363      0.045      8.067      0.000
    MVS17              0.607      0.042     14.530      0.000
    MVS18              0.556      0.043     12.921      0.000

 SUC      WITH
    CEN                0.818      0.036     22.671      0.000
    HAP                0.720      0.036     20.106      0.000

 CEN      WITH
    HAP                0.629      0.042     15.050      0.000

 Intercepts
    MVS1               0.000      0.042      0.000      1.000
    MVS2               0.000      0.042      0.000      1.000
    MVS3               0.000      0.042      0.000      1.000
    MVS4               0.000      0.042      0.000      1.000
    MVS5               0.000      0.042      0.000      1.000
    MVS6               0.000      0.042      0.000      1.000
    MVS7               0.000      0.042      0.000      1.000
    MVS8               0.000      0.042      0.000      1.000
    MVS9               0.000      0.042      0.000      1.000
    MVS10              0.000      0.042      0.000      1.000
    MVS11              0.000      0.042      0.000      1.000
    MVS12              0.000      0.042      0.000      1.000
    MVS13              0.000      0.042      0.000      1.000
    MVS14              0.000      0.042      0.000      1.000
    MVS15              0.000      0.042      0.000      1.000
    MVS16              0.000      0.042      0.000      1.000
    MVS17              0.000      0.042      0.000      1.000
    MVS18              0.000      0.042      0.000      1.000

 Variances
    SUC                1.000      0.000    999.000    999.000
    CEN                1.000      0.000    999.000    999.000
    HAP                1.000      0.000    999.000    999.000

 Residual Variances
    MVS1               0.701      0.047     14.814      0.000
    MVS2               0.766      0.050     15.336      0.000
    MVS3               0.558      0.042     13.176      0.000
    MVS4               0.713      0.048     14.872      0.000
    MVS5               0.847      0.053     15.873      0.000
    MVS6               0.675      0.046     14.558      0.000
    MVS7               0.829      0.053     15.509      0.000
    MVS8               0.685      0.048     14.272      0.000
    MVS9               0.585      0.045     12.957      0.000
    MVS10              0.738      0.050     14.682      0.000
    MVS11              0.975      0.059     16.513      0.000
    MVS12              0.672      0.048     13.884      0.000
    MVS13              0.453      0.036     12.669      0.000
    MVS14              0.356      0.034     10.534      0.000
    MVS15              0.765      0.049     15.637      0.000
    MVS16              0.868      0.054     16.118      0.000
    MVS17              0.632      0.043     14.725      0.000
    MVS18              0.691      0.046     14.990      0.000

New/Additional Parameters
    CRSUC              0.705      0.019     36.488      0.000
    CRCEN              0.646      0.023     28.101      0.000
    CRHAP              0.770      0.015     51.555      0.000
    AVESUC             0.290      0.019     15.352      0.000
    AVECEN             0.252      0.018     13.931      0.000
    AVEHAP             0.372      0.019     19.550      0.000


STANDARDIZED MODEL RESULTS


STDYX Standardization

                                                    Two-Tailed
                    Estimate       S.E.  Est./S.E.    P-Value

 SUC      BY
    MVS1               0.547      0.036     15.334      0.000
    MVS2               0.484      0.038     12.646      0.000
    MVS3               0.665      0.031     21.660      0.000
    MVS4               0.536      0.036     14.751      0.000
    MVS5               0.391      0.041      9.419      0.000
    MVS6               0.570      0.035     16.406      0.000

 CEN      BY
    MVS7               0.414      0.042      9.775      0.000
    MVS8               0.561      0.037     15.357      0.000
    MVS9               0.644      0.033     19.388      0.000
    MVS10              0.512      0.039     13.160      0.000
    MVS11              0.157      0.048      3.293      0.001
    MVS12              0.572      0.037     15.520      0.000

 HAP      BY
    MVS13              0.740      0.025     29.796      0.000
    MVS14              0.802      0.022     36.014      0.000
    MVS15              0.484      0.037     13.148      0.000
    MVS16              0.363      0.041      8.805      0.000
    MVS17              0.607      0.031     19.268      0.000
    MVS18              0.556      0.034     16.138      0.000

 SUC      WITH
    CEN                0.818      0.036     22.671      0.000
    HAP                0.720      0.036     20.106      0.000

 CEN      WITH
    HAP                0.629      0.042     15.050      0.000

 Intercepts
    MVS1               0.000      0.042      0.000      1.000
    MVS2               0.000      0.042      0.000      1.000
    MVS3               0.000      0.042      0.000      1.000
    MVS4               0.000      0.042      0.000      1.000
    MVS5               0.000      0.042      0.000      1.000
    MVS6               0.000      0.042      0.000      1.000
    MVS7               0.000      0.042      0.000      1.000
    MVS8               0.000      0.042      0.000      1.000
    MVS9               0.000      0.042      0.000      1.000
    MVS10              0.000      0.042      0.000      1.000
    MVS11              0.000      0.042      0.000      1.000
    MVS12              0.000      0.042      0.000      1.000
    MVS13              0.000      0.042      0.000      1.000
    MVS14              0.000      0.042      0.000      1.000
    MVS15              0.000      0.042      0.000      1.000
    MVS16              0.000      0.042      0.000      1.000
    MVS17              0.000      0.042      0.000      1.000
    MVS18              0.000      0.042      0.000      1.000

 Variances
    SUC                1.000      0.000    999.000    999.000
    CEN                1.000      0.000    999.000    999.000
    HAP                1.000      0.000    999.000    999.000

 Residual Variances
    MVS1               0.701      0.039     17.935      0.000
    MVS2               0.766      0.037     20.717      0.000
    MVS3               0.558      0.041     13.685      0.000
    MVS4               0.713      0.039     18.303      0.000
    MVS5               0.847      0.032     26.167      0.000
    MVS6               0.675      0.040     17.005      0.000
    MVS7               0.829      0.035     23.686      0.000
    MVS8               0.685      0.041     16.736      0.000
    MVS9               0.585      0.043     13.684      0.000
    MVS10              0.738      0.040     18.495      0.000
    MVS11              0.975      0.015     65.219      0.000
    MVS12              0.672      0.042     15.924      0.000
    MVS13              0.453      0.037     12.337      0.000
    MVS14              0.356      0.036      9.976      0.000
    MVS15              0.765      0.036     21.450      0.000
    MVS16              0.868      0.030     28.968      0.000
    MVS17              0.632      0.038     16.529      0.000
    MVS18              0.691      0.038     18.044      0.000


STDY Standardization

                                                    Two-Tailed
                    Estimate       S.E.  Est./S.E.    P-Value

 SUC      BY
    MVS1               0.547      0.036     15.334      0.000
    MVS2               0.484      0.038     12.646      0.000
    MVS3               0.665      0.031     21.660      0.000
    MVS4               0.536      0.036     14.751      0.000
    MVS5               0.391      0.041      9.419      0.000
    MVS6               0.570      0.035     16.406      0.000

 CEN      BY
    MVS7               0.414      0.042      9.775      0.000
    MVS8               0.561      0.037     15.357      0.000
    MVS9               0.644      0.033     19.388      0.000
    MVS10              0.512      0.039     13.160      0.000
    MVS11              0.157      0.048      3.293      0.001
    MVS12              0.572      0.037     15.520      0.000

 HAP      BY
    MVS13              0.740      0.025     29.796      0.000
    MVS14              0.802      0.022     36.014      0.000
    MVS15              0.484      0.037     13.148      0.000
    MVS16              0.363      0.041      8.805      0.000
    MVS17              0.607      0.031     19.268      0.000
    MVS18              0.556      0.034     16.138      0.000

 SUC      WITH
    CEN                0.818      0.036     22.671      0.000
    HAP                0.720      0.036     20.106      0.000

 CEN      WITH
    HAP                0.629      0.042     15.050      0.000

 Intercepts
    MVS1               0.000      0.042      0.000      1.000
    MVS2               0.000      0.042      0.000      1.000
    MVS3               0.000      0.042      0.000      1.000
    MVS4               0.000      0.042      0.000      1.000
    MVS5               0.000      0.042      0.000      1.000
    MVS6               0.000      0.042      0.000      1.000
    MVS7               0.000      0.042      0.000      1.000
    MVS8               0.000      0.042      0.000      1.000
    MVS9               0.000      0.042      0.000      1.000
    MVS10              0.000      0.042      0.000      1.000
    MVS11              0.000      0.042      0.000      1.000
    MVS12              0.000      0.042      0.000      1.000
    MVS13              0.000      0.042      0.000      1.000
    MVS14              0.000      0.042      0.000      1.000
    MVS15              0.000      0.042      0.000      1.000
    MVS16              0.000      0.042      0.000      1.000
    MVS17              0.000      0.042      0.000      1.000
    MVS18              0.000      0.042      0.000      1.000

 Variances
    SUC                1.000      0.000    999.000    999.000
    CEN                1.000      0.000    999.000    999.000
    HAP                1.000      0.000    999.000    999.000

 Residual Variances
    MVS1               0.701      0.039     17.935      0.000
    MVS2               0.766      0.037     20.717      0.000
    MVS3               0.558      0.041     13.685      0.000
    MVS4               0.713      0.039     18.303      0.000
    MVS5               0.847      0.032     26.167      0.000
    MVS6               0.675      0.040     17.005      0.000
    MVS7               0.829      0.035     23.686      0.000
    MVS8               0.685      0.041     16.736      0.000
    MVS9               0.585      0.043     13.684      0.000
    MVS10              0.738      0.040     18.495      0.000
    MVS11              0.975      0.015     65.219      0.000
    MVS12              0.672      0.042     15.924      0.000
    MVS13              0.453      0.037     12.337      0.000
    MVS14              0.356      0.036      9.976      0.000
    MVS15              0.765      0.036     21.450      0.000
    MVS16              0.868      0.030     28.968      0.000
    MVS17              0.632      0.038     16.529      0.000
    MVS18              0.691      0.038     18.044      0.000


STD Standardization

                                                    Two-Tailed
                    Estimate       S.E.  Est./S.E.    P-Value

 SUC      BY
    MVS1               0.547      0.044     12.481      0.000
    MVS2               0.484      0.045     10.822      0.000
    MVS3               0.665      0.042     15.730      0.000
    MVS4               0.536      0.044     12.141      0.000
    MVS5               0.391      0.046      8.543      0.000
    MVS6               0.570      0.044     13.090      0.000

 CEN      BY
    MVS7               0.414      0.047      8.817      0.000
    MVS8               0.561      0.045     12.520      0.000
    MVS9               0.644      0.044     14.713      0.000
    MVS10              0.512      0.046     11.175      0.000
    MVS11              0.157      0.048      3.246      0.001
    MVS12              0.572      0.045     12.631      0.000

 HAP      BY
    MVS13              0.740      0.039     18.743      0.000
    MVS14              0.802      0.039     20.775      0.000
    MVS15              0.484      0.044     11.133      0.000
    MVS16              0.363      0.045      8.067      0.000
    MVS17              0.607      0.042     14.530      0.000
    MVS18              0.556      0.043     12.921      0.000

 SUC      WITH
    CEN                0.818      0.036     22.671      0.000
    HAP                0.720      0.036     20.106      0.000

 CEN      WITH
    HAP                0.629      0.042     15.050      0.000

 Intercepts
    MVS1               0.000      0.042      0.000      1.000
    MVS2               0.000      0.042      0.000      1.000
    MVS3               0.000      0.042      0.000      1.000
    MVS4               0.000      0.042      0.000      1.000
    MVS5               0.000      0.042      0.000      1.000
    MVS6               0.000      0.042      0.000      1.000
    MVS7               0.000      0.042      0.000      1.000
    MVS8               0.000      0.042      0.000      1.000
    MVS9               0.000      0.042      0.000      1.000
    MVS10              0.000      0.042      0.000      1.000
    MVS11              0.000      0.042      0.000      1.000
    MVS12              0.000      0.042      0.000      1.000
    MVS13              0.000      0.042      0.000      1.000
    MVS14              0.000      0.042      0.000      1.000
    MVS15              0.000      0.042      0.000      1.000
    MVS16              0.000      0.042      0.000      1.000
    MVS17              0.000      0.042      0.000      1.000
    MVS18              0.000      0.042      0.000      1.000

 Variances
    SUC                1.000      0.000    999.000    999.000
    CEN                1.000      0.000    999.000    999.000
    HAP                1.000      0.000    999.000    999.000

 Residual Variances
    MVS1               0.701      0.047     14.814      0.000
    MVS2               0.766      0.050     15.336      0.000
    MVS3               0.558      0.042     13.176      0.000
    MVS4               0.713      0.048     14.872      0.000
    MVS5               0.847      0.053     15.873      0.000
    MVS6               0.675      0.046     14.558      0.000
    MVS7               0.829      0.053     15.509      0.000
    MVS8               0.685      0.048     14.272      0.000
    MVS9               0.585      0.045     12.957      0.000
    MVS10              0.738      0.050     14.682      0.000
    MVS11              0.975      0.059     16.513      0.000
    MVS12              0.672      0.048     13.884      0.000
    MVS13              0.453      0.036     12.669      0.000
    MVS14              0.356      0.034     10.534      0.000
    MVS15              0.765      0.049     15.637      0.000
    MVS16              0.868      0.054     16.118      0.000
    MVS17              0.632      0.043     14.725      0.000
    MVS18              0.691      0.046     14.990      0.000


R-SQUARE

    Observed                                        Two-Tailed
    Variable        Estimate       S.E.  Est./S.E.    P-Value

    MVS1               0.299      0.039      7.667      0.000
    MVS2               0.234      0.037      6.323      0.000
    MVS3               0.442      0.041     10.830      0.000
    MVS4               0.287      0.039      7.376      0.000
    MVS5               0.153      0.032      4.710      0.000
    MVS6               0.325      0.040      8.203      0.000
    MVS7               0.171      0.035      4.888      0.000
    MVS8               0.315      0.041      7.679      0.000
    MVS9               0.415      0.043      9.694      0.000
    MVS10              0.262      0.040      6.580      0.000
    MVS11              0.025      0.015      1.646      0.100
    MVS12              0.328      0.042      7.760      0.000
    MVS13              0.547      0.037     14.898      0.000
    MVS14              0.644      0.036     18.007      0.000
    MVS15              0.235      0.036      6.574      0.000
    MVS16              0.132      0.030      4.402      0.000
    MVS17              0.368      0.038      9.634      0.000
    MVS18              0.309      0.038      8.069      0.000


QUALITY OF NUMERICAL RESULTS

     Condition Number for the Information Matrix              0.634E-03
       (ratio of smallest to largest eigenvalue)


CONFIDENCE INTERVALS OF MODEL RESULTS

                  Lower .5%  Lower 2.5%    Lower 5%    Estimate    Upper 5%  Upper 2.5%   Upper .5%

 SUC      BY
    MVS1             0.434       0.461       0.475       0.547       0.619       0.633       0.660
    MVS2             0.368       0.396       0.410       0.484       0.557       0.571       0.599
    MVS3             0.556       0.582       0.595       0.665       0.734       0.747       0.774
    MVS4             0.422       0.449       0.463       0.536       0.609       0.622       0.650
    MVS5             0.273       0.301       0.315       0.391       0.466       0.480       0.508
    MVS6             0.458       0.485       0.499       0.570       0.642       0.656       0.683

 CEN      BY
    MVS7             0.293       0.322       0.336       0.414       0.491       0.506       0.534
    MVS8             0.445       0.473       0.487       0.561       0.634       0.649       0.676
    MVS9             0.531       0.558       0.572       0.644       0.716       0.730       0.757
    MVS10            0.394       0.422       0.437       0.512       0.588       0.602       0.630
    MVS11            0.032       0.062       0.077       0.157       0.236       0.252       0.281
    MVS12            0.456       0.484       0.498       0.572       0.647       0.661       0.689

 HAP      BY
    MVS13            0.638       0.662       0.675       0.740       0.805       0.817       0.841
    MVS14            0.703       0.726       0.739       0.802       0.866       0.878       0.902
    MVS15            0.372       0.399       0.413       0.484       0.556       0.570       0.596
    MVS16            0.247       0.275       0.289       0.363       0.437       0.451       0.479
    MVS17            0.499       0.525       0.538       0.607       0.676       0.689       0.714
    MVS18            0.445       0.472       0.485       0.556       0.627       0.640       0.667

 SUC      WITH
    CEN              0.725       0.747       0.759       0.818       0.878       0.889       0.911
    HAP              0.627       0.650       0.661       0.720       0.779       0.790       0.812

 CEN      WITH
    HAP              0.521       0.547       0.560       0.629       0.697       0.711       0.736

 Intercepts
    MVS1            -0.109      -0.083      -0.070       0.000       0.070       0.083       0.109
    MVS2            -0.109      -0.083      -0.070       0.000       0.070       0.083       0.109
    MVS3            -0.109      -0.083      -0.070       0.000       0.070       0.083       0.109
    MVS4            -0.109      -0.083      -0.070       0.000       0.070       0.083       0.109
    MVS5            -0.109      -0.083      -0.070       0.000       0.070       0.083       0.109
    MVS6            -0.109      -0.083      -0.070       0.000       0.070       0.083       0.109
    MVS7            -0.109      -0.083      -0.070       0.000       0.070       0.083       0.109
    MVS8            -0.109      -0.083      -0.070       0.000       0.070       0.083       0.109
    MVS9            -0.109      -0.083      -0.070       0.000       0.070       0.083       0.109
    MVS10           -0.109      -0.083      -0.070       0.000       0.070       0.083       0.109
    MVS11           -0.109      -0.083      -0.070       0.000       0.070       0.083       0.109
    MVS12           -0.109      -0.083      -0.070       0.000       0.070       0.083       0.109
    MVS13           -0.109      -0.083      -0.070       0.000       0.070       0.083       0.109
    MVS14           -0.109      -0.083      -0.070       0.000       0.070       0.083       0.109
    MVS15           -0.109      -0.083      -0.070       0.000       0.070       0.083       0.109
    MVS16           -0.109      -0.083      -0.070       0.000       0.070       0.083       0.109
    MVS17           -0.109      -0.083      -0.070       0.000       0.070       0.083       0.109
    MVS18           -0.109      -0.083      -0.070       0.000       0.070       0.083       0.109

 Variances
    SUC              1.000       1.000       1.000       1.000       1.000       1.000       1.000
    CEN              1.000       1.000       1.000       1.000       1.000       1.000       1.000
    HAP              1.000       1.000       1.000       1.000       1.000       1.000       1.000

 Residual Variances
    MVS1             0.579       0.608       0.623       0.701       0.778       0.793       0.822
    MVS2             0.637       0.668       0.684       0.766       0.848       0.864       0.895
    MVS3             0.449       0.475       0.489       0.558       0.628       0.641       0.667
    MVS4             0.589       0.619       0.634       0.713       0.792       0.807       0.836
    MVS5             0.710       0.743       0.760       0.847       0.935       0.952       0.985
    MVS6             0.555       0.584       0.598       0.675       0.751       0.765       0.794
    MVS7             0.691       0.724       0.741       0.829       0.917       0.934       0.967
    MVS8             0.562       0.591       0.606       0.685       0.765       0.780       0.809
    MVS9             0.469       0.497       0.511       0.585       0.660       0.674       0.702
    MVS10            0.608       0.639       0.655       0.738       0.820       0.836       0.867
    MVS11            0.823       0.860       0.878       0.975       1.073       1.091       1.128
    MVS12            0.548       0.577       0.593       0.672       0.752       0.767       0.797
    MVS13            0.361       0.383       0.394       0.453       0.512       0.523       0.545
    MVS14            0.269       0.290       0.301       0.356       0.412       0.423       0.444
    MVS15            0.639       0.669       0.685       0.765       0.846       0.861       0.892
    MVS16            0.729       0.763       0.779       0.868       0.957       0.974       1.007
    MVS17            0.521       0.548       0.561       0.632       0.702       0.716       0.742
    MVS18            0.572       0.601       0.615       0.691       0.767       0.781       0.810

New/Additional Parameters
    CRSUC            0.655       0.667       0.673       0.705       0.737       0.743       0.755
    CRCEN            0.587       0.601       0.608       0.646       0.684       0.691       0.705
    CRHAP            0.732       0.741       0.746       0.770       0.795       0.799       0.809
    AVESUC           0.241       0.253       0.259       0.290       0.321       0.327       0.339
    AVECEN           0.206       0.217       0.223       0.252       0.282       0.288       0.299
    AVEHAP           0.323       0.335       0.341       0.372       0.404       0.410       0.421


CONFIDENCE INTERVALS OF STANDARDIZED MODEL RESULTS


STDYX Standardization

                  Lower .5%  Lower 2.5%    Lower 5%    Estimate    Upper 5%  Upper 2.5%   Upper .5%

 SUC      BY
    MVS1             0.455       0.477       0.489       0.547       0.606       0.617       0.639
    MVS2             0.385       0.409       0.421       0.484       0.546       0.559       0.582
    MVS3             0.586       0.605       0.614       0.665       0.715       0.725       0.744
    MVS4             0.442       0.465       0.476       0.536       0.596       0.607       0.630
    MVS5             0.284       0.309       0.322       0.391       0.459       0.472       0.497
    MVS6             0.481       0.502       0.513       0.570       0.628       0.639       0.660

 CEN      BY
    MVS7             0.305       0.331       0.344       0.414       0.483       0.497       0.523
    MVS8             0.467       0.489       0.501       0.561       0.621       0.632       0.655
    MVS9             0.558       0.579       0.589       0.644       0.699       0.709       0.729
    MVS10            0.412       0.436       0.448       0.512       0.576       0.589       0.613
    MVS11            0.034       0.064       0.079       0.157       0.235       0.250       0.280
    MVS12            0.477       0.500       0.512       0.572       0.633       0.645       0.667

 HAP      BY
    MVS13            0.676       0.691       0.699       0.740       0.780       0.788       0.804
    MVS14            0.745       0.759       0.766       0.802       0.839       0.846       0.860
    MVS15            0.389       0.412       0.424       0.484       0.545       0.557       0.579
    MVS16            0.257       0.282       0.295       0.363       0.431       0.444       0.469
    MVS17            0.526       0.545       0.555       0.607       0.659       0.669       0.688
    MVS18            0.467       0.488       0.499       0.556       0.613       0.623       0.645

 SUC      WITH
    CEN              0.725       0.747       0.759       0.818       0.878       0.889       0.911
    HAP              0.627       0.650       0.661       0.720       0.779       0.790       0.812

 CEN      WITH
    HAP              0.521       0.547       0.560       0.629       0.697       0.711       0.736

 Intercepts
    MVS1            -0.109      -0.083      -0.070       0.000       0.070       0.083       0.109
    MVS2            -0.109      -0.083      -0.070       0.000       0.070       0.083       0.109
    MVS3            -0.109      -0.083      -0.070       0.000       0.070       0.083       0.109
    MVS4            -0.109      -0.083      -0.070       0.000       0.070       0.083       0.109
    MVS5            -0.109      -0.083      -0.070       0.000       0.070       0.083       0.109
    MVS6            -0.109      -0.083      -0.070       0.000       0.070       0.083       0.109
    MVS7            -0.109      -0.083      -0.070       0.000       0.070       0.083       0.109
    MVS8            -0.109      -0.083      -0.070       0.000       0.070       0.083       0.109
    MVS9            -0.109      -0.083      -0.070       0.000       0.070       0.083       0.109
    MVS10           -0.109      -0.083      -0.070       0.000       0.070       0.083       0.109
    MVS11           -0.109      -0.083      -0.070       0.000       0.070       0.083       0.109
    MVS12           -0.109      -0.083      -0.070       0.000       0.070       0.083       0.109
    MVS13           -0.109      -0.083      -0.070       0.000       0.070       0.083       0.109
    MVS14           -0.109      -0.083      -0.070       0.000       0.070       0.083       0.109
    MVS15           -0.109      -0.083      -0.070       0.000       0.070       0.083       0.109
    MVS16           -0.109      -0.083      -0.070       0.000       0.070       0.083       0.109
    MVS17           -0.109      -0.083      -0.070       0.000       0.070       0.083       0.109
    MVS18           -0.109      -0.083      -0.070       0.000       0.070       0.083       0.109

 Variances
    SUC              1.000       1.000       1.000       1.000       1.000       1.000       1.000
    CEN              1.000       1.000       1.000       1.000       1.000       1.000       1.000
    HAP              1.000       1.000       1.000       1.000       1.000       1.000       1.000

 Residual Variances
    MVS1             0.600       0.624       0.636       0.701       0.765       0.777       0.801
    MVS2             0.671       0.694       0.705       0.766       0.827       0.839       0.861
    MVS3             0.453       0.478       0.491       0.558       0.625       0.638       0.663
    MVS4             0.612       0.636       0.649       0.713       0.777       0.789       0.813
    MVS5             0.764       0.784       0.794       0.847       0.901       0.911       0.931
    MVS6             0.572       0.597       0.609       0.675       0.740       0.752       0.777
    MVS7             0.739       0.760       0.771       0.829       0.887       0.898       0.919
    MVS8             0.580       0.605       0.618       0.685       0.753       0.766       0.791
    MVS9             0.475       0.501       0.515       0.585       0.656       0.669       0.696
    MVS10            0.635       0.659       0.672       0.738       0.803       0.816       0.840
    MVS11            0.937       0.946       0.951       0.975       1.000       1.005       1.014
    MVS12            0.564       0.590       0.603       0.672       0.742       0.755       0.781
    MVS13            0.358       0.381       0.393       0.453       0.513       0.525       0.548
    MVS14            0.264       0.286       0.298       0.356       0.415       0.427       0.449
    MVS15            0.674       0.695       0.707       0.765       0.824       0.835       0.857
    MVS16            0.791       0.809       0.819       0.868       0.917       0.927       0.945
    MVS17            0.533       0.557       0.569       0.632       0.695       0.707       0.730
    MVS18            0.592       0.616       0.628       0.691       0.754       0.766       0.790


STDY Standardization

                  Lower .5%  Lower 2.5%    Lower 5%    Estimate    Upper 5%  Upper 2.5%   Upper .5%

 SUC      BY
    MVS1             0.455       0.477       0.489       0.547       0.606       0.617       0.639
    MVS2             0.385       0.409       0.421       0.484       0.546       0.559       0.582
    MVS3             0.586       0.605       0.614       0.665       0.715       0.725       0.744
    MVS4             0.442       0.465       0.476       0.536       0.596       0.607       0.630
    MVS5             0.284       0.309       0.322       0.391       0.459       0.472       0.497
    MVS6             0.481       0.502       0.513       0.570       0.628       0.639       0.660

 CEN      BY
    MVS7             0.305       0.331       0.344       0.414       0.483       0.497       0.523
    MVS8             0.467       0.489       0.501       0.561       0.621       0.632       0.655
    MVS9             0.558       0.579       0.589       0.644       0.699       0.709       0.729
    MVS10            0.412       0.436       0.448       0.512       0.576       0.589       0.613
    MVS11            0.034       0.064       0.079       0.157       0.235       0.250       0.280
    MVS12            0.477       0.500       0.512       0.572       0.633       0.645       0.667

 HAP      BY
    MVS13            0.676       0.691       0.699       0.740       0.780       0.788       0.804
    MVS14            0.745       0.759       0.766       0.802       0.839       0.846       0.860
    MVS15            0.389       0.412       0.424       0.484       0.545       0.557       0.579
    MVS16            0.257       0.282       0.295       0.363       0.431       0.444       0.469
    MVS17            0.526       0.545       0.555       0.607       0.659       0.669       0.688
    MVS18            0.467       0.488       0.499       0.556       0.613       0.623       0.645

 SUC      WITH
    CEN              0.725       0.747       0.759       0.818       0.878       0.889       0.911
    HAP              0.627       0.650       0.661       0.720       0.779       0.790       0.812

 CEN      WITH
    HAP              0.521       0.547       0.560       0.629       0.697       0.711       0.736

 Intercepts
    MVS1            -0.109      -0.083      -0.070       0.000       0.070       0.083       0.109
    MVS2            -0.109      -0.083      -0.070       0.000       0.070       0.083       0.109
    MVS3            -0.109      -0.083      -0.070       0.000       0.070       0.083       0.109
    MVS4            -0.109      -0.083      -0.070       0.000       0.070       0.083       0.109
    MVS5            -0.109      -0.083      -0.070       0.000       0.070       0.083       0.109
    MVS6            -0.109      -0.083      -0.070       0.000       0.070       0.083       0.109
    MVS7            -0.109      -0.083      -0.070       0.000       0.070       0.083       0.109
    MVS8            -0.109      -0.083      -0.070       0.000       0.070       0.083       0.109
    MVS9            -0.109      -0.083      -0.070       0.000       0.070       0.083       0.109
    MVS10           -0.109      -0.083      -0.070       0.000       0.070       0.083       0.109
    MVS11           -0.109      -0.083      -0.070       0.000       0.070       0.083       0.109
    MVS12           -0.109      -0.083      -0.070       0.000       0.070       0.083       0.109
    MVS13           -0.109      -0.083      -0.070       0.000       0.070       0.083       0.109
    MVS14           -0.109      -0.083      -0.070       0.000       0.070       0.083       0.109
    MVS15           -0.109      -0.083      -0.070       0.000       0.070       0.083       0.109
    MVS16           -0.109      -0.083      -0.070       0.000       0.070       0.083       0.109
    MVS17           -0.109      -0.083      -0.070       0.000       0.070       0.083       0.109
    MVS18           -0.109      -0.083      -0.070       0.000       0.070       0.083       0.109

 Variances
    SUC              1.000       1.000       1.000       1.000       1.000       1.000       1.000
    CEN              1.000       1.000       1.000       1.000       1.000       1.000       1.000
    HAP              1.000       1.000       1.000       1.000       1.000       1.000       1.000

 Residual Variances
    MVS1             0.600       0.624       0.636       0.701       0.765       0.777       0.801
    MVS2             0.671       0.694       0.705       0.766       0.827       0.839       0.861
    MVS3             0.453       0.478       0.491       0.558       0.625       0.638       0.663
    MVS4             0.612       0.636       0.649       0.713       0.777       0.789       0.813
    MVS5             0.764       0.784       0.794       0.847       0.901       0.911       0.931
    MVS6             0.572       0.597       0.609       0.675       0.740       0.752       0.777
    MVS7             0.739       0.760       0.771       0.829       0.887       0.898       0.919
    MVS8             0.580       0.605       0.618       0.685       0.753       0.766       0.791
    MVS9             0.475       0.501       0.515       0.585       0.656       0.669       0.696
    MVS10            0.635       0.659       0.672       0.738       0.803       0.816       0.840
    MVS11            0.937       0.946       0.951       0.975       1.000       1.005       1.014
    MVS12            0.564       0.590       0.603       0.672       0.742       0.755       0.781
    MVS13            0.358       0.381       0.393       0.453       0.513       0.525       0.548
    MVS14            0.264       0.286       0.298       0.356       0.415       0.427       0.449
    MVS15            0.674       0.695       0.707       0.765       0.824       0.835       0.857
    MVS16            0.791       0.809       0.819       0.868       0.917       0.927       0.945
    MVS17            0.533       0.557       0.569       0.632       0.695       0.707       0.730
    MVS18            0.592       0.616       0.628       0.691       0.754       0.766       0.790


STD Standardization

                  Lower .5%  Lower 2.5%    Lower 5%    Estimate    Upper 5%  Upper 2.5%   Upper .5%

 SUC      BY
    MVS1             0.434       0.461       0.475       0.547       0.619       0.633       0.660
    MVS2             0.368       0.396       0.410       0.484       0.557       0.571       0.599
    MVS3             0.556       0.582       0.595       0.665       0.734       0.747       0.774
    MVS4             0.422       0.449       0.463       0.536       0.609       0.622       0.650
    MVS5             0.273       0.301       0.315       0.391       0.466       0.480       0.508
    MVS6             0.458       0.485       0.499       0.570       0.642       0.656       0.683

 CEN      BY
    MVS7             0.293       0.322       0.336       0.414       0.491       0.506       0.534
    MVS8             0.445       0.473       0.487       0.561       0.634       0.649       0.676
    MVS9             0.531       0.558       0.572       0.644       0.716       0.730       0.757
    MVS10            0.394       0.422       0.437       0.512       0.588       0.602       0.630
    MVS11            0.032       0.062       0.077       0.157       0.236       0.252       0.281
    MVS12            0.456       0.484       0.498       0.572       0.647       0.661       0.689

 HAP      BY
    MVS13            0.638       0.662       0.675       0.740       0.805       0.817       0.841
    MVS14            0.703       0.726       0.739       0.802       0.866       0.878       0.902
    MVS15            0.372       0.399       0.413       0.484       0.556       0.570       0.596
    MVS16            0.247       0.275       0.289       0.363       0.437       0.451       0.479
    MVS17            0.499       0.525       0.538       0.607       0.676       0.689       0.714
    MVS18            0.445       0.472       0.485       0.556       0.627       0.640       0.667

 SUC      WITH
    CEN              0.725       0.747       0.759       0.818       0.878       0.889       0.911
    HAP              0.627       0.650       0.661       0.720       0.779       0.790       0.812

 CEN      WITH
    HAP              0.521       0.547       0.560       0.629       0.697       0.711       0.736

 Intercepts
    MVS1            -0.109      -0.083      -0.070       0.000       0.070       0.083       0.109
    MVS2            -0.109      -0.083      -0.070       0.000       0.070       0.083       0.109
    MVS3            -0.109      -0.083      -0.070       0.000       0.070       0.083       0.109
    MVS4            -0.109      -0.083      -0.070       0.000       0.070       0.083       0.109
    MVS5            -0.109      -0.083      -0.070       0.000       0.070       0.083       0.109
    MVS6            -0.109      -0.083      -0.070       0.000       0.070       0.083       0.109
    MVS7            -0.109      -0.083      -0.070       0.000       0.070       0.083       0.109
    MVS8            -0.109      -0.083      -0.070       0.000       0.070       0.083       0.109
    MVS9            -0.109      -0.083      -0.070       0.000       0.070       0.083       0.109
    MVS10           -0.109      -0.083      -0.070       0.000       0.070       0.083       0.109
    MVS11           -0.109      -0.083      -0.070       0.000       0.070       0.083       0.109
    MVS12           -0.109      -0.083      -0.070       0.000       0.070       0.083       0.109
    MVS13           -0.109      -0.083      -0.070       0.000       0.070       0.083       0.109
    MVS14           -0.109      -0.083      -0.070       0.000       0.070       0.083       0.109
    MVS15           -0.109      -0.083      -0.070       0.000       0.070       0.083       0.109
    MVS16           -0.109      -0.083      -0.070       0.000       0.070       0.083       0.109
    MVS17           -0.109      -0.083      -0.070       0.000       0.070       0.083       0.109
    MVS18           -0.109      -0.083      -0.070       0.000       0.070       0.083       0.109

 Variances
    SUC              1.000       1.000       1.000       1.000       1.000       1.000       1.000
    CEN              1.000       1.000       1.000       1.000       1.000       1.000       1.000
    HAP              1.000       1.000       1.000       1.000       1.000       1.000       1.000

 Residual Variances
    MVS1             0.579       0.608       0.623       0.701       0.778       0.793       0.822
    MVS2             0.637       0.668       0.684       0.766       0.848       0.864       0.895
    MVS3             0.449       0.475       0.489       0.558       0.628       0.641       0.667
    MVS4             0.589       0.619       0.634       0.713       0.792       0.807       0.836
    MVS5             0.710       0.743       0.760       0.847       0.935       0.952       0.985
    MVS6             0.555       0.584       0.598       0.675       0.751       0.765       0.794
    MVS7             0.691       0.724       0.741       0.829       0.917       0.934       0.967
    MVS8             0.562       0.591       0.606       0.685       0.765       0.780       0.809
    MVS9             0.469       0.497       0.511       0.585       0.660       0.674       0.702
    MVS10            0.608       0.639       0.655       0.738       0.820       0.836       0.867
    MVS11            0.823       0.860       0.878       0.975       1.073       1.091       1.128
    MVS12            0.548       0.577       0.593       0.672       0.752       0.767       0.797
    MVS13            0.361       0.383       0.394       0.453       0.512       0.523       0.545
    MVS14            0.269       0.290       0.301       0.356       0.412       0.423       0.444
    MVS15            0.639       0.669       0.685       0.765       0.846       0.861       0.892
    MVS16            0.729       0.763       0.779       0.868       0.957       0.974       1.007
    MVS17            0.521       0.548       0.561       0.632       0.702       0.716       0.742
    MVS18            0.572       0.601       0.615       0.691       0.767       0.781       0.810


MODEL COMMAND WITH FINAL ESTIMATES USED AS STARTING VALUES

     suc BY mvs1*0.54725 (l1);
     suc BY mvs2*0.48357 (l2);
     suc BY mvs3*0.66466 (l3);
     suc BY mvs4*0.53594 (l4);
     suc BY mvs5*0.39055 (l5);
     suc BY mvs6*0.57044 (l6);
     cen BY mvs7*0.41359 (l7);
     cen BY mvs8*0.56081 (l8);
     cen BY mvs9*0.64394 (l9);
     cen BY mvs10*0.51227 (l10);
     cen BY mvs11*0.15692 (l11);
     cen BY mvs12*0.57240 (l12);
     hap BY mvs13*0.73961 (l13);
     hap BY mvs14*0.80218 (l14);
     hap BY mvs15*0.48434 (l15);
     hap BY mvs16*0.36322 (l16);
     hap BY mvs17*0.60682 (l17);
     hap BY mvs18*0.55589 (l18);

     suc WITH cen*0.81816;
     suc WITH hap*0.71968;
     cen WITH hap*0.62872;

     [ mvs1*0.00000 ];
     [ mvs2*0.00000 ];
     [ mvs3*0.00000 ];
     [ mvs4*0.00000 ];
     [ mvs5*0.00000 ];
     [ mvs6*0.00000 ];
     [ mvs7*0.00000 ];
     [ mvs8*0.00000 ];
     [ mvs9*0.00000 ];
     [ mvs10*0.00000 ];
     [ mvs11*0.00000 ];
     [ mvs12*0.00000 ];
     [ mvs13*0.00000 ];
     [ mvs14*0.00000 ];
     [ mvs15*0.00000 ];
     [ mvs16*0.00000 ];
     [ mvs17*0.00000 ];
     [ mvs18*0.00000 ];

     mvs1*0.70053 (ev1);
     mvs2*0.76617 (ev2);
     mvs3*0.55823 (ev3);
     mvs4*0.71277 (ev4);
     mvs5*0.84747 (ev5);
     mvs6*0.67460 (ev6);
     mvs7*0.82895 (ev7);
     mvs8*0.68550 (ev8);
     mvs9*0.58534 (ev9);
     mvs10*0.73758 (ev10);
     mvs11*0.97538 (ev11);
     mvs12*0.67236 (ev12);
     mvs13*0.45299 (ev13);
     mvs14*0.35649 (ev14);
     mvs15*0.76542 (ev15);
     mvs16*0.86807 (ev16);
     mvs17*0.63177 (ev17);
     mvs18*0.69100 (ev18);
     suc@1;
     cen@1;
     hap@1;

     ! NEW statements in MODEL CONSTRAINT
     NEW(crsuc*0.70523);
     NEW(crcen*0.64585);
     NEW(crhap*0.77014);
     NEW(avesuc*0.29004);
     NEW(avecen*0.25249);
     NEW(avehap*0.37238);




TECHNICAL 1 OUTPUT


     PARAMETER SPECIFICATION


           NU
              MVS1          MVS2          MVS3          MVS4          MVS5
              ________      ________      ________      ________      ________
                  1             2             3             4             5


           NU
              MVS6          MVS7          MVS8          MVS9          MVS10
              ________      ________      ________      ________      ________
                  6             7             8             9            10


           NU
              MVS11         MVS12         MVS13         MVS14         MVS15
              ________      ________      ________      ________      ________
                 11            12            13            14            15


           NU
              MVS16         MVS17         MVS18
              ________      ________      ________
                 16            17            18


           LAMBDA
              SUC           CEN           HAP
              ________      ________      ________
 MVS1              19             0             0
 MVS2              20             0             0
 MVS3              21             0             0
 MVS4              22             0             0
 MVS5              23             0             0
 MVS6              24             0             0
 MVS7               0            25             0
 MVS8               0            26             0
 MVS9               0            27             0
 MVS10              0            28             0
 MVS11              0            29             0
 MVS12              0            30             0
 MVS13              0             0            31
 MVS14              0             0            32
 MVS15              0             0            33
 MVS16              0             0            34
 MVS17              0             0            35
 MVS18              0             0            36


           THETA
              MVS1          MVS2          MVS3          MVS4          MVS5
              ________      ________      ________      ________      ________
 MVS1              37
 MVS2               0            38
 MVS3               0             0            39
 MVS4               0             0             0            40
 MVS5               0             0             0             0            41
 MVS6               0             0             0             0             0
 MVS7               0             0             0             0             0
 MVS8               0             0             0             0             0
 MVS9               0             0             0             0             0
 MVS10              0             0             0             0             0
 MVS11              0             0             0             0             0
 MVS12              0             0             0             0             0
 MVS13              0             0             0             0             0
 MVS14              0             0             0             0             0
 MVS15              0             0             0             0             0
 MVS16              0             0             0             0             0
 MVS17              0             0             0             0             0
 MVS18              0             0             0             0             0


           THETA
              MVS6          MVS7          MVS8          MVS9          MVS10
              ________      ________      ________      ________      ________
 MVS6              42
 MVS7               0            43
 MVS8               0             0            44
 MVS9               0             0             0            45
 MVS10              0             0             0             0            46
 MVS11              0             0             0             0             0
 MVS12              0             0             0             0             0
 MVS13              0             0             0             0             0
 MVS14              0             0             0             0             0
 MVS15              0             0             0             0             0
 MVS16              0             0             0             0             0
 MVS17              0             0             0             0             0
 MVS18              0             0             0             0             0


           THETA
              MVS11         MVS12         MVS13         MVS14         MVS15
              ________      ________      ________      ________      ________
 MVS11             47
 MVS12              0            48
 MVS13              0             0            49
 MVS14              0             0             0            50
 MVS15              0             0             0             0            51
 MVS16              0             0             0             0             0
 MVS17              0             0             0             0             0
 MVS18              0             0             0             0             0


           THETA
              MVS16         MVS17         MVS18
              ________      ________      ________
 MVS16             52
 MVS17              0            53
 MVS18              0             0            54


           ALPHA
              SUC           CEN           HAP
              ________      ________      ________
                  0             0             0


           BETA
              SUC           CEN           HAP
              ________      ________      ________
 SUC                0             0             0
 CEN                0             0             0
 HAP                0             0             0


           PSI
              SUC           CEN           HAP
              ________      ________      ________
 SUC                0
 CEN               55             0
 HAP               56            57             0


     PARAMETER SPECIFICATION FOR THE ADDITIONAL PARAMETERS


           New/Additional Parameters
              CRSUC         CRCEN         CRHAP         AVESUC        AVECEN
              ________      ________      ________      ________      ________
                   58            59            60            61            62


           New/Additional Parameters
              AVEHAP
              ________
                   63


     STARTING VALUES


           NU
              MVS1          MVS2          MVS3          MVS4          MVS5
              ________      ________      ________      ________      ________
                0.000         0.000         0.000         0.000         0.000


           NU
              MVS6          MVS7          MVS8          MVS9          MVS10
              ________      ________      ________      ________      ________
                0.000         0.000         0.000         0.000         0.000


           NU
              MVS11         MVS12         MVS13         MVS14         MVS15
              ________      ________      ________      ________      ________
                0.000         0.000         0.000         0.000         0.000


           NU
              MVS16         MVS17         MVS18
              ________      ________      ________
                0.000         0.000         0.000


           LAMBDA
              SUC           CEN           HAP
              ________      ________      ________
 MVS1           1.000         0.000         0.000
 MVS2           1.000         0.000         0.000
 MVS3           1.000         0.000         0.000
 MVS4           1.000         0.000         0.000
 MVS5           1.000         0.000         0.000
 MVS6           1.000         0.000         0.000
 MVS7           0.000         1.000         0.000
 MVS8           0.000         1.000         0.000
 MVS9           0.000         1.000         0.000
 MVS10          0.000         1.000         0.000
 MVS11          0.000         1.000         0.000
 MVS12          0.000         1.000         0.000
 MVS13          0.000         0.000         1.000
 MVS14          0.000         0.000         1.000
 MVS15          0.000         0.000         1.000
 MVS16          0.000         0.000         1.000
 MVS17          0.000         0.000         1.000
 MVS18          0.000         0.000         1.000


           THETA
              MVS1          MVS2          MVS3          MVS4          MVS5
              ________      ________      ________      ________      ________
 MVS1           0.500
 MVS2           0.000         0.500
 MVS3           0.000         0.000         0.500
 MVS4           0.000         0.000         0.000         0.500
 MVS5           0.000         0.000         0.000         0.000         0.500
 MVS6           0.000         0.000         0.000         0.000         0.000
 MVS7           0.000         0.000         0.000         0.000         0.000
 MVS8           0.000         0.000         0.000         0.000         0.000
 MVS9           0.000         0.000         0.000         0.000         0.000
 MVS10          0.000         0.000         0.000         0.000         0.000
 MVS11          0.000         0.000         0.000         0.000         0.000
 MVS12          0.000         0.000         0.000         0.000         0.000
 MVS13          0.000         0.000         0.000         0.000         0.000
 MVS14          0.000         0.000         0.000         0.000         0.000
 MVS15          0.000         0.000         0.000         0.000         0.000
 MVS16          0.000         0.000         0.000         0.000         0.000
 MVS17          0.000         0.000         0.000         0.000         0.000
 MVS18          0.000         0.000         0.000         0.000         0.000


           THETA
              MVS6          MVS7          MVS8          MVS9          MVS10
              ________      ________      ________      ________      ________
 MVS6           0.500
 MVS7           0.000         0.500
 MVS8           0.000         0.000         0.500
 MVS9           0.000         0.000         0.000         0.500
 MVS10          0.000         0.000         0.000         0.000         0.500
 MVS11          0.000         0.000         0.000         0.000         0.000
 MVS12          0.000         0.000         0.000         0.000         0.000
 MVS13          0.000         0.000         0.000         0.000         0.000
 MVS14          0.000         0.000         0.000         0.000         0.000
 MVS15          0.000         0.000         0.000         0.000         0.000
 MVS16          0.000         0.000         0.000         0.000         0.000
 MVS17          0.000         0.000         0.000         0.000         0.000
 MVS18          0.000         0.000         0.000         0.000         0.000


           THETA
              MVS11         MVS12         MVS13         MVS14         MVS15
              ________      ________      ________      ________      ________
 MVS11          0.500
 MVS12          0.000         0.500
 MVS13          0.000         0.000         0.500
 MVS14          0.000         0.000         0.000         0.500
 MVS15          0.000         0.000         0.000         0.000         0.500
 MVS16          0.000         0.000         0.000         0.000         0.000
 MVS17          0.000         0.000         0.000         0.000         0.000
 MVS18          0.000         0.000         0.000         0.000         0.000


           THETA
              MVS16         MVS17         MVS18
              ________      ________      ________
 MVS16          0.500
 MVS17          0.000         0.500
 MVS18          0.000         0.000         0.500


           ALPHA
              SUC           CEN           HAP
              ________      ________      ________
                0.000         0.000         0.000


           BETA
              SUC           CEN           HAP
              ________      ________      ________
 SUC            0.000         0.000         0.000
 CEN            0.000         0.000         0.000
 HAP            0.000         0.000         0.000


           PSI
              SUC           CEN           HAP
              ________      ________      ________
 SUC            1.000
 CEN            0.000         1.000
 HAP            0.000         0.000         1.000


     STARTING VALUES FOR THE ADDITIONAL PARAMETERS


           New/Additional Parameters
              CRSUC         CRCEN         CRHAP         AVESUC        AVECEN
              ________      ________      ________      ________      ________
                0.500         0.500         0.500         0.500         0.500


           New/Additional Parameters
              AVEHAP
              ________
                0.500


DIAGRAM INFORMATION

  Use View Diagram under the Diagram menu in the Mplus Editor to view the diagram.
  If running Mplus from the Mplus Diagrammer, the diagram opens automatically.

  Diagram output
    c:\users\jxb14\dropbox (personal)\consumeropinions\feb18oct18\18items\metric\singlegroup\01-t3-metric-ml-reliab.dgm

     Beginning Time:  17:46:35
        Ending Time:  17:46:35
       Elapsed Time:  00:00:00



MUTHEN & MUTHEN
3463 Stoner Ave.
Los Angeles, CA  90066

Tel: (310) 391-9971
Fax: (310) 391-8971
Web: www.StatModel.com
Support: Support@StatModel.com

Copyright (c) 1998-2018 Muthen & Muthen
