Mplus VERSION 8.2
MUTHEN & MUTHEN
12/13/2018   5:53 PM

INPUT INSTRUCTIONS

  TITLE: cfa with metric data (18 items)
         one method factor (unit loadings)

  DATA: file = mvs.dat;

  VARIABLE:
    names = idnum satopt ars ars01 im mvs1-mvs18;
    usevar = mvs1 mvs2 mvs3 mvs7 mvs8 mvs9 mvs13 mvs14 mvs15
             mvs4o mvs5o mvs6o mvs10o mvs11o mvs12o mvs16o mvs17o mvs18o;

    missing = all(-99);

  DEFINE:

    mvs4o=6-mvs4;
    mvs5o=6-mvs5;
    mvs6o=6-mvs6;
    mvs10o=6-mvs10;
    mvs11o=6-mvs11;
    mvs12o=6-mvs12;
    mvs16o=6-mvs16;
    mvs17o=6-mvs17;
    mvs18o=6-mvs18;

  ANALYSIS:

    ESTIMATOR=ML;

  MODEL:

    SUC BY mvs1*1 (l1)
           mvs2 (l2)
           mvs3 (l3)
           mvs4o (l4)
           mvs5o (l5)
           mvs6o (l6);
    CEN BY mvs7*1 (l7)
           mvs8 (l8)
           mvs9 (l9)
           mvs10o (l10)
           mvs11o (l11)
           mvs12o (l12);
    HAP BY mvs13*1 (l13)
           mvs14 (l14)
           mvs15 (l15)
           mvs16o (l16)
           mvs17o (l17)
           mvs18o (l18);

    M BY mvs1*1 (m)
         mvs2 (m)
         mvs3 (m)
         mvs4o (m)
         mvs5o (m)
         mvs6o (m)
         mvs7 (m)
         mvs8 (m)
         mvs9 (m)
         mvs10o (m)
         mvs11o (m)
         mvs12o (m)
         mvs13 (m)
         mvs14 (m)
         mvs15 (m)
         mvs16o (m)
         mvs17o (m)
         mvs18o (m);

    SUC@1;
    CEN@1;
    HAP@1;
    M@1;

    SUC WITH CEN;
    SUC WITH HAP;
    CEN WITH HAP;

    M WITH SUC@0;
    M WITH CEN@0;
    M WITH HAP@0;

    mvs1 (ev1);
    mvs2 (ev2);
    mvs3 (ev3);
    mvs4o (ev4);
    mvs5o (ev5);
    mvs6o (ev6);
    mvs7 (ev7);
    mvs8 (ev8);
    mvs9 (ev9);
    mvs10o (ev10);
    mvs11o (ev11);
    mvs12o (ev12);
    mvs13 (ev13);
    mvs14 (ev14);
    mvs15 (ev15);
    mvs16o (ev16);
    mvs17o (ev17);
    mvs18o (ev18);

  MODEL CONSTRAINT:

    l1>0;
    l7>0;
    l13>0;

  OUTPUT: TECH1 MOD (3.84) svalues CINTERVAL standardized;





*** WARNING in OUTPUT command
  MODINDICES option is not available in conjunction with nonlinear constraints
  through the use of MODEL CONSTRAINT.  Request for MODINDICES is ignored.
   1 WARNING(S) FOUND IN THE INPUT INSTRUCTIONS



cfa with metric data (18 items)
one method factor (unit loadings)

SUMMARY OF ANALYSIS

Number of groups                                                 1
Number of observations                                         554

Number of dependent variables                                   18
Number of independent variables                                  0
Number of continuous latent variables                            4

Observed dependent variables

  Continuous
   MVS1        MVS2        MVS3        MVS7        MVS8        MVS9
   MVS13       MVS14       MVS15       MVS4O       MVS5O       MVS6O
   MVS10O      MVS11O      MVS12O      MVS16O      MVS17O      MVS18O

Continuous latent variables
   SUC         CEN         HAP         M


Estimator                                                       ML
Information matrix                                        OBSERVED
Maximum number of iterations                                  1000
Convergence criterion                                    0.500D-04
Maximum number of steepest descent iterations                   20
Maximum number of iterations for H1                           2000
Convergence criterion for H1                             0.100D-03

Input data file(s)
  mvs.dat

Input data format  FREE


SUMMARY OF DATA

     Number of missing data patterns             1


COVARIANCE COVERAGE OF DATA

Minimum covariance coverage value   0.100


     PROPORTION OF DATA PRESENT


           Covariance Coverage
              MVS1          MVS2          MVS3          MVS7          MVS8
              ________      ________      ________      ________      ________
 MVS1           1.000
 MVS2           1.000         1.000
 MVS3           1.000         1.000         1.000
 MVS7           1.000         1.000         1.000         1.000
 MVS8           1.000         1.000         1.000         1.000         1.000
 MVS9           1.000         1.000         1.000         1.000         1.000
 MVS13          1.000         1.000         1.000         1.000         1.000
 MVS14          1.000         1.000         1.000         1.000         1.000
 MVS15          1.000         1.000         1.000         1.000         1.000
 MVS4O          1.000         1.000         1.000         1.000         1.000
 MVS5O          1.000         1.000         1.000         1.000         1.000
 MVS6O          1.000         1.000         1.000         1.000         1.000
 MVS10O         1.000         1.000         1.000         1.000         1.000
 MVS11O         1.000         1.000         1.000         1.000         1.000
 MVS12O         1.000         1.000         1.000         1.000         1.000
 MVS16O         1.000         1.000         1.000         1.000         1.000
 MVS17O         1.000         1.000         1.000         1.000         1.000
 MVS18O         1.000         1.000         1.000         1.000         1.000


           Covariance Coverage
              MVS9          MVS13         MVS14         MVS15         MVS4O
              ________      ________      ________      ________      ________
 MVS9           1.000
 MVS13          1.000         1.000
 MVS14          1.000         1.000         1.000
 MVS15          1.000         1.000         1.000         1.000
 MVS4O          1.000         1.000         1.000         1.000         1.000
 MVS5O          1.000         1.000         1.000         1.000         1.000
 MVS6O          1.000         1.000         1.000         1.000         1.000
 MVS10O         1.000         1.000         1.000         1.000         1.000
 MVS11O         1.000         1.000         1.000         1.000         1.000
 MVS12O         1.000         1.000         1.000         1.000         1.000
 MVS16O         1.000         1.000         1.000         1.000         1.000
 MVS17O         1.000         1.000         1.000         1.000         1.000
 MVS18O         1.000         1.000         1.000         1.000         1.000


           Covariance Coverage
              MVS5O         MVS6O         MVS10O        MVS11O        MVS12O
              ________      ________      ________      ________      ________
 MVS5O          1.000
 MVS6O          1.000         1.000
 MVS10O         1.000         1.000         1.000
 MVS11O         1.000         1.000         1.000         1.000
 MVS12O         1.000         1.000         1.000         1.000         1.000
 MVS16O         1.000         1.000         1.000         1.000         1.000
 MVS17O         1.000         1.000         1.000         1.000         1.000
 MVS18O         1.000         1.000         1.000         1.000         1.000


           Covariance Coverage
              MVS16O        MVS17O        MVS18O
              ________      ________      ________
 MVS16O         1.000
 MVS17O         1.000         1.000
 MVS18O         1.000         1.000         1.000



UNIVARIATE SAMPLE STATISTICS


     UNIVARIATE HIGHER-ORDER MOMENT DESCRIPTIVE STATISTICS

         Variable/         Mean/     Skewness/   Minimum/ % with                Percentiles
        Sample Size      Variance    Kurtosis    Maximum  Min/Max      20%/60%    40%/80%    Median

     MVS1                  3.359      -0.412       1.000    3.97%       2.000      3.000      4.000
             554.000       1.082      -0.647       5.000   10.47%       4.000      4.000
     MVS2                  2.363       0.467       1.000   20.76%       1.000      2.000      2.000
             554.000       1.069      -0.629       5.000    1.62%       2.000      3.000
     MVS3                  3.087      -0.280       1.000    7.94%       2.000      3.000      3.000
             554.000       1.191      -0.959       5.000    5.60%       4.000      4.000
     MVS7                  2.605       0.467       1.000    9.39%       2.000      2.000      2.000
             554.000       0.965      -0.413       5.000    3.25%       3.000      4.000
     MVS8                  3.482      -0.467       1.000    2.17%       2.000      3.000      4.000
             554.000       0.983      -0.535       5.000   12.09%       4.000      4.000
     MVS9                  3.300      -0.214       1.000    3.07%       2.000      3.000      3.000
             554.000       1.037      -0.735       5.000   10.29%       4.000      4.000
     MVS13                 3.166      -0.172       1.000    3.61%       2.000      3.000      3.000
             554.000       1.084      -1.048       5.000    6.68%       4.000      4.000
     MVS14                 3.430      -0.350       1.000    2.89%       2.000      3.000      4.000
             554.000       1.155      -0.845       5.000   14.62%       4.000      4.000
     MVS15                 3.348      -0.362       1.000    4.51%       2.000      3.000      4.000
             554.000       1.209      -0.851       5.000   12.45%       4.000      4.000
     MVS4O                 3.081       0.105       1.000    1.81%       2.000      3.000      3.000
             554.000       0.981      -1.057       5.000    6.14%       3.000      4.000
     MVS5O                 3.287      -0.201       1.000    1.62%       2.000      3.000      3.000
             554.000       0.912      -0.811       5.000    7.40%       4.000      4.000
     MVS6O                 2.780       0.344       1.000    4.33%       2.000      2.000      3.000
             554.000       0.937      -0.916       5.000    2.71%       3.000      4.000
     MVS10O                2.962       0.064       1.000    3.43%       2.000      3.000      3.000
             554.000       0.939      -1.024       5.000    3.25%       3.000      4.000
     MVS11O                2.430       0.652       1.000   10.83%       2.000      2.000      2.000
             554.000       0.855      -0.191       5.000    1.44%       2.000      3.000
     MVS12O                3.146      -0.043       1.000    1.99%       2.000      3.000      3.000
             554.000       0.905      -0.873       5.000    5.60%       4.000      4.000
     MVS16O                3.655      -0.733       1.000    1.81%       3.000      4.000      4.000
             554.000       0.865       0.120       5.000   14.08%       4.000      4.000
     MVS17O                2.776       0.418       1.000    5.78%       2.000      2.000      2.500
             554.000       1.058      -0.772       5.000    5.05%       3.000      4.000
     MVS18O                3.269      -0.203       1.000    1.44%       2.000      3.000      3.000
             554.000       0.879      -0.831       5.000    6.32%       4.000      4.000


THE MODEL ESTIMATION TERMINATED NORMALLY



MODEL FIT INFORMATION

Number of Free Parameters                       58

Loglikelihood

          H0 Value                      -13056.464
          H1 Value                      -12930.493

Information Criteria

          Akaike (AIC)                   26228.928
          Bayesian (BIC)                 26479.323
          Sample-Size Adjusted BIC       26295.205
            (n* = (n + 2) / 24)

Chi-Square Test of Model Fit

          Value                            251.942
          Degrees of Freedom                   131
          P-Value                           0.0000

RMSEA (Root Mean Square Error Of Approximation)

          Estimate                           0.041
          90 Percent C.I.                    0.033  0.048
          Probability RMSEA <= .05           0.978

CFI/TLI

          CFI                                0.947
          TLI                                0.938

Chi-Square Test of Model Fit for the Baseline Model

          Value                           2440.337
          Degrees of Freedom                   153
          P-Value                           0.0000

SRMR (Standardized Root Mean Square Residual)

          Value                              0.040



MODEL RESULTS

                                                    Two-Tailed
                    Estimate       S.E.  Est./S.E.    P-Value

 SUC      BY
    MVS1               0.570      0.045     12.537      0.000
    MVS2               0.496      0.046     10.795      0.000
    MVS3               0.726      0.046     15.752      0.000
    MVS4O             -0.547      0.043    -12.746      0.000
    MVS5O             -0.384      0.043     -8.926      0.000
    MVS6O             -0.568      0.041    -13.687      0.000

 CEN      BY
    MVS7               0.412      0.046      9.023      0.000
    MVS8               0.555      0.044     12.647      0.000
    MVS9               0.655      0.044     14.790      0.000
    MVS10O            -0.522      0.043    -12.213      0.000
    MVS11O            -0.149      0.044     -3.366      0.001
    MVS12O            -0.569      0.042    -13.585      0.000

 HAP      BY
    MVS13              0.751      0.041     18.355      0.000
    MVS14              0.852      0.041     20.879      0.000
    MVS15              0.513      0.048     10.787      0.000
    MVS16O            -0.359      0.042     -8.587      0.000
    MVS17O            -0.653      0.043    -15.276      0.000
    MVS18O            -0.551      0.040    -13.870      0.000

 M        BY
    MVS1               0.194      0.011     16.953      0.000
    MVS2               0.194      0.011     16.953      0.000
    MVS3               0.194      0.011     16.953      0.000
    MVS4O              0.194      0.011     16.953      0.000
    MVS5O              0.194      0.011     16.953      0.000
    MVS6O              0.194      0.011     16.953      0.000
    MVS7               0.194      0.011     16.953      0.000
    MVS8               0.194      0.011     16.953      0.000
    MVS9               0.194      0.011     16.953      0.000
    MVS10O             0.194      0.011     16.953      0.000
    MVS11O             0.194      0.011     16.953      0.000
    MVS12O             0.194      0.011     16.953      0.000
    MVS13              0.194      0.011     16.953      0.000
    MVS14              0.194      0.011     16.953      0.000
    MVS15              0.194      0.011     16.953      0.000
    MVS16O             0.194      0.011     16.953      0.000
    MVS17O             0.194      0.011     16.953      0.000
    MVS18O             0.194      0.011     16.953      0.000

 SUC      WITH
    CEN                0.794      0.035     22.553      0.000
    HAP                0.712      0.035     20.420      0.000
    M                  0.000      0.000    999.000    999.000

 CEN      WITH
    HAP                0.612      0.041     14.992      0.000
    M                  0.000      0.000    999.000    999.000

 M        WITH
    HAP                0.000      0.000    999.000    999.000

 Intercepts
    MVS1               3.359      0.044     75.592      0.000
    MVS2               2.363      0.044     53.680      0.000
    MVS3               3.087      0.047     66.217      0.000
    MVS7               2.605      0.042     62.165      0.000
    MVS8               3.482      0.042     82.706      0.000
    MVS9               3.300      0.043     75.964      0.000
    MVS13              3.166      0.044     71.706      0.000
    MVS14              3.430      0.045     75.804      0.000
    MVS15              3.348      0.047     71.863      0.000
    MVS4O              3.081      0.042     73.483      0.000
    MVS5O              3.287      0.040     81.263      0.000
    MVS6O              2.780      0.041     67.788      0.000
    MVS10O             2.962      0.041     72.833      0.000
    MVS11O             2.430      0.039     61.820      0.000
    MVS12O             3.146      0.040     78.264      0.000
    MVS16O             3.655      0.040     91.442      0.000
    MVS17O             2.776      0.044     62.981      0.000
    MVS18O             3.269      0.040     81.740      0.000

 Variances
    SUC                1.000      0.000    999.000    999.000
    CEN                1.000      0.000    999.000    999.000
    HAP                1.000      0.000    999.000    999.000
    M                  1.000      0.000    999.000    999.000

 Residual Variances
    MVS1               0.731      0.051     14.460      0.000
    MVS2               0.790      0.052     15.039      0.000
    MVS3               0.639      0.050     12.833      0.000
    MVS7               0.766      0.050     15.174      0.000
    MVS8               0.637      0.046     13.911      0.000
    MVS9               0.579      0.046     12.648      0.000
    MVS13              0.478      0.038     12.589      0.000
    MVS14              0.371      0.037     10.091      0.000
    MVS15              0.902      0.058     15.519      0.000
    MVS4O              0.637      0.045     14.147      0.000
    MVS5O              0.722      0.047     15.343      0.000
    MVS6O              0.572      0.042     13.742      0.000
    MVS10O             0.606      0.044     13.820      0.000
    MVS11O             0.796      0.049     16.104      0.000
    MVS12O             0.534      0.041     12.895      0.000
    MVS16O             0.719      0.046     15.546      0.000
    MVS17O             0.613      0.045     13.716      0.000
    MVS18O             0.545      0.039     13.999      0.000


STANDARDIZED MODEL RESULTS


STDYX Standardization

                                                    Two-Tailed
                    Estimate       S.E.  Est./S.E.    P-Value

 SUC      BY
    MVS1               0.545      0.035     15.448      0.000
    MVS2               0.479      0.038     12.625      0.000
    MVS3               0.662      0.030     21.766      0.000
    MVS4O             -0.555      0.035    -15.766      0.000
    MVS5O             -0.403      0.041     -9.918      0.000
    MVS6O             -0.588      0.034    -17.481      0.000

 CEN      BY
    MVS7               0.417      0.041     10.064      0.000
    MVS8               0.560      0.036     15.610      0.000
    MVS9               0.640      0.033     19.609      0.000
    MVS10O            -0.546      0.037    -14.813      0.000
    MVS11O            -0.161      0.047     -3.417      0.001
    MVS12O            -0.602      0.035    -17.183      0.000

 HAP      BY
    MVS13              0.723      0.025     28.776      0.000
    MVS14              0.800      0.022     36.777      0.000
    MVS15              0.468      0.037     12.648      0.000
    MVS16O            -0.382      0.040     -9.463      0.000
    MVS17O            -0.629      0.030    -20.711      0.000
    MVS18O            -0.585      0.033    -17.846      0.000

 M        BY
    MVS1               0.185      0.012     15.518      0.000
    MVS2               0.187      0.012     15.486      0.000
    MVS3               0.177      0.011     15.476      0.000
    MVS4O              0.196      0.013     15.484      0.000
    MVS5O              0.204      0.013     15.523      0.000
    MVS6O              0.201      0.013     15.506      0.000
    MVS7               0.196      0.013     15.564      0.000
    MVS8               0.196      0.013     15.483      0.000
    MVS9               0.190      0.012     15.513      0.000
    MVS10O             0.202      0.013     15.384      0.000
    MVS11O             0.209      0.013     15.601      0.000
    MVS12O             0.205      0.013     15.488      0.000
    MVS13              0.186      0.012     15.412      0.000
    MVS14              0.182      0.012     15.290      0.000
    MVS15              0.177      0.011     15.388      0.000
    MVS16O             0.206      0.013     15.730      0.000
    MVS17O             0.187      0.012     15.602      0.000
    MVS18O             0.206      0.013     15.614      0.000

 SUC      WITH
    CEN                0.794      0.035     22.553      0.000
    HAP                0.712      0.035     20.420      0.000
    M                  0.000      0.000    999.000    999.000

 CEN      WITH
    HAP                0.612      0.041     14.992      0.000
    M                  0.000      0.000    999.000    999.000

 M        WITH
    HAP                0.000      0.000    999.000    999.000

 Intercepts
    MVS1               3.212      0.104     30.755      0.000
    MVS2               2.281      0.080     28.546      0.000
    MVS3               2.813      0.094     29.949      0.000
    MVS7               2.641      0.089     29.693      0.000
    MVS8               3.514      0.113     31.218      0.000
    MVS9               3.227      0.105     30.755      0.000
    MVS13              3.046      0.100     30.437      0.000
    MVS14              3.221      0.105     30.709      0.000
    MVS15              3.053      0.100     30.515      0.000
    MVS4O              3.122      0.102     30.652      0.000
    MVS5O              3.453      0.111     31.239      0.000
    MVS6O              2.880      0.095     30.180      0.000
    MVS10O             3.094      0.101     30.662      0.000
    MVS11O             2.626      0.088     29.747      0.000
    MVS12O             3.325      0.107     30.994      0.000
    MVS16O             3.885      0.123     31.700      0.000
    MVS17O             2.676      0.090     29.652      0.000
    MVS18O             3.473      0.112     31.140      0.000

 Variances
    SUC                1.000      0.000    999.000    999.000
    CEN                1.000      0.000    999.000    999.000
    HAP                1.000      0.000    999.000    999.000
    M                  1.000      0.000    999.000    999.000

 Residual Variances
    MVS1               0.668      0.038     17.597      0.000
    MVS2               0.736      0.036     20.480      0.000
    MVS3               0.531      0.040     13.416      0.000
    MVS7               0.787      0.034     22.944      0.000
    MVS8               0.648      0.040     16.380      0.000
    MVS9               0.554      0.041     13.445      0.000
    MVS13              0.443      0.035     12.502      0.000
    MVS14              0.327      0.034      9.616      0.000
    MVS15              0.750      0.034     22.005      0.000
    MVS4O              0.654      0.039     16.984      0.000
    MVS5O              0.796      0.033     24.467      0.000
    MVS6O              0.614      0.039     15.737      0.000
    MVS10O             0.661      0.040     16.607      0.000
    MVS11O             0.930      0.016     58.630      0.000
    MVS12O             0.596      0.042     14.339      0.000
    MVS16O             0.812      0.031     26.461      0.000
    MVS17O             0.569      0.038     15.116      0.000
    MVS18O             0.616      0.038     16.270      0.000


STDY Standardization

                                                    Two-Tailed
                    Estimate       S.E.  Est./S.E.    P-Value

 SUC      BY
    MVS1               0.545      0.035     15.448      0.000
    MVS2               0.479      0.038     12.625      0.000
    MVS3               0.662      0.030     21.766      0.000
    MVS4O             -0.555      0.035    -15.766      0.000
    MVS5O             -0.403      0.041     -9.918      0.000
    MVS6O             -0.588      0.034    -17.481      0.000

 CEN      BY
    MVS7               0.417      0.041     10.064      0.000
    MVS8               0.560      0.036     15.610      0.000
    MVS9               0.640      0.033     19.609      0.000
    MVS10O            -0.546      0.037    -14.813      0.000
    MVS11O            -0.161      0.047     -3.417      0.001
    MVS12O            -0.602      0.035    -17.183      0.000

 HAP      BY
    MVS13              0.723      0.025     28.776      0.000
    MVS14              0.800      0.022     36.777      0.000
    MVS15              0.468      0.037     12.648      0.000
    MVS16O            -0.382      0.040     -9.463      0.000
    MVS17O            -0.629      0.030    -20.711      0.000
    MVS18O            -0.585      0.033    -17.846      0.000

 M        BY
    MVS1               0.185      0.012     15.518      0.000
    MVS2               0.187      0.012     15.486      0.000
    MVS3               0.177      0.011     15.476      0.000
    MVS4O              0.196      0.013     15.484      0.000
    MVS5O              0.204      0.013     15.523      0.000
    MVS6O              0.201      0.013     15.506      0.000
    MVS7               0.196      0.013     15.564      0.000
    MVS8               0.196      0.013     15.483      0.000
    MVS9               0.190      0.012     15.513      0.000
    MVS10O             0.202      0.013     15.384      0.000
    MVS11O             0.209      0.013     15.601      0.000
    MVS12O             0.205      0.013     15.488      0.000
    MVS13              0.186      0.012     15.412      0.000
    MVS14              0.182      0.012     15.290      0.000
    MVS15              0.177      0.011     15.388      0.000
    MVS16O             0.206      0.013     15.730      0.000
    MVS17O             0.187      0.012     15.602      0.000
    MVS18O             0.206      0.013     15.614      0.000

 SUC      WITH
    CEN                0.794      0.035     22.553      0.000
    HAP                0.712      0.035     20.420      0.000
    M                  0.000      0.000    999.000    999.000

 CEN      WITH
    HAP                0.612      0.041     14.992      0.000
    M                  0.000      0.000    999.000    999.000

 M        WITH
    HAP                0.000      0.000    999.000    999.000

 Intercepts
    MVS1               3.212      0.104     30.755      0.000
    MVS2               2.281      0.080     28.546      0.000
    MVS3               2.813      0.094     29.949      0.000
    MVS7               2.641      0.089     29.693      0.000
    MVS8               3.514      0.113     31.218      0.000
    MVS9               3.227      0.105     30.755      0.000
    MVS13              3.046      0.100     30.437      0.000
    MVS14              3.221      0.105     30.709      0.000
    MVS15              3.053      0.100     30.515      0.000
    MVS4O              3.122      0.102     30.652      0.000
    MVS5O              3.453      0.111     31.239      0.000
    MVS6O              2.880      0.095     30.180      0.000
    MVS10O             3.094      0.101     30.662      0.000
    MVS11O             2.626      0.088     29.747      0.000
    MVS12O             3.325      0.107     30.994      0.000
    MVS16O             3.885      0.123     31.700      0.000
    MVS17O             2.676      0.090     29.652      0.000
    MVS18O             3.473      0.112     31.140      0.000

 Variances
    SUC                1.000      0.000    999.000    999.000
    CEN                1.000      0.000    999.000    999.000
    HAP                1.000      0.000    999.000    999.000
    M                  1.000      0.000    999.000    999.000

 Residual Variances
    MVS1               0.668      0.038     17.597      0.000
    MVS2               0.736      0.036     20.480      0.000
    MVS3               0.531      0.040     13.416      0.000
    MVS7               0.787      0.034     22.944      0.000
    MVS8               0.648      0.040     16.380      0.000
    MVS9               0.554      0.041     13.445      0.000
    MVS13              0.443      0.035     12.502      0.000
    MVS14              0.327      0.034      9.616      0.000
    MVS15              0.750      0.034     22.005      0.000
    MVS4O              0.654      0.039     16.984      0.000
    MVS5O              0.796      0.033     24.467      0.000
    MVS6O              0.614      0.039     15.737      0.000
    MVS10O             0.661      0.040     16.607      0.000
    MVS11O             0.930      0.016     58.630      0.000
    MVS12O             0.596      0.042     14.339      0.000
    MVS16O             0.812      0.031     26.461      0.000
    MVS17O             0.569      0.038     15.116      0.000
    MVS18O             0.616      0.038     16.270      0.000


STD Standardization

                                                    Two-Tailed
                    Estimate       S.E.  Est./S.E.    P-Value

 SUC      BY
    MVS1               0.570      0.045     12.537      0.000
    MVS2               0.496      0.046     10.795      0.000
    MVS3               0.726      0.046     15.752      0.000
    MVS4O             -0.547      0.043    -12.746      0.000
    MVS5O             -0.384      0.043     -8.926      0.000
    MVS6O             -0.568      0.041    -13.687      0.000

 CEN      BY
    MVS7               0.412      0.046      9.023      0.000
    MVS8               0.555      0.044     12.647      0.000
    MVS9               0.655      0.044     14.790      0.000
    MVS10O            -0.522      0.043    -12.213      0.000
    MVS11O            -0.149      0.044     -3.366      0.001
    MVS12O            -0.569      0.042    -13.585      0.000

 HAP      BY
    MVS13              0.751      0.041     18.355      0.000
    MVS14              0.852      0.041     20.879      0.000
    MVS15              0.513      0.048     10.787      0.000
    MVS16O            -0.359      0.042     -8.587      0.000
    MVS17O            -0.653      0.043    -15.276      0.000
    MVS18O            -0.551      0.040    -13.870      0.000

 M        BY
    MVS1               0.194      0.011     16.953      0.000
    MVS2               0.194      0.011     16.953      0.000
    MVS3               0.194      0.011     16.953      0.000
    MVS4O              0.194      0.011     16.953      0.000
    MVS5O              0.194      0.011     16.953      0.000
    MVS6O              0.194      0.011     16.953      0.000
    MVS7               0.194      0.011     16.953      0.000
    MVS8               0.194      0.011     16.953      0.000
    MVS9               0.194      0.011     16.953      0.000
    MVS10O             0.194      0.011     16.953      0.000
    MVS11O             0.194      0.011     16.953      0.000
    MVS12O             0.194      0.011     16.953      0.000
    MVS13              0.194      0.011     16.953      0.000
    MVS14              0.194      0.011     16.953      0.000
    MVS15              0.194      0.011     16.953      0.000
    MVS16O             0.194      0.011     16.953      0.000
    MVS17O             0.194      0.011     16.953      0.000
    MVS18O             0.194      0.011     16.953      0.000

 SUC      WITH
    CEN                0.794      0.035     22.553      0.000
    HAP                0.712      0.035     20.420      0.000
    M                  0.000      0.000    999.000    999.000

 CEN      WITH
    HAP                0.612      0.041     14.992      0.000
    M                  0.000      0.000    999.000    999.000

 M        WITH
    HAP                0.000      0.000    999.000    999.000

 Intercepts
    MVS1               3.359      0.044     75.592      0.000
    MVS2               2.363      0.044     53.680      0.000
    MVS3               3.087      0.047     66.217      0.000
    MVS7               2.605      0.042     62.165      0.000
    MVS8               3.482      0.042     82.706      0.000
    MVS9               3.300      0.043     75.964      0.000
    MVS13              3.166      0.044     71.706      0.000
    MVS14              3.430      0.045     75.804      0.000
    MVS15              3.348      0.047     71.863      0.000
    MVS4O              3.081      0.042     73.483      0.000
    MVS5O              3.287      0.040     81.263      0.000
    MVS6O              2.780      0.041     67.788      0.000
    MVS10O             2.962      0.041     72.833      0.000
    MVS11O             2.430      0.039     61.820      0.000
    MVS12O             3.146      0.040     78.264      0.000
    MVS16O             3.655      0.040     91.442      0.000
    MVS17O             2.776      0.044     62.981      0.000
    MVS18O             3.269      0.040     81.740      0.000

 Variances
    SUC                1.000      0.000    999.000    999.000
    CEN                1.000      0.000    999.000    999.000
    HAP                1.000      0.000    999.000    999.000
    M                  1.000      0.000    999.000    999.000

 Residual Variances
    MVS1               0.731      0.051     14.460      0.000
    MVS2               0.790      0.052     15.039      0.000
    MVS3               0.639      0.050     12.833      0.000
    MVS7               0.766      0.050     15.174      0.000
    MVS8               0.637      0.046     13.911      0.000
    MVS9               0.579      0.046     12.648      0.000
    MVS13              0.478      0.038     12.589      0.000
    MVS14              0.371      0.037     10.091      0.000
    MVS15              0.902      0.058     15.519      0.000
    MVS4O              0.637      0.045     14.147      0.000
    MVS5O              0.722      0.047     15.343      0.000
    MVS6O              0.572      0.042     13.742      0.000
    MVS10O             0.606      0.044     13.820      0.000
    MVS11O             0.796      0.049     16.104      0.000
    MVS12O             0.534      0.041     12.895      0.000
    MVS16O             0.719      0.046     15.546      0.000
    MVS17O             0.613      0.045     13.716      0.000
    MVS18O             0.545      0.039     13.999      0.000


R-SQUARE

    Observed                                        Two-Tailed
    Variable        Estimate       S.E.  Est./S.E.    P-Value

    MVS1               0.332      0.038      8.736      0.000
    MVS2               0.264      0.036      7.363      0.000
    MVS3               0.469      0.040     11.844      0.000
    MVS7               0.213      0.034      6.200      0.000
    MVS8               0.352      0.040      8.879      0.000
    MVS9               0.446      0.041     10.830      0.000
    MVS13              0.557      0.035     15.744      0.000
    MVS14              0.673      0.034     19.757      0.000
    MVS15              0.250      0.034      7.328      0.000
    MVS4O              0.346      0.039      8.988      0.000
    MVS5O              0.204      0.033      6.270      0.000
    MVS6O              0.386      0.039      9.905      0.000
    MVS10O             0.339      0.040      8.509      0.000
    MVS11O             0.070      0.016      4.396      0.000
    MVS12O             0.404      0.042      9.711      0.000
    MVS16O             0.188      0.031      6.139      0.000
    MVS17O             0.431      0.038     11.438      0.000
    MVS18O             0.384      0.038     10.163      0.000


QUALITY OF NUMERICAL RESULTS

     Condition Number for the Information Matrix              0.127E-03
       (ratio of smallest to largest eigenvalue)


CONFIDENCE INTERVALS OF MODEL RESULTS

                  Lower .5%  Lower 2.5%    Lower 5%    Estimate    Upper 5%  Upper 2.5%   Upper .5%

 SUC      BY
    MVS1             0.453       0.481       0.496       0.570       0.645       0.660       0.688
    MVS2             0.378       0.406       0.421       0.496       0.572       0.586       0.615
    MVS3             0.607       0.636       0.650       0.726       0.802       0.816       0.845
    MVS4O           -0.658      -0.631      -0.618      -0.547      -0.477      -0.463      -0.437
    MVS5O           -0.495      -0.468      -0.455      -0.384      -0.313      -0.300      -0.273
    MVS6O           -0.675      -0.649      -0.636      -0.568      -0.500      -0.486      -0.461

 CEN      BY
    MVS7             0.294       0.322       0.337       0.412       0.487       0.501       0.529
    MVS8             0.442       0.469       0.482       0.555       0.627       0.641       0.668
    MVS9             0.541       0.568       0.582       0.655       0.728       0.742       0.769
    MVS10O          -0.633      -0.606      -0.593      -0.522      -0.452      -0.439      -0.412
    MVS11O          -0.263      -0.235      -0.222      -0.149      -0.076      -0.062      -0.035
    MVS12O          -0.677      -0.651      -0.638      -0.569      -0.500      -0.487      -0.461

 HAP      BY
    MVS13            0.646       0.671       0.684       0.751       0.819       0.832       0.857
    MVS14            0.747       0.772       0.785       0.852       0.919       0.932       0.957
    MVS15            0.390       0.420       0.435       0.513       0.591       0.606       0.635
    MVS16O          -0.467      -0.441      -0.428      -0.359      -0.291      -0.277      -0.252
    MVS17O          -0.763      -0.737      -0.723      -0.653      -0.582      -0.569      -0.543
    MVS18O          -0.653      -0.628      -0.616      -0.551      -0.485      -0.473      -0.448

 M        BY
    MVS1             0.164       0.171       0.175       0.194       0.213       0.216       0.223
    MVS2             0.164       0.171       0.175       0.194       0.213       0.216       0.223
    MVS3             0.164       0.171       0.175       0.194       0.213       0.216       0.223
    MVS4O            0.164       0.171       0.175       0.194       0.213       0.216       0.223
    MVS5O            0.164       0.171       0.175       0.194       0.213       0.216       0.223
    MVS6O            0.164       0.171       0.175       0.194       0.213       0.216       0.223
    MVS7             0.164       0.171       0.175       0.194       0.213       0.216       0.223
    MVS8             0.164       0.171       0.175       0.194       0.213       0.216       0.223
    MVS9             0.164       0.171       0.175       0.194       0.213       0.216       0.223
    MVS10O           0.164       0.171       0.175       0.194       0.213       0.216       0.223
    MVS11O           0.164       0.171       0.175       0.194       0.213       0.216       0.223
    MVS12O           0.164       0.171       0.175       0.194       0.213       0.216       0.223
    MVS13            0.164       0.171       0.175       0.194       0.213       0.216       0.223
    MVS14            0.164       0.171       0.175       0.194       0.213       0.216       0.223
    MVS15            0.164       0.171       0.175       0.194       0.213       0.216       0.223
    MVS16O           0.164       0.171       0.175       0.194       0.213       0.216       0.223
    MVS17O           0.164       0.171       0.175       0.194       0.213       0.216       0.223
    MVS18O           0.164       0.171       0.175       0.194       0.213       0.216       0.223

 SUC      WITH
    CEN              0.704       0.725       0.736       0.794       0.852       0.863       0.885
    HAP              0.622       0.643       0.654       0.712       0.769       0.780       0.801
    M                0.000       0.000       0.000       0.000       0.000       0.000       0.000

 CEN      WITH
    HAP              0.507       0.532       0.545       0.612       0.679       0.692       0.717
    M                0.000       0.000       0.000       0.000       0.000       0.000       0.000

 M        WITH
    HAP              0.000       0.000       0.000       0.000       0.000       0.000       0.000

 Intercepts
    MVS1             3.245       3.272       3.286       3.359       3.432       3.446       3.474
    MVS2             2.249       2.277       2.290       2.363       2.435       2.449       2.476
    MVS3             2.967       2.995       3.010       3.087       3.163       3.178       3.207
    MVS7             2.497       2.523       2.536       2.605       2.674       2.687       2.713
    MVS8             3.374       3.399       3.413       3.482       3.551       3.564       3.590
    MVS9             3.188       3.215       3.228       3.300       3.371       3.385       3.412
    MVS13            3.052       3.080       3.093       3.166       3.239       3.253       3.280
    MVS14            3.313       3.341       3.355       3.430       3.504       3.518       3.546
    MVS15            3.228       3.257       3.272       3.348       3.425       3.440       3.468
    MVS4O            2.973       2.999       3.012       3.081       3.150       3.163       3.189
    MVS5O            3.183       3.208       3.220       3.287       3.354       3.366       3.391
    MVS6O            2.674       2.699       2.712       2.780       2.847       2.860       2.885
    MVS10O           2.857       2.882       2.895       2.962       3.029       3.042       3.067
    MVS11O           2.328       2.353       2.365       2.430       2.494       2.507       2.531
    MVS12O           3.043       3.067       3.080       3.146       3.212       3.225       3.250
    MVS16O           3.552       3.577       3.589       3.655       3.721       3.734       3.758
    MVS17O           2.663       2.690       2.704       2.776       2.849       2.863       2.890
    MVS18O           3.166       3.191       3.203       3.269       3.335       3.347       3.372

 Variances
    SUC              1.000       1.000       1.000       1.000       1.000       1.000       1.000
    CEN              1.000       1.000       1.000       1.000       1.000       1.000       1.000
    HAP              1.000       1.000       1.000       1.000       1.000       1.000       1.000
    M                1.000       1.000       1.000       1.000       1.000       1.000       1.000

 Residual Variances
    MVS1             0.601       0.632       0.648       0.731       0.814       0.830       0.861
    MVS2             0.654       0.687       0.703       0.790       0.876       0.892       0.925
    MVS3             0.511       0.542       0.557       0.639       0.721       0.737       0.768
    MVS7             0.636       0.667       0.683       0.766       0.849       0.865       0.896
    MVS8             0.519       0.547       0.561       0.637       0.712       0.726       0.755
    MVS9             0.461       0.489       0.504       0.579       0.654       0.669       0.697
    MVS13            0.380       0.404       0.416       0.478       0.541       0.552       0.576
    MVS14            0.276       0.299       0.311       0.371       0.432       0.443       0.466
    MVS15            0.752       0.788       0.807       0.902       0.998       1.016       1.052
    MVS4O            0.521       0.549       0.563       0.637       0.711       0.725       0.753
    MVS5O            0.600       0.629       0.644       0.722       0.799       0.814       0.843
    MVS6O            0.465       0.490       0.503       0.572       0.640       0.653       0.679
    MVS10O           0.493       0.520       0.534       0.606       0.678       0.692       0.719
    MVS11O           0.669       0.699       0.715       0.796       0.877       0.893       0.923
    MVS12O           0.427       0.453       0.466       0.534       0.602       0.615       0.640
    MVS16O           0.599       0.628       0.642       0.719       0.795       0.809       0.838
    MVS17O           0.498       0.525       0.539       0.613       0.686       0.700       0.728
    MVS18O           0.445       0.469       0.481       0.545       0.609       0.622       0.646


CONFIDENCE INTERVALS OF STANDARDIZED MODEL RESULTS


STDYX Standardization

                  Lower .5%  Lower 2.5%    Lower 5%    Estimate    Upper 5%  Upper 2.5%   Upper .5%

 SUC      BY
    MVS1             0.454       0.476       0.487       0.545       0.603       0.615       0.636
    MVS2             0.381       0.405       0.417       0.479       0.541       0.553       0.577
    MVS3             0.583       0.602       0.612       0.662       0.712       0.721       0.740
    MVS4O           -0.645      -0.623      -0.612      -0.555      -0.497      -0.486      -0.464
    MVS5O           -0.508      -0.483      -0.470      -0.403      -0.336      -0.324      -0.298
    MVS6O           -0.675      -0.654      -0.644      -0.588      -0.533      -0.522      -0.502

 CEN      BY
    MVS7             0.310       0.336       0.349       0.417       0.485       0.499       0.524
    MVS8             0.467       0.489       0.501       0.560       0.619       0.630       0.652
    MVS9             0.556       0.576       0.587       0.640       0.694       0.705       0.725
    MVS10O          -0.641      -0.618      -0.606      -0.546      -0.485      -0.474      -0.451
    MVS11O          -0.282      -0.253      -0.238      -0.161      -0.083      -0.069      -0.040
    MVS12O          -0.692      -0.670      -0.659      -0.602      -0.544      -0.533      -0.511

 HAP      BY
    MVS13            0.658       0.674       0.682       0.723       0.764       0.772       0.788
    MVS14            0.744       0.757       0.764       0.800       0.835       0.842       0.856
    MVS15            0.372       0.395       0.407       0.468       0.528       0.540       0.563
    MVS16O          -0.486      -0.461      -0.448      -0.382      -0.316      -0.303      -0.278
    MVS17O          -0.707      -0.689      -0.679      -0.629      -0.579      -0.570      -0.551
    MVS18O          -0.669      -0.649      -0.639      -0.585      -0.531      -0.521      -0.500

 M        BY
    MVS1             0.154       0.162       0.166       0.185       0.205       0.209       0.216
    MVS2             0.156       0.163       0.167       0.187       0.207       0.211       0.218
    MVS3             0.147       0.154       0.158       0.177       0.195       0.199       0.206
    MVS4O            0.164       0.171       0.175       0.196       0.217       0.221       0.229
    MVS5O            0.170       0.178       0.182       0.204       0.225       0.229       0.237
    MVS6O            0.167       0.175       0.179       0.201       0.222       0.226       0.234
    MVS7             0.164       0.172       0.176       0.196       0.217       0.221       0.229
    MVS8             0.163       0.171       0.175       0.196       0.216       0.220       0.228
    MVS9             0.158       0.166       0.169       0.190       0.210       0.213       0.221
    MVS10O           0.169       0.177       0.181       0.202       0.224       0.228       0.236
    MVS11O           0.175       0.183       0.187       0.209       0.232       0.236       0.244
    MVS12O           0.171       0.179       0.183       0.205       0.227       0.231       0.239
    MVS13            0.155       0.163       0.167       0.186       0.206       0.210       0.218
    MVS14            0.151       0.159       0.162       0.182       0.202       0.205       0.213
    MVS15            0.147       0.154       0.158       0.177       0.196       0.199       0.206
    MVS16O           0.172       0.180       0.184       0.206       0.227       0.232       0.240
    MVS17O           0.156       0.163       0.167       0.187       0.206       0.210       0.218
    MVS18O           0.172       0.180       0.184       0.206       0.228       0.232       0.240

 SUC      WITH
    CEN              0.704       0.725       0.736       0.794       0.852       0.863       0.885
    HAP              0.622       0.643       0.654       0.712       0.769       0.780       0.801
    M                0.000       0.000       0.000       0.000       0.000       0.000       0.000

 CEN      WITH
    HAP              0.507       0.532       0.545       0.612       0.679       0.692       0.717
    M                0.000       0.000       0.000       0.000       0.000       0.000       0.000

 M        WITH
    HAP              0.000       0.000       0.000       0.000       0.000       0.000       0.000

 Intercepts
    MVS1             2.943       3.007       3.040       3.212       3.383       3.416       3.481
    MVS2             2.075       2.124       2.149       2.281       2.412       2.437       2.486
    MVS3             2.571       2.629       2.659       2.813       2.968       2.997       3.055
    MVS7             2.412       2.467       2.495       2.641       2.787       2.815       2.870
    MVS8             3.224       3.293       3.329       3.514       3.699       3.734       3.804
    MVS9             2.957       3.022       3.055       3.227       3.400       3.433       3.498
    MVS13            2.789       2.850       2.882       3.046       3.211       3.243       3.304
    MVS14            2.950       3.015       3.048       3.221       3.393       3.426       3.491
    MVS15            2.795       2.857       2.889       3.053       3.218       3.249       3.311
    MVS4O            2.860       2.922       2.954       3.122       3.290       3.322       3.384
    MVS5O            3.168       3.236       3.271       3.453       3.634       3.669       3.737
    MVS6O            2.634       2.693       2.723       2.880       3.037       3.067       3.126
    MVS10O           2.834       2.897       2.928       3.094       3.260       3.292       3.354
    MVS11O           2.399       2.453       2.481       2.626       2.772       2.800       2.854
    MVS12O           3.049       3.115       3.149       3.325       3.502       3.535       3.601
    MVS16O           3.569       3.645       3.683       3.885       4.087       4.125       4.201
    MVS17O           2.443       2.499       2.527       2.676       2.824       2.853       2.908
    MVS18O           3.186       3.254       3.289       3.473       3.656       3.691       3.760

 Variances
    SUC              1.000       1.000       1.000       1.000       1.000       1.000       1.000
    CEN              1.000       1.000       1.000       1.000       1.000       1.000       1.000
    HAP              1.000       1.000       1.000       1.000       1.000       1.000       1.000
    M                1.000       1.000       1.000       1.000       1.000       1.000       1.000

 Residual Variances
    MVS1             0.570       0.594       0.606       0.668       0.731       0.743       0.766
    MVS2             0.643       0.665       0.676       0.736       0.795       0.806       0.828
    MVS3             0.429       0.454       0.466       0.531       0.596       0.609       0.633
    MVS7             0.699       0.720       0.731       0.787       0.844       0.855       0.876
    MVS8             0.547       0.571       0.583       0.648       0.714       0.726       0.750
    MVS9             0.448       0.473       0.486       0.554       0.622       0.635       0.660
    MVS13            0.351       0.373       0.384       0.443       0.501       0.512       0.534
    MVS14            0.240       0.261       0.271       0.327       0.383       0.394       0.415
    MVS15            0.662       0.683       0.694       0.750       0.806       0.817       0.838
    MVS4O            0.555       0.578       0.591       0.654       0.717       0.729       0.753
    MVS5O            0.712       0.732       0.742       0.796       0.850       0.860       0.880
    MVS6O            0.513       0.537       0.550       0.614       0.678       0.690       0.714
    MVS10O           0.559       0.583       0.596       0.661       0.727       0.739       0.764
    MVS11O           0.889       0.899       0.904       0.930       0.956       0.961       0.971
    MVS12O           0.489       0.515       0.528       0.596       0.665       0.678       0.703
    MVS16O           0.733       0.752       0.761       0.812       0.862       0.872       0.891
    MVS17O           0.472       0.495       0.507       0.569       0.631       0.643       0.666
    MVS18O           0.518       0.541       0.553       0.616       0.678       0.690       0.713


STDY Standardization

                  Lower .5%  Lower 2.5%    Lower 5%    Estimate    Upper 5%  Upper 2.5%   Upper .5%

 SUC      BY
    MVS1             0.454       0.476       0.487       0.545       0.603       0.615       0.636
    MVS2             0.381       0.405       0.417       0.479       0.541       0.553       0.577
    MVS3             0.583       0.602       0.612       0.662       0.712       0.721       0.740
    MVS4O           -0.645      -0.623      -0.612      -0.555      -0.497      -0.486      -0.464
    MVS5O           -0.508      -0.483      -0.470      -0.403      -0.336      -0.324      -0.298
    MVS6O           -0.675      -0.654      -0.644      -0.588      -0.533      -0.522      -0.502

 CEN      BY
    MVS7             0.310       0.336       0.349       0.417       0.485       0.499       0.524
    MVS8             0.467       0.489       0.501       0.560       0.619       0.630       0.652
    MVS9             0.556       0.576       0.587       0.640       0.694       0.705       0.725
    MVS10O          -0.641      -0.618      -0.606      -0.546      -0.485      -0.474      -0.451
    MVS11O          -0.282      -0.253      -0.238      -0.161      -0.083      -0.069      -0.040
    MVS12O          -0.692      -0.670      -0.659      -0.602      -0.544      -0.533      -0.511

 HAP      BY
    MVS13            0.658       0.674       0.682       0.723       0.764       0.772       0.788
    MVS14            0.744       0.757       0.764       0.800       0.835       0.842       0.856
    MVS15            0.372       0.395       0.407       0.468       0.528       0.540       0.563
    MVS16O          -0.486      -0.461      -0.448      -0.382      -0.316      -0.303      -0.278
    MVS17O          -0.707      -0.689      -0.679      -0.629      -0.579      -0.570      -0.551
    MVS18O          -0.669      -0.649      -0.639      -0.585      -0.531      -0.521      -0.500

 M        BY
    MVS1             0.154       0.162       0.166       0.185       0.205       0.209       0.216
    MVS2             0.156       0.163       0.167       0.187       0.207       0.211       0.218
    MVS3             0.147       0.154       0.158       0.177       0.195       0.199       0.206
    MVS4O            0.164       0.171       0.175       0.196       0.217       0.221       0.229
    MVS5O            0.170       0.178       0.182       0.204       0.225       0.229       0.237
    MVS6O            0.167       0.175       0.179       0.201       0.222       0.226       0.234
    MVS7             0.164       0.172       0.176       0.196       0.217       0.221       0.229
    MVS8             0.163       0.171       0.175       0.196       0.216       0.220       0.228
    MVS9             0.158       0.166       0.169       0.190       0.210       0.213       0.221
    MVS10O           0.169       0.177       0.181       0.202       0.224       0.228       0.236
    MVS11O           0.175       0.183       0.187       0.209       0.232       0.236       0.244
    MVS12O           0.171       0.179       0.183       0.205       0.227       0.231       0.239
    MVS13            0.155       0.163       0.167       0.186       0.206       0.210       0.218
    MVS14            0.151       0.159       0.162       0.182       0.202       0.205       0.213
    MVS15            0.147       0.154       0.158       0.177       0.196       0.199       0.206
    MVS16O           0.172       0.180       0.184       0.206       0.227       0.232       0.240
    MVS17O           0.156       0.163       0.167       0.187       0.206       0.210       0.218
    MVS18O           0.172       0.180       0.184       0.206       0.228       0.232       0.240

 SUC      WITH
    CEN              0.704       0.725       0.736       0.794       0.852       0.863       0.885
    HAP              0.622       0.643       0.654       0.712       0.769       0.780       0.801
    M                0.000       0.000       0.000       0.000       0.000       0.000       0.000

 CEN      WITH
    HAP              0.507       0.532       0.545       0.612       0.679       0.692       0.717
    M                0.000       0.000       0.000       0.000       0.000       0.000       0.000

 M        WITH
    HAP              0.000       0.000       0.000       0.000       0.000       0.000       0.000

 Intercepts
    MVS1             2.943       3.007       3.040       3.212       3.383       3.416       3.481
    MVS2             2.075       2.124       2.149       2.281       2.412       2.437       2.486
    MVS3             2.571       2.629       2.659       2.813       2.968       2.997       3.055
    MVS7             2.412       2.467       2.495       2.641       2.787       2.815       2.870
    MVS8             3.224       3.293       3.329       3.514       3.699       3.734       3.804
    MVS9             2.957       3.022       3.055       3.227       3.400       3.433       3.498
    MVS13            2.789       2.850       2.882       3.046       3.211       3.243       3.304
    MVS14            2.950       3.015       3.048       3.221       3.393       3.426       3.491
    MVS15            2.795       2.857       2.889       3.053       3.218       3.249       3.311
    MVS4O            2.860       2.922       2.954       3.122       3.290       3.322       3.384
    MVS5O            3.168       3.236       3.271       3.453       3.634       3.669       3.737
    MVS6O            2.634       2.693       2.723       2.880       3.037       3.067       3.126
    MVS10O           2.834       2.897       2.928       3.094       3.260       3.292       3.354
    MVS11O           2.399       2.453       2.481       2.626       2.772       2.800       2.854
    MVS12O           3.049       3.115       3.149       3.325       3.502       3.535       3.601
    MVS16O           3.569       3.645       3.683       3.885       4.087       4.125       4.201
    MVS17O           2.443       2.499       2.527       2.676       2.824       2.853       2.908
    MVS18O           3.186       3.254       3.289       3.473       3.656       3.691       3.760

 Variances
    SUC              1.000       1.000       1.000       1.000       1.000       1.000       1.000
    CEN              1.000       1.000       1.000       1.000       1.000       1.000       1.000
    HAP              1.000       1.000       1.000       1.000       1.000       1.000       1.000
    M                1.000       1.000       1.000       1.000       1.000       1.000       1.000

 Residual Variances
    MVS1             0.570       0.594       0.606       0.668       0.731       0.743       0.766
    MVS2             0.643       0.665       0.676       0.736       0.795       0.806       0.828
    MVS3             0.429       0.454       0.466       0.531       0.596       0.609       0.633
    MVS7             0.699       0.720       0.731       0.787       0.844       0.855       0.876
    MVS8             0.547       0.571       0.583       0.648       0.714       0.726       0.750
    MVS9             0.448       0.473       0.486       0.554       0.622       0.635       0.660
    MVS13            0.351       0.373       0.384       0.443       0.501       0.512       0.534
    MVS14            0.240       0.261       0.271       0.327       0.383       0.394       0.415
    MVS15            0.662       0.683       0.694       0.750       0.806       0.817       0.838
    MVS4O            0.555       0.578       0.591       0.654       0.717       0.729       0.753
    MVS5O            0.712       0.732       0.742       0.796       0.850       0.860       0.880
    MVS6O            0.513       0.537       0.550       0.614       0.678       0.690       0.714
    MVS10O           0.559       0.583       0.596       0.661       0.727       0.739       0.764
    MVS11O           0.889       0.899       0.904       0.930       0.956       0.961       0.971
    MVS12O           0.489       0.515       0.528       0.596       0.665       0.678       0.703
    MVS16O           0.733       0.752       0.761       0.812       0.862       0.872       0.891
    MVS17O           0.472       0.495       0.507       0.569       0.631       0.643       0.666
    MVS18O           0.518       0.541       0.553       0.616       0.678       0.690       0.713


STD Standardization

                  Lower .5%  Lower 2.5%    Lower 5%    Estimate    Upper 5%  Upper 2.5%   Upper .5%

 SUC      BY
    MVS1             0.453       0.481       0.496       0.570       0.645       0.660       0.688
    MVS2             0.378       0.406       0.421       0.496       0.572       0.586       0.615
    MVS3             0.607       0.636       0.650       0.726       0.802       0.816       0.845
    MVS4O           -0.658      -0.631      -0.618      -0.547      -0.477      -0.463      -0.437
    MVS5O           -0.495      -0.468      -0.455      -0.384      -0.313      -0.300      -0.273
    MVS6O           -0.675      -0.649      -0.636      -0.568      -0.500      -0.486      -0.461

 CEN      BY
    MVS7             0.294       0.322       0.337       0.412       0.487       0.501       0.529
    MVS8             0.442       0.469       0.482       0.555       0.627       0.641       0.668
    MVS9             0.541       0.568       0.582       0.655       0.728       0.742       0.769
    MVS10O          -0.633      -0.606      -0.593      -0.522      -0.452      -0.439      -0.412
    MVS11O          -0.263      -0.235      -0.222      -0.149      -0.076      -0.062      -0.035
    MVS12O          -0.677      -0.651      -0.638      -0.569      -0.500      -0.487      -0.461

 HAP      BY
    MVS13            0.646       0.671       0.684       0.751       0.819       0.832       0.857
    MVS14            0.747       0.772       0.785       0.852       0.919       0.932       0.957
    MVS15            0.390       0.420       0.435       0.513       0.591       0.606       0.635
    MVS16O          -0.467      -0.441      -0.428      -0.359      -0.291      -0.277      -0.252
    MVS17O          -0.763      -0.737      -0.723      -0.653      -0.582      -0.569      -0.543
    MVS18O          -0.653      -0.628      -0.616      -0.551      -0.485      -0.473      -0.448

 M        BY
    MVS1             0.164       0.171       0.175       0.194       0.213       0.216       0.223
    MVS2             0.164       0.171       0.175       0.194       0.213       0.216       0.223
    MVS3             0.164       0.171       0.175       0.194       0.213       0.216       0.223
    MVS4O            0.164       0.171       0.175       0.194       0.213       0.216       0.223
    MVS5O            0.164       0.171       0.175       0.194       0.213       0.216       0.223
    MVS6O            0.164       0.171       0.175       0.194       0.213       0.216       0.223
    MVS7             0.164       0.171       0.175       0.194       0.213       0.216       0.223
    MVS8             0.164       0.171       0.175       0.194       0.213       0.216       0.223
    MVS9             0.164       0.171       0.175       0.194       0.213       0.216       0.223
    MVS10O           0.164       0.171       0.175       0.194       0.213       0.216       0.223
    MVS11O           0.164       0.171       0.175       0.194       0.213       0.216       0.223
    MVS12O           0.164       0.171       0.175       0.194       0.213       0.216       0.223
    MVS13            0.164       0.171       0.175       0.194       0.213       0.216       0.223
    MVS14            0.164       0.171       0.175       0.194       0.213       0.216       0.223
    MVS15            0.164       0.171       0.175       0.194       0.213       0.216       0.223
    MVS16O           0.164       0.171       0.175       0.194       0.213       0.216       0.223
    MVS17O           0.164       0.171       0.175       0.194       0.213       0.216       0.223
    MVS18O           0.164       0.171       0.175       0.194       0.213       0.216       0.223

 SUC      WITH
    CEN              0.704       0.725       0.736       0.794       0.852       0.863       0.885
    HAP              0.622       0.643       0.654       0.712       0.769       0.780       0.801
    M                0.000       0.000       0.000       0.000       0.000       0.000       0.000

 CEN      WITH
    HAP              0.507       0.532       0.545       0.612       0.679       0.692       0.717
    M                0.000       0.000       0.000       0.000       0.000       0.000       0.000

 M        WITH
    HAP              0.000       0.000       0.000       0.000       0.000       0.000       0.000

 Intercepts
    MVS1             3.245       3.272       3.286       3.359       3.432       3.446       3.474
    MVS2             2.249       2.277       2.290       2.363       2.435       2.449       2.476
    MVS3             2.967       2.995       3.010       3.087       3.163       3.178       3.207
    MVS7             2.497       2.523       2.536       2.605       2.674       2.687       2.713
    MVS8             3.374       3.399       3.413       3.482       3.551       3.564       3.590
    MVS9             3.188       3.215       3.228       3.300       3.371       3.385       3.412
    MVS13            3.052       3.080       3.093       3.166       3.239       3.253       3.280
    MVS14            3.313       3.341       3.355       3.430       3.504       3.518       3.546
    MVS15            3.228       3.257       3.272       3.348       3.425       3.440       3.468
    MVS4O            2.973       2.999       3.012       3.081       3.150       3.163       3.189
    MVS5O            3.183       3.208       3.220       3.287       3.354       3.366       3.391
    MVS6O            2.674       2.699       2.712       2.780       2.847       2.860       2.885
    MVS10O           2.857       2.882       2.895       2.962       3.029       3.042       3.067
    MVS11O           2.328       2.353       2.365       2.430       2.494       2.507       2.531
    MVS12O           3.043       3.067       3.080       3.146       3.212       3.225       3.250
    MVS16O           3.552       3.577       3.589       3.655       3.721       3.734       3.758
    MVS17O           2.663       2.690       2.704       2.776       2.849       2.863       2.890
    MVS18O           3.166       3.191       3.203       3.269       3.335       3.347       3.372

 Variances
    SUC              1.000       1.000       1.000       1.000       1.000       1.000       1.000
    CEN              1.000       1.000       1.000       1.000       1.000       1.000       1.000
    HAP              1.000       1.000       1.000       1.000       1.000       1.000       1.000
    M                1.000       1.000       1.000       1.000       1.000       1.000       1.000

 Residual Variances
    MVS1             0.601       0.632       0.648       0.731       0.814       0.830       0.861
    MVS2             0.654       0.687       0.703       0.790       0.876       0.892       0.925
    MVS3             0.511       0.542       0.557       0.639       0.721       0.737       0.768
    MVS7             0.636       0.667       0.683       0.766       0.849       0.865       0.896
    MVS8             0.519       0.547       0.561       0.637       0.712       0.726       0.755
    MVS9             0.461       0.489       0.504       0.579       0.654       0.669       0.697
    MVS13            0.380       0.404       0.416       0.478       0.541       0.552       0.576
    MVS14            0.276       0.299       0.311       0.371       0.432       0.443       0.466
    MVS15            0.752       0.788       0.807       0.902       0.998       1.016       1.052
    MVS4O            0.521       0.549       0.563       0.637       0.711       0.725       0.753
    MVS5O            0.600       0.629       0.644       0.722       0.799       0.814       0.843
    MVS6O            0.465       0.490       0.503       0.572       0.640       0.653       0.679
    MVS10O           0.493       0.520       0.534       0.606       0.678       0.692       0.719
    MVS11O           0.669       0.699       0.715       0.796       0.877       0.893       0.923
    MVS12O           0.427       0.453       0.466       0.534       0.602       0.615       0.640
    MVS16O           0.599       0.628       0.642       0.719       0.795       0.809       0.838
    MVS17O           0.498       0.525       0.539       0.613       0.686       0.700       0.728
    MVS18O           0.445       0.469       0.481       0.545       0.609       0.622       0.646


MODEL COMMAND WITH FINAL ESTIMATES USED AS STARTING VALUES

     suc BY mvs1*0.57045 (l1);
     suc BY mvs2*0.49631 (l2);
     suc BY mvs3*0.72587 (l3);
     suc BY mvs4o*-0.54731 (l4);
     suc BY mvs5o*-0.38386 (l5);
     suc BY mvs6o*-0.56774 (l6);
     cen BY mvs7*0.41153 (l7);
     cen BY mvs8*0.55463 (l8);
     cen BY mvs9*0.65483 (l9);
     cen BY mvs10o*-0.52240 (l10);
     cen BY mvs11o*-0.14881 (l11);
     cen BY mvs12o*-0.56918 (l12);
     hap BY mvs13*0.75130 (l13);
     hap BY mvs14*0.85160 (l14);
     hap BY mvs15*0.51277 (l15);
     hap BY mvs16o*-0.35937 (l16);
     hap BY mvs17o*-0.65278 (l17);
     hap BY mvs18o*-0.55056 (l18);
     m BY mvs1*0.19376 (m);
     m BY mvs2*0.19376 (m);
     m BY mvs3*0.19376 (m);
     m BY mvs4o*0.19376 (m);
     m BY mvs5o*0.19376 (m);
     m BY mvs6o*0.19376 (m);
     m BY mvs7*0.19376 (m);
     m BY mvs8*0.19376 (m);
     m BY mvs9*0.19376 (m);
     m BY mvs10o*0.19376 (m);
     m BY mvs11o*0.19376 (m);
     m BY mvs12o*0.19376 (m);
     m BY mvs13*0.19376 (m);
     m BY mvs14*0.19376 (m);
     m BY mvs15*0.19376 (m);
     m BY mvs16o*0.19376 (m);
     m BY mvs17o*0.19376 (m);
     m BY mvs18o*0.19376 (m);

     suc WITH cen*0.79439;
     suc WITH hap*0.71150;
     suc WITH m@0;
     cen WITH hap*0.61225;
     cen WITH m@0;
     m WITH hap@0;

     [ mvs1*3.35921 ];
     [ mvs2*2.36282 ];
     [ mvs3*3.08664 ];
     [ mvs7*2.60469 ];
     [ mvs8*3.48195 ];
     [ mvs9*3.29964 ];
     [ mvs13*3.16606 ];
     [ mvs14*3.42960 ];
     [ mvs15*3.34838 ];
     [ mvs4o*3.08123 ];
     [ mvs5o*3.28700 ];
     [ mvs6o*2.77978 ];
     [ mvs10o*2.96209 ];
     [ mvs11o*2.42960 ];
     [ mvs12o*3.14621 ];
     [ mvs16o*3.65523 ];
     [ mvs17o*2.77617 ];
     [ mvs18o*3.26895 ];

     mvs1*0.73109 (ev1);
     mvs2*0.78951 (ev2);
     mvs3*0.63933 (ev3);
     mvs7*0.76568 (ev7);
     mvs8*0.63677 (ev8);
     mvs9*0.57893 (ev9);
     mvs13*0.47805 (ev13);
     mvs14*0.37124 (ev14);
     mvs15*0.90225 (ev15);
     mvs4o*0.63697 (ev4);
     mvs5o*0.72152 (ev5);
     mvs6o*0.57174 (ev6);
     mvs10o*0.60589 (ev10);
     mvs11o*0.79603 (ev11);
     mvs12o*0.53377 (ev12);
     mvs16o*0.71852 (ev16);
     mvs17o*0.61275 (ev17);
     mvs18o*0.54539 (ev18);
     suc@1;
     cen@1;
     hap@1;
     m@1;



TECHNICAL 1 OUTPUT


     PARAMETER SPECIFICATION


           NU
              MVS1          MVS2          MVS3          MVS7          MVS8
              ________      ________      ________      ________      ________
                  1             2             3             4             5


           NU
              MVS9          MVS13         MVS14         MVS15         MVS4O
              ________      ________      ________      ________      ________
                  6             7             8             9            10


           NU
              MVS5O         MVS6O         MVS10O        MVS11O        MVS12O
              ________      ________      ________      ________      ________
                 11            12            13            14            15


           NU
              MVS16O        MVS17O        MVS18O
              ________      ________      ________
                 16            17            18


           LAMBDA
              SUC           CEN           HAP           M
              ________      ________      ________      ________
 MVS1              19             0             0            20
 MVS2              21             0             0            20
 MVS3              22             0             0            20
 MVS7               0            23             0            20
 MVS8               0            24             0            20
 MVS9               0            25             0            20
 MVS13              0             0            26            20
 MVS14              0             0            27            20
 MVS15              0             0            28            20
 MVS4O             29             0             0            20
 MVS5O             30             0             0            20
 MVS6O             31             0             0            20
 MVS10O             0            32             0            20
 MVS11O             0            33             0            20
 MVS12O             0            34             0            20
 MVS16O             0             0            35            20
 MVS17O             0             0            36            20
 MVS18O             0             0            37            20


           THETA
              MVS1          MVS2          MVS3          MVS7          MVS8
              ________      ________      ________      ________      ________
 MVS1              38
 MVS2               0            39
 MVS3               0             0            40
 MVS7               0             0             0            41
 MVS8               0             0             0             0            42
 MVS9               0             0             0             0             0
 MVS13              0             0             0             0             0
 MVS14              0             0             0             0             0
 MVS15              0             0             0             0             0
 MVS4O              0             0             0             0             0
 MVS5O              0             0             0             0             0
 MVS6O              0             0             0             0             0
 MVS10O             0             0             0             0             0
 MVS11O             0             0             0             0             0
 MVS12O             0             0             0             0             0
 MVS16O             0             0             0             0             0
 MVS17O             0             0             0             0             0
 MVS18O             0             0             0             0             0


           THETA
              MVS9          MVS13         MVS14         MVS15         MVS4O
              ________      ________      ________      ________      ________
 MVS9              43
 MVS13              0            44
 MVS14              0             0            45
 MVS15              0             0             0            46
 MVS4O              0             0             0             0            47
 MVS5O              0             0             0             0             0
 MVS6O              0             0             0             0             0
 MVS10O             0             0             0             0             0
 MVS11O             0             0             0             0             0
 MVS12O             0             0             0             0             0
 MVS16O             0             0             0             0             0
 MVS17O             0             0             0             0             0
 MVS18O             0             0             0             0             0


           THETA
              MVS5O         MVS6O         MVS10O        MVS11O        MVS12O
              ________      ________      ________      ________      ________
 MVS5O             48
 MVS6O              0            49
 MVS10O             0             0            50
 MVS11O             0             0             0            51
 MVS12O             0             0             0             0            52
 MVS16O             0             0             0             0             0
 MVS17O             0             0             0             0             0
 MVS18O             0             0             0             0             0


           THETA
              MVS16O        MVS17O        MVS18O
              ________      ________      ________
 MVS16O            53
 MVS17O             0            54
 MVS18O             0             0            55


           ALPHA
              SUC           CEN           HAP           M
              ________      ________      ________      ________
                  0             0             0             0


           BETA
              SUC           CEN           HAP           M
              ________      ________      ________      ________
 SUC                0             0             0             0
 CEN                0             0             0             0
 HAP                0             0             0             0
 M                  0             0             0             0


           PSI
              SUC           CEN           HAP           M
              ________      ________      ________      ________
 SUC                0
 CEN               56             0
 HAP               57            58             0
 M                  0             0             0             0


     STARTING VALUES


           NU
              MVS1          MVS2          MVS3          MVS7          MVS8
              ________      ________      ________      ________      ________
                3.359         2.363         3.087         2.605         3.482


           NU
              MVS9          MVS13         MVS14         MVS15         MVS4O
              ________      ________      ________      ________      ________
                3.300         3.166         3.430         3.348         3.081


           NU
              MVS5O         MVS6O         MVS10O        MVS11O        MVS12O
              ________      ________      ________      ________      ________
                3.287         2.780         2.962         2.430         3.146


           NU
              MVS16O        MVS17O        MVS18O
              ________      ________      ________
                3.655         2.776         3.269


           LAMBDA
              SUC           CEN           HAP           M
              ________      ________      ________      ________
 MVS1           1.000         0.000         0.000         1.000
 MVS2           1.000         0.000         0.000         1.000
 MVS3           1.000         0.000         0.000         1.000
 MVS7           0.000         1.000         0.000         1.000
 MVS8           0.000         1.000         0.000         1.000
 MVS9           0.000         1.000         0.000         1.000
 MVS13          0.000         0.000         1.000         1.000
 MVS14          0.000         0.000         1.000         1.000
 MVS15          0.000         0.000         1.000         1.000
 MVS4O          1.000         0.000         0.000         1.000
 MVS5O          1.000         0.000         0.000         1.000
 MVS6O          1.000         0.000         0.000         1.000
 MVS10O         0.000         1.000         0.000         1.000
 MVS11O         0.000         1.000         0.000         1.000
 MVS12O         0.000         1.000         0.000         1.000
 MVS16O         0.000         0.000         1.000         1.000
 MVS17O         0.000         0.000         1.000         1.000
 MVS18O         0.000         0.000         1.000         1.000


           THETA
              MVS1          MVS2          MVS3          MVS7          MVS8
              ________      ________      ________      ________      ________
 MVS1           0.541
 MVS2           0.000         0.534
 MVS3           0.000         0.000         0.596
 MVS7           0.000         0.000         0.000         0.482
 MVS8           0.000         0.000         0.000         0.000         0.491
 MVS9           0.000         0.000         0.000         0.000         0.000
 MVS13          0.000         0.000         0.000         0.000         0.000
 MVS14          0.000         0.000         0.000         0.000         0.000
 MVS15          0.000         0.000         0.000         0.000         0.000
 MVS4O          0.000         0.000         0.000         0.000         0.000
 MVS5O          0.000         0.000         0.000         0.000         0.000
 MVS6O          0.000         0.000         0.000         0.000         0.000
 MVS10O         0.000         0.000         0.000         0.000         0.000
 MVS11O         0.000         0.000         0.000         0.000         0.000
 MVS12O         0.000         0.000         0.000         0.000         0.000
 MVS16O         0.000         0.000         0.000         0.000         0.000
 MVS17O         0.000         0.000         0.000         0.000         0.000
 MVS18O         0.000         0.000         0.000         0.000         0.000


           THETA
              MVS9          MVS13         MVS14         MVS15         MVS4O
              ________      ________      ________      ________      ________
 MVS9           0.518
 MVS13          0.000         0.542
 MVS14          0.000         0.000         0.577
 MVS15          0.000         0.000         0.000         0.604
 MVS4O          0.000         0.000         0.000         0.000         0.490
 MVS5O          0.000         0.000         0.000         0.000         0.000
 MVS6O          0.000         0.000         0.000         0.000         0.000
 MVS10O         0.000         0.000         0.000         0.000         0.000
 MVS11O         0.000         0.000         0.000         0.000         0.000
 MVS12O         0.000         0.000         0.000         0.000         0.000
 MVS16O         0.000         0.000         0.000         0.000         0.000
 MVS17O         0.000         0.000         0.000         0.000         0.000
 MVS18O         0.000         0.000         0.000         0.000         0.000


           THETA
              MVS5O         MVS6O         MVS10O        MVS11O        MVS12O
              ________      ________      ________      ________      ________
 MVS5O          0.456
 MVS6O          0.000         0.469
 MVS10O         0.000         0.000         0.469
 MVS11O         0.000         0.000         0.000         0.428
 MVS12O         0.000         0.000         0.000         0.000         0.452
 MVS16O         0.000         0.000         0.000         0.000         0.000
 MVS17O         0.000         0.000         0.000         0.000         0.000
 MVS18O         0.000         0.000         0.000         0.000         0.000


           THETA
              MVS16O        MVS17O        MVS18O
              ________      ________      ________
 MVS16O         0.432
 MVS17O         0.000         0.529
 MVS18O         0.000         0.000         0.439


           ALPHA
              SUC           CEN           HAP           M
              ________      ________      ________      ________
                0.000         0.000         0.000         0.000


           BETA
              SUC           CEN           HAP           M
              ________      ________      ________      ________
 SUC            0.000         0.000         0.000         0.000
 CEN            0.000         0.000         0.000         0.000
 HAP            0.000         0.000         0.000         0.000
 M              0.000         0.000         0.000         0.000


           PSI
              SUC           CEN           HAP           M
              ________      ________      ________      ________
 SUC            1.000
 CEN            0.000         1.000
 HAP            0.000         0.000         1.000
 M              0.000         0.000         0.000         1.000


DIAGRAM INFORMATION

  Use View Diagram under the Diagram menu in the Mplus Editor to view the diagram.
  If running Mplus from the Mplus Diagrammer, the diagram opens automatically.

  Diagram output
    c:\users\jxb14\dropbox (personal)\consumeropinions\feb18oct18\18items\metric\singlegroup\02-t3m1(unit)-metric-ml.dgm

     Beginning Time:  17:53:35
        Ending Time:  17:53:35
       Elapsed Time:  00:00:00



MUTHEN & MUTHEN
3463 Stoner Ave.
Los Angeles, CA  90066

Tel: (310) 391-9971
Fax: (310) 391-8971
Web: www.StatModel.com
Support: Support@StatModel.com

Copyright (c) 1998-2018 Muthen & Muthen
