Mplus VERSION 8.2
MUTHEN & MUTHEN
12/13/2018   5:52 PM

INPUT INSTRUCTIONS

  TITLE: cfa with metric data (18 items)
         one method factor

  DATA: file = mvs.dat;

  VARIABLE:
    names = idnum satopt ars ars01 im mvs1-mvs18;
    usevar = mvs1 mvs2 mvs3 mvs7 mvs8 mvs9 mvs13 mvs14 mvs15
             mvs4o mvs5o mvs6o mvs10o mvs11o mvs12o mvs16o mvs17o mvs18o;

    missing = all(-99);

  DEFINE:

    mvs4o=6-mvs4;
    mvs5o=6-mvs5;
    mvs6o=6-mvs6;
    mvs10o=6-mvs10;
    mvs11o=6-mvs11;
    mvs12o=6-mvs12;
    mvs16o=6-mvs16;
    mvs17o=6-mvs17;
    mvs18o=6-mvs18;

  ANALYSIS:
    ESTIMATOR=ML;

  MODEL:

    SUC BY mvs1*1 (l1)
           mvs2 (l2)
           mvs3 (l3)
           mvs4o (l4)
           mvs5o (l5)
           mvs6o (l6);
    CEN BY mvs7*1 (l7)
           mvs8 (l8)
           mvs9 (l9)
           mvs10o (l10)
           mvs11o (l11)
           mvs12o (l12);
    HAP BY mvs13*1 (l13)
           mvs14 (l14)
           mvs15 (l15)
           mvs16o (l16)
           mvs17o (l17)
           mvs18o (l18);

    M BY mvs1*1 mvs2 mvs3 mvs4o mvs5o mvs6o mvs7 mvs8 mvs9 mvs10o
         mvs11o mvs12o mvs13 mvs14 mvs15 mvs16o mvs17o mvs18o;

    SUC@1;
    CEN@1;
    HAP@1;
    M@1;

    SUC WITH CEN;
    SUC WITH HAP;
    CEN WITH HAP;

    M WITH SUC@0;
    M WITH CEN@0;
    M WITH HAP@0;

    mvs1 (ev1);
    mvs2 (ev2);
    mvs3 (ev3);
    mvs4o (ev4);
    mvs5o (ev5);
    mvs6o (ev6);
    mvs7 (ev7);
    mvs8 (ev8);
    mvs9 (ev9);
    mvs10o (ev10);
    mvs11o (ev11);
    mvs12o (ev12);
    mvs13 (ev13);
    mvs14 (ev14);
    mvs15 (ev15);
    mvs16o (ev16);
    mvs17o (ev17);
    mvs18o (ev18);

  MODEL CONSTRAINT:

    l1>0;
    l7>0;
    l13>0;

  OUTPUT: TECH1 MOD (3.84) svalues CINTERVAL standardized;





*** WARNING in OUTPUT command
  MODINDICES option is not available in conjunction with nonlinear constraints
  through the use of MODEL CONSTRAINT.  Request for MODINDICES is ignored.
   1 WARNING(S) FOUND IN THE INPUT INSTRUCTIONS



cfa with metric data (18 items)
one method factor

SUMMARY OF ANALYSIS

Number of groups                                                 1
Number of observations                                         554

Number of dependent variables                                   18
Number of independent variables                                  0
Number of continuous latent variables                            4

Observed dependent variables

  Continuous
   MVS1        MVS2        MVS3        MVS7        MVS8        MVS9
   MVS13       MVS14       MVS15       MVS4O       MVS5O       MVS6O
   MVS10O      MVS11O      MVS12O      MVS16O      MVS17O      MVS18O

Continuous latent variables
   SUC         CEN         HAP         M


Estimator                                                       ML
Information matrix                                        OBSERVED
Maximum number of iterations                                  1000
Convergence criterion                                    0.500D-04
Maximum number of steepest descent iterations                   20
Maximum number of iterations for H1                           2000
Convergence criterion for H1                             0.100D-03

Input data file(s)
  mvs.dat

Input data format  FREE


SUMMARY OF DATA

     Number of missing data patterns             1


COVARIANCE COVERAGE OF DATA

Minimum covariance coverage value   0.100


     PROPORTION OF DATA PRESENT


           Covariance Coverage
              MVS1          MVS2          MVS3          MVS7          MVS8
              ________      ________      ________      ________      ________
 MVS1           1.000
 MVS2           1.000         1.000
 MVS3           1.000         1.000         1.000
 MVS7           1.000         1.000         1.000         1.000
 MVS8           1.000         1.000         1.000         1.000         1.000
 MVS9           1.000         1.000         1.000         1.000         1.000
 MVS13          1.000         1.000         1.000         1.000         1.000
 MVS14          1.000         1.000         1.000         1.000         1.000
 MVS15          1.000         1.000         1.000         1.000         1.000
 MVS4O          1.000         1.000         1.000         1.000         1.000
 MVS5O          1.000         1.000         1.000         1.000         1.000
 MVS6O          1.000         1.000         1.000         1.000         1.000
 MVS10O         1.000         1.000         1.000         1.000         1.000
 MVS11O         1.000         1.000         1.000         1.000         1.000
 MVS12O         1.000         1.000         1.000         1.000         1.000
 MVS16O         1.000         1.000         1.000         1.000         1.000
 MVS17O         1.000         1.000         1.000         1.000         1.000
 MVS18O         1.000         1.000         1.000         1.000         1.000


           Covariance Coverage
              MVS9          MVS13         MVS14         MVS15         MVS4O
              ________      ________      ________      ________      ________
 MVS9           1.000
 MVS13          1.000         1.000
 MVS14          1.000         1.000         1.000
 MVS15          1.000         1.000         1.000         1.000
 MVS4O          1.000         1.000         1.000         1.000         1.000
 MVS5O          1.000         1.000         1.000         1.000         1.000
 MVS6O          1.000         1.000         1.000         1.000         1.000
 MVS10O         1.000         1.000         1.000         1.000         1.000
 MVS11O         1.000         1.000         1.000         1.000         1.000
 MVS12O         1.000         1.000         1.000         1.000         1.000
 MVS16O         1.000         1.000         1.000         1.000         1.000
 MVS17O         1.000         1.000         1.000         1.000         1.000
 MVS18O         1.000         1.000         1.000         1.000         1.000


           Covariance Coverage
              MVS5O         MVS6O         MVS10O        MVS11O        MVS12O
              ________      ________      ________      ________      ________
 MVS5O          1.000
 MVS6O          1.000         1.000
 MVS10O         1.000         1.000         1.000
 MVS11O         1.000         1.000         1.000         1.000
 MVS12O         1.000         1.000         1.000         1.000         1.000
 MVS16O         1.000         1.000         1.000         1.000         1.000
 MVS17O         1.000         1.000         1.000         1.000         1.000
 MVS18O         1.000         1.000         1.000         1.000         1.000


           Covariance Coverage
              MVS16O        MVS17O        MVS18O
              ________      ________      ________
 MVS16O         1.000
 MVS17O         1.000         1.000
 MVS18O         1.000         1.000         1.000



UNIVARIATE SAMPLE STATISTICS


     UNIVARIATE HIGHER-ORDER MOMENT DESCRIPTIVE STATISTICS

         Variable/         Mean/     Skewness/   Minimum/ % with                Percentiles
        Sample Size      Variance    Kurtosis    Maximum  Min/Max      20%/60%    40%/80%    Median

     MVS1                  3.359      -0.412       1.000    3.97%       2.000      3.000      4.000
             554.000       1.082      -0.647       5.000   10.47%       4.000      4.000
     MVS2                  2.363       0.467       1.000   20.76%       1.000      2.000      2.000
             554.000       1.069      -0.629       5.000    1.62%       2.000      3.000
     MVS3                  3.087      -0.280       1.000    7.94%       2.000      3.000      3.000
             554.000       1.191      -0.959       5.000    5.60%       4.000      4.000
     MVS7                  2.605       0.467       1.000    9.39%       2.000      2.000      2.000
             554.000       0.965      -0.413       5.000    3.25%       3.000      4.000
     MVS8                  3.482      -0.467       1.000    2.17%       2.000      3.000      4.000
             554.000       0.983      -0.535       5.000   12.09%       4.000      4.000
     MVS9                  3.300      -0.214       1.000    3.07%       2.000      3.000      3.000
             554.000       1.037      -0.735       5.000   10.29%       4.000      4.000
     MVS13                 3.166      -0.172       1.000    3.61%       2.000      3.000      3.000
             554.000       1.084      -1.048       5.000    6.68%       4.000      4.000
     MVS14                 3.430      -0.350       1.000    2.89%       2.000      3.000      4.000
             554.000       1.155      -0.845       5.000   14.62%       4.000      4.000
     MVS15                 3.348      -0.362       1.000    4.51%       2.000      3.000      4.000
             554.000       1.209      -0.851       5.000   12.45%       4.000      4.000
     MVS4O                 3.081       0.105       1.000    1.81%       2.000      3.000      3.000
             554.000       0.981      -1.057       5.000    6.14%       3.000      4.000
     MVS5O                 3.287      -0.201       1.000    1.62%       2.000      3.000      3.000
             554.000       0.912      -0.811       5.000    7.40%       4.000      4.000
     MVS6O                 2.780       0.344       1.000    4.33%       2.000      2.000      3.000
             554.000       0.937      -0.916       5.000    2.71%       3.000      4.000
     MVS10O                2.962       0.064       1.000    3.43%       2.000      3.000      3.000
             554.000       0.939      -1.024       5.000    3.25%       3.000      4.000
     MVS11O                2.430       0.652       1.000   10.83%       2.000      2.000      2.000
             554.000       0.855      -0.191       5.000    1.44%       2.000      3.000
     MVS12O                3.146      -0.043       1.000    1.99%       2.000      3.000      3.000
             554.000       0.905      -0.873       5.000    5.60%       4.000      4.000
     MVS16O                3.655      -0.733       1.000    1.81%       3.000      4.000      4.000
             554.000       0.865       0.120       5.000   14.08%       4.000      4.000
     MVS17O                2.776       0.418       1.000    5.78%       2.000      2.000      2.500
             554.000       1.058      -0.772       5.000    5.05%       3.000      4.000
     MVS18O                3.269      -0.203       1.000    1.44%       2.000      3.000      3.000
             554.000       0.879      -0.831       5.000    6.32%       4.000      4.000


THE MODEL ESTIMATION TERMINATED NORMALLY



MODEL FIT INFORMATION

Number of Free Parameters                       75

Loglikelihood

          H0 Value                      -13044.588
          H1 Value                      -12930.493

Information Criteria

          Akaike (AIC)                   26239.175
          Bayesian (BIC)                 26562.963
          Sample-Size Adjusted BIC       26324.879
            (n* = (n + 2) / 24)

Chi-Square Test of Model Fit

          Value                            228.190
          Degrees of Freedom                   114
          P-Value                           0.0000

RMSEA (Root Mean Square Error Of Approximation)

          Estimate                           0.043
          90 Percent C.I.                    0.034  0.051
          Probability RMSEA <= .05           0.938

CFI/TLI

          CFI                                0.950
          TLI                                0.933

Chi-Square Test of Model Fit for the Baseline Model

          Value                           2440.337
          Degrees of Freedom                   153
          P-Value                           0.0000

SRMR (Standardized Root Mean Square Residual)

          Value                              0.035



MODEL RESULTS

                                                    Two-Tailed
                    Estimate       S.E.  Est./S.E.    P-Value

 SUC      BY
    MVS1               0.585      0.047     12.451      0.000
    MVS2               0.524      0.050     10.479      0.000
    MVS3               0.733      0.047     15.593      0.000
    MVS4O             -0.508      0.060     -8.464      0.000
    MVS5O             -0.345      0.058     -5.926      0.000
    MVS6O             -0.527      0.061     -8.648      0.000

 CEN      BY
    MVS7               0.435      0.050      8.778      0.000
    MVS8               0.590      0.048     12.297      0.000
    MVS9               0.668      0.046     14.573      0.000
    MVS10O            -0.464      0.074     -6.275      0.000
    MVS11O            -0.115      0.054     -2.133      0.033
    MVS12O            -0.518      0.064     -8.107      0.000

 HAP      BY
    MVS13              0.757      0.045     16.787      0.000
    MVS14              0.874      0.054     16.157      0.000
    MVS15              0.526      0.053      9.951      0.000
    MVS16O            -0.341      0.046     -7.450      0.000
    MVS17O            -0.630      0.046    -13.554      0.000
    MVS18O            -0.543      0.053    -10.299      0.000

 M        BY
    MVS1               0.060      0.101      0.591      0.554
    MVS2               0.121      0.097      1.251      0.211
    MVS3               0.015      0.118      0.131      0.895
    MVS4O              0.279      0.088      3.170      0.002
    MVS5O              0.264      0.071      3.731      0.000
    MVS6O              0.291      0.099      2.941      0.003
    MVS7               0.093      0.076      1.227      0.220
    MVS8               0.116      0.106      1.096      0.273
    MVS9               0.031      0.110      0.284      0.776
    MVS10O             0.399      0.084      4.763      0.000
    MVS11O             0.186      0.062      3.012      0.003
    MVS12O             0.313      0.089      3.494      0.000
    MVS13              0.145      0.117      1.244      0.214
    MVS14              0.239      0.128      1.866      0.062
    MVS15              0.175      0.102      1.714      0.087
    MVS16O             0.118      0.065      1.816      0.069
    MVS17O             0.126      0.094      1.336      0.181
    MVS18O             0.246      0.092      2.669      0.008

 SUC      WITH
    CEN                0.788      0.037     21.121      0.000
    HAP                0.738      0.035     20.803      0.000
    M                  0.000      0.000    999.000    999.000

 CEN      WITH
    HAP                0.643      0.041     15.585      0.000
    M                  0.000      0.000    999.000    999.000

 M        WITH
    HAP                0.000      0.000    999.000    999.000

 Intercepts
    MVS1               3.359      0.044     76.006      0.000
    MVS2               2.363      0.044     53.796      0.000
    MVS3               3.087      0.046     66.570      0.000
    MVS7               2.605      0.042     62.420      0.000
    MVS8               3.482      0.042     82.681      0.000
    MVS9               3.300      0.043     76.282      0.000
    MVS13              3.166      0.044     71.564      0.000
    MVS14              3.430      0.046     75.118      0.000
    MVS15              3.348      0.047     71.678      0.000
    MVS4O              3.081      0.042     73.231      0.000
    MVS5O              3.287      0.041     81.004      0.000
    MVS6O              2.780      0.041     67.590      0.000
    MVS10O             2.962      0.041     71.948      0.000
    MVS11O             2.430      0.039     61.840      0.000
    MVS12O             3.146      0.040     77.859      0.000
    MVS16O             3.655      0.040     92.510      0.000
    MVS17O             2.776      0.044     63.521      0.000
    MVS18O             3.269      0.040     82.070      0.000

 Variances
    SUC                1.000      0.000    999.000    999.000
    CEN                1.000      0.000    999.000    999.000
    HAP                1.000      0.000    999.000    999.000
    M                  1.000      0.000    999.000    999.000

 Residual Variances
    MVS1               0.736      0.052     14.183      0.000
    MVS2               0.780      0.054     14.380      0.000
    MVS3               0.653      0.052     12.597      0.000
    MVS7               0.767      0.052     14.621      0.000
    MVS8               0.621      0.049     12.670      0.000
    MVS9               0.590      0.048     12.214      0.000
    MVS13              0.490      0.039     12.592      0.000
    MVS14              0.333      0.042      7.985      0.000
    MVS15              0.902      0.059     15.354      0.000
    MVS4O              0.645      0.047     13.843      0.000
    MVS5O              0.723      0.049     14.902      0.000
    MVS6O              0.574      0.043     13.259      0.000
    MVS10O             0.565      0.048     11.870      0.000
    MVS11O             0.807      0.051     15.958      0.000
    MVS12O             0.539      0.043     12.533      0.000
    MVS16O             0.735      0.047     15.686      0.000
    MVS17O             0.645      0.046     14.032      0.000
    MVS18O             0.524      0.041     12.666      0.000


STANDARDIZED MODEL RESULTS


STDYX Standardization

                                                    Two-Tailed
                    Estimate       S.E.  Est./S.E.    P-Value

 SUC      BY
    MVS1               0.562      0.037     15.204      0.000
    MVS2               0.507      0.042     12.028      0.000
    MVS3               0.672      0.032     21.221      0.000
    MVS4O             -0.513      0.056     -9.123      0.000
    MVS5O             -0.361      0.059     -6.169      0.000
    MVS6O             -0.545      0.058     -9.315      0.000

 CEN      BY
    MVS7               0.443      0.046      9.687      0.000
    MVS8               0.596      0.040     14.752      0.000
    MVS9               0.656      0.035     18.964      0.000
    MVS10O            -0.479      0.074     -6.493      0.000
    MVS11O            -0.125      0.058     -2.145      0.032
    MVS12O            -0.544      0.063     -8.628      0.000

 HAP      BY
    MVS13              0.727      0.031     23.151      0.000
    MVS14              0.813      0.041     20.012      0.000
    MVS15              0.478      0.043     11.254      0.000
    MVS16O            -0.366      0.046     -8.004      0.000
    MVS17O            -0.613      0.036    -16.982      0.000
    MVS18O            -0.579      0.050    -11.490      0.000

 M        BY
    MVS1               0.057      0.097      0.591      0.554
    MVS2               0.117      0.094      1.254      0.210
    MVS3               0.014      0.108      0.131      0.895
    MVS4O              0.282      0.088      3.211      0.001
    MVS5O              0.277      0.073      3.800      0.000
    MVS6O              0.301      0.101      2.974      0.003
    MVS7               0.095      0.077      1.229      0.219
    MVS8               0.117      0.107      1.098      0.272
    MVS9               0.031      0.108      0.284      0.776
    MVS10O             0.411      0.084      4.898      0.000
    MVS11O             0.201      0.066      3.048      0.002
    MVS12O             0.329      0.093      3.549      0.000
    MVS13              0.140      0.112      1.247      0.213
    MVS14              0.223      0.119      1.874      0.061
    MVS15              0.159      0.092      1.720      0.085
    MVS16O             0.126      0.069      1.824      0.068
    MVS17O             0.123      0.091      1.340      0.180
    MVS18O             0.262      0.097      2.694      0.007

 SUC      WITH
    CEN                0.788      0.037     21.121      0.000
    HAP                0.738      0.035     20.803      0.000
    M                  0.000      0.000    999.000    999.000

 CEN      WITH
    HAP                0.643      0.041     15.585      0.000
    M                  0.000      0.000    999.000    999.000

 M        WITH
    HAP                0.000      0.000    999.000    999.000

 Intercepts
    MVS1               3.229      0.106     30.491      0.000
    MVS2               2.286      0.081     28.306      0.000
    MVS3               2.828      0.095     29.772      0.000
    MVS7               2.652      0.090     29.371      0.000
    MVS8               3.513      0.114     30.878      0.000
    MVS9               3.241      0.106     30.509      0.000
    MVS13              3.040      0.101     30.181      0.000
    MVS14              3.191      0.105     30.433      0.000
    MVS15              3.045      0.101     30.190      0.000
    MVS4O              3.111      0.103     30.303      0.000
    MVS5O              3.442      0.112     30.789      0.000
    MVS6O              2.872      0.096     29.862      0.000
    MVS10O             3.057      0.101     30.210      0.000
    MVS11O             2.627      0.090     29.310      0.000
    MVS12O             3.308      0.108     30.607      0.000
    MVS16O             3.930      0.125     31.321      0.000
    MVS17O             2.699      0.092     29.484      0.000
    MVS18O             3.487      0.113     30.846      0.000

 Variances
    SUC                1.000      0.000    999.000    999.000
    CEN                1.000      0.000    999.000    999.000
    HAP                1.000      0.000    999.000    999.000
    M                  1.000      0.000    999.000    999.000

 Residual Variances
    MVS1               0.680      0.041     16.509      0.000
    MVS2               0.729      0.041     17.735      0.000
    MVS3               0.549      0.042     12.962      0.000
    MVS7               0.795      0.040     19.807      0.000
    MVS8               0.632      0.046     13.764      0.000
    MVS9               0.569      0.045     12.694      0.000
    MVS13              0.452      0.037     12.258      0.000
    MVS14              0.289      0.038      7.623      0.000
    MVS15              0.746      0.037     20.132      0.000
    MVS4O              0.658      0.042     15.654      0.000
    MVS5O              0.793      0.039     20.463      0.000
    MVS6O              0.613      0.043     14.322      0.000
    MVS10O             0.601      0.048     12.532      0.000
    MVS11O             0.944      0.025     37.247      0.000
    MVS12O             0.596      0.045     13.274      0.000
    MVS16O             0.850      0.033     25.494      0.000
    MVS17O             0.610      0.040     15.274      0.000
    MVS18O             0.596      0.044     13.434      0.000


STDY Standardization

                                                    Two-Tailed
                    Estimate       S.E.  Est./S.E.    P-Value

 SUC      BY
    MVS1               0.562      0.037     15.204      0.000
    MVS2               0.507      0.042     12.028      0.000
    MVS3               0.672      0.032     21.221      0.000
    MVS4O             -0.513      0.056     -9.123      0.000
    MVS5O             -0.361      0.059     -6.169      0.000
    MVS6O             -0.545      0.058     -9.315      0.000

 CEN      BY
    MVS7               0.443      0.046      9.687      0.000
    MVS8               0.596      0.040     14.752      0.000
    MVS9               0.656      0.035     18.964      0.000
    MVS10O            -0.479      0.074     -6.493      0.000
    MVS11O            -0.125      0.058     -2.145      0.032
    MVS12O            -0.544      0.063     -8.628      0.000

 HAP      BY
    MVS13              0.727      0.031     23.151      0.000
    MVS14              0.813      0.041     20.012      0.000
    MVS15              0.478      0.043     11.254      0.000
    MVS16O            -0.366      0.046     -8.004      0.000
    MVS17O            -0.613      0.036    -16.982      0.000
    MVS18O            -0.579      0.050    -11.490      0.000

 M        BY
    MVS1               0.057      0.097      0.591      0.554
    MVS2               0.117      0.094      1.254      0.210
    MVS3               0.014      0.108      0.131      0.895
    MVS4O              0.282      0.088      3.211      0.001
    MVS5O              0.277      0.073      3.800      0.000
    MVS6O              0.301      0.101      2.974      0.003
    MVS7               0.095      0.077      1.229      0.219
    MVS8               0.117      0.107      1.098      0.272
    MVS9               0.031      0.108      0.284      0.776
    MVS10O             0.411      0.084      4.898      0.000
    MVS11O             0.201      0.066      3.048      0.002
    MVS12O             0.329      0.093      3.549      0.000
    MVS13              0.140      0.112      1.247      0.213
    MVS14              0.223      0.119      1.874      0.061
    MVS15              0.159      0.092      1.720      0.085
    MVS16O             0.126      0.069      1.824      0.068
    MVS17O             0.123      0.091      1.340      0.180
    MVS18O             0.262      0.097      2.694      0.007

 SUC      WITH
    CEN                0.788      0.037     21.121      0.000
    HAP                0.738      0.035     20.803      0.000
    M                  0.000      0.000    999.000    999.000

 CEN      WITH
    HAP                0.643      0.041     15.585      0.000
    M                  0.000      0.000    999.000    999.000

 M        WITH
    HAP                0.000      0.000    999.000    999.000

 Intercepts
    MVS1               3.229      0.106     30.491      0.000
    MVS2               2.286      0.081     28.306      0.000
    MVS3               2.828      0.095     29.772      0.000
    MVS7               2.652      0.090     29.371      0.000
    MVS8               3.513      0.114     30.878      0.000
    MVS9               3.241      0.106     30.509      0.000
    MVS13              3.040      0.101     30.181      0.000
    MVS14              3.191      0.105     30.433      0.000
    MVS15              3.045      0.101     30.190      0.000
    MVS4O              3.111      0.103     30.303      0.000
    MVS5O              3.442      0.112     30.789      0.000
    MVS6O              2.872      0.096     29.862      0.000
    MVS10O             3.057      0.101     30.210      0.000
    MVS11O             2.627      0.090     29.310      0.000
    MVS12O             3.308      0.108     30.607      0.000
    MVS16O             3.930      0.125     31.321      0.000
    MVS17O             2.699      0.092     29.484      0.000
    MVS18O             3.487      0.113     30.846      0.000

 Variances
    SUC                1.000      0.000    999.000    999.000
    CEN                1.000      0.000    999.000    999.000
    HAP                1.000      0.000    999.000    999.000
    M                  1.000      0.000    999.000    999.000

 Residual Variances
    MVS1               0.680      0.041     16.509      0.000
    MVS2               0.729      0.041     17.735      0.000
    MVS3               0.549      0.042     12.962      0.000
    MVS7               0.795      0.040     19.807      0.000
    MVS8               0.632      0.046     13.764      0.000
    MVS9               0.569      0.045     12.694      0.000
    MVS13              0.452      0.037     12.258      0.000
    MVS14              0.289      0.038      7.623      0.000
    MVS15              0.746      0.037     20.132      0.000
    MVS4O              0.658      0.042     15.654      0.000
    MVS5O              0.793      0.039     20.463      0.000
    MVS6O              0.613      0.043     14.322      0.000
    MVS10O             0.601      0.048     12.532      0.000
    MVS11O             0.944      0.025     37.247      0.000
    MVS12O             0.596      0.045     13.274      0.000
    MVS16O             0.850      0.033     25.494      0.000
    MVS17O             0.610      0.040     15.274      0.000
    MVS18O             0.596      0.044     13.434      0.000


STD Standardization

                                                    Two-Tailed
                    Estimate       S.E.  Est./S.E.    P-Value

 SUC      BY
    MVS1               0.585      0.047     12.451      0.000
    MVS2               0.524      0.050     10.479      0.000
    MVS3               0.733      0.047     15.593      0.000
    MVS4O             -0.508      0.060     -8.464      0.000
    MVS5O             -0.345      0.058     -5.926      0.000
    MVS6O             -0.527      0.061     -8.648      0.000

 CEN      BY
    MVS7               0.435      0.050      8.778      0.000
    MVS8               0.590      0.048     12.297      0.000
    MVS9               0.668      0.046     14.573      0.000
    MVS10O            -0.464      0.074     -6.275      0.000
    MVS11O            -0.115      0.054     -2.133      0.033
    MVS12O            -0.518      0.064     -8.107      0.000

 HAP      BY
    MVS13              0.757      0.045     16.787      0.000
    MVS14              0.874      0.054     16.157      0.000
    MVS15              0.526      0.053      9.951      0.000
    MVS16O            -0.341      0.046     -7.450      0.000
    MVS17O            -0.630      0.046    -13.554      0.000
    MVS18O            -0.543      0.053    -10.299      0.000

 M        BY
    MVS1               0.060      0.101      0.591      0.554
    MVS2               0.121      0.097      1.251      0.211
    MVS3               0.015      0.118      0.131      0.895
    MVS4O              0.279      0.088      3.170      0.002
    MVS5O              0.264      0.071      3.731      0.000
    MVS6O              0.291      0.099      2.941      0.003
    MVS7               0.093      0.076      1.227      0.220
    MVS8               0.116      0.106      1.096      0.273
    MVS9               0.031      0.110      0.284      0.776
    MVS10O             0.399      0.084      4.763      0.000
    MVS11O             0.186      0.062      3.012      0.003
    MVS12O             0.313      0.089      3.494      0.000
    MVS13              0.145      0.117      1.244      0.214
    MVS14              0.239      0.128      1.866      0.062
    MVS15              0.175      0.102      1.714      0.087
    MVS16O             0.118      0.065      1.816      0.069
    MVS17O             0.126      0.094      1.336      0.181
    MVS18O             0.246      0.092      2.669      0.008

 SUC      WITH
    CEN                0.788      0.037     21.121      0.000
    HAP                0.738      0.035     20.803      0.000
    M                  0.000      0.000    999.000    999.000

 CEN      WITH
    HAP                0.643      0.041     15.585      0.000
    M                  0.000      0.000    999.000    999.000

 M        WITH
    HAP                0.000      0.000    999.000    999.000

 Intercepts
    MVS1               3.359      0.044     76.006      0.000
    MVS2               2.363      0.044     53.796      0.000
    MVS3               3.087      0.046     66.570      0.000
    MVS7               2.605      0.042     62.420      0.000
    MVS8               3.482      0.042     82.681      0.000
    MVS9               3.300      0.043     76.282      0.000
    MVS13              3.166      0.044     71.564      0.000
    MVS14              3.430      0.046     75.118      0.000
    MVS15              3.348      0.047     71.678      0.000
    MVS4O              3.081      0.042     73.231      0.000
    MVS5O              3.287      0.041     81.004      0.000
    MVS6O              2.780      0.041     67.590      0.000
    MVS10O             2.962      0.041     71.948      0.000
    MVS11O             2.430      0.039     61.840      0.000
    MVS12O             3.146      0.040     77.859      0.000
    MVS16O             3.655      0.040     92.510      0.000
    MVS17O             2.776      0.044     63.521      0.000
    MVS18O             3.269      0.040     82.070      0.000

 Variances
    SUC                1.000      0.000    999.000    999.000
    CEN                1.000      0.000    999.000    999.000
    HAP                1.000      0.000    999.000    999.000
    M                  1.000      0.000    999.000    999.000

 Residual Variances
    MVS1               0.736      0.052     14.183      0.000
    MVS2               0.780      0.054     14.380      0.000
    MVS3               0.653      0.052     12.597      0.000
    MVS7               0.767      0.052     14.621      0.000
    MVS8               0.621      0.049     12.670      0.000
    MVS9               0.590      0.048     12.214      0.000
    MVS13              0.490      0.039     12.592      0.000
    MVS14              0.333      0.042      7.985      0.000
    MVS15              0.902      0.059     15.354      0.000
    MVS4O              0.645      0.047     13.843      0.000
    MVS5O              0.723      0.049     14.902      0.000
    MVS6O              0.574      0.043     13.259      0.000
    MVS10O             0.565      0.048     11.870      0.000
    MVS11O             0.807      0.051     15.958      0.000
    MVS12O             0.539      0.043     12.533      0.000
    MVS16O             0.735      0.047     15.686      0.000
    MVS17O             0.645      0.046     14.032      0.000
    MVS18O             0.524      0.041     12.666      0.000


R-SQUARE

    Observed                                        Two-Tailed
    Variable        Estimate       S.E.  Est./S.E.    P-Value

    MVS1               0.320      0.041      7.757      0.000
    MVS2               0.271      0.041      6.578      0.000
    MVS3               0.451      0.042     10.668      0.000
    MVS7               0.205      0.040      5.112      0.000
    MVS8               0.368      0.046      8.025      0.000
    MVS9               0.431      0.045      9.616      0.000
    MVS13              0.548      0.037     14.881      0.000
    MVS14              0.711      0.038     18.785      0.000
    MVS15              0.254      0.037      6.863      0.000
    MVS4O              0.342      0.042      8.153      0.000
    MVS5O              0.207      0.039      5.344      0.000
    MVS6O              0.387      0.043      9.056      0.000
    MVS10O             0.399      0.048      8.314      0.000
    MVS11O             0.056      0.025      2.208      0.027
    MVS12O             0.404      0.045      9.008      0.000
    MVS16O             0.150      0.033      4.505      0.000
    MVS17O             0.390      0.040      9.775      0.000
    MVS18O             0.404      0.044      9.109      0.000


QUALITY OF NUMERICAL RESULTS

     Condition Number for the Information Matrix              0.262E-03
       (ratio of smallest to largest eigenvalue)


CONFIDENCE INTERVALS OF MODEL RESULTS

                  Lower .5%  Lower 2.5%    Lower 5%    Estimate    Upper 5%  Upper 2.5%   Upper .5%

 SUC      BY
    MVS1             0.464       0.493       0.508       0.585       0.662       0.677       0.706
    MVS2             0.395       0.426       0.442       0.524       0.606       0.622       0.653
    MVS3             0.612       0.641       0.656       0.733       0.810       0.825       0.854
    MVS4O           -0.663      -0.626      -0.607      -0.508      -0.409      -0.390      -0.353
    MVS5O           -0.495      -0.459      -0.441      -0.345      -0.249      -0.231      -0.195
    MVS6O           -0.685      -0.647      -0.628      -0.527      -0.427      -0.408      -0.370

 CEN      BY
    MVS7             0.307       0.338       0.353       0.435       0.516       0.532       0.563
    MVS8             0.467       0.496       0.511       0.590       0.669       0.684       0.714
    MVS9             0.550       0.578       0.592       0.668       0.743       0.757       0.786
    MVS10O          -0.655      -0.609      -0.586      -0.464      -0.343      -0.319      -0.274
    MVS11O          -0.254      -0.221      -0.204      -0.115      -0.026      -0.009       0.024
    MVS12O          -0.682      -0.643      -0.623      -0.518      -0.413      -0.392      -0.353

 HAP      BY
    MVS13            0.641       0.669       0.683       0.757       0.831       0.846       0.873
    MVS14            0.735       0.768       0.785       0.874       0.963       0.980       1.013
    MVS15            0.390       0.422       0.439       0.526       0.613       0.630       0.662
    MVS16O          -0.458      -0.430      -0.416      -0.341      -0.265      -0.251      -0.223
    MVS17O          -0.750      -0.721      -0.707      -0.630      -0.554      -0.539      -0.510
    MVS18O          -0.679      -0.646      -0.629      -0.543      -0.456      -0.439      -0.407

 M        BY
    MVS1            -0.200      -0.138      -0.106       0.060       0.225       0.257       0.319
    MVS2            -0.128      -0.069      -0.038       0.121       0.281       0.312       0.371
    MVS3            -0.288      -0.215      -0.178       0.015       0.209       0.246       0.319
    MVS4O            0.052       0.106       0.134       0.279       0.424       0.451       0.506
    MVS5O            0.082       0.125       0.148       0.264       0.381       0.403       0.447
    MVS6O            0.036       0.097       0.128       0.291       0.454       0.485       0.546
    MVS7            -0.103      -0.056      -0.032       0.093       0.218       0.242       0.289
    MVS8            -0.156      -0.091      -0.058       0.116       0.290       0.323       0.388
    MVS9            -0.252      -0.184      -0.150       0.031       0.212       0.247       0.315
    MVS10O           0.183       0.235       0.261       0.399       0.536       0.563       0.614
    MVS11O           0.027       0.065       0.084       0.186       0.287       0.307       0.345
    MVS12O           0.082       0.137       0.166       0.313       0.460       0.488       0.543
    MVS13           -0.156      -0.084      -0.047       0.145       0.338       0.374       0.446
    MVS14           -0.091      -0.012       0.028       0.239       0.451       0.491       0.570
    MVS15           -0.088      -0.025       0.007       0.175       0.343       0.375       0.438
    MVS16O          -0.049      -0.009       0.011       0.118       0.224       0.244       0.284
    MVS17O          -0.117      -0.059      -0.029       0.126       0.281       0.311       0.369
    MVS18O           0.009       0.065       0.094       0.246       0.398       0.427       0.483

 SUC      WITH
    CEN              0.692       0.715       0.726       0.788       0.849       0.861       0.884
    HAP              0.646       0.668       0.679       0.738       0.796       0.807       0.829
    M                0.000       0.000       0.000       0.000       0.000       0.000       0.000

 CEN      WITH
    HAP              0.537       0.562       0.575       0.643       0.711       0.724       0.750
    M                0.000       0.000       0.000       0.000       0.000       0.000       0.000

 M        WITH
    HAP              0.000       0.000       0.000       0.000       0.000       0.000       0.000

 Intercepts
    MVS1             3.245       3.273       3.287       3.359       3.432       3.446       3.473
    MVS2             2.250       2.277       2.291       2.363       2.435       2.449       2.476
    MVS3             2.967       2.996       3.010       3.087       3.163       3.178       3.206
    MVS7             2.497       2.523       2.536       2.605       2.673       2.686       2.712
    MVS8             3.373       3.399       3.413       3.482       3.551       3.564       3.590
    MVS9             3.188       3.215       3.228       3.300       3.371       3.384       3.411
    MVS13            3.052       3.079       3.093       3.166       3.239       3.253       3.280
    MVS14            3.312       3.340       3.354       3.430       3.505       3.519       3.547
    MVS15            3.228       3.257       3.272       3.348       3.425       3.440       3.469
    MVS4O            2.973       2.999       3.012       3.081       3.150       3.164       3.190
    MVS5O            3.182       3.207       3.220       3.287       3.354       3.367       3.392
    MVS6O            2.674       2.699       2.712       2.780       2.847       2.860       2.886
    MVS10O           2.856       2.881       2.894       2.962       3.030       3.043       3.068
    MVS11O           2.328       2.353       2.365       2.430       2.494       2.507       2.531
    MVS12O           3.042       3.067       3.080       3.146       3.213       3.225       3.250
    MVS16O           3.553       3.578       3.590       3.655       3.720       3.733       3.757
    MVS17O           2.664       2.691       2.704       2.776       2.848       2.862       2.889
    MVS18O           3.166       3.191       3.203       3.269       3.334       3.347       3.372

 Variances
    SUC              1.000       1.000       1.000       1.000       1.000       1.000       1.000
    CEN              1.000       1.000       1.000       1.000       1.000       1.000       1.000
    HAP              1.000       1.000       1.000       1.000       1.000       1.000       1.000
    M                1.000       1.000       1.000       1.000       1.000       1.000       1.000

 Residual Variances
    MVS1             0.603       0.634       0.651       0.736       0.822       0.838       0.870
    MVS2             0.640       0.673       0.690       0.780       0.869       0.886       0.919
    MVS3             0.520       0.552       0.568       0.653       0.739       0.755       0.787
    MVS7             0.632       0.664       0.681       0.767       0.853       0.870       0.902
    MVS8             0.494       0.525       0.540       0.621       0.701       0.717       0.747
    MVS9             0.465       0.495       0.510       0.590       0.669       0.684       0.714
    MVS13            0.390       0.414       0.426       0.490       0.554       0.566       0.590
    MVS14            0.226       0.252       0.265       0.333       0.402       0.415       0.441
    MVS15            0.750       0.786       0.805       0.902       0.998       1.017       1.053
    MVS4O            0.525       0.554       0.568       0.645       0.722       0.736       0.765
    MVS5O            0.598       0.628       0.643       0.723       0.803       0.818       0.848
    MVS6O            0.463       0.489       0.503       0.574       0.645       0.659       0.686
    MVS10O           0.442       0.471       0.486       0.565       0.643       0.658       0.687
    MVS11O           0.677       0.708       0.724       0.807       0.891       0.906       0.938
    MVS12O           0.428       0.455       0.468       0.539       0.610       0.623       0.650
    MVS16O           0.614       0.643       0.658       0.735       0.812       0.827       0.856
    MVS17O           0.527       0.555       0.570       0.645       0.721       0.735       0.764
    MVS18O           0.417       0.443       0.456       0.524       0.592       0.605       0.630


CONFIDENCE INTERVALS OF STANDARDIZED MODEL RESULTS


STDYX Standardization

                  Lower .5%  Lower 2.5%    Lower 5%    Estimate    Upper 5%  Upper 2.5%   Upper .5%

 SUC      BY
    MVS1             0.467       0.490       0.502       0.562       0.623       0.635       0.658
    MVS2             0.398       0.424       0.437       0.507       0.576       0.589       0.615
    MVS3             0.590       0.610       0.620       0.672       0.724       0.734       0.753
    MVS4O           -0.658      -0.623      -0.605      -0.513      -0.420      -0.403      -0.368
    MVS5O           -0.512      -0.476      -0.458      -0.361      -0.265      -0.247      -0.210
    MVS6O           -0.696      -0.660      -0.641      -0.545      -0.449      -0.430      -0.394

 CEN      BY
    MVS7             0.325       0.353       0.368       0.443       0.518       0.532       0.561
    MVS8             0.492       0.516       0.529       0.596       0.662       0.675       0.699
    MVS9             0.567       0.588       0.599       0.656       0.713       0.724       0.745
    MVS10O          -0.669      -0.624      -0.601      -0.479      -0.358      -0.335      -0.289
    MVS11O          -0.274      -0.238      -0.220      -0.125      -0.029      -0.011       0.025
    MVS12O          -0.707      -0.668      -0.648      -0.544      -0.440      -0.421      -0.382

 HAP      BY
    MVS13            0.646       0.666       0.676       0.727       0.779       0.789       0.808
    MVS14            0.709       0.734       0.747       0.813       0.880       0.893       0.918
    MVS15            0.369       0.395       0.409       0.478       0.548       0.562       0.588
    MVS16O          -0.484      -0.456      -0.442      -0.366      -0.291      -0.277      -0.248
    MVS17O          -0.705      -0.683      -0.672      -0.613      -0.553      -0.542      -0.520
    MVS18O          -0.709      -0.678      -0.662      -0.579      -0.496      -0.480      -0.449

 M        BY
    MVS1            -0.192      -0.132      -0.102       0.057       0.217       0.247       0.307
    MVS2            -0.124      -0.066      -0.037       0.117       0.271       0.301       0.359
    MVS3            -0.264      -0.197      -0.163       0.014       0.192       0.226       0.292
    MVS4O            0.056       0.110       0.137       0.282       0.426       0.453       0.507
    MVS5O            0.089       0.134       0.157       0.277       0.396       0.419       0.464
    MVS6O            0.040       0.103       0.134       0.301       0.467       0.499       0.561
    MVS7            -0.104      -0.056      -0.032       0.095       0.222       0.246       0.294
    MVS8            -0.157      -0.092      -0.058       0.117       0.292       0.326       0.391
    MVS9            -0.247      -0.181      -0.147       0.031       0.208       0.242       0.309
    MVS10O           0.195       0.247       0.273       0.411       0.550       0.576       0.628
    MVS11O           0.031       0.072       0.093       0.201       0.310       0.330       0.371
    MVS12O           0.090       0.147       0.176       0.329       0.481       0.510       0.567
    MVS13           -0.149      -0.080      -0.045       0.140       0.324       0.359       0.428
    MVS14           -0.083      -0.010       0.027       0.223       0.418       0.456       0.529
    MVS15           -0.079      -0.022       0.007       0.159       0.311       0.340       0.397
    MVS16O          -0.052      -0.009       0.012       0.126       0.240       0.262       0.305
    MVS17O          -0.113      -0.057      -0.028       0.123       0.273       0.302       0.358
    MVS18O           0.012       0.071       0.102       0.262       0.423       0.453       0.513

 SUC      WITH
    CEN              0.692       0.715       0.726       0.788       0.849       0.861       0.884
    HAP              0.646       0.668       0.679       0.738       0.796       0.807       0.829
    M                0.000       0.000       0.000       0.000       0.000       0.000       0.000

 CEN      WITH
    HAP              0.537       0.562       0.575       0.643       0.711       0.724       0.750
    M                0.000       0.000       0.000       0.000       0.000       0.000       0.000

 M        WITH
    HAP              0.000       0.000       0.000       0.000       0.000       0.000       0.000

 Intercepts
    MVS1             2.956       3.022       3.055       3.229       3.403       3.437       3.502
    MVS2             2.078       2.127       2.153       2.286       2.418       2.444       2.494
    MVS3             2.584       2.642       2.672       2.828       2.985       3.014       3.073
    MVS7             2.419       2.475       2.503       2.652       2.800       2.829       2.885
    MVS8             3.220       3.290       3.326       3.513       3.700       3.736       3.806
    MVS9             2.967       3.033       3.066       3.241       3.416       3.449       3.515
    MVS13            2.781       2.843       2.875       3.040       3.206       3.238       3.300
    MVS14            2.921       2.986       3.019       3.191       3.364       3.397       3.462
    MVS15            2.785       2.848       2.879       3.045       3.211       3.243       3.305
    MVS4O            2.847       2.910       2.942       3.111       3.280       3.313       3.376
    MVS5O            3.154       3.222       3.258       3.442       3.625       3.661       3.729
    MVS6O            2.624       2.683       2.713       2.872       3.030       3.060       3.119
    MVS10O           2.796       2.858       2.890       3.057       3.223       3.255       3.317
    MVS11O           2.396       2.452       2.480       2.627       2.775       2.803       2.858
    MVS12O           3.030       3.096       3.130       3.308       3.486       3.520       3.586
    MVS16O           3.607       3.684       3.724       3.930       4.137       4.176       4.254
    MVS17O           2.463       2.519       2.548       2.699       2.849       2.878       2.935
    MVS18O           3.196       3.265       3.301       3.487       3.673       3.708       3.778

 Variances
    SUC              1.000       1.000       1.000       1.000       1.000       1.000       1.000
    CEN              1.000       1.000       1.000       1.000       1.000       1.000       1.000
    HAP              1.000       1.000       1.000       1.000       1.000       1.000       1.000
    M                1.000       1.000       1.000       1.000       1.000       1.000       1.000

 Residual Variances
    MVS1             0.574       0.600       0.613       0.680       0.748       0.761       0.786
    MVS2             0.624       0.649       0.662       0.729       0.797       0.810       0.835
    MVS3             0.440       0.466       0.479       0.549       0.618       0.631       0.658
    MVS7             0.691       0.716       0.729       0.795       0.861       0.874       0.898
    MVS8             0.513       0.542       0.556       0.632       0.707       0.722       0.750
    MVS9             0.454       0.481       0.495       0.569       0.643       0.657       0.684
    MVS13            0.357       0.379       0.391       0.452       0.512       0.524       0.547
    MVS14            0.191       0.214       0.226       0.289       0.351       0.363       0.386
    MVS15            0.650       0.673       0.685       0.746       0.807       0.818       0.841
    MVS4O            0.549       0.575       0.588       0.658       0.727       0.740       0.766
    MVS5O            0.693       0.717       0.729       0.793       0.857       0.869       0.893
    MVS6O            0.502       0.529       0.542       0.613       0.683       0.696       0.723
    MVS10O           0.478       0.507       0.522       0.601       0.680       0.695       0.725
    MVS11O           0.879       0.894       0.902       0.944       0.986       0.994       1.009
    MVS12O           0.480       0.508       0.522       0.596       0.670       0.684       0.711
    MVS16O           0.764       0.784       0.795       0.850       0.905       0.915       0.936
    MVS17O           0.507       0.532       0.544       0.610       0.675       0.688       0.713
    MVS18O           0.482       0.509       0.523       0.596       0.669       0.683       0.710


STDY Standardization

                  Lower .5%  Lower 2.5%    Lower 5%    Estimate    Upper 5%  Upper 2.5%   Upper .5%

 SUC      BY
    MVS1             0.467       0.490       0.502       0.562       0.623       0.635       0.658
    MVS2             0.398       0.424       0.437       0.507       0.576       0.589       0.615
    MVS3             0.590       0.610       0.620       0.672       0.724       0.734       0.753
    MVS4O           -0.658      -0.623      -0.605      -0.513      -0.420      -0.403      -0.368
    MVS5O           -0.512      -0.476      -0.458      -0.361      -0.265      -0.247      -0.210
    MVS6O           -0.696      -0.660      -0.641      -0.545      -0.449      -0.430      -0.394

 CEN      BY
    MVS7             0.325       0.353       0.368       0.443       0.518       0.532       0.561
    MVS8             0.492       0.516       0.529       0.596       0.662       0.675       0.699
    MVS9             0.567       0.588       0.599       0.656       0.713       0.724       0.745
    MVS10O          -0.669      -0.624      -0.601      -0.479      -0.358      -0.335      -0.289
    MVS11O          -0.274      -0.238      -0.220      -0.125      -0.029      -0.011       0.025
    MVS12O          -0.707      -0.668      -0.648      -0.544      -0.440      -0.421      -0.382

 HAP      BY
    MVS13            0.646       0.666       0.676       0.727       0.779       0.789       0.808
    MVS14            0.709       0.734       0.747       0.813       0.880       0.893       0.918
    MVS15            0.369       0.395       0.409       0.478       0.548       0.562       0.588
    MVS16O          -0.484      -0.456      -0.442      -0.366      -0.291      -0.277      -0.248
    MVS17O          -0.705      -0.683      -0.672      -0.613      -0.553      -0.542      -0.520
    MVS18O          -0.709      -0.678      -0.662      -0.579      -0.496      -0.480      -0.449

 M        BY
    MVS1            -0.192      -0.132      -0.102       0.057       0.217       0.247       0.307
    MVS2            -0.124      -0.066      -0.037       0.117       0.271       0.301       0.359
    MVS3            -0.264      -0.197      -0.163       0.014       0.192       0.226       0.292
    MVS4O            0.056       0.110       0.137       0.282       0.426       0.453       0.507
    MVS5O            0.089       0.134       0.157       0.277       0.396       0.419       0.464
    MVS6O            0.040       0.103       0.134       0.301       0.467       0.499       0.561
    MVS7            -0.104      -0.056      -0.032       0.095       0.222       0.246       0.294
    MVS8            -0.157      -0.092      -0.058       0.117       0.292       0.326       0.391
    MVS9            -0.247      -0.181      -0.147       0.031       0.208       0.242       0.309
    MVS10O           0.195       0.247       0.273       0.411       0.550       0.576       0.628
    MVS11O           0.031       0.072       0.093       0.201       0.310       0.330       0.371
    MVS12O           0.090       0.147       0.176       0.329       0.481       0.510       0.567
    MVS13           -0.149      -0.080      -0.045       0.140       0.324       0.359       0.428
    MVS14           -0.083      -0.010       0.027       0.223       0.418       0.456       0.529
    MVS15           -0.079      -0.022       0.007       0.159       0.311       0.340       0.397
    MVS16O          -0.052      -0.009       0.012       0.126       0.240       0.262       0.305
    MVS17O          -0.113      -0.057      -0.028       0.123       0.273       0.302       0.358
    MVS18O           0.012       0.071       0.102       0.262       0.423       0.453       0.513

 SUC      WITH
    CEN              0.692       0.715       0.726       0.788       0.849       0.861       0.884
    HAP              0.646       0.668       0.679       0.738       0.796       0.807       0.829
    M                0.000       0.000       0.000       0.000       0.000       0.000       0.000

 CEN      WITH
    HAP              0.537       0.562       0.575       0.643       0.711       0.724       0.750
    M                0.000       0.000       0.000       0.000       0.000       0.000       0.000

 M        WITH
    HAP              0.000       0.000       0.000       0.000       0.000       0.000       0.000

 Intercepts
    MVS1             2.956       3.022       3.055       3.229       3.403       3.437       3.502
    MVS2             2.078       2.127       2.153       2.286       2.418       2.444       2.494
    MVS3             2.584       2.642       2.672       2.828       2.985       3.014       3.073
    MVS7             2.419       2.475       2.503       2.652       2.800       2.829       2.885
    MVS8             3.220       3.290       3.326       3.513       3.700       3.736       3.806
    MVS9             2.967       3.033       3.066       3.241       3.416       3.449       3.515
    MVS13            2.781       2.843       2.875       3.040       3.206       3.238       3.300
    MVS14            2.921       2.986       3.019       3.191       3.364       3.397       3.462
    MVS15            2.785       2.848       2.879       3.045       3.211       3.243       3.305
    MVS4O            2.847       2.910       2.942       3.111       3.280       3.313       3.376
    MVS5O            3.154       3.222       3.258       3.442       3.625       3.661       3.729
    MVS6O            2.624       2.683       2.713       2.872       3.030       3.060       3.119
    MVS10O           2.796       2.858       2.890       3.057       3.223       3.255       3.317
    MVS11O           2.396       2.452       2.480       2.627       2.775       2.803       2.858
    MVS12O           3.030       3.096       3.130       3.308       3.486       3.520       3.586
    MVS16O           3.607       3.684       3.724       3.930       4.137       4.176       4.254
    MVS17O           2.463       2.519       2.548       2.699       2.849       2.878       2.935
    MVS18O           3.196       3.265       3.301       3.487       3.673       3.708       3.778

 Variances
    SUC              1.000       1.000       1.000       1.000       1.000       1.000       1.000
    CEN              1.000       1.000       1.000       1.000       1.000       1.000       1.000
    HAP              1.000       1.000       1.000       1.000       1.000       1.000       1.000
    M                1.000       1.000       1.000       1.000       1.000       1.000       1.000

 Residual Variances
    MVS1             0.574       0.600       0.613       0.680       0.748       0.761       0.786
    MVS2             0.624       0.649       0.662       0.729       0.797       0.810       0.835
    MVS3             0.440       0.466       0.479       0.549       0.618       0.631       0.658
    MVS7             0.691       0.716       0.729       0.795       0.861       0.874       0.898
    MVS8             0.513       0.542       0.556       0.632       0.707       0.722       0.750
    MVS9             0.454       0.481       0.495       0.569       0.643       0.657       0.684
    MVS13            0.357       0.379       0.391       0.452       0.512       0.524       0.547
    MVS14            0.191       0.214       0.226       0.289       0.351       0.363       0.386
    MVS15            0.650       0.673       0.685       0.746       0.807       0.818       0.841
    MVS4O            0.549       0.575       0.588       0.658       0.727       0.740       0.766
    MVS5O            0.693       0.717       0.729       0.793       0.857       0.869       0.893
    MVS6O            0.502       0.529       0.542       0.613       0.683       0.696       0.723
    MVS10O           0.478       0.507       0.522       0.601       0.680       0.695       0.725
    MVS11O           0.879       0.894       0.902       0.944       0.986       0.994       1.009
    MVS12O           0.480       0.508       0.522       0.596       0.670       0.684       0.711
    MVS16O           0.764       0.784       0.795       0.850       0.905       0.915       0.936
    MVS17O           0.507       0.532       0.544       0.610       0.675       0.688       0.713
    MVS18O           0.482       0.509       0.523       0.596       0.669       0.683       0.710


STD Standardization

                  Lower .5%  Lower 2.5%    Lower 5%    Estimate    Upper 5%  Upper 2.5%   Upper .5%

 SUC      BY
    MVS1             0.464       0.493       0.508       0.585       0.662       0.677       0.706
    MVS2             0.395       0.426       0.442       0.524       0.606       0.622       0.653
    MVS3             0.612       0.641       0.656       0.733       0.810       0.825       0.854
    MVS4O           -0.663      -0.626      -0.607      -0.508      -0.409      -0.390      -0.353
    MVS5O           -0.495      -0.459      -0.441      -0.345      -0.249      -0.231      -0.195
    MVS6O           -0.685      -0.647      -0.628      -0.527      -0.427      -0.408      -0.370

 CEN      BY
    MVS7             0.307       0.338       0.353       0.435       0.516       0.532       0.563
    MVS8             0.467       0.496       0.511       0.590       0.669       0.684       0.714
    MVS9             0.550       0.578       0.592       0.668       0.743       0.757       0.786
    MVS10O          -0.655      -0.609      -0.586      -0.464      -0.343      -0.319      -0.274
    MVS11O          -0.254      -0.221      -0.204      -0.115      -0.026      -0.009       0.024
    MVS12O          -0.682      -0.643      -0.623      -0.518      -0.413      -0.392      -0.353

 HAP      BY
    MVS13            0.641       0.669       0.683       0.757       0.831       0.846       0.873
    MVS14            0.735       0.768       0.785       0.874       0.963       0.980       1.013
    MVS15            0.390       0.422       0.439       0.526       0.613       0.630       0.662
    MVS16O          -0.458      -0.430      -0.416      -0.341      -0.265      -0.251      -0.223
    MVS17O          -0.750      -0.721      -0.707      -0.630      -0.554      -0.539      -0.510
    MVS18O          -0.679      -0.646      -0.629      -0.543      -0.456      -0.439      -0.407

 M        BY
    MVS1            -0.200      -0.138      -0.106       0.060       0.225       0.257       0.319
    MVS2            -0.128      -0.069      -0.038       0.121       0.281       0.312       0.371
    MVS3            -0.288      -0.215      -0.178       0.015       0.209       0.246       0.319
    MVS4O            0.052       0.106       0.134       0.279       0.424       0.451       0.506
    MVS5O            0.082       0.125       0.148       0.264       0.381       0.403       0.447
    MVS6O            0.036       0.097       0.128       0.291       0.454       0.485       0.546
    MVS7            -0.103      -0.056      -0.032       0.093       0.218       0.242       0.289
    MVS8            -0.156      -0.091      -0.058       0.116       0.290       0.323       0.388
    MVS9            -0.252      -0.184      -0.150       0.031       0.212       0.247       0.315
    MVS10O           0.183       0.235       0.261       0.399       0.536       0.563       0.614
    MVS11O           0.027       0.065       0.084       0.186       0.287       0.307       0.345
    MVS12O           0.082       0.137       0.166       0.313       0.460       0.488       0.543
    MVS13           -0.156      -0.084      -0.047       0.145       0.338       0.374       0.446
    MVS14           -0.091      -0.012       0.028       0.239       0.451       0.491       0.570
    MVS15           -0.088      -0.025       0.007       0.175       0.343       0.375       0.438
    MVS16O          -0.049      -0.009       0.011       0.118       0.224       0.244       0.284
    MVS17O          -0.117      -0.059      -0.029       0.126       0.281       0.311       0.369
    MVS18O           0.009       0.065       0.094       0.246       0.398       0.427       0.483

 SUC      WITH
    CEN              0.692       0.715       0.726       0.788       0.849       0.861       0.884
    HAP              0.646       0.668       0.679       0.738       0.796       0.807       0.829
    M                0.000       0.000       0.000       0.000       0.000       0.000       0.000

 CEN      WITH
    HAP              0.537       0.562       0.575       0.643       0.711       0.724       0.750
    M                0.000       0.000       0.000       0.000       0.000       0.000       0.000

 M        WITH
    HAP              0.000       0.000       0.000       0.000       0.000       0.000       0.000

 Intercepts
    MVS1             3.245       3.273       3.287       3.359       3.432       3.446       3.473
    MVS2             2.250       2.277       2.291       2.363       2.435       2.449       2.476
    MVS3             2.967       2.996       3.010       3.087       3.163       3.178       3.206
    MVS7             2.497       2.523       2.536       2.605       2.673       2.686       2.712
    MVS8             3.373       3.399       3.413       3.482       3.551       3.564       3.590
    MVS9             3.188       3.215       3.228       3.300       3.371       3.384       3.411
    MVS13            3.052       3.079       3.093       3.166       3.239       3.253       3.280
    MVS14            3.312       3.340       3.354       3.430       3.505       3.519       3.547
    MVS15            3.228       3.257       3.272       3.348       3.425       3.440       3.469
    MVS4O            2.973       2.999       3.012       3.081       3.150       3.164       3.190
    MVS5O            3.182       3.207       3.220       3.287       3.354       3.367       3.392
    MVS6O            2.674       2.699       2.712       2.780       2.847       2.860       2.886
    MVS10O           2.856       2.881       2.894       2.962       3.030       3.043       3.068
    MVS11O           2.328       2.353       2.365       2.430       2.494       2.507       2.531
    MVS12O           3.042       3.067       3.080       3.146       3.213       3.225       3.250
    MVS16O           3.553       3.578       3.590       3.655       3.720       3.733       3.757
    MVS17O           2.664       2.691       2.704       2.776       2.848       2.862       2.889
    MVS18O           3.166       3.191       3.203       3.269       3.334       3.347       3.372

 Variances
    SUC              1.000       1.000       1.000       1.000       1.000       1.000       1.000
    CEN              1.000       1.000       1.000       1.000       1.000       1.000       1.000
    HAP              1.000       1.000       1.000       1.000       1.000       1.000       1.000
    M                1.000       1.000       1.000       1.000       1.000       1.000       1.000

 Residual Variances
    MVS1             0.603       0.634       0.651       0.736       0.822       0.838       0.870
    MVS2             0.640       0.673       0.690       0.780       0.869       0.886       0.919
    MVS3             0.520       0.552       0.568       0.653       0.739       0.755       0.787
    MVS7             0.632       0.664       0.681       0.767       0.853       0.870       0.902
    MVS8             0.494       0.525       0.540       0.621       0.701       0.717       0.747
    MVS9             0.465       0.495       0.510       0.590       0.669       0.684       0.714
    MVS13            0.390       0.414       0.426       0.490       0.554       0.566       0.590
    MVS14            0.226       0.252       0.265       0.333       0.402       0.415       0.441
    MVS15            0.750       0.786       0.805       0.902       0.998       1.017       1.053
    MVS4O            0.525       0.554       0.568       0.645       0.722       0.736       0.765
    MVS5O            0.598       0.628       0.643       0.723       0.803       0.818       0.848
    MVS6O            0.463       0.489       0.503       0.574       0.645       0.659       0.686
    MVS10O           0.442       0.471       0.486       0.565       0.643       0.658       0.687
    MVS11O           0.677       0.708       0.724       0.807       0.891       0.906       0.938
    MVS12O           0.428       0.455       0.468       0.539       0.610       0.623       0.650
    MVS16O           0.614       0.643       0.658       0.735       0.812       0.827       0.856
    MVS17O           0.527       0.555       0.570       0.645       0.721       0.735       0.764
    MVS18O           0.417       0.443       0.456       0.524       0.592       0.605       0.630


MODEL COMMAND WITH FINAL ESTIMATES USED AS STARTING VALUES

     suc BY mvs1*0.58513 (l1);
     suc BY mvs2*0.52383 (l2);
     suc BY mvs3*0.73312 (l3);
     suc BY mvs4o*-0.50804 (l4);
     suc BY mvs5o*-0.34507 (l5);
     suc BY mvs6o*-0.52744 (l6);
     cen BY mvs7*0.43496 (l7);
     cen BY mvs8*0.59029 (l8);
     cen BY mvs9*0.66769 (l9);
     cen BY mvs10o*-0.46428 (l10);
     cen BY mvs11o*-0.11523 (l11);
     cen BY mvs12o*-0.51761 (l12);
     hap BY mvs13*0.75725 (l13);
     hap BY mvs14*0.87414 (l14);
     hap BY mvs15*0.52612 (l15);
     hap BY mvs16o*-0.34068 (l16);
     hap BY mvs17o*-0.63012 (l17);
     hap BY mvs18o*-0.54279 (l18);
     m BY mvs1*0.05956;
     m BY mvs2*0.12139;
     m BY mvs3*0.01546;
     m BY mvs4o*0.27889;
     m BY mvs5o*0.26426;
     m BY mvs6o*0.29120;
     m BY mvs7*0.09325;
     m BY mvs8*0.11592;
     m BY mvs9*0.03128;
     m BY mvs10o*0.39866;
     m BY mvs11o*0.18593;
     m BY mvs12o*0.31271;
     m BY mvs13*0.14540;
     m BY mvs14*0.23944;
     m BY mvs15*0.17485;
     m BY mvs16o*0.11755;
     m BY mvs17o*0.12606;
     m BY mvs18o*0.24600;

     suc WITH cen*0.78767;
     suc WITH hap*0.73784;
     suc WITH m@0;
     cen WITH hap*0.64325;
     cen WITH m@0;
     m WITH hap@0;

     [ mvs1*3.35921 ];
     [ mvs2*2.36282 ];
     [ mvs3*3.08664 ];
     [ mvs7*2.60469 ];
     [ mvs8*3.48195 ];
     [ mvs9*3.29964 ];
     [ mvs13*3.16606 ];
     [ mvs14*3.42960 ];
     [ mvs15*3.34838 ];
     [ mvs4o*3.08123 ];
     [ mvs5o*3.28700 ];
     [ mvs6o*2.77978 ];
     [ mvs10o*2.96209 ];
     [ mvs11o*2.42960 ];
     [ mvs12o*3.14621 ];
     [ mvs16o*3.65523 ];
     [ mvs17o*2.77617 ];
     [ mvs18o*3.26895 ];

     mvs1*0.73623 (ev1);
     mvs2*0.77959 (ev2);
     mvs3*0.65335 (ev3);
     mvs7*0.76678 (ev7);
     mvs8*0.62065 (ev8);
     mvs9*0.58979 (ev9);
     mvs13*0.48977 (ev13);
     mvs14*0.33335 (ev14);
     mvs15*0.90159 (ev15);
     mvs4o*0.64489 (ev4);
     mvs5o*0.72331 (ev5);
     mvs6o*0.57408 (ev6);
     mvs10o*0.56451 (ev10);
     mvs11o*0.80731 (ev11);
     mvs12o*0.53890 (ev12);
     mvs16o*0.73501 (ev16);
     mvs17o*0.64526 (ev17);
     mvs18o*0.52379 (ev18);
     suc@1;
     cen@1;
     hap@1;
     m@1;



TECHNICAL 1 OUTPUT


     PARAMETER SPECIFICATION


           NU
              MVS1          MVS2          MVS3          MVS7          MVS8
              ________      ________      ________      ________      ________
                  1             2             3             4             5


           NU
              MVS9          MVS13         MVS14         MVS15         MVS4O
              ________      ________      ________      ________      ________
                  6             7             8             9            10


           NU
              MVS5O         MVS6O         MVS10O        MVS11O        MVS12O
              ________      ________      ________      ________      ________
                 11            12            13            14            15


           NU
              MVS16O        MVS17O        MVS18O
              ________      ________      ________
                 16            17            18


           LAMBDA
              SUC           CEN           HAP           M
              ________      ________      ________      ________
 MVS1              19             0             0            20
 MVS2              21             0             0            22
 MVS3              23             0             0            24
 MVS7               0            25             0            26
 MVS8               0            27             0            28
 MVS9               0            29             0            30
 MVS13              0             0            31            32
 MVS14              0             0            33            34
 MVS15              0             0            35            36
 MVS4O             37             0             0            38
 MVS5O             39             0             0            40
 MVS6O             41             0             0            42
 MVS10O             0            43             0            44
 MVS11O             0            45             0            46
 MVS12O             0            47             0            48
 MVS16O             0             0            49            50
 MVS17O             0             0            51            52
 MVS18O             0             0            53            54


           THETA
              MVS1          MVS2          MVS3          MVS7          MVS8
              ________      ________      ________      ________      ________
 MVS1              55
 MVS2               0            56
 MVS3               0             0            57
 MVS7               0             0             0            58
 MVS8               0             0             0             0            59
 MVS9               0             0             0             0             0
 MVS13              0             0             0             0             0
 MVS14              0             0             0             0             0
 MVS15              0             0             0             0             0
 MVS4O              0             0             0             0             0
 MVS5O              0             0             0             0             0
 MVS6O              0             0             0             0             0
 MVS10O             0             0             0             0             0
 MVS11O             0             0             0             0             0
 MVS12O             0             0             0             0             0
 MVS16O             0             0             0             0             0
 MVS17O             0             0             0             0             0
 MVS18O             0             0             0             0             0


           THETA
              MVS9          MVS13         MVS14         MVS15         MVS4O
              ________      ________      ________      ________      ________
 MVS9              60
 MVS13              0            61
 MVS14              0             0            62
 MVS15              0             0             0            63
 MVS4O              0             0             0             0            64
 MVS5O              0             0             0             0             0
 MVS6O              0             0             0             0             0
 MVS10O             0             0             0             0             0
 MVS11O             0             0             0             0             0
 MVS12O             0             0             0             0             0
 MVS16O             0             0             0             0             0
 MVS17O             0             0             0             0             0
 MVS18O             0             0             0             0             0


           THETA
              MVS5O         MVS6O         MVS10O        MVS11O        MVS12O
              ________      ________      ________      ________      ________
 MVS5O             65
 MVS6O              0            66
 MVS10O             0             0            67
 MVS11O             0             0             0            68
 MVS12O             0             0             0             0            69
 MVS16O             0             0             0             0             0
 MVS17O             0             0             0             0             0
 MVS18O             0             0             0             0             0


           THETA
              MVS16O        MVS17O        MVS18O
              ________      ________      ________
 MVS16O            70
 MVS17O             0            71
 MVS18O             0             0            72


           ALPHA
              SUC           CEN           HAP           M
              ________      ________      ________      ________
                  0             0             0             0


           BETA
              SUC           CEN           HAP           M
              ________      ________      ________      ________
 SUC                0             0             0             0
 CEN                0             0             0             0
 HAP                0             0             0             0
 M                  0             0             0             0


           PSI
              SUC           CEN           HAP           M
              ________      ________      ________      ________
 SUC                0
 CEN               73             0
 HAP               74            75             0
 M                  0             0             0             0


     STARTING VALUES


           NU
              MVS1          MVS2          MVS3          MVS7          MVS8
              ________      ________      ________      ________      ________
                3.359         2.363         3.087         2.605         3.482


           NU
              MVS9          MVS13         MVS14         MVS15         MVS4O
              ________      ________      ________      ________      ________
                3.300         3.166         3.430         3.348         3.081


           NU
              MVS5O         MVS6O         MVS10O        MVS11O        MVS12O
              ________      ________      ________      ________      ________
                3.287         2.780         2.962         2.430         3.146


           NU
              MVS16O        MVS17O        MVS18O
              ________      ________      ________
                3.655         2.776         3.269


           LAMBDA
              SUC           CEN           HAP           M
              ________      ________      ________      ________
 MVS1           1.000         0.000         0.000         1.000
 MVS2           1.000         0.000         0.000         1.000
 MVS3           1.000         0.000         0.000         1.000
 MVS7           0.000         1.000         0.000         1.000
 MVS8           0.000         1.000         0.000         1.000
 MVS9           0.000         1.000         0.000         1.000
 MVS13          0.000         0.000         1.000         1.000
 MVS14          0.000         0.000         1.000         1.000
 MVS15          0.000         0.000         1.000         1.000
 MVS4O          1.000         0.000         0.000         1.000
 MVS5O          1.000         0.000         0.000         1.000
 MVS6O          1.000         0.000         0.000         1.000
 MVS10O         0.000         1.000         0.000         1.000
 MVS11O         0.000         1.000         0.000         1.000
 MVS12O         0.000         1.000         0.000         1.000
 MVS16O         0.000         0.000         1.000         1.000
 MVS17O         0.000         0.000         1.000         1.000
 MVS18O         0.000         0.000         1.000         1.000


           THETA
              MVS1          MVS2          MVS3          MVS7          MVS8
              ________      ________      ________      ________      ________
 MVS1           0.541
 MVS2           0.000         0.534
 MVS3           0.000         0.000         0.596
 MVS7           0.000         0.000         0.000         0.482
 MVS8           0.000         0.000         0.000         0.000         0.491
 MVS9           0.000         0.000         0.000         0.000         0.000
 MVS13          0.000         0.000         0.000         0.000         0.000
 MVS14          0.000         0.000         0.000         0.000         0.000
 MVS15          0.000         0.000         0.000         0.000         0.000
 MVS4O          0.000         0.000         0.000         0.000         0.000
 MVS5O          0.000         0.000         0.000         0.000         0.000
 MVS6O          0.000         0.000         0.000         0.000         0.000
 MVS10O         0.000         0.000         0.000         0.000         0.000
 MVS11O         0.000         0.000         0.000         0.000         0.000
 MVS12O         0.000         0.000         0.000         0.000         0.000
 MVS16O         0.000         0.000         0.000         0.000         0.000
 MVS17O         0.000         0.000         0.000         0.000         0.000
 MVS18O         0.000         0.000         0.000         0.000         0.000


           THETA
              MVS9          MVS13         MVS14         MVS15         MVS4O
              ________      ________      ________      ________      ________
 MVS9           0.518
 MVS13          0.000         0.542
 MVS14          0.000         0.000         0.577
 MVS15          0.000         0.000         0.000         0.604
 MVS4O          0.000         0.000         0.000         0.000         0.490
 MVS5O          0.000         0.000         0.000         0.000         0.000
 MVS6O          0.000         0.000         0.000         0.000         0.000
 MVS10O         0.000         0.000         0.000         0.000         0.000
 MVS11O         0.000         0.000         0.000         0.000         0.000
 MVS12O         0.000         0.000         0.000         0.000         0.000
 MVS16O         0.000         0.000         0.000         0.000         0.000
 MVS17O         0.000         0.000         0.000         0.000         0.000
 MVS18O         0.000         0.000         0.000         0.000         0.000


           THETA
              MVS5O         MVS6O         MVS10O        MVS11O        MVS12O
              ________      ________      ________      ________      ________
 MVS5O          0.456
 MVS6O          0.000         0.469
 MVS10O         0.000         0.000         0.469
 MVS11O         0.000         0.000         0.000         0.428
 MVS12O         0.000         0.000         0.000         0.000         0.452
 MVS16O         0.000         0.000         0.000         0.000         0.000
 MVS17O         0.000         0.000         0.000         0.000         0.000
 MVS18O         0.000         0.000         0.000         0.000         0.000


           THETA
              MVS16O        MVS17O        MVS18O
              ________      ________      ________
 MVS16O         0.432
 MVS17O         0.000         0.529
 MVS18O         0.000         0.000         0.439


           ALPHA
              SUC           CEN           HAP           M
              ________      ________      ________      ________
                0.000         0.000         0.000         0.000


           BETA
              SUC           CEN           HAP           M
              ________      ________      ________      ________
 SUC            0.000         0.000         0.000         0.000
 CEN            0.000         0.000         0.000         0.000
 HAP            0.000         0.000         0.000         0.000
 M              0.000         0.000         0.000         0.000


           PSI
              SUC           CEN           HAP           M
              ________      ________      ________      ________
 SUC            1.000
 CEN            0.000         1.000
 HAP            0.000         0.000         1.000
 M              0.000         0.000         0.000         1.000


DIAGRAM INFORMATION

  Use View Diagram under the Diagram menu in the Mplus Editor to view the diagram.
  If running Mplus from the Mplus Diagrammer, the diagram opens automatically.

  Diagram output
    c:\users\jxb14\dropbox (personal)\consumeropinions\feb18oct18\18items\metric\singlegroup\02-t3m1-metric-ml.dgm

     Beginning Time:  17:52:06
        Ending Time:  17:52:07
       Elapsed Time:  00:00:01



MUTHEN & MUTHEN
3463 Stoner Ave.
Los Angeles, CA  90066

Tel: (310) 391-9971
Fax: (310) 391-8971
Web: www.StatModel.com
Support: Support@StatModel.com

Copyright (c) 1998-2018 Muthen & Muthen
