Mplus VERSION 8.2
MUTHEN & MUTHEN
12/13/2018   5:55 PM

INPUT INSTRUCTIONS

  TITLE: cfa with metric data (18 items)
         one method factor for regular items

  DATA: file = mvs.dat;

  VARIABLE:
    names = idnum satopt ars ars01 im mvs1-mvs18;
    usevar = mvs1 mvs2 mvs3 mvs7 mvs8 mvs9 mvs13 mvs14 mvs15
             mvs4o mvs5o mvs6o mvs10o mvs11o mvs12o mvs16o mvs17o mvs18o;

    missing = all(-99);

  DEFINE:

    mvs4o=6-mvs4;
    mvs5o=6-mvs5;
    mvs6o=6-mvs6;
    mvs10o=6-mvs10;
    mvs11o=6-mvs11;
    mvs12o=6-mvs12;
    mvs16o=6-mvs16;
    mvs17o=6-mvs17;
    mvs18o=6-mvs18;

  ANALYSIS:

    ESTIMATOR=ML;

  MODEL:

    SUC BY mvs1*1 (l1)
           mvs2 (l2)
           mvs3 (l3)
           mvs4o (l4)
           mvs5o (l5)
           mvs6o (l6);
    CEN BY mvs7*1 (l7)
           mvs8 (l8)
           mvs9 (l9)
           mvs10o (l10)
           mvs11o (l11)
           mvs12o (l12);
    HAP BY mvs13*1 (l13)
           mvs14 (l14)
           mvs15 (l15)
           mvs16o (l16)
           mvs17o (l17)
           mvs18o (l18);

    Pos BY mvs1*1
           mvs2
           mvs3
           mvs7
           mvs8
           mvs9
           mvs13
           mvs14
           mvs15;

    SUC@1;
    CEN@1;
    HAP@1;
    Pos@1;

    SUC WITH CEN;
    SUC WITH HAP;
    CEN WITH HAP;

    Pos WITH SUC@0;
    Pos WITH CEN@0;
    Pos WITH HAP@0;

    mvs1 (ev1);
    mvs2 (ev2);
    mvs3 (ev3);
    mvs4o (ev4);
    mvs5o (ev5);
    mvs6o (ev6);
    mvs7 (ev7);
    mvs8 (ev8);
    mvs9 (ev9);
    mvs10o (ev10);
    mvs11o (ev11);
    mvs12o (ev12);
    mvs13 (ev13);
    mvs14 (ev14);
    mvs15 (ev15);
    mvs16o (ev16);
    mvs17o (ev17);
    mvs18o (ev18);

  MODEL CONSTRAINT:

    l4<0;
    l10<0;
    l16<0;

  OUTPUT: TECH1 MOD (3.84) svalues CINTERVAL standardized;





*** WARNING in OUTPUT command
  MODINDICES option is not available in conjunction with nonlinear constraints
  through the use of MODEL CONSTRAINT.  Request for MODINDICES is ignored.
   1 WARNING(S) FOUND IN THE INPUT INSTRUCTIONS



cfa with metric data (18 items)
one method factor for regular items

SUMMARY OF ANALYSIS

Number of groups                                                 1
Number of observations                                         554

Number of dependent variables                                   18
Number of independent variables                                  0
Number of continuous latent variables                            4

Observed dependent variables

  Continuous
   MVS1        MVS2        MVS3        MVS7        MVS8        MVS9
   MVS13       MVS14       MVS15       MVS4O       MVS5O       MVS6O
   MVS10O      MVS11O      MVS12O      MVS16O      MVS17O      MVS18O

Continuous latent variables
   SUC         CEN         HAP         POS


Estimator                                                       ML
Information matrix                                        OBSERVED
Maximum number of iterations                                  1000
Convergence criterion                                    0.500D-04
Maximum number of steepest descent iterations                   20
Maximum number of iterations for H1                           2000
Convergence criterion for H1                             0.100D-03

Input data file(s)
  mvs.dat

Input data format  FREE


SUMMARY OF DATA

     Number of missing data patterns             1


COVARIANCE COVERAGE OF DATA

Minimum covariance coverage value   0.100


     PROPORTION OF DATA PRESENT


           Covariance Coverage
              MVS1          MVS2          MVS3          MVS7          MVS8
              ________      ________      ________      ________      ________
 MVS1           1.000
 MVS2           1.000         1.000
 MVS3           1.000         1.000         1.000
 MVS7           1.000         1.000         1.000         1.000
 MVS8           1.000         1.000         1.000         1.000         1.000
 MVS9           1.000         1.000         1.000         1.000         1.000
 MVS13          1.000         1.000         1.000         1.000         1.000
 MVS14          1.000         1.000         1.000         1.000         1.000
 MVS15          1.000         1.000         1.000         1.000         1.000
 MVS4O          1.000         1.000         1.000         1.000         1.000
 MVS5O          1.000         1.000         1.000         1.000         1.000
 MVS6O          1.000         1.000         1.000         1.000         1.000
 MVS10O         1.000         1.000         1.000         1.000         1.000
 MVS11O         1.000         1.000         1.000         1.000         1.000
 MVS12O         1.000         1.000         1.000         1.000         1.000
 MVS16O         1.000         1.000         1.000         1.000         1.000
 MVS17O         1.000         1.000         1.000         1.000         1.000
 MVS18O         1.000         1.000         1.000         1.000         1.000


           Covariance Coverage
              MVS9          MVS13         MVS14         MVS15         MVS4O
              ________      ________      ________      ________      ________
 MVS9           1.000
 MVS13          1.000         1.000
 MVS14          1.000         1.000         1.000
 MVS15          1.000         1.000         1.000         1.000
 MVS4O          1.000         1.000         1.000         1.000         1.000
 MVS5O          1.000         1.000         1.000         1.000         1.000
 MVS6O          1.000         1.000         1.000         1.000         1.000
 MVS10O         1.000         1.000         1.000         1.000         1.000
 MVS11O         1.000         1.000         1.000         1.000         1.000
 MVS12O         1.000         1.000         1.000         1.000         1.000
 MVS16O         1.000         1.000         1.000         1.000         1.000
 MVS17O         1.000         1.000         1.000         1.000         1.000
 MVS18O         1.000         1.000         1.000         1.000         1.000


           Covariance Coverage
              MVS5O         MVS6O         MVS10O        MVS11O        MVS12O
              ________      ________      ________      ________      ________
 MVS5O          1.000
 MVS6O          1.000         1.000
 MVS10O         1.000         1.000         1.000
 MVS11O         1.000         1.000         1.000         1.000
 MVS12O         1.000         1.000         1.000         1.000         1.000
 MVS16O         1.000         1.000         1.000         1.000         1.000
 MVS17O         1.000         1.000         1.000         1.000         1.000
 MVS18O         1.000         1.000         1.000         1.000         1.000


           Covariance Coverage
              MVS16O        MVS17O        MVS18O
              ________      ________      ________
 MVS16O         1.000
 MVS17O         1.000         1.000
 MVS18O         1.000         1.000         1.000



UNIVARIATE SAMPLE STATISTICS


     UNIVARIATE HIGHER-ORDER MOMENT DESCRIPTIVE STATISTICS

         Variable/         Mean/     Skewness/   Minimum/ % with                Percentiles
        Sample Size      Variance    Kurtosis    Maximum  Min/Max      20%/60%    40%/80%    Median

     MVS1                  3.359      -0.412       1.000    3.97%       2.000      3.000      4.000
             554.000       1.082      -0.647       5.000   10.47%       4.000      4.000
     MVS2                  2.363       0.467       1.000   20.76%       1.000      2.000      2.000
             554.000       1.069      -0.629       5.000    1.62%       2.000      3.000
     MVS3                  3.087      -0.280       1.000    7.94%       2.000      3.000      3.000
             554.000       1.191      -0.959       5.000    5.60%       4.000      4.000
     MVS7                  2.605       0.467       1.000    9.39%       2.000      2.000      2.000
             554.000       0.965      -0.413       5.000    3.25%       3.000      4.000
     MVS8                  3.482      -0.467       1.000    2.17%       2.000      3.000      4.000
             554.000       0.983      -0.535       5.000   12.09%       4.000      4.000
     MVS9                  3.300      -0.214       1.000    3.07%       2.000      3.000      3.000
             554.000       1.037      -0.735       5.000   10.29%       4.000      4.000
     MVS13                 3.166      -0.172       1.000    3.61%       2.000      3.000      3.000
             554.000       1.084      -1.048       5.000    6.68%       4.000      4.000
     MVS14                 3.430      -0.350       1.000    2.89%       2.000      3.000      4.000
             554.000       1.155      -0.845       5.000   14.62%       4.000      4.000
     MVS15                 3.348      -0.362       1.000    4.51%       2.000      3.000      4.000
             554.000       1.209      -0.851       5.000   12.45%       4.000      4.000
     MVS4O                 3.081       0.105       1.000    1.81%       2.000      3.000      3.000
             554.000       0.981      -1.057       5.000    6.14%       3.000      4.000
     MVS5O                 3.287      -0.201       1.000    1.62%       2.000      3.000      3.000
             554.000       0.912      -0.811       5.000    7.40%       4.000      4.000
     MVS6O                 2.780       0.344       1.000    4.33%       2.000      2.000      3.000
             554.000       0.937      -0.916       5.000    2.71%       3.000      4.000
     MVS10O                2.962       0.064       1.000    3.43%       2.000      3.000      3.000
             554.000       0.939      -1.024       5.000    3.25%       3.000      4.000
     MVS11O                2.430       0.652       1.000   10.83%       2.000      2.000      2.000
             554.000       0.855      -0.191       5.000    1.44%       2.000      3.000
     MVS12O                3.146      -0.043       1.000    1.99%       2.000      3.000      3.000
             554.000       0.905      -0.873       5.000    5.60%       4.000      4.000
     MVS16O                3.655      -0.733       1.000    1.81%       3.000      4.000      4.000
             554.000       0.865       0.120       5.000   14.08%       4.000      4.000
     MVS17O                2.776       0.418       1.000    5.78%       2.000      2.000      2.500
             554.000       1.058      -0.772       5.000    5.05%       3.000      4.000
     MVS18O                3.269      -0.203       1.000    1.44%       2.000      3.000      3.000
             554.000       0.879      -0.831       5.000    6.32%       4.000      4.000


THE MODEL ESTIMATION TERMINATED NORMALLY



MODEL FIT INFORMATION

Number of Free Parameters                       66

Loglikelihood

          H0 Value                      -13060.452
          H1 Value                      -12930.493

Information Criteria

          Akaike (AIC)                   26252.903
          Bayesian (BIC)                 26537.836
          Sample-Size Adjusted BIC       26328.322
            (n* = (n + 2) / 24)

Chi-Square Test of Model Fit

          Value                            259.918
          Degrees of Freedom                   123
          P-Value                           0.0000

RMSEA (Root Mean Square Error Of Approximation)

          Estimate                           0.045
          90 Percent C.I.                    0.037  0.052
          Probability RMSEA <= .05           0.866

CFI/TLI

          CFI                                0.940
          TLI                                0.926

Chi-Square Test of Model Fit for the Baseline Model

          Value                           2440.337
          Degrees of Freedom                   153
          P-Value                           0.0000

SRMR (Standardized Root Mean Square Residual)

          Value                              0.042



MODEL RESULTS

                                                    Two-Tailed
                    Estimate       S.E.  Est./S.E.    P-Value

 SUC      BY
    MVS1               0.499      0.048     10.457      0.000
    MVS2               0.408      0.048      8.426      0.000
    MVS3               0.640      0.049     13.139      0.000
    MVS4O             -0.594      0.044    -13.401      0.000
    MVS5O             -0.430      0.044     -9.720      0.000
    MVS6O             -0.606      0.043    -14.094      0.000

 CEN      BY
    MVS7               0.347      0.047      7.301      0.000
    MVS8               0.457      0.046      9.916      0.000
    MVS9               0.565      0.047     12.079      0.000
    MVS10O            -0.595      0.044    -13.412      0.000
    MVS11O            -0.186      0.046     -4.065      0.000
    MVS12O            -0.624      0.044    -14.334      0.000

 HAP      BY
    MVS13              0.649      0.045     14.350      0.000
    MVS14              0.719      0.045     15.809      0.000
    MVS15              0.405      0.052      7.740      0.000
    MVS16O            -0.383      0.044     -8.784      0.000
    MVS17O            -0.683      0.045    -15.116      0.000
    MVS18O            -0.573      0.043    -13.400      0.000

 POS      BY
    MVS1               0.311      0.055      5.630      0.000
    MVS2               0.360      0.055      6.500      0.000
    MVS3               0.358      0.056      6.371      0.000
    MVS7               0.265      0.054      4.928      0.000
    MVS8               0.417      0.052      8.016      0.000
    MVS9               0.370      0.053      6.976      0.000
    MVS13              0.418      0.050      8.347      0.000
    MVS14              0.512      0.051     10.088      0.000
    MVS15              0.388      0.060      6.459      0.000

 SUC      WITH
    CEN                0.781      0.038     20.597      0.000
    HAP                0.688      0.039     17.460      0.000
    POS                0.000      0.000    999.000    999.000

 CEN      WITH
    HAP                0.566      0.047     12.060      0.000
    POS                0.000      0.000    999.000    999.000

 POS      WITH
    HAP                0.000      0.000    999.000    999.000

 Intercepts
    MVS1               3.359      0.044     75.551      0.000
    MVS2               2.363      0.044     53.488      0.000
    MVS3               3.087      0.047     66.037      0.000
    MVS7               2.605      0.042     62.062      0.000
    MVS8               3.482      0.043     81.726      0.000
    MVS9               3.300      0.044     75.367      0.000
    MVS13              3.166      0.044     71.616      0.000
    MVS14              3.430      0.046     75.188      0.000
    MVS15              3.348      0.047     71.705      0.000
    MVS4O              3.081      0.042     73.231      0.000
    MVS5O              3.287      0.041     81.004      0.000
    MVS6O              2.780      0.041     67.589      0.000
    MVS10O             2.962      0.041     71.949      0.000
    MVS11O             2.430      0.039     61.840      0.000
    MVS12O             3.146      0.040     77.858      0.000
    MVS16O             3.655      0.040     92.510      0.000
    MVS17O             2.776      0.044     63.520      0.000
    MVS18O             3.269      0.040     82.070      0.000

 Variances
    SUC                1.000      0.000    999.000    999.000
    CEN                1.000      0.000    999.000    999.000
    HAP                1.000      0.000    999.000    999.000
    POS                1.000      0.000    999.000    999.000

 Residual Variances
    MVS1               0.750      0.051     14.731      0.000
    MVS2               0.785      0.053     14.796      0.000
    MVS3               0.673      0.050     13.371      0.000
    MVS7               0.785      0.051     15.405      0.000
    MVS8               0.623      0.047     13.235      0.000
    MVS9               0.606      0.046     13.087      0.000
    MVS13              0.487      0.038     12.791      0.000
    MVS14              0.373      0.039      9.651      0.000
    MVS15              0.894      0.059     15.149      0.000
    MVS4O              0.628      0.046     13.574      0.000
    MVS5O              0.727      0.048     15.274      0.000
    MVS6O              0.570      0.043     13.097      0.000
    MVS10O             0.585      0.046     12.845      0.000
    MVS11O             0.821      0.050     16.379      0.000
    MVS12O             0.515      0.044     11.756      0.000
    MVS16O             0.718      0.046     15.539      0.000
    MVS17O             0.591      0.048     12.325      0.000
    MVS18O             0.551      0.042     12.997      0.000


STANDARDIZED MODEL RESULTS


STDYX Standardization

                                                    Two-Tailed
                    Estimate       S.E.  Est./S.E.    P-Value

 SUC      BY
    MVS1               0.476      0.039     12.065      0.000
    MVS2               0.392      0.042      9.268      0.000
    MVS3               0.581      0.036     16.356      0.000
    MVS4O             -0.599      0.036    -16.881      0.000
    MVS5O             -0.451      0.041    -11.013      0.000
    MVS6O             -0.626      0.034    -18.153      0.000

 CEN      BY
    MVS7               0.351      0.045      7.857      0.000
    MVS8               0.455      0.040     11.290      0.000
    MVS9               0.548      0.038     14.547      0.000
    MVS10O            -0.614      0.036    -16.826      0.000
    MVS11O            -0.201      0.048     -4.156      0.000
    MVS12O            -0.656      0.036    -18.452      0.000

 HAP      BY
    MVS13              0.623      0.034     18.233      0.000
    MVS14              0.670      0.032     20.799      0.000
    MVS15              0.368      0.044      8.348      0.000
    MVS16O            -0.411      0.042     -9.732      0.000
    MVS17O            -0.664      0.033    -20.138      0.000
    MVS18O            -0.611      0.036    -16.820      0.000

 POS      BY
    MVS1               0.297      0.051      5.840      0.000
    MVS2               0.346      0.051      6.832      0.000
    MVS3               0.325      0.049      6.631      0.000
    MVS7               0.269      0.053      5.097      0.000
    MVS8               0.416      0.048      8.619      0.000
    MVS9               0.359      0.049      7.358      0.000
    MVS13              0.402      0.046      8.752      0.000
    MVS14              0.477      0.045     10.699      0.000
    MVS15              0.353      0.052      6.757      0.000

 SUC      WITH
    CEN                0.781      0.038     20.597      0.000
    HAP                0.688      0.039     17.460      0.000
    POS                0.000      0.000    999.000    999.000

 CEN      WITH
    HAP                0.566      0.047     12.060      0.000
    POS                0.000      0.000    999.000    999.000

 POS      WITH
    HAP                0.000      0.000    999.000    999.000

 Intercepts
    MVS1               3.210      0.106     30.265      0.000
    MVS2               2.272      0.081     28.099      0.000
    MVS3               2.806      0.095     29.538      0.000
    MVS7               2.637      0.091     29.112      0.000
    MVS8               3.472      0.114     30.453      0.000
    MVS9               3.202      0.106     30.105      0.000
    MVS13              3.043      0.100     30.365      0.000
    MVS14              3.194      0.104     30.728      0.000
    MVS15              3.046      0.101     30.250      0.000
    MVS4O              3.111      0.103     30.303      0.000
    MVS5O              3.442      0.112     30.788      0.000
    MVS6O              2.872      0.096     29.861      0.000
    MVS10O             3.057      0.101     30.210      0.000
    MVS11O             2.627      0.090     29.310      0.000
    MVS12O             3.308      0.108     30.606      0.000
    MVS16O             3.930      0.125     31.321      0.000
    MVS17O             2.699      0.092     29.483      0.000
    MVS18O             3.487      0.113     30.846      0.000

 Variances
    SUC                1.000      0.000    999.000    999.000
    CEN                1.000      0.000    999.000    999.000
    HAP                1.000      0.000    999.000    999.000
    POS                1.000      0.000    999.000    999.000

 Residual Variances
    MVS1               0.685      0.040     17.111      0.000
    MVS2               0.726      0.040     18.048      0.000
    MVS3               0.556      0.041     13.567      0.000
    MVS7               0.805      0.038     21.453      0.000
    MVS8               0.620      0.045     13.898      0.000
    MVS9               0.571      0.043     13.252      0.000
    MVS13              0.450      0.036     12.451      0.000
    MVS14              0.324      0.036      9.028      0.000
    MVS15              0.740      0.038     19.571      0.000
    MVS4O              0.641      0.043     15.057      0.000
    MVS5O              0.797      0.037     21.602      0.000
    MVS6O              0.608      0.043     14.071      0.000
    MVS10O             0.623      0.045     13.904      0.000
    MVS11O             0.960      0.019     49.489      0.000
    MVS12O             0.569      0.047     12.184      0.000
    MVS16O             0.831      0.035     23.878      0.000
    MVS17O             0.559      0.044     12.741      0.000
    MVS18O             0.627      0.044     14.139      0.000


STDY Standardization

                                                    Two-Tailed
                    Estimate       S.E.  Est./S.E.    P-Value

 SUC      BY
    MVS1               0.476      0.039     12.065      0.000
    MVS2               0.392      0.042      9.268      0.000
    MVS3               0.581      0.036     16.356      0.000
    MVS4O             -0.599      0.036    -16.881      0.000
    MVS5O             -0.451      0.041    -11.013      0.000
    MVS6O             -0.626      0.034    -18.153      0.000

 CEN      BY
    MVS7               0.351      0.045      7.857      0.000
    MVS8               0.455      0.040     11.290      0.000
    MVS9               0.548      0.038     14.547      0.000
    MVS10O            -0.614      0.036    -16.826      0.000
    MVS11O            -0.201      0.048     -4.156      0.000
    MVS12O            -0.656      0.036    -18.452      0.000

 HAP      BY
    MVS13              0.623      0.034     18.233      0.000
    MVS14              0.670      0.032     20.799      0.000
    MVS15              0.368      0.044      8.348      0.000
    MVS16O            -0.411      0.042     -9.732      0.000
    MVS17O            -0.664      0.033    -20.138      0.000
    MVS18O            -0.611      0.036    -16.820      0.000

 POS      BY
    MVS1               0.297      0.051      5.840      0.000
    MVS2               0.346      0.051      6.832      0.000
    MVS3               0.325      0.049      6.631      0.000
    MVS7               0.269      0.053      5.097      0.000
    MVS8               0.416      0.048      8.619      0.000
    MVS9               0.359      0.049      7.358      0.000
    MVS13              0.402      0.046      8.752      0.000
    MVS14              0.477      0.045     10.699      0.000
    MVS15              0.353      0.052      6.757      0.000

 SUC      WITH
    CEN                0.781      0.038     20.597      0.000
    HAP                0.688      0.039     17.460      0.000
    POS                0.000      0.000    999.000    999.000

 CEN      WITH
    HAP                0.566      0.047     12.060      0.000
    POS                0.000      0.000    999.000    999.000

 POS      WITH
    HAP                0.000      0.000    999.000    999.000

 Intercepts
    MVS1               3.210      0.106     30.265      0.000
    MVS2               2.272      0.081     28.099      0.000
    MVS3               2.806      0.095     29.538      0.000
    MVS7               2.637      0.091     29.112      0.000
    MVS8               3.472      0.114     30.453      0.000
    MVS9               3.202      0.106     30.105      0.000
    MVS13              3.043      0.100     30.365      0.000
    MVS14              3.194      0.104     30.728      0.000
    MVS15              3.046      0.101     30.250      0.000
    MVS4O              3.111      0.103     30.303      0.000
    MVS5O              3.442      0.112     30.788      0.000
    MVS6O              2.872      0.096     29.861      0.000
    MVS10O             3.057      0.101     30.210      0.000
    MVS11O             2.627      0.090     29.310      0.000
    MVS12O             3.308      0.108     30.606      0.000
    MVS16O             3.930      0.125     31.321      0.000
    MVS17O             2.699      0.092     29.483      0.000
    MVS18O             3.487      0.113     30.846      0.000

 Variances
    SUC                1.000      0.000    999.000    999.000
    CEN                1.000      0.000    999.000    999.000
    HAP                1.000      0.000    999.000    999.000
    POS                1.000      0.000    999.000    999.000

 Residual Variances
    MVS1               0.685      0.040     17.111      0.000
    MVS2               0.726      0.040     18.048      0.000
    MVS3               0.556      0.041     13.567      0.000
    MVS7               0.805      0.038     21.453      0.000
    MVS8               0.620      0.045     13.898      0.000
    MVS9               0.571      0.043     13.252      0.000
    MVS13              0.450      0.036     12.451      0.000
    MVS14              0.324      0.036      9.028      0.000
    MVS15              0.740      0.038     19.571      0.000
    MVS4O              0.641      0.043     15.057      0.000
    MVS5O              0.797      0.037     21.602      0.000
    MVS6O              0.608      0.043     14.071      0.000
    MVS10O             0.623      0.045     13.904      0.000
    MVS11O             0.960      0.019     49.489      0.000
    MVS12O             0.569      0.047     12.184      0.000
    MVS16O             0.831      0.035     23.878      0.000
    MVS17O             0.559      0.044     12.741      0.000
    MVS18O             0.627      0.044     14.139      0.000


STD Standardization

                                                    Two-Tailed
                    Estimate       S.E.  Est./S.E.    P-Value

 SUC      BY
    MVS1               0.499      0.048     10.457      0.000
    MVS2               0.408      0.048      8.426      0.000
    MVS3               0.640      0.049     13.139      0.000
    MVS4O             -0.594      0.044    -13.401      0.000
    MVS5O             -0.430      0.044     -9.720      0.000
    MVS6O             -0.606      0.043    -14.094      0.000

 CEN      BY
    MVS7               0.347      0.047      7.301      0.000
    MVS8               0.457      0.046      9.916      0.000
    MVS9               0.565      0.047     12.079      0.000
    MVS10O            -0.595      0.044    -13.412      0.000
    MVS11O            -0.186      0.046     -4.065      0.000
    MVS12O            -0.624      0.044    -14.334      0.000

 HAP      BY
    MVS13              0.649      0.045     14.350      0.000
    MVS14              0.719      0.045     15.809      0.000
    MVS15              0.405      0.052      7.740      0.000
    MVS16O            -0.383      0.044     -8.784      0.000
    MVS17O            -0.683      0.045    -15.116      0.000
    MVS18O            -0.573      0.043    -13.400      0.000

 POS      BY
    MVS1               0.311      0.055      5.630      0.000
    MVS2               0.360      0.055      6.500      0.000
    MVS3               0.358      0.056      6.371      0.000
    MVS7               0.265      0.054      4.928      0.000
    MVS8               0.417      0.052      8.016      0.000
    MVS9               0.370      0.053      6.976      0.000
    MVS13              0.418      0.050      8.347      0.000
    MVS14              0.512      0.051     10.088      0.000
    MVS15              0.388      0.060      6.459      0.000

 SUC      WITH
    CEN                0.781      0.038     20.597      0.000
    HAP                0.688      0.039     17.460      0.000
    POS                0.000      0.000    999.000    999.000

 CEN      WITH
    HAP                0.566      0.047     12.060      0.000
    POS                0.000      0.000    999.000    999.000

 POS      WITH
    HAP                0.000      0.000    999.000    999.000

 Intercepts
    MVS1               3.359      0.044     75.551      0.000
    MVS2               2.363      0.044     53.488      0.000
    MVS3               3.087      0.047     66.037      0.000
    MVS7               2.605      0.042     62.062      0.000
    MVS8               3.482      0.043     81.726      0.000
    MVS9               3.300      0.044     75.367      0.000
    MVS13              3.166      0.044     71.616      0.000
    MVS14              3.430      0.046     75.188      0.000
    MVS15              3.348      0.047     71.705      0.000
    MVS4O              3.081      0.042     73.231      0.000
    MVS5O              3.287      0.041     81.004      0.000
    MVS6O              2.780      0.041     67.589      0.000
    MVS10O             2.962      0.041     71.949      0.000
    MVS11O             2.430      0.039     61.840      0.000
    MVS12O             3.146      0.040     77.858      0.000
    MVS16O             3.655      0.040     92.510      0.000
    MVS17O             2.776      0.044     63.520      0.000
    MVS18O             3.269      0.040     82.070      0.000

 Variances
    SUC                1.000      0.000    999.000    999.000
    CEN                1.000      0.000    999.000    999.000
    HAP                1.000      0.000    999.000    999.000
    POS                1.000      0.000    999.000    999.000

 Residual Variances
    MVS1               0.750      0.051     14.731      0.000
    MVS2               0.785      0.053     14.796      0.000
    MVS3               0.673      0.050     13.371      0.000
    MVS7               0.785      0.051     15.405      0.000
    MVS8               0.623      0.047     13.235      0.000
    MVS9               0.606      0.046     13.087      0.000
    MVS13              0.487      0.038     12.791      0.000
    MVS14              0.373      0.039      9.651      0.000
    MVS15              0.894      0.059     15.149      0.000
    MVS4O              0.628      0.046     13.574      0.000
    MVS5O              0.727      0.048     15.274      0.000
    MVS6O              0.570      0.043     13.097      0.000
    MVS10O             0.585      0.046     12.845      0.000
    MVS11O             0.821      0.050     16.379      0.000
    MVS12O             0.515      0.044     11.756      0.000
    MVS16O             0.718      0.046     15.539      0.000
    MVS17O             0.591      0.048     12.325      0.000
    MVS18O             0.551      0.042     12.997      0.000


R-SQUARE

    Observed                                        Two-Tailed
    Variable        Estimate       S.E.  Est./S.E.    P-Value

    MVS1               0.315      0.040      7.874      0.000
    MVS2               0.274      0.040      6.798      0.000
    MVS3               0.444      0.041     10.829      0.000
    MVS7               0.195      0.038      5.207      0.000
    MVS8               0.380      0.045      8.535      0.000
    MVS9               0.429      0.043      9.957      0.000
    MVS13              0.550      0.036     15.207      0.000
    MVS14              0.676      0.036     18.861      0.000
    MVS15              0.260      0.038      6.884      0.000
    MVS4O              0.359      0.043      8.441      0.000
    MVS5O              0.203      0.037      5.507      0.000
    MVS6O              0.392      0.043      9.076      0.000
    MVS10O             0.377      0.045      8.413      0.000
    MVS11O             0.040      0.019      2.078      0.038
    MVS12O             0.431      0.047      9.226      0.000
    MVS16O             0.169      0.035      4.866      0.000
    MVS17O             0.441      0.044     10.069      0.000
    MVS18O             0.373      0.044      8.410      0.000


QUALITY OF NUMERICAL RESULTS

     Condition Number for the Information Matrix              0.273E-03
       (ratio of smallest to largest eigenvalue)


CONFIDENCE INTERVALS OF MODEL RESULTS

                  Lower .5%  Lower 2.5%    Lower 5%    Estimate    Upper 5%  Upper 2.5%   Upper .5%

 SUC      BY
    MVS1             0.376       0.405       0.420       0.499       0.577       0.592       0.621
    MVS2             0.283       0.313       0.328       0.408       0.488       0.503       0.533
    MVS3             0.514       0.544       0.560       0.640       0.720       0.735       0.765
    MVS4O           -0.708      -0.680      -0.666      -0.594      -0.521      -0.507      -0.479
    MVS5O           -0.545      -0.517      -0.503      -0.430      -0.358      -0.344      -0.316
    MVS6O           -0.717      -0.690      -0.677      -0.606      -0.535      -0.522      -0.495

 CEN      BY
    MVS7             0.224       0.254       0.269       0.347       0.425       0.440       0.469
    MVS8             0.338       0.366       0.381       0.457       0.533       0.547       0.575
    MVS9             0.444       0.473       0.488       0.565       0.642       0.656       0.685
    MVS10O          -0.709      -0.682      -0.668      -0.595      -0.522      -0.508      -0.481
    MVS11O          -0.303      -0.275      -0.261      -0.186      -0.111      -0.096      -0.068
    MVS12O          -0.737      -0.710      -0.696      -0.624      -0.553      -0.539      -0.512

 HAP      BY
    MVS13            0.532       0.560       0.574       0.649       0.723       0.737       0.765
    MVS14            0.602       0.630       0.644       0.719       0.794       0.808       0.836
    MVS15            0.270       0.302       0.319       0.405       0.491       0.507       0.539
    MVS16O          -0.495      -0.468      -0.454      -0.383      -0.311      -0.297      -0.270
    MVS17O          -0.800      -0.772      -0.758      -0.683      -0.609      -0.595      -0.567
    MVS18O          -0.683      -0.656      -0.643      -0.573      -0.502      -0.489      -0.462

 POS      BY
    MVS1             0.169       0.202       0.220       0.311       0.401       0.419       0.453
    MVS2             0.217       0.251       0.269       0.360       0.451       0.468       0.502
    MVS3             0.213       0.248       0.265       0.358       0.450       0.468       0.503
    MVS7             0.127       0.160       0.177       0.265       0.354       0.371       0.404
    MVS8             0.283       0.315       0.331       0.417       0.503       0.519       0.551
    MVS9             0.233       0.266       0.283       0.370       0.457       0.474       0.506
    MVS13            0.289       0.320       0.335       0.418       0.500       0.516       0.547
    MVS14            0.382       0.413       0.429       0.512       0.596       0.612       0.643
    MVS15            0.233       0.270       0.289       0.388       0.487       0.506       0.543

 SUC      WITH
    CEN              0.684       0.707       0.719       0.781       0.844       0.856       0.879
    HAP              0.587       0.611       0.623       0.688       0.753       0.766       0.790
    POS              0.000       0.000       0.000       0.000       0.000       0.000       0.000

 CEN      WITH
    HAP              0.445       0.474       0.489       0.566       0.643       0.658       0.687
    POS              0.000       0.000       0.000       0.000       0.000       0.000       0.000

 POS      WITH
    HAP              0.000       0.000       0.000       0.000       0.000       0.000       0.000

 Intercepts
    MVS1             3.245       3.272       3.286       3.359       3.432       3.446       3.474
    MVS2             2.249       2.276       2.290       2.363       2.435       2.449       2.477
    MVS3             2.966       2.995       3.010       3.087       3.164       3.178       3.207
    MVS7             2.497       2.522       2.536       2.605       2.674       2.687       2.713
    MVS8             3.372       3.398       3.412       3.482       3.552       3.565       3.592
    MVS9             3.187       3.214       3.228       3.300       3.372       3.385       3.412
    MVS13            3.052       3.079       3.093       3.166       3.239       3.253       3.280
    MVS14            3.312       3.340       3.355       3.430       3.505       3.519       3.547
    MVS15            3.228       3.257       3.272       3.348       3.425       3.440       3.469
    MVS4O            2.973       2.999       3.012       3.081       3.150       3.164       3.190
    MVS5O            3.182       3.207       3.220       3.287       3.354       3.367       3.392
    MVS6O            2.674       2.699       2.712       2.780       2.847       2.860       2.886
    MVS10O           2.856       2.881       2.894       2.962       3.030       3.043       3.068
    MVS11O           2.328       2.353       2.365       2.430       2.494       2.507       2.531
    MVS12O           3.042       3.067       3.080       3.146       3.213       3.225       3.250
    MVS16O           3.553       3.578       3.590       3.655       3.720       3.733       3.757
    MVS17O           2.664       2.691       2.704       2.776       2.848       2.862       2.889
    MVS18O           3.166       3.191       3.203       3.269       3.334       3.347       3.372

 Variances
    SUC              1.000       1.000       1.000       1.000       1.000       1.000       1.000
    CEN              1.000       1.000       1.000       1.000       1.000       1.000       1.000
    HAP              1.000       1.000       1.000       1.000       1.000       1.000       1.000
    POS              1.000       1.000       1.000       1.000       1.000       1.000       1.000

 Residual Variances
    MVS1             0.619       0.650       0.666       0.750       0.834       0.850       0.881
    MVS2             0.649       0.681       0.698       0.785       0.873       0.889       0.922
    MVS3             0.543       0.574       0.590       0.673       0.756       0.772       0.803
    MVS7             0.654       0.685       0.701       0.785       0.869       0.885       0.917
    MVS8             0.502       0.531       0.546       0.623       0.700       0.715       0.744
    MVS9             0.487       0.516       0.530       0.606       0.683       0.697       0.726
    MVS13            0.389       0.413       0.425       0.487       0.550       0.562       0.586
    MVS14            0.274       0.297       0.310       0.373       0.437       0.449       0.473
    MVS15            0.742       0.778       0.797       0.894       0.991       1.009       1.046
    MVS4O            0.509       0.538       0.552       0.628       0.705       0.719       0.748
    MVS5O            0.604       0.634       0.649       0.727       0.805       0.820       0.850
    MVS6O            0.458       0.484       0.498       0.570       0.641       0.655       0.682
    MVS10O           0.468       0.496       0.510       0.585       0.660       0.674       0.702
    MVS11O           0.692       0.722       0.738       0.821       0.903       0.919       0.950
    MVS12O           0.402       0.429       0.443       0.515       0.587       0.601       0.628
    MVS16O           0.599       0.628       0.642       0.718       0.795       0.809       0.838
    MVS17O           0.468       0.497       0.512       0.591       0.670       0.685       0.715
    MVS18O           0.442       0.468       0.481       0.551       0.621       0.634       0.660


CONFIDENCE INTERVALS OF STANDARDIZED MODEL RESULTS


STDYX Standardization

                  Lower .5%  Lower 2.5%    Lower 5%    Estimate    Upper 5%  Upper 2.5%   Upper .5%

 SUC      BY
    MVS1             0.375       0.399       0.412       0.476       0.541       0.554       0.578
    MVS2             0.283       0.309       0.323       0.392       0.462       0.475       0.501
    MVS3             0.490       0.512       0.523       0.581       0.640       0.651       0.673
    MVS4O           -0.691      -0.669      -0.658      -0.599      -0.541      -0.530      -0.508
    MVS5O           -0.556      -0.531      -0.518      -0.451      -0.383      -0.370      -0.345
    MVS6O           -0.715      -0.694      -0.683      -0.626      -0.569      -0.559      -0.537

 CEN      BY
    MVS7             0.236       0.263       0.278       0.351       0.424       0.439       0.466
    MVS8             0.352       0.376       0.389       0.455       0.522       0.535       0.559
    MVS9             0.451       0.474       0.486       0.548       0.610       0.622       0.645
    MVS10O          -0.708      -0.686      -0.674      -0.614      -0.554      -0.542      -0.520
    MVS11O          -0.325      -0.295      -0.280      -0.201      -0.121      -0.106      -0.076
    MVS12O          -0.748      -0.726      -0.715      -0.656      -0.598      -0.587      -0.565

 HAP      BY
    MVS13            0.535       0.556       0.567       0.623       0.680       0.690       0.711
    MVS14            0.587       0.607       0.617       0.670       0.723       0.733       0.753
    MVS15            0.255       0.282       0.296       0.368       0.441       0.455       0.482
    MVS16O          -0.520      -0.494      -0.481      -0.411      -0.342      -0.329      -0.303
    MVS17O          -0.749      -0.729      -0.719      -0.664      -0.610      -0.600      -0.579
    MVS18O          -0.704      -0.682      -0.670      -0.611      -0.551      -0.540      -0.517

 POS      BY
    MVS1             0.166       0.197       0.213       0.297       0.380       0.396       0.428
    MVS2             0.216       0.247       0.263       0.346       0.429       0.445       0.476
    MVS3             0.199       0.229       0.245       0.325       0.406       0.421       0.452
    MVS7             0.133       0.165       0.182       0.269       0.355       0.372       0.404
    MVS8             0.292       0.321       0.337       0.416       0.495       0.511       0.540
    MVS9             0.233       0.263       0.279       0.359       0.439       0.454       0.484
    MVS13            0.283       0.312       0.326       0.402       0.477       0.491       0.520
    MVS14            0.362       0.390       0.404       0.477       0.551       0.565       0.592
    MVS15            0.219       0.251       0.267       0.353       0.439       0.456       0.488

 SUC      WITH
    CEN              0.684       0.707       0.719       0.781       0.844       0.856       0.879
    HAP              0.587       0.611       0.623       0.688       0.753       0.766       0.790
    POS              0.000       0.000       0.000       0.000       0.000       0.000       0.000

 CEN      WITH
    HAP              0.445       0.474       0.489       0.566       0.643       0.658       0.687
    POS              0.000       0.000       0.000       0.000       0.000       0.000       0.000

 POS      WITH
    HAP              0.000       0.000       0.000       0.000       0.000       0.000       0.000

 Intercepts
    MVS1             2.937       3.002       3.035       3.210       3.384       3.418       3.483
    MVS2             2.064       2.114       2.139       2.272       2.406       2.431       2.481
    MVS3             2.561       2.619       2.649       2.806       2.962       2.992       3.050
    MVS7             2.403       2.459       2.488       2.637       2.786       2.814       2.870
    MVS8             3.179       3.249       3.285       3.472       3.660       3.696       3.766
    MVS9             2.928       2.994       3.027       3.202       3.377       3.411       3.476
    MVS13            2.785       2.846       2.878       3.043       3.208       3.239       3.301
    MVS14            2.927       2.991       3.023       3.194       3.365       3.398       3.462
    MVS15            2.787       2.849       2.881       3.046       3.212       3.244       3.306
    MVS4O            2.847       2.910       2.942       3.111       3.280       3.313       3.376
    MVS5O            3.154       3.222       3.258       3.442       3.625       3.661       3.729
    MVS6O            2.624       2.683       2.713       2.872       3.030       3.060       3.119
    MVS10O           2.796       2.858       2.890       3.057       3.223       3.255       3.317
    MVS11O           2.396       2.452       2.480       2.627       2.775       2.803       2.858
    MVS12O           3.029       3.096       3.130       3.308       3.486       3.520       3.586
    MVS16O           3.607       3.684       3.724       3.930       4.137       4.176       4.254
    MVS17O           2.463       2.519       2.548       2.699       2.849       2.878       2.934
    MVS18O           3.196       3.265       3.301       3.487       3.673       3.708       3.778

 Variances
    SUC              1.000       1.000       1.000       1.000       1.000       1.000       1.000
    CEN              1.000       1.000       1.000       1.000       1.000       1.000       1.000
    HAP              1.000       1.000       1.000       1.000       1.000       1.000       1.000
    POS              1.000       1.000       1.000       1.000       1.000       1.000       1.000

 Residual Variances
    MVS1             0.582       0.606       0.619       0.685       0.751       0.763       0.788
    MVS2             0.623       0.648       0.660       0.726       0.793       0.805       0.830
    MVS3             0.451       0.476       0.489       0.556       0.624       0.636       0.662
    MVS7             0.708       0.731       0.743       0.805       0.866       0.878       0.901
    MVS8             0.505       0.532       0.546       0.620       0.693       0.707       0.734
    MVS9             0.460       0.487       0.500       0.571       0.642       0.655       0.682
    MVS13            0.357       0.379       0.391       0.450       0.510       0.521       0.543
    MVS14            0.231       0.253       0.265       0.324       0.383       0.394       0.416
    MVS15            0.642       0.666       0.678       0.740       0.802       0.814       0.837
    MVS4O            0.531       0.557       0.571       0.641       0.711       0.724       0.750
    MVS5O            0.702       0.725       0.736       0.797       0.858       0.869       0.892
    MVS6O            0.497       0.523       0.537       0.608       0.679       0.693       0.719
    MVS10O           0.508       0.535       0.549       0.623       0.697       0.711       0.738
    MVS11O           0.910       0.922       0.928       0.960       0.992       0.998       1.010
    MVS12O           0.449       0.478       0.492       0.569       0.646       0.661       0.689
    MVS16O           0.741       0.763       0.773       0.831       0.888       0.899       0.920
    MVS17O           0.446       0.473       0.486       0.559       0.631       0.644       0.671
    MVS18O           0.513       0.540       0.554       0.627       0.700       0.714       0.741


STDY Standardization

                  Lower .5%  Lower 2.5%    Lower 5%    Estimate    Upper 5%  Upper 2.5%   Upper .5%

 SUC      BY
    MVS1             0.375       0.399       0.412       0.476       0.541       0.554       0.578
    MVS2             0.283       0.309       0.323       0.392       0.462       0.475       0.501
    MVS3             0.490       0.512       0.523       0.581       0.640       0.651       0.673
    MVS4O           -0.691      -0.669      -0.658      -0.599      -0.541      -0.530      -0.508
    MVS5O           -0.556      -0.531      -0.518      -0.451      -0.383      -0.370      -0.345
    MVS6O           -0.715      -0.694      -0.683      -0.626      -0.569      -0.559      -0.537

 CEN      BY
    MVS7             0.236       0.263       0.278       0.351       0.424       0.439       0.466
    MVS8             0.352       0.376       0.389       0.455       0.522       0.535       0.559
    MVS9             0.451       0.474       0.486       0.548       0.610       0.622       0.645
    MVS10O          -0.708      -0.686      -0.674      -0.614      -0.554      -0.542      -0.520
    MVS11O          -0.325      -0.295      -0.280      -0.201      -0.121      -0.106      -0.076
    MVS12O          -0.748      -0.726      -0.715      -0.656      -0.598      -0.587      -0.565

 HAP      BY
    MVS13            0.535       0.556       0.567       0.623       0.680       0.690       0.711
    MVS14            0.587       0.607       0.617       0.670       0.723       0.733       0.753
    MVS15            0.255       0.282       0.296       0.368       0.441       0.455       0.482
    MVS16O          -0.520      -0.494      -0.481      -0.411      -0.342      -0.329      -0.303
    MVS17O          -0.749      -0.729      -0.719      -0.664      -0.610      -0.600      -0.579
    MVS18O          -0.704      -0.682      -0.670      -0.611      -0.551      -0.540      -0.517

 POS      BY
    MVS1             0.166       0.197       0.213       0.297       0.380       0.396       0.428
    MVS2             0.216       0.247       0.263       0.346       0.429       0.445       0.476
    MVS3             0.199       0.229       0.245       0.325       0.406       0.421       0.452
    MVS7             0.133       0.165       0.182       0.269       0.355       0.372       0.404
    MVS8             0.292       0.321       0.337       0.416       0.495       0.511       0.540
    MVS9             0.233       0.263       0.279       0.359       0.439       0.454       0.484
    MVS13            0.283       0.312       0.326       0.402       0.477       0.491       0.520
    MVS14            0.362       0.390       0.404       0.477       0.551       0.565       0.592
    MVS15            0.219       0.251       0.267       0.353       0.439       0.456       0.488

 SUC      WITH
    CEN              0.684       0.707       0.719       0.781       0.844       0.856       0.879
    HAP              0.587       0.611       0.623       0.688       0.753       0.766       0.790
    POS              0.000       0.000       0.000       0.000       0.000       0.000       0.000

 CEN      WITH
    HAP              0.445       0.474       0.489       0.566       0.643       0.658       0.687
    POS              0.000       0.000       0.000       0.000       0.000       0.000       0.000

 POS      WITH
    HAP              0.000       0.000       0.000       0.000       0.000       0.000       0.000

 Intercepts
    MVS1             2.937       3.002       3.035       3.210       3.384       3.418       3.483
    MVS2             2.064       2.114       2.139       2.272       2.406       2.431       2.481
    MVS3             2.561       2.619       2.649       2.806       2.962       2.992       3.050
    MVS7             2.403       2.459       2.488       2.637       2.786       2.814       2.870
    MVS8             3.179       3.249       3.285       3.472       3.660       3.696       3.766
    MVS9             2.928       2.994       3.027       3.202       3.377       3.411       3.476
    MVS13            2.785       2.846       2.878       3.043       3.208       3.239       3.301
    MVS14            2.927       2.991       3.023       3.194       3.365       3.398       3.462
    MVS15            2.787       2.849       2.881       3.046       3.212       3.244       3.306
    MVS4O            2.847       2.910       2.942       3.111       3.280       3.313       3.376
    MVS5O            3.154       3.222       3.258       3.442       3.625       3.661       3.729
    MVS6O            2.624       2.683       2.713       2.872       3.030       3.060       3.119
    MVS10O           2.796       2.858       2.890       3.057       3.223       3.255       3.317
    MVS11O           2.396       2.452       2.480       2.627       2.775       2.803       2.858
    MVS12O           3.029       3.096       3.130       3.308       3.486       3.520       3.586
    MVS16O           3.607       3.684       3.724       3.930       4.137       4.176       4.254
    MVS17O           2.463       2.519       2.548       2.699       2.849       2.878       2.934
    MVS18O           3.196       3.265       3.301       3.487       3.673       3.708       3.778

 Variances
    SUC              1.000       1.000       1.000       1.000       1.000       1.000       1.000
    CEN              1.000       1.000       1.000       1.000       1.000       1.000       1.000
    HAP              1.000       1.000       1.000       1.000       1.000       1.000       1.000
    POS              1.000       1.000       1.000       1.000       1.000       1.000       1.000

 Residual Variances
    MVS1             0.582       0.606       0.619       0.685       0.751       0.763       0.788
    MVS2             0.623       0.648       0.660       0.726       0.793       0.805       0.830
    MVS3             0.451       0.476       0.489       0.556       0.624       0.636       0.662
    MVS7             0.708       0.731       0.743       0.805       0.866       0.878       0.901
    MVS8             0.505       0.532       0.546       0.620       0.693       0.707       0.734
    MVS9             0.460       0.487       0.500       0.571       0.642       0.655       0.682
    MVS13            0.357       0.379       0.391       0.450       0.510       0.521       0.543
    MVS14            0.231       0.253       0.265       0.324       0.383       0.394       0.416
    MVS15            0.642       0.666       0.678       0.740       0.802       0.814       0.837
    MVS4O            0.531       0.557       0.571       0.641       0.711       0.724       0.750
    MVS5O            0.702       0.725       0.736       0.797       0.858       0.869       0.892
    MVS6O            0.497       0.523       0.537       0.608       0.679       0.693       0.719
    MVS10O           0.508       0.535       0.549       0.623       0.697       0.711       0.738
    MVS11O           0.910       0.922       0.928       0.960       0.992       0.998       1.010
    MVS12O           0.449       0.478       0.492       0.569       0.646       0.661       0.689
    MVS16O           0.741       0.763       0.773       0.831       0.888       0.899       0.920
    MVS17O           0.446       0.473       0.486       0.559       0.631       0.644       0.671
    MVS18O           0.513       0.540       0.554       0.627       0.700       0.714       0.741


STD Standardization

                  Lower .5%  Lower 2.5%    Lower 5%    Estimate    Upper 5%  Upper 2.5%   Upper .5%

 SUC      BY
    MVS1             0.376       0.405       0.420       0.499       0.577       0.592       0.621
    MVS2             0.283       0.313       0.328       0.408       0.488       0.503       0.533
    MVS3             0.514       0.544       0.560       0.640       0.720       0.735       0.765
    MVS4O           -0.708      -0.680      -0.666      -0.594      -0.521      -0.507      -0.479
    MVS5O           -0.545      -0.517      -0.503      -0.430      -0.358      -0.344      -0.316
    MVS6O           -0.717      -0.690      -0.677      -0.606      -0.535      -0.522      -0.495

 CEN      BY
    MVS7             0.224       0.254       0.269       0.347       0.425       0.440       0.469
    MVS8             0.338       0.366       0.381       0.457       0.533       0.547       0.575
    MVS9             0.444       0.473       0.488       0.565       0.642       0.656       0.685
    MVS10O          -0.709      -0.682      -0.668      -0.595      -0.522      -0.508      -0.481
    MVS11O          -0.303      -0.275      -0.261      -0.186      -0.111      -0.096      -0.068
    MVS12O          -0.737      -0.710      -0.696      -0.624      -0.553      -0.539      -0.512

 HAP      BY
    MVS13            0.532       0.560       0.574       0.649       0.723       0.737       0.765
    MVS14            0.602       0.630       0.644       0.719       0.794       0.808       0.836
    MVS15            0.270       0.302       0.319       0.405       0.491       0.507       0.539
    MVS16O          -0.495      -0.468      -0.454      -0.383      -0.311      -0.297      -0.270
    MVS17O          -0.800      -0.772      -0.758      -0.683      -0.609      -0.595      -0.567
    MVS18O          -0.683      -0.656      -0.643      -0.573      -0.502      -0.489      -0.462

 POS      BY
    MVS1             0.169       0.202       0.220       0.311       0.401       0.419       0.453
    MVS2             0.217       0.251       0.269       0.360       0.451       0.468       0.502
    MVS3             0.213       0.248       0.265       0.358       0.450       0.468       0.503
    MVS7             0.127       0.160       0.177       0.265       0.354       0.371       0.404
    MVS8             0.283       0.315       0.331       0.417       0.503       0.519       0.551
    MVS9             0.233       0.266       0.283       0.370       0.457       0.474       0.506
    MVS13            0.289       0.320       0.335       0.418       0.500       0.516       0.547
    MVS14            0.382       0.413       0.429       0.512       0.596       0.612       0.643
    MVS15            0.233       0.270       0.289       0.388       0.487       0.506       0.543

 SUC      WITH
    CEN              0.684       0.707       0.719       0.781       0.844       0.856       0.879
    HAP              0.587       0.611       0.623       0.688       0.753       0.766       0.790
    POS              0.000       0.000       0.000       0.000       0.000       0.000       0.000

 CEN      WITH
    HAP              0.445       0.474       0.489       0.566       0.643       0.658       0.687
    POS              0.000       0.000       0.000       0.000       0.000       0.000       0.000

 POS      WITH
    HAP              0.000       0.000       0.000       0.000       0.000       0.000       0.000

 Intercepts
    MVS1             3.245       3.272       3.286       3.359       3.432       3.446       3.474
    MVS2             2.249       2.276       2.290       2.363       2.435       2.449       2.477
    MVS3             2.966       2.995       3.010       3.087       3.164       3.178       3.207
    MVS7             2.497       2.522       2.536       2.605       2.674       2.687       2.713
    MVS8             3.372       3.398       3.412       3.482       3.552       3.565       3.592
    MVS9             3.187       3.214       3.228       3.300       3.372       3.385       3.412
    MVS13            3.052       3.079       3.093       3.166       3.239       3.253       3.280
    MVS14            3.312       3.340       3.355       3.430       3.505       3.519       3.547
    MVS15            3.228       3.257       3.272       3.348       3.425       3.440       3.469
    MVS4O            2.973       2.999       3.012       3.081       3.150       3.164       3.190
    MVS5O            3.182       3.207       3.220       3.287       3.354       3.367       3.392
    MVS6O            2.674       2.699       2.712       2.780       2.847       2.860       2.886
    MVS10O           2.856       2.881       2.894       2.962       3.030       3.043       3.068
    MVS11O           2.328       2.353       2.365       2.430       2.494       2.507       2.531
    MVS12O           3.042       3.067       3.080       3.146       3.213       3.225       3.250
    MVS16O           3.553       3.578       3.590       3.655       3.720       3.733       3.757
    MVS17O           2.664       2.691       2.704       2.776       2.848       2.862       2.889
    MVS18O           3.166       3.191       3.203       3.269       3.334       3.347       3.372

 Variances
    SUC              1.000       1.000       1.000       1.000       1.000       1.000       1.000
    CEN              1.000       1.000       1.000       1.000       1.000       1.000       1.000
    HAP              1.000       1.000       1.000       1.000       1.000       1.000       1.000
    POS              1.000       1.000       1.000       1.000       1.000       1.000       1.000

 Residual Variances
    MVS1             0.619       0.650       0.666       0.750       0.834       0.850       0.881
    MVS2             0.649       0.681       0.698       0.785       0.873       0.889       0.922
    MVS3             0.543       0.574       0.590       0.673       0.756       0.772       0.803
    MVS7             0.654       0.685       0.701       0.785       0.869       0.885       0.917
    MVS8             0.502       0.531       0.546       0.623       0.700       0.715       0.744
    MVS9             0.487       0.516       0.530       0.606       0.683       0.697       0.726
    MVS13            0.389       0.413       0.425       0.487       0.550       0.562       0.586
    MVS14            0.274       0.297       0.310       0.373       0.437       0.449       0.473
    MVS15            0.742       0.778       0.797       0.894       0.991       1.009       1.046
    MVS4O            0.509       0.538       0.552       0.628       0.705       0.719       0.748
    MVS5O            0.604       0.634       0.649       0.727       0.805       0.820       0.850
    MVS6O            0.458       0.484       0.498       0.570       0.641       0.655       0.682
    MVS10O           0.468       0.496       0.510       0.585       0.660       0.674       0.702
    MVS11O           0.692       0.722       0.738       0.821       0.903       0.919       0.950
    MVS12O           0.402       0.429       0.443       0.515       0.587       0.601       0.628
    MVS16O           0.599       0.628       0.642       0.718       0.795       0.809       0.838
    MVS17O           0.468       0.497       0.512       0.591       0.670       0.685       0.715
    MVS18O           0.442       0.468       0.481       0.551       0.621       0.634       0.660


MODEL COMMAND WITH FINAL ESTIMATES USED AS STARTING VALUES

     suc BY mvs1*0.49867 (l1);
     suc BY mvs2*0.40794 (l2);
     suc BY mvs3*0.63967 (l3);
     suc BY mvs4o*-0.59354 (l4);
     suc BY mvs5o*-0.43046 (l5);
     suc BY mvs6o*-0.60617 (l6);
     cen BY mvs7*0.34674 (l7);
     cen BY mvs8*0.45677 (l8);
     cen BY mvs9*0.56472 (l9);
     cen BY mvs10o*-0.59496 (l10);
     cen BY mvs11o*-0.18564 (l11);
     cen BY mvs12o*-0.62436 (l12);
     hap BY mvs13*0.64867 (l13);
     hap BY mvs14*0.71900 (l14);
     hap BY mvs15*0.40461 (l15);
     hap BY mvs16o*-0.38265 (l16);
     hap BY mvs17o*-0.68348 (l17);
     hap BY mvs18o*-0.57255 (l18);
     pos BY mvs1*0.31064;
     pos BY mvs2*0.35970;
     pos BY mvs3*0.35786;
     pos BY mvs7*0.26525;
     pos BY mvs8*0.41709;
     pos BY mvs9*0.36968;
     pos BY mvs13*0.41778;
     pos BY mvs14*0.51238;
     pos BY mvs15*0.38813;

     suc WITH cen*0.78134;
     suc WITH hap*0.68827;
     suc WITH pos@0;
     cen WITH hap*0.56588;
     cen WITH pos@0;
     pos WITH hap@0;

     [ mvs1*3.35921 ];
     [ mvs2*2.36282 ];
     [ mvs3*3.08664 ];
     [ mvs7*2.60469 ];
     [ mvs8*3.48195 ];
     [ mvs9*3.29964 ];
     [ mvs13*3.16607 ];
     [ mvs14*3.42960 ];
     [ mvs15*3.34838 ];
     [ mvs4o*3.08123 ];
     [ mvs5o*3.28700 ];
     [ mvs6o*2.77978 ];
     [ mvs10o*2.96209 ];
     [ mvs11o*2.42960 ];
     [ mvs12o*3.14621 ];
     [ mvs16o*3.65523 ];
     [ mvs17o*2.77617 ];
     [ mvs18o*3.26895 ];

     mvs1*0.75005 (ev1);
     mvs2*0.78529 (ev2);
     mvs3*0.67310 (ev3);
     mvs7*0.78523 (ev7);
     mvs8*0.62301 (ev8);
     mvs9*0.60632 (ev9);
     mvs13*0.48744 (ev13);
     mvs14*0.37314 (ev14);
     mvs15*0.89369 (ev15);
     mvs4o*0.62847 (ev4);
     mvs5o*0.72691 (ev5);
     mvs6o*0.56964 (ev6);
     mvs10o*0.58501 (ev10);
     mvs11o*0.82069 (ev11);
     mvs12o*0.51481 (ev12);
     mvs16o*0.71847 (ev16);
     mvs17o*0.59108 (ev17);
     mvs18o*0.55113 (ev18);
     suc@1;
     cen@1;
     hap@1;
     pos@1;



TECHNICAL 1 OUTPUT


     PARAMETER SPECIFICATION


           NU
              MVS1          MVS2          MVS3          MVS7          MVS8
              ________      ________      ________      ________      ________
                  1             2             3             4             5


           NU
              MVS9          MVS13         MVS14         MVS15         MVS4O
              ________      ________      ________      ________      ________
                  6             7             8             9            10


           NU
              MVS5O         MVS6O         MVS10O        MVS11O        MVS12O
              ________      ________      ________      ________      ________
                 11            12            13            14            15


           NU
              MVS16O        MVS17O        MVS18O
              ________      ________      ________
                 16            17            18


           LAMBDA
              SUC           CEN           HAP           POS
              ________      ________      ________      ________
 MVS1              19             0             0            20
 MVS2              21             0             0            22
 MVS3              23             0             0            24
 MVS7               0            25             0            26
 MVS8               0            27             0            28
 MVS9               0            29             0            30
 MVS13              0             0            31            32
 MVS14              0             0            33            34
 MVS15              0             0            35            36
 MVS4O             37             0             0             0
 MVS5O             38             0             0             0
 MVS6O             39             0             0             0
 MVS10O             0            40             0             0
 MVS11O             0            41             0             0
 MVS12O             0            42             0             0
 MVS16O             0             0            43             0
 MVS17O             0             0            44             0
 MVS18O             0             0            45             0


           THETA
              MVS1          MVS2          MVS3          MVS7          MVS8
              ________      ________      ________      ________      ________
 MVS1              46
 MVS2               0            47
 MVS3               0             0            48
 MVS7               0             0             0            49
 MVS8               0             0             0             0            50
 MVS9               0             0             0             0             0
 MVS13              0             0             0             0             0
 MVS14              0             0             0             0             0
 MVS15              0             0             0             0             0
 MVS4O              0             0             0             0             0
 MVS5O              0             0             0             0             0
 MVS6O              0             0             0             0             0
 MVS10O             0             0             0             0             0
 MVS11O             0             0             0             0             0
 MVS12O             0             0             0             0             0
 MVS16O             0             0             0             0             0
 MVS17O             0             0             0             0             0
 MVS18O             0             0             0             0             0


           THETA
              MVS9          MVS13         MVS14         MVS15         MVS4O
              ________      ________      ________      ________      ________
 MVS9              51
 MVS13              0            52
 MVS14              0             0            53
 MVS15              0             0             0            54
 MVS4O              0             0             0             0            55
 MVS5O              0             0             0             0             0
 MVS6O              0             0             0             0             0
 MVS10O             0             0             0             0             0
 MVS11O             0             0             0             0             0
 MVS12O             0             0             0             0             0
 MVS16O             0             0             0             0             0
 MVS17O             0             0             0             0             0
 MVS18O             0             0             0             0             0


           THETA
              MVS5O         MVS6O         MVS10O        MVS11O        MVS12O
              ________      ________      ________      ________      ________
 MVS5O             56
 MVS6O              0            57
 MVS10O             0             0            58
 MVS11O             0             0             0            59
 MVS12O             0             0             0             0            60
 MVS16O             0             0             0             0             0
 MVS17O             0             0             0             0             0
 MVS18O             0             0             0             0             0


           THETA
              MVS16O        MVS17O        MVS18O
              ________      ________      ________
 MVS16O            61
 MVS17O             0            62
 MVS18O             0             0            63


           ALPHA
              SUC           CEN           HAP           POS
              ________      ________      ________      ________
                  0             0             0             0


           BETA
              SUC           CEN           HAP           POS
              ________      ________      ________      ________
 SUC                0             0             0             0
 CEN                0             0             0             0
 HAP                0             0             0             0
 POS                0             0             0             0


           PSI
              SUC           CEN           HAP           POS
              ________      ________      ________      ________
 SUC                0
 CEN               64             0
 HAP               65            66             0
 POS                0             0             0             0


     STARTING VALUES


           NU
              MVS1          MVS2          MVS3          MVS7          MVS8
              ________      ________      ________      ________      ________
                3.359         2.363         3.087         2.605         3.482


           NU
              MVS9          MVS13         MVS14         MVS15         MVS4O
              ________      ________      ________      ________      ________
                3.300         3.166         3.430         3.348         3.081


           NU
              MVS5O         MVS6O         MVS10O        MVS11O        MVS12O
              ________      ________      ________      ________      ________
                3.287         2.780         2.962         2.430         3.146


           NU
              MVS16O        MVS17O        MVS18O
              ________      ________      ________
                3.655         2.776         3.269


           LAMBDA
              SUC           CEN           HAP           POS
              ________      ________      ________      ________
 MVS1           1.000         0.000         0.000         1.000
 MVS2           1.000         0.000         0.000         1.000
 MVS3           1.000         0.000         0.000         1.000
 MVS7           0.000         1.000         0.000         1.000
 MVS8           0.000         1.000         0.000         1.000
 MVS9           0.000         1.000         0.000         1.000
 MVS13          0.000         0.000         1.000         1.000
 MVS14          0.000         0.000         1.000         1.000
 MVS15          0.000         0.000         1.000         1.000
 MVS4O          1.000         0.000         0.000         0.000
 MVS5O          1.000         0.000         0.000         0.000
 MVS6O          1.000         0.000         0.000         0.000
 MVS10O         0.000         1.000         0.000         0.000
 MVS11O         0.000         1.000         0.000         0.000
 MVS12O         0.000         1.000         0.000         0.000
 MVS16O         0.000         0.000         1.000         0.000
 MVS17O         0.000         0.000         1.000         0.000
 MVS18O         0.000         0.000         1.000         0.000


           THETA
              MVS1          MVS2          MVS3          MVS7          MVS8
              ________      ________      ________      ________      ________
 MVS1           0.541
 MVS2           0.000         0.534
 MVS3           0.000         0.000         0.596
 MVS7           0.000         0.000         0.000         0.482
 MVS8           0.000         0.000         0.000         0.000         0.491
 MVS9           0.000         0.000         0.000         0.000         0.000
 MVS13          0.000         0.000         0.000         0.000         0.000
 MVS14          0.000         0.000         0.000         0.000         0.000
 MVS15          0.000         0.000         0.000         0.000         0.000
 MVS4O          0.000         0.000         0.000         0.000         0.000
 MVS5O          0.000         0.000         0.000         0.000         0.000
 MVS6O          0.000         0.000         0.000         0.000         0.000
 MVS10O         0.000         0.000         0.000         0.000         0.000
 MVS11O         0.000         0.000         0.000         0.000         0.000
 MVS12O         0.000         0.000         0.000         0.000         0.000
 MVS16O         0.000         0.000         0.000         0.000         0.000
 MVS17O         0.000         0.000         0.000         0.000         0.000
 MVS18O         0.000         0.000         0.000         0.000         0.000


           THETA
              MVS9          MVS13         MVS14         MVS15         MVS4O
              ________      ________      ________      ________      ________
 MVS9           0.518
 MVS13          0.000         0.542
 MVS14          0.000         0.000         0.577
 MVS15          0.000         0.000         0.000         0.604
 MVS4O          0.000         0.000         0.000         0.000         0.490
 MVS5O          0.000         0.000         0.000         0.000         0.000
 MVS6O          0.000         0.000         0.000         0.000         0.000
 MVS10O         0.000         0.000         0.000         0.000         0.000
 MVS11O         0.000         0.000         0.000         0.000         0.000
 MVS12O         0.000         0.000         0.000         0.000         0.000
 MVS16O         0.000         0.000         0.000         0.000         0.000
 MVS17O         0.000         0.000         0.000         0.000         0.000
 MVS18O         0.000         0.000         0.000         0.000         0.000


           THETA
              MVS5O         MVS6O         MVS10O        MVS11O        MVS12O
              ________      ________      ________      ________      ________
 MVS5O          0.456
 MVS6O          0.000         0.469
 MVS10O         0.000         0.000         0.469
 MVS11O         0.000         0.000         0.000         0.428
 MVS12O         0.000         0.000         0.000         0.000         0.452
 MVS16O         0.000         0.000         0.000         0.000         0.000
 MVS17O         0.000         0.000         0.000         0.000         0.000
 MVS18O         0.000         0.000         0.000         0.000         0.000


           THETA
              MVS16O        MVS17O        MVS18O
              ________      ________      ________
 MVS16O         0.432
 MVS17O         0.000         0.529
 MVS18O         0.000         0.000         0.439


           ALPHA
              SUC           CEN           HAP           POS
              ________      ________      ________      ________
                0.000         0.000         0.000         0.000


           BETA
              SUC           CEN           HAP           POS
              ________      ________      ________      ________
 SUC            0.000         0.000         0.000         0.000
 CEN            0.000         0.000         0.000         0.000
 HAP            0.000         0.000         0.000         0.000
 POS            0.000         0.000         0.000         0.000


           PSI
              SUC           CEN           HAP           POS
              ________      ________      ________      ________
 SUC            1.000
 CEN            0.000         1.000
 HAP            0.000         0.000         1.000
 POS            0.000         0.000         0.000         1.000


DIAGRAM INFORMATION

  Use View Diagram under the Diagram menu in the Mplus Editor to view the diagram.
  If running Mplus from the Mplus Diagrammer, the diagram opens automatically.

  Diagram output
    c:\users\jxb14\dropbox (personal)\consumeropinions\feb18oct18\18items\metric\singlegroup\03-t3pos-metric-ml.dgm

     Beginning Time:  17:55:04
        Ending Time:  17:55:04
       Elapsed Time:  00:00:00



MUTHEN & MUTHEN
3463 Stoner Ave.
Los Angeles, CA  90066

Tel: (310) 391-9971
Fax: (310) 391-8971
Web: www.StatModel.com
Support: Support@StatModel.com

Copyright (c) 1998-2018 Muthen & Muthen
