Mplus VERSION 8.2
MUTHEN & MUTHEN
12/13/2018   5:56 PM

INPUT INSTRUCTIONS

  TITLE: cfa with metric data (18 items)
         one method factor for reversed items

  DATA: file = mvs.dat;

  VARIABLE:
    names = idnum satopt ars ars01 im mvs1-mvs18;
    usevar = mvs1 mvs2 mvs3 mvs7 mvs8 mvs9 mvs13 mvs14 mvs15
             mvs4o mvs5o mvs6o mvs10o mvs11o mvs12o mvs16o mvs17o mvs18o;

    missing = all(-99);

  DEFINE:

    mvs4o=6-mvs4;
    mvs5o=6-mvs5;
    mvs6o=6-mvs6;
    mvs10o=6-mvs10;
    mvs11o=6-mvs11;
    mvs12o=6-mvs12;
    mvs16o=6-mvs16;
    mvs17o=6-mvs17;
    mvs18o=6-mvs18;

  ANALYSIS:

    ESTIMATOR=ML;

  MODEL:

    SUC BY mvs1*1 (l1)
           mvs2 (l2)
           mvs3 (l3)
           mvs4o (l4)
           mvs5o (l5)
           mvs6o (l6);
    CEN BY mvs7*1 (l7)
           mvs8 (l8)
           mvs9 (l9)
           mvs10o (l10)
           mvs11o (l11)
           mvs12o (l12);
    HAP BY mvs13*1 (l13)
           mvs14 (l14)
           mvs15 (l15)
           mvs16o (l16)
           mvs17o (l17)
           mvs18o (l18);

    Neg BY mvs4o*1
           mvs5o
           mvs6o
           mvs10o
           mvs11o
           mvs12o
           mvs16o
           mvs17o
           mvs18o;

    SUC@1;
    CEN@1;
    HAP@1;
    Neg@1;

    SUC WITH CEN;
    SUC WITH HAP;
    CEN WITH HAP;

    Neg WITH SUC@0;
    Neg WITH CEN@0;
    Neg WITH HAP@0;

    mvs1 (ev1);
    mvs2 (ev2);
    mvs3 (ev3);
    mvs4o (ev4);
    mvs5o (ev5);
    mvs6o (ev6);
    mvs7 (ev7);
    mvs8 (ev8);
    mvs9 (ev9);
    mvs10o (ev10);
    mvs11o (ev11);
    mvs12o (ev12);
    mvs13 (ev13);
    mvs14 (ev14);
    mvs15 (ev15);
    mvs16o (ev16);
    mvs17o (ev17);
    mvs18o (ev18);

  MODEL CONSTRAINT:

    l1>0;
    l7>0;
    l13>0;

  OUTPUT: TECH1 MOD (3.84) svalues CINTERVAL standardized;





*** WARNING in OUTPUT command
  MODINDICES option is not available in conjunction with nonlinear constraints
  through the use of MODEL CONSTRAINT.  Request for MODINDICES is ignored.
   1 WARNING(S) FOUND IN THE INPUT INSTRUCTIONS



cfa with metric data (18 items)
one method factor for reversed items

SUMMARY OF ANALYSIS

Number of groups                                                 1
Number of observations                                         554

Number of dependent variables                                   18
Number of independent variables                                  0
Number of continuous latent variables                            4

Observed dependent variables

  Continuous
   MVS1        MVS2        MVS3        MVS7        MVS8        MVS9
   MVS13       MVS14       MVS15       MVS4O       MVS5O       MVS6O
   MVS10O      MVS11O      MVS12O      MVS16O      MVS17O      MVS18O

Continuous latent variables
   SUC         CEN         HAP         NEG


Estimator                                                       ML
Information matrix                                        OBSERVED
Maximum number of iterations                                  1000
Convergence criterion                                    0.500D-04
Maximum number of steepest descent iterations                   20
Maximum number of iterations for H1                           2000
Convergence criterion for H1                             0.100D-03

Input data file(s)
  mvs.dat

Input data format  FREE


SUMMARY OF DATA

     Number of missing data patterns             1


COVARIANCE COVERAGE OF DATA

Minimum covariance coverage value   0.100


     PROPORTION OF DATA PRESENT


           Covariance Coverage
              MVS1          MVS2          MVS3          MVS7          MVS8
              ________      ________      ________      ________      ________
 MVS1           1.000
 MVS2           1.000         1.000
 MVS3           1.000         1.000         1.000
 MVS7           1.000         1.000         1.000         1.000
 MVS8           1.000         1.000         1.000         1.000         1.000
 MVS9           1.000         1.000         1.000         1.000         1.000
 MVS13          1.000         1.000         1.000         1.000         1.000
 MVS14          1.000         1.000         1.000         1.000         1.000
 MVS15          1.000         1.000         1.000         1.000         1.000
 MVS4O          1.000         1.000         1.000         1.000         1.000
 MVS5O          1.000         1.000         1.000         1.000         1.000
 MVS6O          1.000         1.000         1.000         1.000         1.000
 MVS10O         1.000         1.000         1.000         1.000         1.000
 MVS11O         1.000         1.000         1.000         1.000         1.000
 MVS12O         1.000         1.000         1.000         1.000         1.000
 MVS16O         1.000         1.000         1.000         1.000         1.000
 MVS17O         1.000         1.000         1.000         1.000         1.000
 MVS18O         1.000         1.000         1.000         1.000         1.000


           Covariance Coverage
              MVS9          MVS13         MVS14         MVS15         MVS4O
              ________      ________      ________      ________      ________
 MVS9           1.000
 MVS13          1.000         1.000
 MVS14          1.000         1.000         1.000
 MVS15          1.000         1.000         1.000         1.000
 MVS4O          1.000         1.000         1.000         1.000         1.000
 MVS5O          1.000         1.000         1.000         1.000         1.000
 MVS6O          1.000         1.000         1.000         1.000         1.000
 MVS10O         1.000         1.000         1.000         1.000         1.000
 MVS11O         1.000         1.000         1.000         1.000         1.000
 MVS12O         1.000         1.000         1.000         1.000         1.000
 MVS16O         1.000         1.000         1.000         1.000         1.000
 MVS17O         1.000         1.000         1.000         1.000         1.000
 MVS18O         1.000         1.000         1.000         1.000         1.000


           Covariance Coverage
              MVS5O         MVS6O         MVS10O        MVS11O        MVS12O
              ________      ________      ________      ________      ________
 MVS5O          1.000
 MVS6O          1.000         1.000
 MVS10O         1.000         1.000         1.000
 MVS11O         1.000         1.000         1.000         1.000
 MVS12O         1.000         1.000         1.000         1.000         1.000
 MVS16O         1.000         1.000         1.000         1.000         1.000
 MVS17O         1.000         1.000         1.000         1.000         1.000
 MVS18O         1.000         1.000         1.000         1.000         1.000


           Covariance Coverage
              MVS16O        MVS17O        MVS18O
              ________      ________      ________
 MVS16O         1.000
 MVS17O         1.000         1.000
 MVS18O         1.000         1.000         1.000



UNIVARIATE SAMPLE STATISTICS


     UNIVARIATE HIGHER-ORDER MOMENT DESCRIPTIVE STATISTICS

         Variable/         Mean/     Skewness/   Minimum/ % with                Percentiles
        Sample Size      Variance    Kurtosis    Maximum  Min/Max      20%/60%    40%/80%    Median

     MVS1                  3.359      -0.412       1.000    3.97%       2.000      3.000      4.000
             554.000       1.082      -0.647       5.000   10.47%       4.000      4.000
     MVS2                  2.363       0.467       1.000   20.76%       1.000      2.000      2.000
             554.000       1.069      -0.629       5.000    1.62%       2.000      3.000
     MVS3                  3.087      -0.280       1.000    7.94%       2.000      3.000      3.000
             554.000       1.191      -0.959       5.000    5.60%       4.000      4.000
     MVS7                  2.605       0.467       1.000    9.39%       2.000      2.000      2.000
             554.000       0.965      -0.413       5.000    3.25%       3.000      4.000
     MVS8                  3.482      -0.467       1.000    2.17%       2.000      3.000      4.000
             554.000       0.983      -0.535       5.000   12.09%       4.000      4.000
     MVS9                  3.300      -0.214       1.000    3.07%       2.000      3.000      3.000
             554.000       1.037      -0.735       5.000   10.29%       4.000      4.000
     MVS13                 3.166      -0.172       1.000    3.61%       2.000      3.000      3.000
             554.000       1.084      -1.048       5.000    6.68%       4.000      4.000
     MVS14                 3.430      -0.350       1.000    2.89%       2.000      3.000      4.000
             554.000       1.155      -0.845       5.000   14.62%       4.000      4.000
     MVS15                 3.348      -0.362       1.000    4.51%       2.000      3.000      4.000
             554.000       1.209      -0.851       5.000   12.45%       4.000      4.000
     MVS4O                 3.081       0.105       1.000    1.81%       2.000      3.000      3.000
             554.000       0.981      -1.057       5.000    6.14%       3.000      4.000
     MVS5O                 3.287      -0.201       1.000    1.62%       2.000      3.000      3.000
             554.000       0.912      -0.811       5.000    7.40%       4.000      4.000
     MVS6O                 2.780       0.344       1.000    4.33%       2.000      2.000      3.000
             554.000       0.937      -0.916       5.000    2.71%       3.000      4.000
     MVS10O                2.962       0.064       1.000    3.43%       2.000      3.000      3.000
             554.000       0.939      -1.024       5.000    3.25%       3.000      4.000
     MVS11O                2.430       0.652       1.000   10.83%       2.000      2.000      2.000
             554.000       0.855      -0.191       5.000    1.44%       2.000      3.000
     MVS12O                3.146      -0.043       1.000    1.99%       2.000      3.000      3.000
             554.000       0.905      -0.873       5.000    5.60%       4.000      4.000
     MVS16O                3.655      -0.733       1.000    1.81%       3.000      4.000      4.000
             554.000       0.865       0.120       5.000   14.08%       4.000      4.000
     MVS17O                2.776       0.418       1.000    5.78%       2.000      2.000      2.500
             554.000       1.058      -0.772       5.000    5.05%       3.000      4.000
     MVS18O                3.269      -0.203       1.000    1.44%       2.000      3.000      3.000
             554.000       0.879      -0.831       5.000    6.32%       4.000      4.000


THE MODEL ESTIMATION TERMINATED NORMALLY



MODEL FIT INFORMATION

Number of Free Parameters                       66

Loglikelihood

          H0 Value                      -13050.459
          H1 Value                      -12930.493

Information Criteria

          Akaike (AIC)                   26232.919
          Bayesian (BIC)                 26517.852
          Sample-Size Adjusted BIC       26308.338
            (n* = (n + 2) / 24)

Chi-Square Test of Model Fit

          Value                            239.933
          Degrees of Freedom                   123
          P-Value                           0.0000

RMSEA (Root Mean Square Error Of Approximation)

          Estimate                           0.041
          90 Percent C.I.                    0.034  0.049
          Probability RMSEA <= .05           0.966

CFI/TLI

          CFI                                0.949
          TLI                                0.936

Chi-Square Test of Model Fit for the Baseline Model

          Value                           2440.337
          Degrees of Freedom                   153
          P-Value                           0.0000

SRMR (Standardized Root Mean Square Residual)

          Value                              0.038



MODEL RESULTS

                                                    Two-Tailed
                    Estimate       S.E.  Est./S.E.    P-Value

 SUC      BY
    MVS1               0.596      0.046     12.896      0.000
    MVS2               0.525      0.047     11.200      0.000
    MVS3               0.758      0.047     16.133      0.000
    MVS4O             -0.462      0.045    -10.298      0.000
    MVS5O             -0.308      0.045     -6.875      0.000
    MVS6O             -0.475      0.043    -10.956      0.000

 CEN      BY
    MVS7               0.443      0.047      9.487      0.000
    MVS8               0.588      0.045     12.947      0.000
    MVS9               0.692      0.046     15.137      0.000
    MVS10O            -0.399      0.045     -8.822      0.000
    MVS11O            -0.078      0.046     -1.696      0.090
    MVS12O            -0.457      0.044    -10.390      0.000

 HAP      BY
    MVS13              0.778      0.041     18.957      0.000
    MVS14              0.895      0.041     21.799      0.000
    MVS15              0.545      0.048     11.450      0.000
    MVS16O            -0.316      0.042     -7.541      0.000
    MVS17O            -0.599      0.043    -13.954      0.000
    MVS18O            -0.489      0.040    -12.217      0.000

 NEG      BY
    MVS4O              0.343      0.051      6.701      0.000
    MVS5O              0.292      0.053      5.535      0.000
    MVS6O              0.380      0.049      7.704      0.000
    MVS10O             0.452      0.052      8.738      0.000
    MVS11O             0.221      0.054      4.101      0.000
    MVS12O             0.404      0.049      8.252      0.000
    MVS16O             0.165      0.052      3.168      0.002
    MVS17O             0.244      0.050      4.849      0.000
    MVS18O             0.343      0.048      7.176      0.000

 SUC      WITH
    CEN                0.776      0.038     20.379      0.000
    HAP                0.711      0.036     19.632      0.000
    NEG                0.000      0.000    999.000    999.000

 CEN      WITH
    HAP                0.620      0.042     14.904      0.000
    NEG                0.000      0.000    999.000    999.000

 NEG      WITH
    HAP                0.000      0.000    999.000    999.000

 Intercepts
    MVS1               3.359      0.044     76.007      0.000
    MVS2               2.363      0.044     53.796      0.000
    MVS3               3.087      0.046     66.570      0.000
    MVS7               2.605      0.042     62.420      0.000
    MVS8               3.482      0.042     82.681      0.000
    MVS9               3.300      0.043     76.282      0.000
    MVS13              3.166      0.044     71.563      0.000
    MVS14              3.430      0.046     75.119      0.000
    MVS15              3.348      0.047     71.677      0.000
    MVS4O              3.081      0.042     73.192      0.000
    MVS5O              3.287      0.041     80.977      0.000
    MVS6O              2.780      0.041     67.546      0.000
    MVS10O             2.962      0.041     71.928      0.000
    MVS11O             2.430      0.039     61.838      0.000
    MVS12O             3.146      0.040     77.836      0.000
    MVS16O             3.655      0.040     92.322      0.000
    MVS17O             2.776      0.044     63.226      0.000
    MVS18O             3.269      0.040     81.546      0.000

 Variances
    SUC                1.000      0.000    999.000    999.000
    CEN                1.000      0.000    999.000    999.000
    HAP                1.000      0.000    999.000    999.000
    NEG                1.000      0.000    999.000    999.000

 Residual Variances
    MVS1               0.727      0.051     14.184      0.000
    MVS2               0.793      0.053     14.882      0.000
    MVS3               0.616      0.052     11.863      0.000
    MVS7               0.769      0.051     15.040      0.000
    MVS8               0.637      0.048     13.297      0.000
    MVS9               0.557      0.049     11.440      0.000
    MVS13              0.479      0.039     12.392      0.000
    MVS14              0.354      0.039      9.151      0.000
    MVS15              0.912      0.058     15.604      0.000
    MVS4O              0.651      0.046     14.095      0.000
    MVS5O              0.733      0.048     15.178      0.000
    MVS6O              0.568      0.043     13.271      0.000
    MVS10O             0.577      0.047     12.310      0.000
    MVS11O             0.800      0.050     15.864      0.000
    MVS12O             0.533      0.042     12.577      0.000
    MVS16O             0.741      0.046     15.955      0.000
    MVS17O             0.649      0.045     14.436      0.000
    MVS18O             0.534      0.040     13.307      0.000


STANDARDIZED MODEL RESULTS


STDYX Standardization

                                                    Two-Tailed
                    Estimate       S.E.  Est./S.E.    P-Value

 SUC      BY
    MVS1               0.573      0.036     16.017      0.000
    MVS2               0.508      0.038     13.211      0.000
    MVS3               0.695      0.031     22.328      0.000
    MVS4O             -0.466      0.039    -11.802      0.000
    MVS5O             -0.322      0.044     -7.315      0.000
    MVS6O             -0.490      0.038    -12.772      0.000

 CEN      BY
    MVS7               0.451      0.042     10.679      0.000
    MVS8               0.593      0.037     16.028      0.000
    MVS9               0.680      0.034     20.035      0.000
    MVS10O            -0.411      0.042     -9.730      0.000
    MVS11O            -0.085      0.050     -1.703      0.089
    MVS12O            -0.481      0.040    -11.906      0.000

 HAP      BY
    MVS13              0.747      0.025     30.384      0.000
    MVS14              0.833      0.021     39.246      0.000
    MVS15              0.495      0.036     13.655      0.000
    MVS16O            -0.340      0.042     -8.150      0.000
    MVS17O            -0.580      0.032    -18.091      0.000
    MVS18O            -0.519      0.035    -14.880      0.000

 NEG      BY
    MVS4O              0.346      0.049      7.001      0.000
    MVS5O              0.305      0.053      5.737      0.000
    MVS6O              0.392      0.048      8.119      0.000
    MVS10O             0.466      0.049      9.414      0.000
    MVS11O             0.239      0.057      4.193      0.000
    MVS12O             0.425      0.048      8.772      0.000
    MVS16O             0.177      0.055      3.212      0.001
    MVS17O             0.236      0.048      4.965      0.000
    MVS18O             0.363      0.048      7.549      0.000

 SUC      WITH
    CEN                0.776      0.038     20.379      0.000
    HAP                0.711      0.036     19.632      0.000
    NEG                0.000      0.000    999.000    999.000

 CEN      WITH
    HAP                0.620      0.042     14.904      0.000
    NEG                0.000      0.000    999.000    999.000

 NEG      WITH
    HAP                0.000      0.000    999.000    999.000

 Intercepts
    MVS1               3.229      0.106     30.491      0.000
    MVS2               2.286      0.081     28.306      0.000
    MVS3               2.828      0.095     29.772      0.000
    MVS7               2.652      0.090     29.371      0.000
    MVS8               3.513      0.114     30.878      0.000
    MVS9               3.241      0.106     30.508      0.000
    MVS13              3.040      0.101     30.181      0.000
    MVS14              3.192      0.105     30.433      0.000
    MVS15              3.045      0.101     30.190      0.000
    MVS4O              3.110      0.103     30.336      0.000
    MVS5O              3.440      0.112     30.794      0.000
    MVS6O              2.870      0.096     29.913      0.000
    MVS10O             3.056      0.101     30.274      0.000
    MVS11O             2.627      0.090     29.309      0.000
    MVS12O             3.307      0.108     30.684      0.000
    MVS16O             3.922      0.126     31.220      0.000
    MVS17O             2.686      0.091     29.360      0.000
    MVS18O             3.465      0.113     30.704      0.000

 Variances
    SUC                1.000      0.000    999.000    999.000
    CEN                1.000      0.000    999.000    999.000
    HAP                1.000      0.000    999.000    999.000
    NEG                1.000      0.000    999.000    999.000

 Residual Variances
    MVS1               0.671      0.041     16.367      0.000
    MVS2               0.742      0.039     19.011      0.000
    MVS3               0.517      0.043     11.970      0.000
    MVS7               0.797      0.038     20.958      0.000
    MVS8               0.648      0.044     14.767      0.000
    MVS9               0.538      0.046     11.650      0.000
    MVS13              0.441      0.037     12.009      0.000
    MVS14              0.306      0.035      8.658      0.000
    MVS15              0.755      0.036     20.994      0.000
    MVS4O              0.663      0.041     16.009      0.000
    MVS5O              0.803      0.037     21.465      0.000
    MVS6O              0.606      0.043     14.220      0.000
    MVS10O             0.614      0.047     13.090      0.000
    MVS11O             0.936      0.027     34.805      0.000
    MVS12O             0.589      0.045     13.172      0.000
    MVS16O             0.853      0.032     26.376      0.000
    MVS17O             0.608      0.039     15.540      0.000
    MVS18O             0.599      0.043     13.953      0.000


STDY Standardization

                                                    Two-Tailed
                    Estimate       S.E.  Est./S.E.    P-Value

 SUC      BY
    MVS1               0.573      0.036     16.017      0.000
    MVS2               0.508      0.038     13.211      0.000
    MVS3               0.695      0.031     22.328      0.000
    MVS4O             -0.466      0.039    -11.802      0.000
    MVS5O             -0.322      0.044     -7.315      0.000
    MVS6O             -0.490      0.038    -12.772      0.000

 CEN      BY
    MVS7               0.451      0.042     10.679      0.000
    MVS8               0.593      0.037     16.028      0.000
    MVS9               0.680      0.034     20.035      0.000
    MVS10O            -0.411      0.042     -9.730      0.000
    MVS11O            -0.085      0.050     -1.703      0.089
    MVS12O            -0.481      0.040    -11.906      0.000

 HAP      BY
    MVS13              0.747      0.025     30.384      0.000
    MVS14              0.833      0.021     39.246      0.000
    MVS15              0.495      0.036     13.655      0.000
    MVS16O            -0.340      0.042     -8.150      0.000
    MVS17O            -0.580      0.032    -18.091      0.000
    MVS18O            -0.519      0.035    -14.880      0.000

 NEG      BY
    MVS4O              0.346      0.049      7.001      0.000
    MVS5O              0.305      0.053      5.737      0.000
    MVS6O              0.392      0.048      8.119      0.000
    MVS10O             0.466      0.049      9.414      0.000
    MVS11O             0.239      0.057      4.193      0.000
    MVS12O             0.425      0.048      8.772      0.000
    MVS16O             0.177      0.055      3.212      0.001
    MVS17O             0.236      0.048      4.965      0.000
    MVS18O             0.363      0.048      7.549      0.000

 SUC      WITH
    CEN                0.776      0.038     20.379      0.000
    HAP                0.711      0.036     19.632      0.000
    NEG                0.000      0.000    999.000    999.000

 CEN      WITH
    HAP                0.620      0.042     14.904      0.000
    NEG                0.000      0.000    999.000    999.000

 NEG      WITH
    HAP                0.000      0.000    999.000    999.000

 Intercepts
    MVS1               3.229      0.106     30.491      0.000
    MVS2               2.286      0.081     28.306      0.000
    MVS3               2.828      0.095     29.772      0.000
    MVS7               2.652      0.090     29.371      0.000
    MVS8               3.513      0.114     30.878      0.000
    MVS9               3.241      0.106     30.508      0.000
    MVS13              3.040      0.101     30.181      0.000
    MVS14              3.192      0.105     30.433      0.000
    MVS15              3.045      0.101     30.190      0.000
    MVS4O              3.110      0.103     30.336      0.000
    MVS5O              3.440      0.112     30.794      0.000
    MVS6O              2.870      0.096     29.913      0.000
    MVS10O             3.056      0.101     30.274      0.000
    MVS11O             2.627      0.090     29.309      0.000
    MVS12O             3.307      0.108     30.684      0.000
    MVS16O             3.922      0.126     31.220      0.000
    MVS17O             2.686      0.091     29.360      0.000
    MVS18O             3.465      0.113     30.704      0.000

 Variances
    SUC                1.000      0.000    999.000    999.000
    CEN                1.000      0.000    999.000    999.000
    HAP                1.000      0.000    999.000    999.000
    NEG                1.000      0.000    999.000    999.000

 Residual Variances
    MVS1               0.671      0.041     16.367      0.000
    MVS2               0.742      0.039     19.011      0.000
    MVS3               0.517      0.043     11.970      0.000
    MVS7               0.797      0.038     20.958      0.000
    MVS8               0.648      0.044     14.767      0.000
    MVS9               0.538      0.046     11.650      0.000
    MVS13              0.441      0.037     12.009      0.000
    MVS14              0.306      0.035      8.658      0.000
    MVS15              0.755      0.036     20.994      0.000
    MVS4O              0.663      0.041     16.009      0.000
    MVS5O              0.803      0.037     21.465      0.000
    MVS6O              0.606      0.043     14.220      0.000
    MVS10O             0.614      0.047     13.090      0.000
    MVS11O             0.936      0.027     34.805      0.000
    MVS12O             0.589      0.045     13.172      0.000
    MVS16O             0.853      0.032     26.376      0.000
    MVS17O             0.608      0.039     15.540      0.000
    MVS18O             0.599      0.043     13.953      0.000


STD Standardization

                                                    Two-Tailed
                    Estimate       S.E.  Est./S.E.    P-Value

 SUC      BY
    MVS1               0.596      0.046     12.896      0.000
    MVS2               0.525      0.047     11.200      0.000
    MVS3               0.758      0.047     16.133      0.000
    MVS4O             -0.462      0.045    -10.298      0.000
    MVS5O             -0.308      0.045     -6.875      0.000
    MVS6O             -0.475      0.043    -10.956      0.000

 CEN      BY
    MVS7               0.443      0.047      9.487      0.000
    MVS8               0.588      0.045     12.947      0.000
    MVS9               0.692      0.046     15.137      0.000
    MVS10O            -0.399      0.045     -8.822      0.000
    MVS11O            -0.078      0.046     -1.696      0.090
    MVS12O            -0.457      0.044    -10.390      0.000

 HAP      BY
    MVS13              0.778      0.041     18.957      0.000
    MVS14              0.895      0.041     21.799      0.000
    MVS15              0.545      0.048     11.450      0.000
    MVS16O            -0.316      0.042     -7.541      0.000
    MVS17O            -0.599      0.043    -13.954      0.000
    MVS18O            -0.489      0.040    -12.217      0.000

 NEG      BY
    MVS4O              0.343      0.051      6.701      0.000
    MVS5O              0.292      0.053      5.535      0.000
    MVS6O              0.380      0.049      7.704      0.000
    MVS10O             0.452      0.052      8.738      0.000
    MVS11O             0.221      0.054      4.101      0.000
    MVS12O             0.404      0.049      8.252      0.000
    MVS16O             0.165      0.052      3.168      0.002
    MVS17O             0.244      0.050      4.849      0.000
    MVS18O             0.343      0.048      7.176      0.000

 SUC      WITH
    CEN                0.776      0.038     20.379      0.000
    HAP                0.711      0.036     19.632      0.000
    NEG                0.000      0.000    999.000    999.000

 CEN      WITH
    HAP                0.620      0.042     14.904      0.000
    NEG                0.000      0.000    999.000    999.000

 NEG      WITH
    HAP                0.000      0.000    999.000    999.000

 Intercepts
    MVS1               3.359      0.044     76.007      0.000
    MVS2               2.363      0.044     53.796      0.000
    MVS3               3.087      0.046     66.570      0.000
    MVS7               2.605      0.042     62.420      0.000
    MVS8               3.482      0.042     82.681      0.000
    MVS9               3.300      0.043     76.282      0.000
    MVS13              3.166      0.044     71.563      0.000
    MVS14              3.430      0.046     75.119      0.000
    MVS15              3.348      0.047     71.677      0.000
    MVS4O              3.081      0.042     73.192      0.000
    MVS5O              3.287      0.041     80.977      0.000
    MVS6O              2.780      0.041     67.546      0.000
    MVS10O             2.962      0.041     71.928      0.000
    MVS11O             2.430      0.039     61.838      0.000
    MVS12O             3.146      0.040     77.836      0.000
    MVS16O             3.655      0.040     92.322      0.000
    MVS17O             2.776      0.044     63.226      0.000
    MVS18O             3.269      0.040     81.546      0.000

 Variances
    SUC                1.000      0.000    999.000    999.000
    CEN                1.000      0.000    999.000    999.000
    HAP                1.000      0.000    999.000    999.000
    NEG                1.000      0.000    999.000    999.000

 Residual Variances
    MVS1               0.727      0.051     14.184      0.000
    MVS2               0.793      0.053     14.882      0.000
    MVS3               0.616      0.052     11.863      0.000
    MVS7               0.769      0.051     15.040      0.000
    MVS8               0.637      0.048     13.297      0.000
    MVS9               0.557      0.049     11.440      0.000
    MVS13              0.479      0.039     12.392      0.000
    MVS14              0.354      0.039      9.151      0.000
    MVS15              0.912      0.058     15.604      0.000
    MVS4O              0.651      0.046     14.095      0.000
    MVS5O              0.733      0.048     15.178      0.000
    MVS6O              0.568      0.043     13.271      0.000
    MVS10O             0.577      0.047     12.310      0.000
    MVS11O             0.800      0.050     15.864      0.000
    MVS12O             0.533      0.042     12.577      0.000
    MVS16O             0.741      0.046     15.955      0.000
    MVS17O             0.649      0.045     14.436      0.000
    MVS18O             0.534      0.040     13.307      0.000


R-SQUARE

    Observed                                        Two-Tailed
    Variable        Estimate       S.E.  Est./S.E.    P-Value

    MVS1               0.329      0.041      8.008      0.000
    MVS2               0.258      0.039      6.605      0.000
    MVS3               0.483      0.043     11.164      0.000
    MVS7               0.203      0.038      5.339      0.000
    MVS8               0.352      0.044      8.014      0.000
    MVS9               0.462      0.046     10.017      0.000
    MVS13              0.559      0.037     15.192      0.000
    MVS14              0.694      0.035     19.623      0.000
    MVS15              0.245      0.036      6.827      0.000
    MVS4O              0.337      0.041      8.138      0.000
    MVS5O              0.197      0.037      5.271      0.000
    MVS6O              0.394      0.043      9.258      0.000
    MVS10O             0.386      0.047      8.236      0.000
    MVS11O             0.064      0.027      2.385      0.017
    MVS12O             0.411      0.045      9.198      0.000
    MVS16O             0.147      0.032      4.528      0.000
    MVS17O             0.392      0.039     10.025      0.000
    MVS18O             0.401      0.043      9.330      0.000


QUALITY OF NUMERICAL RESULTS

     Condition Number for the Information Matrix              0.266E-03
       (ratio of smallest to largest eigenvalue)


CONFIDENCE INTERVALS OF MODEL RESULTS

                  Lower .5%  Lower 2.5%    Lower 5%    Estimate    Upper 5%  Upper 2.5%   Upper .5%

 SUC      BY
    MVS1             0.477       0.506       0.520       0.596       0.672       0.687       0.715
    MVS2             0.404       0.433       0.448       0.525       0.602       0.617       0.646
    MVS3             0.637       0.666       0.681       0.758       0.835       0.850       0.879
    MVS4O           -0.577      -0.549      -0.535      -0.462      -0.388      -0.374      -0.346
    MVS5O           -0.424      -0.396      -0.382      -0.308      -0.234      -0.220      -0.193
    MVS6O           -0.587      -0.560      -0.546      -0.475      -0.404      -0.390      -0.363

 CEN      BY
    MVS7             0.322       0.351       0.366       0.443       0.519       0.534       0.563
    MVS8             0.471       0.499       0.513       0.588       0.663       0.677       0.705
    MVS9             0.574       0.603       0.617       0.692       0.768       0.782       0.810
    MVS10O          -0.515      -0.487      -0.473      -0.399      -0.324      -0.310      -0.282
    MVS11O          -0.197      -0.169      -0.154      -0.078      -0.002       0.012       0.041
    MVS12O          -0.570      -0.543      -0.530      -0.457      -0.385      -0.371      -0.344

 HAP      BY
    MVS13            0.672       0.698       0.711       0.778       0.846       0.859       0.884
    MVS14            0.789       0.815       0.828       0.895       0.963       0.976       1.001
    MVS15            0.422       0.451       0.466       0.545       0.623       0.638       0.667
    MVS16O          -0.425      -0.399      -0.385      -0.316      -0.247      -0.234      -0.208
    MVS17O          -0.710      -0.684      -0.670      -0.599      -0.529      -0.515      -0.489
    MVS18O          -0.592      -0.568      -0.555      -0.489      -0.423      -0.411      -0.386

 NEG      BY
    MVS4O            0.211       0.243       0.259       0.343       0.427       0.444       0.475
    MVS5O            0.156       0.188       0.205       0.292       0.378       0.395       0.427
    MVS6O            0.253       0.283       0.299       0.380       0.461       0.477       0.507
    MVS10O           0.319       0.350       0.367       0.452       0.537       0.553       0.585
    MVS11O           0.082       0.115       0.132       0.221       0.309       0.326       0.359
    MVS12O           0.278       0.308       0.323       0.404       0.484       0.500       0.530
    MVS16O           0.031       0.063       0.079       0.165       0.250       0.267       0.299
    MVS17O           0.114       0.145       0.161       0.244       0.327       0.342       0.373
    MVS18O           0.220       0.249       0.264       0.343       0.421       0.436       0.466

 SUC      WITH
    CEN              0.678       0.701       0.713       0.776       0.838       0.850       0.874
    HAP              0.618       0.640       0.651       0.711       0.771       0.782       0.804
    NEG              0.000       0.000       0.000       0.000       0.000       0.000       0.000

 CEN      WITH
    HAP              0.513       0.538       0.551       0.620       0.688       0.701       0.727
    NEG              0.000       0.000       0.000       0.000       0.000       0.000       0.000

 NEG      WITH
    HAP              0.000       0.000       0.000       0.000       0.000       0.000       0.000

 Intercepts
    MVS1             3.245       3.273       3.287       3.359       3.432       3.446       3.473
    MVS2             2.250       2.277       2.291       2.363       2.435       2.449       2.476
    MVS3             2.967       2.996       3.010       3.087       3.163       3.178       3.206
    MVS7             2.497       2.523       2.536       2.605       2.673       2.686       2.712
    MVS8             3.373       3.399       3.413       3.482       3.551       3.564       3.590
    MVS9             3.188       3.215       3.228       3.300       3.371       3.384       3.411
    MVS13            3.052       3.079       3.093       3.166       3.239       3.253       3.280
    MVS14            3.312       3.340       3.354       3.430       3.505       3.519       3.547
    MVS15            3.228       3.257       3.272       3.348       3.425       3.440       3.469
    MVS4O            2.973       2.999       3.012       3.081       3.150       3.164       3.190
    MVS5O            3.182       3.207       3.220       3.287       3.354       3.367       3.392
    MVS6O            2.674       2.699       2.712       2.780       2.847       2.860       2.886
    MVS10O           2.856       2.881       2.894       2.962       3.030       3.043       3.068
    MVS11O           2.328       2.353       2.365       2.430       2.494       2.507       2.531
    MVS12O           3.042       3.067       3.080       3.146       3.213       3.225       3.250
    MVS16O           3.553       3.578       3.590       3.655       3.720       3.733       3.757
    MVS17O           2.663       2.690       2.704       2.776       2.848       2.862       2.889
    MVS18O           3.166       3.190       3.203       3.269       3.335       3.348       3.372

 Variances
    SUC              1.000       1.000       1.000       1.000       1.000       1.000       1.000
    CEN              1.000       1.000       1.000       1.000       1.000       1.000       1.000
    HAP              1.000       1.000       1.000       1.000       1.000       1.000       1.000
    NEG              1.000       1.000       1.000       1.000       1.000       1.000       1.000

 Residual Variances
    MVS1             0.595       0.626       0.642       0.727       0.811       0.827       0.859
    MVS2             0.656       0.689       0.705       0.793       0.881       0.898       0.930
    MVS3             0.482       0.514       0.531       0.616       0.702       0.718       0.750
    MVS7             0.637       0.669       0.685       0.769       0.853       0.869       0.900
    MVS8             0.514       0.543       0.558       0.637       0.716       0.731       0.760
    MVS9             0.432       0.462       0.477       0.557       0.637       0.653       0.683
    MVS13            0.379       0.403       0.415       0.479       0.542       0.554       0.578
    MVS14            0.254       0.278       0.290       0.354       0.417       0.429       0.453
    MVS15            0.762       0.798       0.816       0.912       1.008       1.027       1.063
    MVS4O            0.532       0.560       0.575       0.651       0.727       0.741       0.770
    MVS5O            0.608       0.638       0.653       0.733       0.812       0.827       0.857
    MVS6O            0.458       0.484       0.498       0.568       0.639       0.652       0.679
    MVS10O           0.456       0.485       0.500       0.577       0.654       0.669       0.697
    MVS11O           0.670       0.701       0.717       0.800       0.883       0.899       0.930
    MVS12O           0.424       0.450       0.463       0.533       0.603       0.616       0.642
    MVS16O           0.622       0.650       0.665       0.741       0.818       0.832       0.861
    MVS17O           0.533       0.561       0.575       0.649       0.723       0.737       0.765
    MVS18O           0.430       0.455       0.468       0.534       0.599       0.612       0.637


CONFIDENCE INTERVALS OF STANDARDIZED MODEL RESULTS


STDYX Standardization

                  Lower .5%  Lower 2.5%    Lower 5%    Estimate    Upper 5%  Upper 2.5%   Upper .5%

 SUC      BY
    MVS1             0.481       0.503       0.514       0.573       0.632       0.643       0.665
    MVS2             0.409       0.432       0.445       0.508       0.571       0.583       0.607
    MVS3             0.615       0.634       0.644       0.695       0.746       0.756       0.775
    MVS4O           -0.568      -0.543      -0.531      -0.466      -0.401      -0.389      -0.364
    MVS5O           -0.436      -0.409      -0.395      -0.322      -0.250      -0.236      -0.209
    MVS6O           -0.589      -0.566      -0.554      -0.490      -0.427      -0.415      -0.391

 CEN      BY
    MVS7             0.342       0.368       0.381       0.451       0.520       0.533       0.559
    MVS8             0.498       0.521       0.532       0.593       0.654       0.666       0.688
    MVS9             0.593       0.613       0.624       0.680       0.736       0.746       0.767
    MVS10O          -0.520      -0.494      -0.481      -0.411      -0.342      -0.328      -0.302
    MVS11O          -0.213      -0.182      -0.166      -0.085      -0.003       0.013       0.043
    MVS12O          -0.584      -0.560      -0.547      -0.481      -0.414      -0.401      -0.377

 HAP      BY
    MVS13            0.684       0.699       0.707       0.747       0.788       0.796       0.811
    MVS14            0.778       0.791       0.798       0.833       0.868       0.875       0.888
    MVS15            0.402       0.424       0.436       0.495       0.555       0.566       0.589
    MVS16O          -0.447      -0.421      -0.408      -0.340      -0.271      -0.258      -0.232
    MVS17O          -0.663      -0.643      -0.633      -0.580      -0.527      -0.517      -0.497
    MVS18O          -0.608      -0.587      -0.576      -0.519      -0.461      -0.450      -0.429

 NEG      BY
    MVS4O            0.219       0.249       0.265       0.346       0.428       0.443       0.474
    MVS5O            0.168       0.201       0.218       0.305       0.393       0.410       0.442
    MVS6O            0.268       0.298       0.313       0.392       0.472       0.487       0.517
    MVS10O           0.338       0.369       0.385       0.466       0.547       0.563       0.593
    MVS11O           0.092       0.127       0.145       0.239       0.332       0.350       0.385
    MVS12O           0.300       0.330       0.345       0.425       0.504       0.519       0.549
    MVS16O           0.035       0.069       0.086       0.177       0.267       0.285       0.318
    MVS17O           0.114       0.143       0.158       0.236       0.314       0.329       0.358
    MVS18O           0.239       0.269       0.284       0.363       0.442       0.457       0.487

 SUC      WITH
    CEN              0.678       0.701       0.713       0.776       0.838       0.850       0.874
    HAP              0.618       0.640       0.651       0.711       0.771       0.782       0.804
    NEG              0.000       0.000       0.000       0.000       0.000       0.000       0.000

 CEN      WITH
    HAP              0.513       0.538       0.551       0.620       0.688       0.701       0.727
    NEG              0.000       0.000       0.000       0.000       0.000       0.000       0.000

 NEG      WITH
    HAP              0.000       0.000       0.000       0.000       0.000       0.000       0.000

 Intercepts
    MVS1             2.956       3.022       3.055       3.229       3.403       3.437       3.502
    MVS2             2.078       2.127       2.153       2.286       2.418       2.444       2.494
    MVS3             2.584       2.642       2.672       2.828       2.985       3.014       3.073
    MVS7             2.419       2.475       2.503       2.652       2.800       2.829       2.885
    MVS8             3.220       3.290       3.326       3.513       3.700       3.736       3.806
    MVS9             2.967       3.033       3.066       3.241       3.416       3.449       3.515
    MVS13            2.781       2.843       2.875       3.040       3.206       3.238       3.300
    MVS14            2.921       2.986       3.019       3.192       3.364       3.397       3.462
    MVS15            2.785       2.848       2.879       3.045       3.211       3.243       3.305
    MVS4O            2.846       2.909       2.941       3.110       3.278       3.311       3.374
    MVS5O            3.153       3.221       3.257       3.440       3.624       3.659       3.728
    MVS6O            2.623       2.682       2.712       2.870       3.028       3.058       3.117
    MVS10O           2.796       2.858       2.890       3.056       3.222       3.254       3.316
    MVS11O           2.396       2.452       2.480       2.627       2.775       2.803       2.858
    MVS12O           3.029       3.096       3.130       3.307       3.484       3.518       3.585
    MVS16O           3.599       3.676       3.716       3.922       4.129       4.169       4.246
    MVS17O           2.451       2.507       2.536       2.686       2.837       2.866       2.922
    MVS18O           3.174       3.243       3.279       3.465       3.650       3.686       3.755

 Variances
    SUC              1.000       1.000       1.000       1.000       1.000       1.000       1.000
    CEN              1.000       1.000       1.000       1.000       1.000       1.000       1.000
    HAP              1.000       1.000       1.000       1.000       1.000       1.000       1.000
    NEG              1.000       1.000       1.000       1.000       1.000       1.000       1.000

 Residual Variances
    MVS1             0.566       0.591       0.604       0.671       0.739       0.752       0.777
    MVS2             0.642       0.666       0.678       0.742       0.806       0.819       0.843
    MVS3             0.406       0.433       0.446       0.517       0.589       0.602       0.629
    MVS7             0.699       0.722       0.734       0.797       0.860       0.871       0.895
    MVS8             0.535       0.562       0.576       0.648       0.720       0.734       0.761
    MVS9             0.419       0.447       0.462       0.538       0.614       0.628       0.657
    MVS13            0.347       0.369       0.381       0.441       0.502       0.514       0.536
    MVS14            0.215       0.237       0.248       0.306       0.364       0.375       0.397
    MVS15            0.662       0.684       0.695       0.755       0.814       0.825       0.847
    MVS4O            0.556       0.582       0.595       0.663       0.731       0.744       0.770
    MVS5O            0.706       0.730       0.741       0.803       0.864       0.876       0.899
    MVS6O            0.496       0.522       0.536       0.606       0.676       0.689       0.715
    MVS10O           0.493       0.522       0.537       0.614       0.691       0.706       0.735
    MVS11O           0.867       0.883       0.892       0.936       0.980       0.989       1.005
    MVS12O           0.474       0.501       0.515       0.589       0.662       0.676       0.704
    MVS16O           0.770       0.790       0.800       0.853       0.907       0.917       0.937
    MVS17O           0.507       0.531       0.544       0.608       0.672       0.685       0.709
    MVS18O           0.489       0.515       0.529       0.599       0.670       0.683       0.710


STDY Standardization

                  Lower .5%  Lower 2.5%    Lower 5%    Estimate    Upper 5%  Upper 2.5%   Upper .5%

 SUC      BY
    MVS1             0.481       0.503       0.514       0.573       0.632       0.643       0.665
    MVS2             0.409       0.432       0.445       0.508       0.571       0.583       0.607
    MVS3             0.615       0.634       0.644       0.695       0.746       0.756       0.775
    MVS4O           -0.568      -0.543      -0.531      -0.466      -0.401      -0.389      -0.364
    MVS5O           -0.436      -0.409      -0.395      -0.322      -0.250      -0.236      -0.209
    MVS6O           -0.589      -0.566      -0.554      -0.490      -0.427      -0.415      -0.391

 CEN      BY
    MVS7             0.342       0.368       0.381       0.451       0.520       0.533       0.559
    MVS8             0.498       0.521       0.532       0.593       0.654       0.666       0.688
    MVS9             0.593       0.613       0.624       0.680       0.736       0.746       0.767
    MVS10O          -0.520      -0.494      -0.481      -0.411      -0.342      -0.328      -0.302
    MVS11O          -0.213      -0.182      -0.166      -0.085      -0.003       0.013       0.043
    MVS12O          -0.584      -0.560      -0.547      -0.481      -0.414      -0.401      -0.377

 HAP      BY
    MVS13            0.684       0.699       0.707       0.747       0.788       0.796       0.811
    MVS14            0.778       0.791       0.798       0.833       0.868       0.875       0.888
    MVS15            0.402       0.424       0.436       0.495       0.555       0.566       0.589
    MVS16O          -0.447      -0.421      -0.408      -0.340      -0.271      -0.258      -0.232
    MVS17O          -0.663      -0.643      -0.633      -0.580      -0.527      -0.517      -0.497
    MVS18O          -0.608      -0.587      -0.576      -0.519      -0.461      -0.450      -0.429

 NEG      BY
    MVS4O            0.219       0.249       0.265       0.346       0.428       0.443       0.474
    MVS5O            0.168       0.201       0.218       0.305       0.393       0.410       0.442
    MVS6O            0.268       0.298       0.313       0.392       0.472       0.487       0.517
    MVS10O           0.338       0.369       0.385       0.466       0.547       0.563       0.593
    MVS11O           0.092       0.127       0.145       0.239       0.332       0.350       0.385
    MVS12O           0.300       0.330       0.345       0.425       0.504       0.519       0.549
    MVS16O           0.035       0.069       0.086       0.177       0.267       0.285       0.318
    MVS17O           0.114       0.143       0.158       0.236       0.314       0.329       0.358
    MVS18O           0.239       0.269       0.284       0.363       0.442       0.457       0.487

 SUC      WITH
    CEN              0.678       0.701       0.713       0.776       0.838       0.850       0.874
    HAP              0.618       0.640       0.651       0.711       0.771       0.782       0.804
    NEG              0.000       0.000       0.000       0.000       0.000       0.000       0.000

 CEN      WITH
    HAP              0.513       0.538       0.551       0.620       0.688       0.701       0.727
    NEG              0.000       0.000       0.000       0.000       0.000       0.000       0.000

 NEG      WITH
    HAP              0.000       0.000       0.000       0.000       0.000       0.000       0.000

 Intercepts
    MVS1             2.956       3.022       3.055       3.229       3.403       3.437       3.502
    MVS2             2.078       2.127       2.153       2.286       2.418       2.444       2.494
    MVS3             2.584       2.642       2.672       2.828       2.985       3.014       3.073
    MVS7             2.419       2.475       2.503       2.652       2.800       2.829       2.885
    MVS8             3.220       3.290       3.326       3.513       3.700       3.736       3.806
    MVS9             2.967       3.033       3.066       3.241       3.416       3.449       3.515
    MVS13            2.781       2.843       2.875       3.040       3.206       3.238       3.300
    MVS14            2.921       2.986       3.019       3.192       3.364       3.397       3.462
    MVS15            2.785       2.848       2.879       3.045       3.211       3.243       3.305
    MVS4O            2.846       2.909       2.941       3.110       3.278       3.311       3.374
    MVS5O            3.153       3.221       3.257       3.440       3.624       3.659       3.728
    MVS6O            2.623       2.682       2.712       2.870       3.028       3.058       3.117
    MVS10O           2.796       2.858       2.890       3.056       3.222       3.254       3.316
    MVS11O           2.396       2.452       2.480       2.627       2.775       2.803       2.858
    MVS12O           3.029       3.096       3.130       3.307       3.484       3.518       3.585
    MVS16O           3.599       3.676       3.716       3.922       4.129       4.169       4.246
    MVS17O           2.451       2.507       2.536       2.686       2.837       2.866       2.922
    MVS18O           3.174       3.243       3.279       3.465       3.650       3.686       3.755

 Variances
    SUC              1.000       1.000       1.000       1.000       1.000       1.000       1.000
    CEN              1.000       1.000       1.000       1.000       1.000       1.000       1.000
    HAP              1.000       1.000       1.000       1.000       1.000       1.000       1.000
    NEG              1.000       1.000       1.000       1.000       1.000       1.000       1.000

 Residual Variances
    MVS1             0.566       0.591       0.604       0.671       0.739       0.752       0.777
    MVS2             0.642       0.666       0.678       0.742       0.806       0.819       0.843
    MVS3             0.406       0.433       0.446       0.517       0.589       0.602       0.629
    MVS7             0.699       0.722       0.734       0.797       0.860       0.871       0.895
    MVS8             0.535       0.562       0.576       0.648       0.720       0.734       0.761
    MVS9             0.419       0.447       0.462       0.538       0.614       0.628       0.657
    MVS13            0.347       0.369       0.381       0.441       0.502       0.514       0.536
    MVS14            0.215       0.237       0.248       0.306       0.364       0.375       0.397
    MVS15            0.662       0.684       0.695       0.755       0.814       0.825       0.847
    MVS4O            0.556       0.582       0.595       0.663       0.731       0.744       0.770
    MVS5O            0.706       0.730       0.741       0.803       0.864       0.876       0.899
    MVS6O            0.496       0.522       0.536       0.606       0.676       0.689       0.715
    MVS10O           0.493       0.522       0.537       0.614       0.691       0.706       0.735
    MVS11O           0.867       0.883       0.892       0.936       0.980       0.989       1.005
    MVS12O           0.474       0.501       0.515       0.589       0.662       0.676       0.704
    MVS16O           0.770       0.790       0.800       0.853       0.907       0.917       0.937
    MVS17O           0.507       0.531       0.544       0.608       0.672       0.685       0.709
    MVS18O           0.489       0.515       0.529       0.599       0.670       0.683       0.710


STD Standardization

                  Lower .5%  Lower 2.5%    Lower 5%    Estimate    Upper 5%  Upper 2.5%   Upper .5%

 SUC      BY
    MVS1             0.477       0.506       0.520       0.596       0.672       0.687       0.715
    MVS2             0.404       0.433       0.448       0.525       0.602       0.617       0.646
    MVS3             0.637       0.666       0.681       0.758       0.835       0.850       0.879
    MVS4O           -0.577      -0.549      -0.535      -0.462      -0.388      -0.374      -0.346
    MVS5O           -0.424      -0.396      -0.382      -0.308      -0.234      -0.220      -0.193
    MVS6O           -0.587      -0.560      -0.546      -0.475      -0.404      -0.390      -0.363

 CEN      BY
    MVS7             0.322       0.351       0.366       0.443       0.519       0.534       0.563
    MVS8             0.471       0.499       0.513       0.588       0.663       0.677       0.705
    MVS9             0.574       0.603       0.617       0.692       0.768       0.782       0.810
    MVS10O          -0.515      -0.487      -0.473      -0.399      -0.324      -0.310      -0.282
    MVS11O          -0.197      -0.169      -0.154      -0.078      -0.002       0.012       0.041
    MVS12O          -0.570      -0.543      -0.530      -0.457      -0.385      -0.371      -0.344

 HAP      BY
    MVS13            0.672       0.698       0.711       0.778       0.846       0.859       0.884
    MVS14            0.789       0.815       0.828       0.895       0.963       0.976       1.001
    MVS15            0.422       0.451       0.466       0.545       0.623       0.638       0.667
    MVS16O          -0.425      -0.399      -0.385      -0.316      -0.247      -0.234      -0.208
    MVS17O          -0.710      -0.684      -0.670      -0.599      -0.529      -0.515      -0.489
    MVS18O          -0.592      -0.568      -0.555      -0.489      -0.423      -0.411      -0.386

 NEG      BY
    MVS4O            0.211       0.243       0.259       0.343       0.427       0.444       0.475
    MVS5O            0.156       0.188       0.205       0.292       0.378       0.395       0.427
    MVS6O            0.253       0.283       0.299       0.380       0.461       0.477       0.507
    MVS10O           0.319       0.350       0.367       0.452       0.537       0.553       0.585
    MVS11O           0.082       0.115       0.132       0.221       0.309       0.326       0.359
    MVS12O           0.278       0.308       0.323       0.404       0.484       0.500       0.530
    MVS16O           0.031       0.063       0.079       0.165       0.250       0.267       0.299
    MVS17O           0.114       0.145       0.161       0.244       0.327       0.342       0.373
    MVS18O           0.220       0.249       0.264       0.343       0.421       0.436       0.466

 SUC      WITH
    CEN              0.678       0.701       0.713       0.776       0.838       0.850       0.874
    HAP              0.618       0.640       0.651       0.711       0.771       0.782       0.804
    NEG              0.000       0.000       0.000       0.000       0.000       0.000       0.000

 CEN      WITH
    HAP              0.513       0.538       0.551       0.620       0.688       0.701       0.727
    NEG              0.000       0.000       0.000       0.000       0.000       0.000       0.000

 NEG      WITH
    HAP              0.000       0.000       0.000       0.000       0.000       0.000       0.000

 Intercepts
    MVS1             3.245       3.273       3.287       3.359       3.432       3.446       3.473
    MVS2             2.250       2.277       2.291       2.363       2.435       2.449       2.476
    MVS3             2.967       2.996       3.010       3.087       3.163       3.178       3.206
    MVS7             2.497       2.523       2.536       2.605       2.673       2.686       2.712
    MVS8             3.373       3.399       3.413       3.482       3.551       3.564       3.590
    MVS9             3.188       3.215       3.228       3.300       3.371       3.384       3.411
    MVS13            3.052       3.079       3.093       3.166       3.239       3.253       3.280
    MVS14            3.312       3.340       3.354       3.430       3.505       3.519       3.547
    MVS15            3.228       3.257       3.272       3.348       3.425       3.440       3.469
    MVS4O            2.973       2.999       3.012       3.081       3.150       3.164       3.190
    MVS5O            3.182       3.207       3.220       3.287       3.354       3.367       3.392
    MVS6O            2.674       2.699       2.712       2.780       2.847       2.860       2.886
    MVS10O           2.856       2.881       2.894       2.962       3.030       3.043       3.068
    MVS11O           2.328       2.353       2.365       2.430       2.494       2.507       2.531
    MVS12O           3.042       3.067       3.080       3.146       3.213       3.225       3.250
    MVS16O           3.553       3.578       3.590       3.655       3.720       3.733       3.757
    MVS17O           2.663       2.690       2.704       2.776       2.848       2.862       2.889
    MVS18O           3.166       3.190       3.203       3.269       3.335       3.348       3.372

 Variances
    SUC              1.000       1.000       1.000       1.000       1.000       1.000       1.000
    CEN              1.000       1.000       1.000       1.000       1.000       1.000       1.000
    HAP              1.000       1.000       1.000       1.000       1.000       1.000       1.000
    NEG              1.000       1.000       1.000       1.000       1.000       1.000       1.000

 Residual Variances
    MVS1             0.595       0.626       0.642       0.727       0.811       0.827       0.859
    MVS2             0.656       0.689       0.705       0.793       0.881       0.898       0.930
    MVS3             0.482       0.514       0.531       0.616       0.702       0.718       0.750
    MVS7             0.637       0.669       0.685       0.769       0.853       0.869       0.900
    MVS8             0.514       0.543       0.558       0.637       0.716       0.731       0.760
    MVS9             0.432       0.462       0.477       0.557       0.637       0.653       0.683
    MVS13            0.379       0.403       0.415       0.479       0.542       0.554       0.578
    MVS14            0.254       0.278       0.290       0.354       0.417       0.429       0.453
    MVS15            0.762       0.798       0.816       0.912       1.008       1.027       1.063
    MVS4O            0.532       0.560       0.575       0.651       0.727       0.741       0.770
    MVS5O            0.608       0.638       0.653       0.733       0.812       0.827       0.857
    MVS6O            0.458       0.484       0.498       0.568       0.639       0.652       0.679
    MVS10O           0.456       0.485       0.500       0.577       0.654       0.669       0.697
    MVS11O           0.670       0.701       0.717       0.800       0.883       0.899       0.930
    MVS12O           0.424       0.450       0.463       0.533       0.603       0.616       0.642
    MVS16O           0.622       0.650       0.665       0.741       0.818       0.832       0.861
    MVS17O           0.533       0.561       0.575       0.649       0.723       0.737       0.765
    MVS18O           0.430       0.455       0.468       0.534       0.599       0.612       0.637


MODEL COMMAND WITH FINAL ESTIMATES USED AS STARTING VALUES

     suc BY mvs1*0.59626 (l1);
     suc BY mvs2*0.52495 (l2);
     suc BY mvs3*0.75815 (l3);
     suc BY mvs4o*-0.46163 (l4);
     suc BY mvs5o*-0.30808 (l5);
     suc BY mvs6o*-0.47502 (l6);
     cen BY mvs7*0.44257 (l7);
     cen BY mvs8*0.58791 (l8);
     cen BY mvs9*0.69227 (l9);
     cen BY mvs10o*-0.39854 (l10);
     cen BY mvs11o*-0.07823 (l11);
     cen BY mvs12o*-0.45715 (l12);
     hap BY mvs13*0.77822 (l13);
     hap BY mvs14*0.89513 (l14);
     hap BY mvs15*0.54468 (l15);
     hap BY mvs16o*-0.31643 (l16);
     hap BY mvs17o*-0.59949 (l17);
     hap BY mvs18o*-0.48930 (l18);
     neg BY mvs4o*0.34322;
     neg BY mvs5o*0.29164;
     neg BY mvs6o*0.37992;
     neg BY mvs10o*0.45167;
     neg BY mvs11o*0.22075;
     neg BY mvs12o*0.40397;
     neg BY mvs16o*0.16467;
     neg BY mvs17o*0.24382;
     neg BY mvs18o*0.34257;

     suc WITH cen*0.77569;
     suc WITH hap*0.71093;
     suc WITH neg@0;
     cen WITH hap*0.61992;
     cen WITH neg@0;
     neg WITH hap@0;

     [ mvs1*3.35921 ];
     [ mvs2*2.36282 ];
     [ mvs3*3.08664 ];
     [ mvs7*2.60469 ];
     [ mvs8*3.48195 ];
     [ mvs9*3.29964 ];
     [ mvs13*3.16606 ];
     [ mvs14*3.42960 ];
     [ mvs15*3.34838 ];
     [ mvs4o*3.08123 ];
     [ mvs5o*3.28700 ];
     [ mvs6o*2.77978 ];
     [ mvs10o*2.96209 ];
     [ mvs11o*2.42960 ];
     [ mvs12o*3.14621 ];
     [ mvs16o*3.65523 ];
     [ mvs17o*2.77617 ];
     [ mvs18o*3.26895 ];

     mvs1*0.72661 (ev1);
     mvs2*0.79315 (ev2);
     mvs3*0.61626 (ev3);
     mvs7*0.76881 (ev7);
     mvs8*0.63690 (ev8);
     mvs9*0.55734 (ev9);
     mvs13*0.47872 (ev13);
     mvs14*0.35352 (ev14);
     mvs15*0.91229 (ev15);
     mvs4o*0.65093 (ev4);
     mvs5o*0.73284 (ev5);
     mvs6o*0.56829 (ev6);
     mvs10o*0.57668 (ev10);
     mvs11o*0.80036 (ev11);
     mvs12o*0.53298 (ev12);
     mvs16o*0.74117 (ev16);
     mvs17o*0.64927 (ev17);
     mvs18o*0.53351 (ev18);
     suc@1;
     cen@1;
     hap@1;
     neg@1;



TECHNICAL 1 OUTPUT


     PARAMETER SPECIFICATION


           NU
              MVS1          MVS2          MVS3          MVS7          MVS8
              ________      ________      ________      ________      ________
                  1             2             3             4             5


           NU
              MVS9          MVS13         MVS14         MVS15         MVS4O
              ________      ________      ________      ________      ________
                  6             7             8             9            10


           NU
              MVS5O         MVS6O         MVS10O        MVS11O        MVS12O
              ________      ________      ________      ________      ________
                 11            12            13            14            15


           NU
              MVS16O        MVS17O        MVS18O
              ________      ________      ________
                 16            17            18


           LAMBDA
              SUC           CEN           HAP           NEG
              ________      ________      ________      ________
 MVS1              19             0             0             0
 MVS2              20             0             0             0
 MVS3              21             0             0             0
 MVS7               0            22             0             0
 MVS8               0            23             0             0
 MVS9               0            24             0             0
 MVS13              0             0            25             0
 MVS14              0             0            26             0
 MVS15              0             0            27             0
 MVS4O             28             0             0            29
 MVS5O             30             0             0            31
 MVS6O             32             0             0            33
 MVS10O             0            34             0            35
 MVS11O             0            36             0            37
 MVS12O             0            38             0            39
 MVS16O             0             0            40            41
 MVS17O             0             0            42            43
 MVS18O             0             0            44            45


           THETA
              MVS1          MVS2          MVS3          MVS7          MVS8
              ________      ________      ________      ________      ________
 MVS1              46
 MVS2               0            47
 MVS3               0             0            48
 MVS7               0             0             0            49
 MVS8               0             0             0             0            50
 MVS9               0             0             0             0             0
 MVS13              0             0             0             0             0
 MVS14              0             0             0             0             0
 MVS15              0             0             0             0             0
 MVS4O              0             0             0             0             0
 MVS5O              0             0             0             0             0
 MVS6O              0             0             0             0             0
 MVS10O             0             0             0             0             0
 MVS11O             0             0             0             0             0
 MVS12O             0             0             0             0             0
 MVS16O             0             0             0             0             0
 MVS17O             0             0             0             0             0
 MVS18O             0             0             0             0             0


           THETA
              MVS9          MVS13         MVS14         MVS15         MVS4O
              ________      ________      ________      ________      ________
 MVS9              51
 MVS13              0            52
 MVS14              0             0            53
 MVS15              0             0             0            54
 MVS4O              0             0             0             0            55
 MVS5O              0             0             0             0             0
 MVS6O              0             0             0             0             0
 MVS10O             0             0             0             0             0
 MVS11O             0             0             0             0             0
 MVS12O             0             0             0             0             0
 MVS16O             0             0             0             0             0
 MVS17O             0             0             0             0             0
 MVS18O             0             0             0             0             0


           THETA
              MVS5O         MVS6O         MVS10O        MVS11O        MVS12O
              ________      ________      ________      ________      ________
 MVS5O             56
 MVS6O              0            57
 MVS10O             0             0            58
 MVS11O             0             0             0            59
 MVS12O             0             0             0             0            60
 MVS16O             0             0             0             0             0
 MVS17O             0             0             0             0             0
 MVS18O             0             0             0             0             0


           THETA
              MVS16O        MVS17O        MVS18O
              ________      ________      ________
 MVS16O            61
 MVS17O             0            62
 MVS18O             0             0            63


           ALPHA
              SUC           CEN           HAP           NEG
              ________      ________      ________      ________
                  0             0             0             0


           BETA
              SUC           CEN           HAP           NEG
              ________      ________      ________      ________
 SUC                0             0             0             0
 CEN                0             0             0             0
 HAP                0             0             0             0
 NEG                0             0             0             0


           PSI
              SUC           CEN           HAP           NEG
              ________      ________      ________      ________
 SUC                0
 CEN               64             0
 HAP               65            66             0
 NEG                0             0             0             0


     STARTING VALUES


           NU
              MVS1          MVS2          MVS3          MVS7          MVS8
              ________      ________      ________      ________      ________
                3.359         2.363         3.087         2.605         3.482


           NU
              MVS9          MVS13         MVS14         MVS15         MVS4O
              ________      ________      ________      ________      ________
                3.300         3.166         3.430         3.348         3.081


           NU
              MVS5O         MVS6O         MVS10O        MVS11O        MVS12O
              ________      ________      ________      ________      ________
                3.287         2.780         2.962         2.430         3.146


           NU
              MVS16O        MVS17O        MVS18O
              ________      ________      ________
                3.655         2.776         3.269


           LAMBDA
              SUC           CEN           HAP           NEG
              ________      ________      ________      ________
 MVS1           1.000         0.000         0.000         0.000
 MVS2           1.000         0.000         0.000         0.000
 MVS3           1.000         0.000         0.000         0.000
 MVS7           0.000         1.000         0.000         0.000
 MVS8           0.000         1.000         0.000         0.000
 MVS9           0.000         1.000         0.000         0.000
 MVS13          0.000         0.000         1.000         0.000
 MVS14          0.000         0.000         1.000         0.000
 MVS15          0.000         0.000         1.000         0.000
 MVS4O          1.000         0.000         0.000         1.000
 MVS5O          1.000         0.000         0.000         1.000
 MVS6O          1.000         0.000         0.000         1.000
 MVS10O         0.000         1.000         0.000         1.000
 MVS11O         0.000         1.000         0.000         1.000
 MVS12O         0.000         1.000         0.000         1.000
 MVS16O         0.000         0.000         1.000         1.000
 MVS17O         0.000         0.000         1.000         1.000
 MVS18O         0.000         0.000         1.000         1.000


           THETA
              MVS1          MVS2          MVS3          MVS7          MVS8
              ________      ________      ________      ________      ________
 MVS1           0.541
 MVS2           0.000         0.534
 MVS3           0.000         0.000         0.596
 MVS7           0.000         0.000         0.000         0.482
 MVS8           0.000         0.000         0.000         0.000         0.491
 MVS9           0.000         0.000         0.000         0.000         0.000
 MVS13          0.000         0.000         0.000         0.000         0.000
 MVS14          0.000         0.000         0.000         0.000         0.000
 MVS15          0.000         0.000         0.000         0.000         0.000
 MVS4O          0.000         0.000         0.000         0.000         0.000
 MVS5O          0.000         0.000         0.000         0.000         0.000
 MVS6O          0.000         0.000         0.000         0.000         0.000
 MVS10O         0.000         0.000         0.000         0.000         0.000
 MVS11O         0.000         0.000         0.000         0.000         0.000
 MVS12O         0.000         0.000         0.000         0.000         0.000
 MVS16O         0.000         0.000         0.000         0.000         0.000
 MVS17O         0.000         0.000         0.000         0.000         0.000
 MVS18O         0.000         0.000         0.000         0.000         0.000


           THETA
              MVS9          MVS13         MVS14         MVS15         MVS4O
              ________      ________      ________      ________      ________
 MVS9           0.518
 MVS13          0.000         0.542
 MVS14          0.000         0.000         0.577
 MVS15          0.000         0.000         0.000         0.604
 MVS4O          0.000         0.000         0.000         0.000         0.490
 MVS5O          0.000         0.000         0.000         0.000         0.000
 MVS6O          0.000         0.000         0.000         0.000         0.000
 MVS10O         0.000         0.000         0.000         0.000         0.000
 MVS11O         0.000         0.000         0.000         0.000         0.000
 MVS12O         0.000         0.000         0.000         0.000         0.000
 MVS16O         0.000         0.000         0.000         0.000         0.000
 MVS17O         0.000         0.000         0.000         0.000         0.000
 MVS18O         0.000         0.000         0.000         0.000         0.000


           THETA
              MVS5O         MVS6O         MVS10O        MVS11O        MVS12O
              ________      ________      ________      ________      ________
 MVS5O          0.456
 MVS6O          0.000         0.469
 MVS10O         0.000         0.000         0.469
 MVS11O         0.000         0.000         0.000         0.428
 MVS12O         0.000         0.000         0.000         0.000         0.452
 MVS16O         0.000         0.000         0.000         0.000         0.000
 MVS17O         0.000         0.000         0.000         0.000         0.000
 MVS18O         0.000         0.000         0.000         0.000         0.000


           THETA
              MVS16O        MVS17O        MVS18O
              ________      ________      ________
 MVS16O         0.432
 MVS17O         0.000         0.529
 MVS18O         0.000         0.000         0.439


           ALPHA
              SUC           CEN           HAP           NEG
              ________      ________      ________      ________
                0.000         0.000         0.000         0.000


           BETA
              SUC           CEN           HAP           NEG
              ________      ________      ________      ________
 SUC            0.000         0.000         0.000         0.000
 CEN            0.000         0.000         0.000         0.000
 HAP            0.000         0.000         0.000         0.000
 NEG            0.000         0.000         0.000         0.000


           PSI
              SUC           CEN           HAP           NEG
              ________      ________      ________      ________
 SUC            1.000
 CEN            0.000         1.000
 HAP            0.000         0.000         1.000
 NEG            0.000         0.000         0.000         1.000


DIAGRAM INFORMATION

  Use View Diagram under the Diagram menu in the Mplus Editor to view the diagram.
  If running Mplus from the Mplus Diagrammer, the diagram opens automatically.

  Diagram output
    c:\users\jxb14\dropbox (personal)\consumeropinions\feb18oct18\18items\metric\singlegroup\04-t3neg-metric-ml.dgm

     Beginning Time:  17:56:23
        Ending Time:  17:56:23
       Elapsed Time:  00:00:00



MUTHEN & MUTHEN
3463 Stoner Ave.
Los Angeles, CA  90066

Tel: (310) 391-9971
Fax: (310) 391-8971
Web: www.StatModel.com
Support: Support@StatModel.com

Copyright (c) 1998-2018 Muthen & Muthen
