Mplus VERSION 8.2
MUTHEN & MUTHEN
12/13/2018   5:57 PM

INPUT INSTRUCTIONS

  TITLE: cfa with metric data (18 items)
         method factor for reversed items with equal loadings

  DATA: file = mvs.dat;

  VARIABLE:
    names = idnum satopt ars ars01 im mvs1-mvs18;
    usevar = mvs1 mvs2 mvs3 mvs7 mvs8 mvs9 mvs13 mvs14 mvs15
             mvs4o mvs5o mvs6o mvs10o mvs11o mvs12o mvs16o mvs17o mvs18o;

    missing = all(-99);

  DEFINE:

    mvs4o=6-mvs4;
    mvs5o=6-mvs5;
    mvs6o=6-mvs6;
    mvs10o=6-mvs10;
    mvs11o=6-mvs11;
    mvs12o=6-mvs12;
    mvs16o=6-mvs16;
    mvs17o=6-mvs17;
    mvs18o=6-mvs18;

  ANALYSIS:

    ESTIMATOR=ML;

  MODEL:

    SUC BY mvs1*1 (l1)
           mvs2 (l2)
           mvs3 (l3)
           mvs4o (l4)
           mvs5o (l5)
           mvs6o (l6);
    CEN BY mvs7*1 (l7)
           mvs8 (l8)
           mvs9 (l9)
           mvs10o (l10)
           mvs11o (l11)
           mvs12o (l12);
    HAP BY mvs13*1 (l13)
           mvs14 (l14)
           mvs15 (l15)
           mvs16o (l16)
           mvs17o (l17)
           mvs18o (l18);

    Neg BY mvs4o*1 (n)
           mvs5o (n)
           mvs6o (n)
           mvs10o (n)
           mvs11o (n)
           mvs12o (n)
           mvs16o (n)
           mvs17o (n)
           mvs18o (n);

    SUC@1;
    CEN@1;
    HAP@1;
    Neg@1;

    SUC WITH CEN;
    SUC WITH HAP;
    CEN WITH HAP;

    Neg WITH SUC@0;
    Neg WITH CEN@0;
    Neg WITH HAP@0;

    mvs1 (ev1);
    mvs2 (ev2);
    mvs3 (ev3);
    mvs4o (ev4);
    mvs5o (ev5);
    mvs6o (ev6);
    mvs7 (ev7);
    mvs8 (ev8);
    mvs9 (ev9);
    mvs10o (ev10);
    mvs11o (ev11);
    mvs12o (ev12);
    mvs13 (ev13);
    mvs14 (ev14);
    mvs15 (ev15);
    mvs16o (ev16);
    mvs17o (ev17);
    mvs18o (ev18);

  MODEL CONSTRAINT:

    l1>0;
    l7>0;
    l13>0;

  OUTPUT: TECH1 MOD (3.84) svalues CINTERVAL standardized;





*** WARNING in OUTPUT command
  MODINDICES option is not available in conjunction with nonlinear constraints
  through the use of MODEL CONSTRAINT.  Request for MODINDICES is ignored.
   1 WARNING(S) FOUND IN THE INPUT INSTRUCTIONS



cfa with metric data (18 items)
method factor for reversed items with equal loadings

SUMMARY OF ANALYSIS

Number of groups                                                 1
Number of observations                                         554

Number of dependent variables                                   18
Number of independent variables                                  0
Number of continuous latent variables                            4

Observed dependent variables

  Continuous
   MVS1        MVS2        MVS3        MVS7        MVS8        MVS9
   MVS13       MVS14       MVS15       MVS4O       MVS5O       MVS6O
   MVS10O      MVS11O      MVS12O      MVS16O      MVS17O      MVS18O

Continuous latent variables
   SUC         CEN         HAP         NEG


Estimator                                                       ML
Information matrix                                        OBSERVED
Maximum number of iterations                                  1000
Convergence criterion                                    0.500D-04
Maximum number of steepest descent iterations                   20
Maximum number of iterations for H1                           2000
Convergence criterion for H1                             0.100D-03

Input data file(s)
  mvs.dat

Input data format  FREE


SUMMARY OF DATA

     Number of missing data patterns             1


COVARIANCE COVERAGE OF DATA

Minimum covariance coverage value   0.100


     PROPORTION OF DATA PRESENT


           Covariance Coverage
              MVS1          MVS2          MVS3          MVS7          MVS8
              ________      ________      ________      ________      ________
 MVS1           1.000
 MVS2           1.000         1.000
 MVS3           1.000         1.000         1.000
 MVS7           1.000         1.000         1.000         1.000
 MVS8           1.000         1.000         1.000         1.000         1.000
 MVS9           1.000         1.000         1.000         1.000         1.000
 MVS13          1.000         1.000         1.000         1.000         1.000
 MVS14          1.000         1.000         1.000         1.000         1.000
 MVS15          1.000         1.000         1.000         1.000         1.000
 MVS4O          1.000         1.000         1.000         1.000         1.000
 MVS5O          1.000         1.000         1.000         1.000         1.000
 MVS6O          1.000         1.000         1.000         1.000         1.000
 MVS10O         1.000         1.000         1.000         1.000         1.000
 MVS11O         1.000         1.000         1.000         1.000         1.000
 MVS12O         1.000         1.000         1.000         1.000         1.000
 MVS16O         1.000         1.000         1.000         1.000         1.000
 MVS17O         1.000         1.000         1.000         1.000         1.000
 MVS18O         1.000         1.000         1.000         1.000         1.000


           Covariance Coverage
              MVS9          MVS13         MVS14         MVS15         MVS4O
              ________      ________      ________      ________      ________
 MVS9           1.000
 MVS13          1.000         1.000
 MVS14          1.000         1.000         1.000
 MVS15          1.000         1.000         1.000         1.000
 MVS4O          1.000         1.000         1.000         1.000         1.000
 MVS5O          1.000         1.000         1.000         1.000         1.000
 MVS6O          1.000         1.000         1.000         1.000         1.000
 MVS10O         1.000         1.000         1.000         1.000         1.000
 MVS11O         1.000         1.000         1.000         1.000         1.000
 MVS12O         1.000         1.000         1.000         1.000         1.000
 MVS16O         1.000         1.000         1.000         1.000         1.000
 MVS17O         1.000         1.000         1.000         1.000         1.000
 MVS18O         1.000         1.000         1.000         1.000         1.000


           Covariance Coverage
              MVS5O         MVS6O         MVS10O        MVS11O        MVS12O
              ________      ________      ________      ________      ________
 MVS5O          1.000
 MVS6O          1.000         1.000
 MVS10O         1.000         1.000         1.000
 MVS11O         1.000         1.000         1.000         1.000
 MVS12O         1.000         1.000         1.000         1.000         1.000
 MVS16O         1.000         1.000         1.000         1.000         1.000
 MVS17O         1.000         1.000         1.000         1.000         1.000
 MVS18O         1.000         1.000         1.000         1.000         1.000


           Covariance Coverage
              MVS16O        MVS17O        MVS18O
              ________      ________      ________
 MVS16O         1.000
 MVS17O         1.000         1.000
 MVS18O         1.000         1.000         1.000



UNIVARIATE SAMPLE STATISTICS


     UNIVARIATE HIGHER-ORDER MOMENT DESCRIPTIVE STATISTICS

         Variable/         Mean/     Skewness/   Minimum/ % with                Percentiles
        Sample Size      Variance    Kurtosis    Maximum  Min/Max      20%/60%    40%/80%    Median

     MVS1                  3.359      -0.412       1.000    3.97%       2.000      3.000      4.000
             554.000       1.082      -0.647       5.000   10.47%       4.000      4.000
     MVS2                  2.363       0.467       1.000   20.76%       1.000      2.000      2.000
             554.000       1.069      -0.629       5.000    1.62%       2.000      3.000
     MVS3                  3.087      -0.280       1.000    7.94%       2.000      3.000      3.000
             554.000       1.191      -0.959       5.000    5.60%       4.000      4.000
     MVS7                  2.605       0.467       1.000    9.39%       2.000      2.000      2.000
             554.000       0.965      -0.413       5.000    3.25%       3.000      4.000
     MVS8                  3.482      -0.467       1.000    2.17%       2.000      3.000      4.000
             554.000       0.983      -0.535       5.000   12.09%       4.000      4.000
     MVS9                  3.300      -0.214       1.000    3.07%       2.000      3.000      3.000
             554.000       1.037      -0.735       5.000   10.29%       4.000      4.000
     MVS13                 3.166      -0.172       1.000    3.61%       2.000      3.000      3.000
             554.000       1.084      -1.048       5.000    6.68%       4.000      4.000
     MVS14                 3.430      -0.350       1.000    2.89%       2.000      3.000      4.000
             554.000       1.155      -0.845       5.000   14.62%       4.000      4.000
     MVS15                 3.348      -0.362       1.000    4.51%       2.000      3.000      4.000
             554.000       1.209      -0.851       5.000   12.45%       4.000      4.000
     MVS4O                 3.081       0.105       1.000    1.81%       2.000      3.000      3.000
             554.000       0.981      -1.057       5.000    6.14%       3.000      4.000
     MVS5O                 3.287      -0.201       1.000    1.62%       2.000      3.000      3.000
             554.000       0.912      -0.811       5.000    7.40%       4.000      4.000
     MVS6O                 2.780       0.344       1.000    4.33%       2.000      2.000      3.000
             554.000       0.937      -0.916       5.000    2.71%       3.000      4.000
     MVS10O                2.962       0.064       1.000    3.43%       2.000      3.000      3.000
             554.000       0.939      -1.024       5.000    3.25%       3.000      4.000
     MVS11O                2.430       0.652       1.000   10.83%       2.000      2.000      2.000
             554.000       0.855      -0.191       5.000    1.44%       2.000      3.000
     MVS12O                3.146      -0.043       1.000    1.99%       2.000      3.000      3.000
             554.000       0.905      -0.873       5.000    5.60%       4.000      4.000
     MVS16O                3.655      -0.733       1.000    1.81%       3.000      4.000      4.000
             554.000       0.865       0.120       5.000   14.08%       4.000      4.000
     MVS17O                2.776       0.418       1.000    5.78%       2.000      2.000      2.500
             554.000       1.058      -0.772       5.000    5.05%       3.000      4.000
     MVS18O                3.269      -0.203       1.000    1.44%       2.000      3.000      3.000
             554.000       0.879      -0.831       5.000    6.32%       4.000      4.000


THE MODEL ESTIMATION TERMINATED NORMALLY



MODEL FIT INFORMATION

Number of Free Parameters                       58

Loglikelihood

          H0 Value                      -13061.857
          H1 Value                      -12930.493

Information Criteria

          Akaike (AIC)                   26239.714
          Bayesian (BIC)                 26490.110
          Sample-Size Adjusted BIC       26305.992
            (n* = (n + 2) / 24)

Chi-Square Test of Model Fit

          Value                            262.729
          Degrees of Freedom                   131
          P-Value                           0.0000

RMSEA (Root Mean Square Error Of Approximation)

          Estimate                           0.043
          90 Percent C.I.                    0.035  0.050
          Probability RMSEA <= .05           0.949

CFI/TLI

          CFI                                0.942
          TLI                                0.933

Chi-Square Test of Model Fit for the Baseline Model

          Value                           2440.337
          Degrees of Freedom                   153
          P-Value                           0.0000

SRMR (Standardized Root Mean Square Residual)

          Value                              0.043



MODEL RESULTS

                                                    Two-Tailed
                    Estimate       S.E.  Est./S.E.    P-Value

 SUC      BY
    MVS1               0.596      0.046     12.933      0.000
    MVS2               0.521      0.047     11.151      0.000
    MVS3               0.753      0.047     16.070      0.000
    MVS4O             -0.470      0.044    -10.626      0.000
    MVS5O             -0.310      0.044     -6.991      0.000
    MVS6O             -0.488      0.043    -11.430      0.000

 CEN      BY
    MVS7               0.440      0.046      9.498      0.000
    MVS8               0.584      0.045     13.004      0.000
    MVS9               0.687      0.045     15.210      0.000
    MVS10O            -0.428      0.044     -9.686      0.000
    MVS11O            -0.078      0.046     -1.707      0.088
    MVS12O            -0.481      0.043    -11.135      0.000

 HAP      BY
    MVS13              0.777      0.041     18.865      0.000
    MVS14              0.901      0.041     21.939      0.000
    MVS15              0.545      0.048     11.468      0.000
    MVS16O            -0.310      0.043     -7.256      0.000
    MVS17O            -0.598      0.043    -13.832      0.000
    MVS18O            -0.486      0.040    -12.149      0.000

 NEG      BY
    MVS4O              0.317      0.019     16.954      0.000
    MVS5O              0.317      0.019     16.954      0.000
    MVS6O              0.317      0.019     16.954      0.000
    MVS10O             0.317      0.019     16.954      0.000
    MVS11O             0.317      0.019     16.954      0.000
    MVS12O             0.317      0.019     16.954      0.000
    MVS16O             0.317      0.019     16.954      0.000
    MVS17O             0.317      0.019     16.954      0.000
    MVS18O             0.317      0.019     16.954      0.000

 SUC      WITH
    CEN                0.785      0.038     20.915      0.000
    HAP                0.705      0.036     19.467      0.000
    NEG                0.000      0.000    999.000    999.000

 CEN      WITH
    HAP                0.613      0.042     14.722      0.000
    NEG                0.000      0.000    999.000    999.000

 NEG      WITH
    HAP                0.000      0.000    999.000    999.000

 Intercepts
    MVS1               3.359      0.044     76.005      0.000
    MVS2               2.363      0.044     53.796      0.000
    MVS3               3.087      0.046     66.570      0.000
    MVS7               2.605      0.042     62.419      0.000
    MVS8               3.482      0.042     82.681      0.000
    MVS9               3.300      0.043     76.282      0.000
    MVS13              3.166      0.044     71.564      0.000
    MVS14              3.430      0.046     75.118      0.000
    MVS15              3.348      0.047     71.677      0.000
    MVS4O              3.081      0.042     73.501      0.000
    MVS5O              3.287      0.041     80.802      0.000
    MVS6O              2.780      0.041     68.076      0.000
    MVS10O             2.962      0.041     72.942      0.000
    MVS11O             2.430      0.040     60.742      0.000
    MVS12O             3.146      0.040     78.526      0.000
    MVS16O             3.655      0.041     89.880      0.000
    MVS17O             2.776      0.044     62.664      0.000
    MVS18O             3.269      0.040     82.049      0.000

 Variances
    SUC                1.000      0.000    999.000    999.000
    CEN                1.000      0.000    999.000    999.000
    HAP                1.000      0.000    999.000    999.000
    NEG                1.000      0.000    999.000    999.000

 Residual Variances
    MVS1               0.727      0.051     14.227      0.000
    MVS2               0.797      0.053     14.956      0.000
    MVS3               0.625      0.052     12.103      0.000
    MVS7               0.771      0.051     15.141      0.000
    MVS8               0.641      0.047     13.538      0.000
    MVS9               0.565      0.048     11.850      0.000
    MVS13              0.480      0.039     12.322      0.000
    MVS14              0.344      0.039      8.851      0.000
    MVS15              0.912      0.058     15.602      0.000
    MVS4O              0.652      0.045     14.630      0.000
    MVS5O              0.720      0.047     15.397      0.000
    MVS6O              0.585      0.041     14.335      0.000
    MVS10O             0.630      0.043     14.491      0.000
    MVS11O             0.780      0.050     15.674      0.000
    MVS12O             0.558      0.040     13.798      0.000
    MVS16O             0.720      0.047     15.451      0.000
    MVS17O             0.630      0.044     14.345      0.000
    MVS18O             0.543      0.038     14.456      0.000


STANDARDIZED MODEL RESULTS


STDYX Standardization

                                                    Two-Tailed
                    Estimate       S.E.  Est./S.E.    P-Value

 SUC      BY
    MVS1               0.573      0.036     16.086      0.000
    MVS2               0.504      0.038     13.138      0.000
    MVS3               0.690      0.031     22.232      0.000
    MVS4O             -0.477      0.038    -12.501      0.000
    MVS5O             -0.324      0.043     -7.523      0.000
    MVS6O             -0.508      0.037    -13.798      0.000

 CEN      BY
    MVS7               0.448      0.042     10.697      0.000
    MVS8               0.590      0.037     16.150      0.000
    MVS9               0.675      0.033     20.259      0.000
    MVS10O            -0.448      0.040    -11.088      0.000
    MVS11O            -0.083      0.048     -1.717      0.086
    MVS12O            -0.510      0.038    -13.271      0.000

 HAP      BY
    MVS13              0.746      0.025     30.049      0.000
    MVS14              0.838      0.021     39.588      0.000
    MVS15              0.496      0.036     13.684      0.000
    MVS16O            -0.324      0.041     -7.831      0.000
    MVS17O            -0.573      0.032    -18.043      0.000
    MVS18O            -0.518      0.035    -14.995      0.000

 NEG      BY
    MVS4O              0.321      0.020     16.057      0.000
    MVS5O              0.331      0.020     16.275      0.000
    MVS6O              0.329      0.021     16.035      0.000
    MVS10O             0.331      0.021     15.982      0.000
    MVS11O             0.336      0.020     16.626      0.000
    MVS12O             0.336      0.021     16.069      0.000
    MVS16O             0.331      0.020     16.704      0.000
    MVS17O             0.304      0.019     16.190      0.000
    MVS18O             0.338      0.021     16.202      0.000

 SUC      WITH
    CEN                0.785      0.038     20.915      0.000
    HAP                0.705      0.036     19.467      0.000
    NEG                0.000      0.000    999.000    999.000

 CEN      WITH
    HAP                0.613      0.042     14.722      0.000
    NEG                0.000      0.000    999.000    999.000

 NEG      WITH
    HAP                0.000      0.000    999.000    999.000

 Intercepts
    MVS1               3.229      0.106     30.491      0.000
    MVS2               2.286      0.081     28.306      0.000
    MVS3               2.828      0.095     29.772      0.000
    MVS7               2.652      0.090     29.371      0.000
    MVS8               3.513      0.114     30.878      0.000
    MVS9               3.241      0.106     30.508      0.000
    MVS13              3.040      0.101     30.182      0.000
    MVS14              3.191      0.105     30.433      0.000
    MVS15              3.045      0.101     30.190      0.000
    MVS4O              3.123      0.100     31.186      0.000
    MVS5O              3.433      0.108     31.781      0.000
    MVS6O              2.892      0.094     30.726      0.000
    MVS10O             3.099      0.099     31.294      0.000
    MVS11O             2.581      0.086     29.953      0.000
    MVS12O             3.336      0.106     31.613      0.000
    MVS16O             3.819      0.119     31.975      0.000
    MVS17O             2.662      0.089     29.967      0.000
    MVS18O             3.486      0.110     31.703      0.000

 Variances
    SUC                1.000      0.000    999.000    999.000
    CEN                1.000      0.000    999.000    999.000
    HAP                1.000      0.000    999.000    999.000
    NEG                1.000      0.000    999.000    999.000

 Residual Variances
    MVS1               0.671      0.041     16.433      0.000
    MVS2               0.746      0.039     19.257      0.000
    MVS3               0.525      0.043     12.263      0.000
    MVS7               0.799      0.037     21.322      0.000
    MVS8               0.652      0.043     15.151      0.000
    MVS9               0.545      0.045     12.129      0.000
    MVS13              0.443      0.037     11.954      0.000
    MVS14              0.298      0.035      8.384      0.000
    MVS15              0.754      0.036     20.971      0.000
    MVS4O              0.670      0.035     19.157      0.000
    MVS5O              0.786      0.028     27.907      0.000
    MVS6O              0.634      0.036     17.762      0.000
    MVS10O             0.690      0.035     19.652      0.000
    MVS11O             0.880      0.015     58.721      0.000
    MVS12O             0.627      0.038     16.717      0.000
    MVS16O             0.786      0.027     28.647      0.000
    MVS17O             0.579      0.035     16.650      0.000
    MVS18O             0.618      0.034     17.951      0.000


STDY Standardization

                                                    Two-Tailed
                    Estimate       S.E.  Est./S.E.    P-Value

 SUC      BY
    MVS1               0.573      0.036     16.086      0.000
    MVS2               0.504      0.038     13.138      0.000
    MVS3               0.690      0.031     22.232      0.000
    MVS4O             -0.477      0.038    -12.501      0.000
    MVS5O             -0.324      0.043     -7.523      0.000
    MVS6O             -0.508      0.037    -13.798      0.000

 CEN      BY
    MVS7               0.448      0.042     10.697      0.000
    MVS8               0.590      0.037     16.150      0.000
    MVS9               0.675      0.033     20.259      0.000
    MVS10O            -0.448      0.040    -11.088      0.000
    MVS11O            -0.083      0.048     -1.717      0.086
    MVS12O            -0.510      0.038    -13.271      0.000

 HAP      BY
    MVS13              0.746      0.025     30.049      0.000
    MVS14              0.838      0.021     39.588      0.000
    MVS15              0.496      0.036     13.684      0.000
    MVS16O            -0.324      0.041     -7.831      0.000
    MVS17O            -0.573      0.032    -18.043      0.000
    MVS18O            -0.518      0.035    -14.995      0.000

 NEG      BY
    MVS4O              0.321      0.020     16.057      0.000
    MVS5O              0.331      0.020     16.275      0.000
    MVS6O              0.329      0.021     16.035      0.000
    MVS10O             0.331      0.021     15.982      0.000
    MVS11O             0.336      0.020     16.626      0.000
    MVS12O             0.336      0.021     16.069      0.000
    MVS16O             0.331      0.020     16.704      0.000
    MVS17O             0.304      0.019     16.190      0.000
    MVS18O             0.338      0.021     16.202      0.000

 SUC      WITH
    CEN                0.785      0.038     20.915      0.000
    HAP                0.705      0.036     19.467      0.000
    NEG                0.000      0.000    999.000    999.000

 CEN      WITH
    HAP                0.613      0.042     14.722      0.000
    NEG                0.000      0.000    999.000    999.000

 NEG      WITH
    HAP                0.000      0.000    999.000    999.000

 Intercepts
    MVS1               3.229      0.106     30.491      0.000
    MVS2               2.286      0.081     28.306      0.000
    MVS3               2.828      0.095     29.772      0.000
    MVS7               2.652      0.090     29.371      0.000
    MVS8               3.513      0.114     30.878      0.000
    MVS9               3.241      0.106     30.508      0.000
    MVS13              3.040      0.101     30.182      0.000
    MVS14              3.191      0.105     30.433      0.000
    MVS15              3.045      0.101     30.190      0.000
    MVS4O              3.123      0.100     31.186      0.000
    MVS5O              3.433      0.108     31.781      0.000
    MVS6O              2.892      0.094     30.726      0.000
    MVS10O             3.099      0.099     31.294      0.000
    MVS11O             2.581      0.086     29.953      0.000
    MVS12O             3.336      0.106     31.613      0.000
    MVS16O             3.819      0.119     31.975      0.000
    MVS17O             2.662      0.089     29.967      0.000
    MVS18O             3.486      0.110     31.703      0.000

 Variances
    SUC                1.000      0.000    999.000    999.000
    CEN                1.000      0.000    999.000    999.000
    HAP                1.000      0.000    999.000    999.000
    NEG                1.000      0.000    999.000    999.000

 Residual Variances
    MVS1               0.671      0.041     16.433      0.000
    MVS2               0.746      0.039     19.257      0.000
    MVS3               0.525      0.043     12.263      0.000
    MVS7               0.799      0.037     21.322      0.000
    MVS8               0.652      0.043     15.151      0.000
    MVS9               0.545      0.045     12.129      0.000
    MVS13              0.443      0.037     11.954      0.000
    MVS14              0.298      0.035      8.384      0.000
    MVS15              0.754      0.036     20.971      0.000
    MVS4O              0.670      0.035     19.157      0.000
    MVS5O              0.786      0.028     27.907      0.000
    MVS6O              0.634      0.036     17.762      0.000
    MVS10O             0.690      0.035     19.652      0.000
    MVS11O             0.880      0.015     58.721      0.000
    MVS12O             0.627      0.038     16.717      0.000
    MVS16O             0.786      0.027     28.647      0.000
    MVS17O             0.579      0.035     16.650      0.000
    MVS18O             0.618      0.034     17.951      0.000


STD Standardization

                                                    Two-Tailed
                    Estimate       S.E.  Est./S.E.    P-Value

 SUC      BY
    MVS1               0.596      0.046     12.933      0.000
    MVS2               0.521      0.047     11.151      0.000
    MVS3               0.753      0.047     16.070      0.000
    MVS4O             -0.470      0.044    -10.626      0.000
    MVS5O             -0.310      0.044     -6.991      0.000
    MVS6O             -0.488      0.043    -11.430      0.000

 CEN      BY
    MVS7               0.440      0.046      9.498      0.000
    MVS8               0.584      0.045     13.004      0.000
    MVS9               0.687      0.045     15.210      0.000
    MVS10O            -0.428      0.044     -9.686      0.000
    MVS11O            -0.078      0.046     -1.707      0.088
    MVS12O            -0.481      0.043    -11.135      0.000

 HAP      BY
    MVS13              0.777      0.041     18.865      0.000
    MVS14              0.901      0.041     21.939      0.000
    MVS15              0.545      0.048     11.468      0.000
    MVS16O            -0.310      0.043     -7.256      0.000
    MVS17O            -0.598      0.043    -13.832      0.000
    MVS18O            -0.486      0.040    -12.149      0.000

 NEG      BY
    MVS4O              0.317      0.019     16.954      0.000
    MVS5O              0.317      0.019     16.954      0.000
    MVS6O              0.317      0.019     16.954      0.000
    MVS10O             0.317      0.019     16.954      0.000
    MVS11O             0.317      0.019     16.954      0.000
    MVS12O             0.317      0.019     16.954      0.000
    MVS16O             0.317      0.019     16.954      0.000
    MVS17O             0.317      0.019     16.954      0.000
    MVS18O             0.317      0.019     16.954      0.000

 SUC      WITH
    CEN                0.785      0.038     20.915      0.000
    HAP                0.705      0.036     19.467      0.000
    NEG                0.000      0.000    999.000    999.000

 CEN      WITH
    HAP                0.613      0.042     14.722      0.000
    NEG                0.000      0.000    999.000    999.000

 NEG      WITH
    HAP                0.000      0.000    999.000    999.000

 Intercepts
    MVS1               3.359      0.044     76.005      0.000
    MVS2               2.363      0.044     53.796      0.000
    MVS3               3.087      0.046     66.570      0.000
    MVS7               2.605      0.042     62.419      0.000
    MVS8               3.482      0.042     82.681      0.000
    MVS9               3.300      0.043     76.282      0.000
    MVS13              3.166      0.044     71.564      0.000
    MVS14              3.430      0.046     75.118      0.000
    MVS15              3.348      0.047     71.677      0.000
    MVS4O              3.081      0.042     73.501      0.000
    MVS5O              3.287      0.041     80.802      0.000
    MVS6O              2.780      0.041     68.076      0.000
    MVS10O             2.962      0.041     72.942      0.000
    MVS11O             2.430      0.040     60.742      0.000
    MVS12O             3.146      0.040     78.526      0.000
    MVS16O             3.655      0.041     89.880      0.000
    MVS17O             2.776      0.044     62.664      0.000
    MVS18O             3.269      0.040     82.049      0.000

 Variances
    SUC                1.000      0.000    999.000    999.000
    CEN                1.000      0.000    999.000    999.000
    HAP                1.000      0.000    999.000    999.000
    NEG                1.000      0.000    999.000    999.000

 Residual Variances
    MVS1               0.727      0.051     14.227      0.000
    MVS2               0.797      0.053     14.956      0.000
    MVS3               0.625      0.052     12.103      0.000
    MVS7               0.771      0.051     15.141      0.000
    MVS8               0.641      0.047     13.538      0.000
    MVS9               0.565      0.048     11.850      0.000
    MVS13              0.480      0.039     12.322      0.000
    MVS14              0.344      0.039      8.851      0.000
    MVS15              0.912      0.058     15.602      0.000
    MVS4O              0.652      0.045     14.630      0.000
    MVS5O              0.720      0.047     15.397      0.000
    MVS6O              0.585      0.041     14.335      0.000
    MVS10O             0.630      0.043     14.491      0.000
    MVS11O             0.780      0.050     15.674      0.000
    MVS12O             0.558      0.040     13.798      0.000
    MVS16O             0.720      0.047     15.451      0.000
    MVS17O             0.630      0.044     14.345      0.000
    MVS18O             0.543      0.038     14.456      0.000


R-SQUARE

    Observed                                        Two-Tailed
    Variable        Estimate       S.E.  Est./S.E.    P-Value

    MVS1               0.329      0.041      8.043      0.000
    MVS2               0.254      0.039      6.569      0.000
    MVS3               0.475      0.043     11.116      0.000
    MVS7               0.201      0.037      5.348      0.000
    MVS8               0.348      0.043      8.075      0.000
    MVS9               0.455      0.045     10.129      0.000
    MVS13              0.557      0.037     15.025      0.000
    MVS14              0.702      0.035     19.794      0.000
    MVS15              0.246      0.036      6.842      0.000
    MVS4O              0.330      0.035      9.439      0.000
    MVS5O              0.214      0.028      7.612      0.000
    MVS6O              0.366      0.036     10.269      0.000
    MVS10O             0.310      0.035      8.838      0.000
    MVS11O             0.120      0.015      8.008      0.000
    MVS12O             0.373      0.038      9.925      0.000
    MVS16O             0.214      0.027      7.816      0.000
    MVS17O             0.421      0.035     12.108      0.000
    MVS18O             0.382      0.034     11.104      0.000


QUALITY OF NUMERICAL RESULTS

     Condition Number for the Information Matrix              0.264E-03
       (ratio of smallest to largest eigenvalue)


CONFIDENCE INTERVALS OF MODEL RESULTS

                  Lower .5%  Lower 2.5%    Lower 5%    Estimate    Upper 5%  Upper 2.5%   Upper .5%

 SUC      BY
    MVS1             0.478       0.506       0.520       0.596       0.672       0.687       0.715
    MVS2             0.401       0.430       0.444       0.521       0.598       0.613       0.642
    MVS3             0.632       0.661       0.675       0.753       0.830       0.844       0.873
    MVS4O           -0.584      -0.557      -0.543      -0.470      -0.397      -0.383      -0.356
    MVS5O           -0.424      -0.397      -0.383      -0.310      -0.237      -0.223      -0.196
    MVS6O           -0.598      -0.572      -0.558      -0.488      -0.418      -0.404      -0.378

 CEN      BY
    MVS7             0.321       0.349       0.364       0.440       0.516       0.531       0.559
    MVS8             0.469       0.496       0.511       0.584       0.658       0.673       0.700
    MVS9             0.571       0.598       0.613       0.687       0.761       0.775       0.803
    MVS10O          -0.542      -0.515      -0.501      -0.428      -0.355      -0.341      -0.314
    MVS11O          -0.196      -0.168      -0.154      -0.078      -0.003       0.012       0.040
    MVS12O          -0.592      -0.565      -0.552      -0.481      -0.410      -0.396      -0.369

 HAP      BY
    MVS13            0.671       0.696       0.709       0.777       0.845       0.858       0.883
    MVS14            0.795       0.820       0.833       0.901       0.968       0.981       1.006
    MVS15            0.423       0.452       0.467       0.545       0.624       0.639       0.668
    MVS16O          -0.420      -0.394      -0.380      -0.310      -0.240      -0.226      -0.200
    MVS17O          -0.709      -0.683      -0.669      -0.598      -0.527      -0.513      -0.487
    MVS18O          -0.589      -0.564      -0.551      -0.486      -0.420      -0.407      -0.383

 NEG      BY
    MVS4O            0.269       0.280       0.286       0.317       0.347       0.353       0.365
    MVS5O            0.269       0.280       0.286       0.317       0.347       0.353       0.365
    MVS6O            0.269       0.280       0.286       0.317       0.347       0.353       0.365
    MVS10O           0.269       0.280       0.286       0.317       0.347       0.353       0.365
    MVS11O           0.269       0.280       0.286       0.317       0.347       0.353       0.365
    MVS12O           0.269       0.280       0.286       0.317       0.347       0.353       0.365
    MVS16O           0.269       0.280       0.286       0.317       0.347       0.353       0.365
    MVS17O           0.269       0.280       0.286       0.317       0.347       0.353       0.365
    MVS18O           0.269       0.280       0.286       0.317       0.347       0.353       0.365

 SUC      WITH
    CEN              0.688       0.712       0.723       0.785       0.847       0.859       0.882
    HAP              0.612       0.634       0.645       0.705       0.765       0.776       0.798
    NEG              0.000       0.000       0.000       0.000       0.000       0.000       0.000

 CEN      WITH
    HAP              0.505       0.531       0.544       0.613       0.681       0.694       0.720
    NEG              0.000       0.000       0.000       0.000       0.000       0.000       0.000

 NEG      WITH
    HAP              0.000       0.000       0.000       0.000       0.000       0.000       0.000

 Intercepts
    MVS1             3.245       3.273       3.287       3.359       3.432       3.446       3.473
    MVS2             2.250       2.277       2.291       2.363       2.435       2.449       2.476
    MVS3             2.967       2.996       3.010       3.087       3.163       3.178       3.206
    MVS7             2.497       2.523       2.536       2.605       2.673       2.686       2.712
    MVS8             3.373       3.399       3.413       3.482       3.551       3.564       3.590
    MVS9             3.188       3.215       3.228       3.300       3.371       3.384       3.411
    MVS13            3.052       3.079       3.093       3.166       3.239       3.253       3.280
    MVS14            3.312       3.340       3.354       3.430       3.505       3.519       3.547
    MVS15            3.228       3.257       3.272       3.348       3.425       3.440       3.469
    MVS4O            2.973       2.999       3.012       3.081       3.150       3.163       3.189
    MVS5O            3.182       3.207       3.220       3.287       3.354       3.367       3.392
    MVS6O            2.675       2.700       2.713       2.780       2.847       2.860       2.885
    MVS10O           2.857       2.882       2.895       2.962       3.029       3.042       3.067
    MVS11O           2.327       2.351       2.364       2.430       2.495       2.508       2.533
    MVS12O           3.043       3.068       3.080       3.146       3.212       3.225       3.249
    MVS16O           3.550       3.576       3.588       3.655       3.722       3.735       3.760
    MVS17O           2.662       2.689       2.703       2.776       2.849       2.863       2.890
    MVS18O           3.166       3.191       3.203       3.269       3.334       3.347       3.372

 Variances
    SUC              1.000       1.000       1.000       1.000       1.000       1.000       1.000
    CEN              1.000       1.000       1.000       1.000       1.000       1.000       1.000
    HAP              1.000       1.000       1.000       1.000       1.000       1.000       1.000
    NEG              1.000       1.000       1.000       1.000       1.000       1.000       1.000

 Residual Variances
    MVS1             0.595       0.626       0.643       0.727       0.811       0.827       0.858
    MVS2             0.660       0.692       0.709       0.797       0.885       0.901       0.934
    MVS3             0.492       0.524       0.540       0.625       0.710       0.726       0.758
    MVS7             0.640       0.671       0.687       0.771       0.855       0.871       0.902
    MVS8             0.519       0.548       0.563       0.641       0.719       0.734       0.763
    MVS9             0.442       0.471       0.486       0.565       0.643       0.658       0.688
    MVS13            0.380       0.404       0.416       0.480       0.545       0.557       0.581
    MVS14            0.244       0.267       0.280       0.344       0.407       0.420       0.444
    MVS15            0.761       0.797       0.815       0.912       1.008       1.026       1.062
    MVS4O            0.537       0.565       0.579       0.652       0.726       0.740       0.767
    MVS5O            0.600       0.629       0.643       0.720       0.797       0.812       0.841
    MVS6O            0.480       0.505       0.518       0.585       0.652       0.665       0.691
    MVS10O           0.518       0.545       0.559       0.630       0.702       0.715       0.742
    MVS11O           0.652       0.682       0.698       0.780       0.862       0.878       0.908
    MVS12O           0.454       0.479       0.491       0.558       0.625       0.637       0.662
    MVS16O           0.600       0.629       0.643       0.720       0.796       0.811       0.840
    MVS17O           0.516       0.544       0.557       0.630       0.702       0.716       0.743
    MVS18O           0.447       0.470       0.481       0.543       0.605       0.617       0.640


CONFIDENCE INTERVALS OF STANDARDIZED MODEL RESULTS


STDYX Standardization

                  Lower .5%  Lower 2.5%    Lower 5%    Estimate    Upper 5%  Upper 2.5%   Upper .5%

 SUC      BY
    MVS1             0.481       0.503       0.515       0.573       0.632       0.643       0.665
    MVS2             0.405       0.429       0.441       0.504       0.567       0.580       0.603
    MVS3             0.610       0.629       0.639       0.690       0.741       0.750       0.769
    MVS4O           -0.575      -0.551      -0.539      -0.477      -0.414      -0.402      -0.378
    MVS5O           -0.435      -0.408      -0.395      -0.324      -0.253      -0.240      -0.213
    MVS6O           -0.603      -0.580      -0.568      -0.508      -0.447      -0.436      -0.413

 CEN      BY
    MVS7             0.340       0.366       0.379       0.448       0.517       0.530       0.556
    MVS8             0.496       0.518       0.530       0.590       0.650       0.661       0.684
    MVS9             0.589       0.609       0.620       0.675       0.729       0.740       0.760
    MVS10O          -0.552      -0.527      -0.514      -0.448      -0.381      -0.369      -0.344
    MVS11O          -0.208      -0.178      -0.163      -0.083      -0.003       0.012       0.042
    MVS12O          -0.609      -0.585      -0.573      -0.510      -0.447      -0.434      -0.411

 HAP      BY
    MVS13            0.682       0.698       0.705       0.746       0.787       0.795       0.810
    MVS14            0.784       0.797       0.803       0.838       0.873       0.880       0.893
    MVS15            0.403       0.425       0.436       0.496       0.556       0.567       0.589
    MVS16O          -0.431      -0.405      -0.392      -0.324      -0.256      -0.243      -0.217
    MVS17O          -0.655      -0.636      -0.626      -0.573      -0.521      -0.511      -0.492
    MVS18O          -0.607      -0.586      -0.575      -0.518      -0.461      -0.450      -0.429

 NEG      BY
    MVS4O            0.269       0.282       0.288       0.321       0.354       0.360       0.372
    MVS5O            0.278       0.291       0.297       0.331       0.364       0.370       0.383
    MVS6O            0.277       0.289       0.296       0.329       0.363       0.370       0.382
    MVS10O           0.278       0.291       0.297       0.331       0.365       0.372       0.385
    MVS11O           0.284       0.297       0.303       0.336       0.370       0.376       0.388
    MVS12O           0.282       0.295       0.301       0.336       0.370       0.377       0.390
    MVS16O           0.280       0.292       0.298       0.331       0.363       0.370       0.382
    MVS17O           0.255       0.267       0.273       0.304       0.334       0.340       0.352
    MVS18O           0.284       0.297       0.303       0.338       0.372       0.378       0.391

 SUC      WITH
    CEN              0.688       0.712       0.723       0.785       0.847       0.859       0.882
    HAP              0.612       0.634       0.645       0.705       0.765       0.776       0.798
    NEG              0.000       0.000       0.000       0.000       0.000       0.000       0.000

 CEN      WITH
    HAP              0.505       0.531       0.544       0.613       0.681       0.694       0.720
    NEG              0.000       0.000       0.000       0.000       0.000       0.000       0.000

 NEG      WITH
    HAP              0.000       0.000       0.000       0.000       0.000       0.000       0.000

 Intercepts
    MVS1             2.956       3.022       3.055       3.229       3.403       3.437       3.502
    MVS2             2.078       2.127       2.153       2.286       2.418       2.444       2.494
    MVS3             2.584       2.642       2.672       2.828       2.985       3.014       3.073
    MVS7             2.419       2.475       2.503       2.652       2.800       2.829       2.885
    MVS8             3.220       3.290       3.326       3.513       3.700       3.736       3.806
    MVS9             2.967       3.033       3.066       3.241       3.416       3.449       3.515
    MVS13            2.781       2.843       2.875       3.040       3.206       3.238       3.300
    MVS14            2.921       2.986       3.019       3.191       3.364       3.397       3.462
    MVS15            2.785       2.848       2.879       3.045       3.211       3.243       3.305
    MVS4O            2.865       2.927       2.958       3.123       3.287       3.319       3.381
    MVS5O            3.155       3.221       3.255       3.433       3.611       3.645       3.711
    MVS6O            2.650       2.708       2.737       2.892       3.047       3.077       3.135
    MVS10O           2.844       2.905       2.936       3.099       3.262       3.293       3.354
    MVS11O           2.359       2.412       2.439       2.581       2.722       2.750       2.803
    MVS12O           3.064       3.129       3.163       3.336       3.510       3.543       3.608
    MVS16O           3.511       3.585       3.622       3.819       4.015       4.053       4.126
    MVS17O           2.433       2.488       2.516       2.662       2.808       2.836       2.891
    MVS18O           3.203       3.270       3.305       3.486       3.667       3.701       3.769

 Variances
    SUC              1.000       1.000       1.000       1.000       1.000       1.000       1.000
    CEN              1.000       1.000       1.000       1.000       1.000       1.000       1.000
    HAP              1.000       1.000       1.000       1.000       1.000       1.000       1.000
    NEG              1.000       1.000       1.000       1.000       1.000       1.000       1.000

 Residual Variances
    MVS1             0.566       0.591       0.604       0.671       0.739       0.751       0.777
    MVS2             0.646       0.670       0.682       0.746       0.809       0.822       0.845
    MVS3             0.414       0.441       0.454       0.525       0.595       0.608       0.635
    MVS7             0.703       0.726       0.738       0.799       0.861       0.873       0.896
    MVS8             0.541       0.568       0.582       0.652       0.723       0.737       0.763
    MVS9             0.429       0.457       0.471       0.545       0.619       0.633       0.661
    MVS13            0.348       0.370       0.382       0.443       0.504       0.516       0.539
    MVS14            0.206       0.228       0.239       0.298       0.356       0.367       0.389
    MVS15            0.661       0.684       0.695       0.754       0.813       0.824       0.847
    MVS4O            0.580       0.601       0.612       0.670       0.727       0.738       0.760
    MVS5O            0.713       0.731       0.739       0.786       0.832       0.841       0.858
    MVS6O            0.542       0.564       0.575       0.634       0.692       0.704       0.726
    MVS10O           0.599       0.621       0.632       0.690       0.748       0.759       0.780
    MVS11O           0.841       0.851       0.855       0.880       0.905       0.909       0.919
    MVS12O           0.531       0.554       0.566       0.627       0.689       0.701       0.724
    MVS16O           0.715       0.732       0.741       0.786       0.831       0.839       0.856
    MVS17O           0.489       0.511       0.522       0.579       0.636       0.647       0.669
    MVS18O           0.529       0.550       0.561       0.618       0.674       0.685       0.706


STDY Standardization

                  Lower .5%  Lower 2.5%    Lower 5%    Estimate    Upper 5%  Upper 2.5%   Upper .5%

 SUC      BY
    MVS1             0.481       0.503       0.515       0.573       0.632       0.643       0.665
    MVS2             0.405       0.429       0.441       0.504       0.567       0.580       0.603
    MVS3             0.610       0.629       0.639       0.690       0.741       0.750       0.769
    MVS4O           -0.575      -0.551      -0.539      -0.477      -0.414      -0.402      -0.378
    MVS5O           -0.435      -0.408      -0.395      -0.324      -0.253      -0.240      -0.213
    MVS6O           -0.603      -0.580      -0.568      -0.508      -0.447      -0.436      -0.413

 CEN      BY
    MVS7             0.340       0.366       0.379       0.448       0.517       0.530       0.556
    MVS8             0.496       0.518       0.530       0.590       0.650       0.661       0.684
    MVS9             0.589       0.609       0.620       0.675       0.729       0.740       0.760
    MVS10O          -0.552      -0.527      -0.514      -0.448      -0.381      -0.369      -0.344
    MVS11O          -0.208      -0.178      -0.163      -0.083      -0.003       0.012       0.042
    MVS12O          -0.609      -0.585      -0.573      -0.510      -0.447      -0.434      -0.411

 HAP      BY
    MVS13            0.682       0.698       0.705       0.746       0.787       0.795       0.810
    MVS14            0.784       0.797       0.803       0.838       0.873       0.880       0.893
    MVS15            0.403       0.425       0.436       0.496       0.556       0.567       0.589
    MVS16O          -0.431      -0.405      -0.392      -0.324      -0.256      -0.243      -0.217
    MVS17O          -0.655      -0.636      -0.626      -0.573      -0.521      -0.511      -0.492
    MVS18O          -0.607      -0.586      -0.575      -0.518      -0.461      -0.450      -0.429

 NEG      BY
    MVS4O            0.269       0.282       0.288       0.321       0.354       0.360       0.372
    MVS5O            0.278       0.291       0.297       0.331       0.364       0.370       0.383
    MVS6O            0.277       0.289       0.296       0.329       0.363       0.370       0.382
    MVS10O           0.278       0.291       0.297       0.331       0.365       0.372       0.385
    MVS11O           0.284       0.297       0.303       0.336       0.370       0.376       0.388
    MVS12O           0.282       0.295       0.301       0.336       0.370       0.377       0.390
    MVS16O           0.280       0.292       0.298       0.331       0.363       0.370       0.382
    MVS17O           0.255       0.267       0.273       0.304       0.334       0.340       0.352
    MVS18O           0.284       0.297       0.303       0.338       0.372       0.378       0.391

 SUC      WITH
    CEN              0.688       0.712       0.723       0.785       0.847       0.859       0.882
    HAP              0.612       0.634       0.645       0.705       0.765       0.776       0.798
    NEG              0.000       0.000       0.000       0.000       0.000       0.000       0.000

 CEN      WITH
    HAP              0.505       0.531       0.544       0.613       0.681       0.694       0.720
    NEG              0.000       0.000       0.000       0.000       0.000       0.000       0.000

 NEG      WITH
    HAP              0.000       0.000       0.000       0.000       0.000       0.000       0.000

 Intercepts
    MVS1             2.956       3.022       3.055       3.229       3.403       3.437       3.502
    MVS2             2.078       2.127       2.153       2.286       2.418       2.444       2.494
    MVS3             2.584       2.642       2.672       2.828       2.985       3.014       3.073
    MVS7             2.419       2.475       2.503       2.652       2.800       2.829       2.885
    MVS8             3.220       3.290       3.326       3.513       3.700       3.736       3.806
    MVS9             2.967       3.033       3.066       3.241       3.416       3.449       3.515
    MVS13            2.781       2.843       2.875       3.040       3.206       3.238       3.300
    MVS14            2.921       2.986       3.019       3.191       3.364       3.397       3.462
    MVS15            2.785       2.848       2.879       3.045       3.211       3.243       3.305
    MVS4O            2.865       2.927       2.958       3.123       3.287       3.319       3.381
    MVS5O            3.155       3.221       3.255       3.433       3.611       3.645       3.711
    MVS6O            2.650       2.708       2.737       2.892       3.047       3.077       3.135
    MVS10O           2.844       2.905       2.936       3.099       3.262       3.293       3.354
    MVS11O           2.359       2.412       2.439       2.581       2.722       2.750       2.803
    MVS12O           3.064       3.129       3.163       3.336       3.510       3.543       3.608
    MVS16O           3.511       3.585       3.622       3.819       4.015       4.053       4.126
    MVS17O           2.433       2.488       2.516       2.662       2.808       2.836       2.891
    MVS18O           3.203       3.270       3.305       3.486       3.667       3.701       3.769

 Variances
    SUC              1.000       1.000       1.000       1.000       1.000       1.000       1.000
    CEN              1.000       1.000       1.000       1.000       1.000       1.000       1.000
    HAP              1.000       1.000       1.000       1.000       1.000       1.000       1.000
    NEG              1.000       1.000       1.000       1.000       1.000       1.000       1.000

 Residual Variances
    MVS1             0.566       0.591       0.604       0.671       0.739       0.751       0.777
    MVS2             0.646       0.670       0.682       0.746       0.809       0.822       0.845
    MVS3             0.414       0.441       0.454       0.525       0.595       0.608       0.635
    MVS7             0.703       0.726       0.738       0.799       0.861       0.873       0.896
    MVS8             0.541       0.568       0.582       0.652       0.723       0.737       0.763
    MVS9             0.429       0.457       0.471       0.545       0.619       0.633       0.661
    MVS13            0.348       0.370       0.382       0.443       0.504       0.516       0.539
    MVS14            0.206       0.228       0.239       0.298       0.356       0.367       0.389
    MVS15            0.661       0.684       0.695       0.754       0.813       0.824       0.847
    MVS4O            0.580       0.601       0.612       0.670       0.727       0.738       0.760
    MVS5O            0.713       0.731       0.739       0.786       0.832       0.841       0.858
    MVS6O            0.542       0.564       0.575       0.634       0.692       0.704       0.726
    MVS10O           0.599       0.621       0.632       0.690       0.748       0.759       0.780
    MVS11O           0.841       0.851       0.855       0.880       0.905       0.909       0.919
    MVS12O           0.531       0.554       0.566       0.627       0.689       0.701       0.724
    MVS16O           0.715       0.732       0.741       0.786       0.831       0.839       0.856
    MVS17O           0.489       0.511       0.522       0.579       0.636       0.647       0.669
    MVS18O           0.529       0.550       0.561       0.618       0.674       0.685       0.706


STD Standardization

                  Lower .5%  Lower 2.5%    Lower 5%    Estimate    Upper 5%  Upper 2.5%   Upper .5%

 SUC      BY
    MVS1             0.478       0.506       0.520       0.596       0.672       0.687       0.715
    MVS2             0.401       0.430       0.444       0.521       0.598       0.613       0.642
    MVS3             0.632       0.661       0.675       0.753       0.830       0.844       0.873
    MVS4O           -0.584      -0.557      -0.543      -0.470      -0.397      -0.383      -0.356
    MVS5O           -0.424      -0.397      -0.383      -0.310      -0.237      -0.223      -0.196
    MVS6O           -0.598      -0.572      -0.558      -0.488      -0.418      -0.404      -0.378

 CEN      BY
    MVS7             0.321       0.349       0.364       0.440       0.516       0.531       0.559
    MVS8             0.469       0.496       0.511       0.584       0.658       0.673       0.700
    MVS9             0.571       0.598       0.613       0.687       0.761       0.775       0.803
    MVS10O          -0.542      -0.515      -0.501      -0.428      -0.355      -0.341      -0.314
    MVS11O          -0.196      -0.168      -0.154      -0.078      -0.003       0.012       0.040
    MVS12O          -0.592      -0.565      -0.552      -0.481      -0.410      -0.396      -0.369

 HAP      BY
    MVS13            0.671       0.696       0.709       0.777       0.845       0.858       0.883
    MVS14            0.795       0.820       0.833       0.901       0.968       0.981       1.006
    MVS15            0.423       0.452       0.467       0.545       0.624       0.639       0.668
    MVS16O          -0.420      -0.394      -0.380      -0.310      -0.240      -0.226      -0.200
    MVS17O          -0.709      -0.683      -0.669      -0.598      -0.527      -0.513      -0.487
    MVS18O          -0.589      -0.564      -0.551      -0.486      -0.420      -0.407      -0.383

 NEG      BY
    MVS4O            0.269       0.280       0.286       0.317       0.347       0.353       0.365
    MVS5O            0.269       0.280       0.286       0.317       0.347       0.353       0.365
    MVS6O            0.269       0.280       0.286       0.317       0.347       0.353       0.365
    MVS10O           0.269       0.280       0.286       0.317       0.347       0.353       0.365
    MVS11O           0.269       0.280       0.286       0.317       0.347       0.353       0.365
    MVS12O           0.269       0.280       0.286       0.317       0.347       0.353       0.365
    MVS16O           0.269       0.280       0.286       0.317       0.347       0.353       0.365
    MVS17O           0.269       0.280       0.286       0.317       0.347       0.353       0.365
    MVS18O           0.269       0.280       0.286       0.317       0.347       0.353       0.365

 SUC      WITH
    CEN              0.688       0.712       0.723       0.785       0.847       0.859       0.882
    HAP              0.612       0.634       0.645       0.705       0.765       0.776       0.798
    NEG              0.000       0.000       0.000       0.000       0.000       0.000       0.000

 CEN      WITH
    HAP              0.505       0.531       0.544       0.613       0.681       0.694       0.720
    NEG              0.000       0.000       0.000       0.000       0.000       0.000       0.000

 NEG      WITH
    HAP              0.000       0.000       0.000       0.000       0.000       0.000       0.000

 Intercepts
    MVS1             3.245       3.273       3.287       3.359       3.432       3.446       3.473
    MVS2             2.250       2.277       2.291       2.363       2.435       2.449       2.476
    MVS3             2.967       2.996       3.010       3.087       3.163       3.178       3.206
    MVS7             2.497       2.523       2.536       2.605       2.673       2.686       2.712
    MVS8             3.373       3.399       3.413       3.482       3.551       3.564       3.590
    MVS9             3.188       3.215       3.228       3.300       3.371       3.384       3.411
    MVS13            3.052       3.079       3.093       3.166       3.239       3.253       3.280
    MVS14            3.312       3.340       3.354       3.430       3.505       3.519       3.547
    MVS15            3.228       3.257       3.272       3.348       3.425       3.440       3.469
    MVS4O            2.973       2.999       3.012       3.081       3.150       3.163       3.189
    MVS5O            3.182       3.207       3.220       3.287       3.354       3.367       3.392
    MVS6O            2.675       2.700       2.713       2.780       2.847       2.860       2.885
    MVS10O           2.857       2.882       2.895       2.962       3.029       3.042       3.067
    MVS11O           2.327       2.351       2.364       2.430       2.495       2.508       2.533
    MVS12O           3.043       3.068       3.080       3.146       3.212       3.225       3.249
    MVS16O           3.550       3.576       3.588       3.655       3.722       3.735       3.760
    MVS17O           2.662       2.689       2.703       2.776       2.849       2.863       2.890
    MVS18O           3.166       3.191       3.203       3.269       3.334       3.347       3.372

 Variances
    SUC              1.000       1.000       1.000       1.000       1.000       1.000       1.000
    CEN              1.000       1.000       1.000       1.000       1.000       1.000       1.000
    HAP              1.000       1.000       1.000       1.000       1.000       1.000       1.000
    NEG              1.000       1.000       1.000       1.000       1.000       1.000       1.000

 Residual Variances
    MVS1             0.595       0.626       0.643       0.727       0.811       0.827       0.858
    MVS2             0.660       0.692       0.709       0.797       0.885       0.901       0.934
    MVS3             0.492       0.524       0.540       0.625       0.710       0.726       0.758
    MVS7             0.640       0.671       0.687       0.771       0.855       0.871       0.902
    MVS8             0.519       0.548       0.563       0.641       0.719       0.734       0.763
    MVS9             0.442       0.471       0.486       0.565       0.643       0.658       0.688
    MVS13            0.380       0.404       0.416       0.480       0.545       0.557       0.581
    MVS14            0.244       0.267       0.280       0.344       0.407       0.420       0.444
    MVS15            0.761       0.797       0.815       0.912       1.008       1.026       1.062
    MVS4O            0.537       0.565       0.579       0.652       0.726       0.740       0.767
    MVS5O            0.600       0.629       0.643       0.720       0.797       0.812       0.841
    MVS6O            0.480       0.505       0.518       0.585       0.652       0.665       0.691
    MVS10O           0.518       0.545       0.559       0.630       0.702       0.715       0.742
    MVS11O           0.652       0.682       0.698       0.780       0.862       0.878       0.908
    MVS12O           0.454       0.479       0.491       0.558       0.625       0.637       0.662
    MVS16O           0.600       0.629       0.643       0.720       0.796       0.811       0.840
    MVS17O           0.516       0.544       0.557       0.630       0.702       0.716       0.743
    MVS18O           0.447       0.470       0.481       0.543       0.605       0.617       0.640


MODEL COMMAND WITH FINAL ESTIMATES USED AS STARTING VALUES

     suc BY mvs1*0.59633 (l1);
     suc BY mvs2*0.52139 (l2);
     suc BY mvs3*0.75253 (l3);
     suc BY mvs4o*-0.47022 (l4);
     suc BY mvs5o*-0.31020 (l5);
     suc BY mvs6o*-0.48800 (l6);
     cen BY mvs7*0.43984 (l7);
     cen BY mvs8*0.58446 (l8);
     cen BY mvs9*0.68683 (l9);
     cen BY mvs10o*-0.42797 (l10);
     cen BY mvs11o*-0.07824 (l11);
     cen BY mvs12o*-0.48069 (l12);
     hap BY mvs13*0.77709 (l13);
     hap BY mvs14*0.90067 (l14);
     hap BY mvs15*0.54535 (l15);
     hap BY mvs16o*-0.31009 (l16);
     hap BY mvs17o*-0.59797 (l17);
     hap BY mvs18o*-0.48562 (l18);
     neg BY mvs4o*0.31662 (n);
     neg BY mvs5o*0.31662 (n);
     neg BY mvs6o*0.31662 (n);
     neg BY mvs10o*0.31662 (n);
     neg BY mvs11o*0.31662 (n);
     neg BY mvs12o*0.31662 (n);
     neg BY mvs16o*0.31662 (n);
     neg BY mvs17o*0.31662 (n);
     neg BY mvs18o*0.31662 (n);

     suc WITH cen*0.78515;
     suc WITH hap*0.70496;
     suc WITH neg@0;
     cen WITH hap*0.61252;
     cen WITH neg@0;
     neg WITH hap@0;

     [ mvs1*3.35921 ];
     [ mvs2*2.36282 ];
     [ mvs3*3.08664 ];
     [ mvs7*2.60469 ];
     [ mvs8*3.48195 ];
     [ mvs9*3.29964 ];
     [ mvs13*3.16606 ];
     [ mvs14*3.42960 ];
     [ mvs15*3.34838 ];
     [ mvs4o*3.08123 ];
     [ mvs5o*3.28700 ];
     [ mvs6o*2.77978 ];
     [ mvs10o*2.96209 ];
     [ mvs11o*2.42960 ];
     [ mvs12o*3.14621 ];
     [ mvs16o*3.65523 ];
     [ mvs17o*2.77617 ];
     [ mvs18o*3.26895 ];

     mvs1*0.72657 (ev1);
     mvs2*0.79690 (ev2);
     mvs3*0.62474 (ev3);
     mvs7*0.77122 (ev7);
     mvs8*0.64092 (ev8);
     mvs9*0.56484 (ev9);
     mvs13*0.48047 (ev13);
     mvs14*0.34358 (ev14);
     mvs15*0.91157 (ev15);
     mvs4o*0.65222 (ev4);
     mvs5o*0.72031 (ev5);
     mvs6o*0.58533 (ev6);
     mvs10o*0.63019 (ev10);
     mvs11o*0.77998 (ev11);
     mvs12o*0.55801 (ev12);
     mvs16o*0.71985 (ev16);
     mvs17o*0.62954 (ev17);
     mvs18o*0.54331 (ev18);
     suc@1;
     cen@1;
     hap@1;
     neg@1;



TECHNICAL 1 OUTPUT


     PARAMETER SPECIFICATION


           NU
              MVS1          MVS2          MVS3          MVS7          MVS8
              ________      ________      ________      ________      ________
                  1             2             3             4             5


           NU
              MVS9          MVS13         MVS14         MVS15         MVS4O
              ________      ________      ________      ________      ________
                  6             7             8             9            10


           NU
              MVS5O         MVS6O         MVS10O        MVS11O        MVS12O
              ________      ________      ________      ________      ________
                 11            12            13            14            15


           NU
              MVS16O        MVS17O        MVS18O
              ________      ________      ________
                 16            17            18


           LAMBDA
              SUC           CEN           HAP           NEG
              ________      ________      ________      ________
 MVS1              19             0             0             0
 MVS2              20             0             0             0
 MVS3              21             0             0             0
 MVS7               0            22             0             0
 MVS8               0            23             0             0
 MVS9               0            24             0             0
 MVS13              0             0            25             0
 MVS14              0             0            26             0
 MVS15              0             0            27             0
 MVS4O             28             0             0            29
 MVS5O             30             0             0            29
 MVS6O             31             0             0            29
 MVS10O             0            32             0            29
 MVS11O             0            33             0            29
 MVS12O             0            34             0            29
 MVS16O             0             0            35            29
 MVS17O             0             0            36            29
 MVS18O             0             0            37            29


           THETA
              MVS1          MVS2          MVS3          MVS7          MVS8
              ________      ________      ________      ________      ________
 MVS1              38
 MVS2               0            39
 MVS3               0             0            40
 MVS7               0             0             0            41
 MVS8               0             0             0             0            42
 MVS9               0             0             0             0             0
 MVS13              0             0             0             0             0
 MVS14              0             0             0             0             0
 MVS15              0             0             0             0             0
 MVS4O              0             0             0             0             0
 MVS5O              0             0             0             0             0
 MVS6O              0             0             0             0             0
 MVS10O             0             0             0             0             0
 MVS11O             0             0             0             0             0
 MVS12O             0             0             0             0             0
 MVS16O             0             0             0             0             0
 MVS17O             0             0             0             0             0
 MVS18O             0             0             0             0             0


           THETA
              MVS9          MVS13         MVS14         MVS15         MVS4O
              ________      ________      ________      ________      ________
 MVS9              43
 MVS13              0            44
 MVS14              0             0            45
 MVS15              0             0             0            46
 MVS4O              0             0             0             0            47
 MVS5O              0             0             0             0             0
 MVS6O              0             0             0             0             0
 MVS10O             0             0             0             0             0
 MVS11O             0             0             0             0             0
 MVS12O             0             0             0             0             0
 MVS16O             0             0             0             0             0
 MVS17O             0             0             0             0             0
 MVS18O             0             0             0             0             0


           THETA
              MVS5O         MVS6O         MVS10O        MVS11O        MVS12O
              ________      ________      ________      ________      ________
 MVS5O             48
 MVS6O              0            49
 MVS10O             0             0            50
 MVS11O             0             0             0            51
 MVS12O             0             0             0             0            52
 MVS16O             0             0             0             0             0
 MVS17O             0             0             0             0             0
 MVS18O             0             0             0             0             0


           THETA
              MVS16O        MVS17O        MVS18O
              ________      ________      ________
 MVS16O            53
 MVS17O             0            54
 MVS18O             0             0            55


           ALPHA
              SUC           CEN           HAP           NEG
              ________      ________      ________      ________
                  0             0             0             0


           BETA
              SUC           CEN           HAP           NEG
              ________      ________      ________      ________
 SUC                0             0             0             0
 CEN                0             0             0             0
 HAP                0             0             0             0
 NEG                0             0             0             0


           PSI
              SUC           CEN           HAP           NEG
              ________      ________      ________      ________
 SUC                0
 CEN               56             0
 HAP               57            58             0
 NEG                0             0             0             0


     STARTING VALUES


           NU
              MVS1          MVS2          MVS3          MVS7          MVS8
              ________      ________      ________      ________      ________
                3.359         2.363         3.087         2.605         3.482


           NU
              MVS9          MVS13         MVS14         MVS15         MVS4O
              ________      ________      ________      ________      ________
                3.300         3.166         3.430         3.348         3.081


           NU
              MVS5O         MVS6O         MVS10O        MVS11O        MVS12O
              ________      ________      ________      ________      ________
                3.287         2.780         2.962         2.430         3.146


           NU
              MVS16O        MVS17O        MVS18O
              ________      ________      ________
                3.655         2.776         3.269


           LAMBDA
              SUC           CEN           HAP           NEG
              ________      ________      ________      ________
 MVS1           1.000         0.000         0.000         0.000
 MVS2           1.000         0.000         0.000         0.000
 MVS3           1.000         0.000         0.000         0.000
 MVS7           0.000         1.000         0.000         0.000
 MVS8           0.000         1.000         0.000         0.000
 MVS9           0.000         1.000         0.000         0.000
 MVS13          0.000         0.000         1.000         0.000
 MVS14          0.000         0.000         1.000         0.000
 MVS15          0.000         0.000         1.000         0.000
 MVS4O          1.000         0.000         0.000         1.000
 MVS5O          1.000         0.000         0.000         1.000
 MVS6O          1.000         0.000         0.000         1.000
 MVS10O         0.000         1.000         0.000         1.000
 MVS11O         0.000         1.000         0.000         1.000
 MVS12O         0.000         1.000         0.000         1.000
 MVS16O         0.000         0.000         1.000         1.000
 MVS17O         0.000         0.000         1.000         1.000
 MVS18O         0.000         0.000         1.000         1.000


           THETA
              MVS1          MVS2          MVS3          MVS7          MVS8
              ________      ________      ________      ________      ________
 MVS1           0.541
 MVS2           0.000         0.534
 MVS3           0.000         0.000         0.596
 MVS7           0.000         0.000         0.000         0.482
 MVS8           0.000         0.000         0.000         0.000         0.491
 MVS9           0.000         0.000         0.000         0.000         0.000
 MVS13          0.000         0.000         0.000         0.000         0.000
 MVS14          0.000         0.000         0.000         0.000         0.000
 MVS15          0.000         0.000         0.000         0.000         0.000
 MVS4O          0.000         0.000         0.000         0.000         0.000
 MVS5O          0.000         0.000         0.000         0.000         0.000
 MVS6O          0.000         0.000         0.000         0.000         0.000
 MVS10O         0.000         0.000         0.000         0.000         0.000
 MVS11O         0.000         0.000         0.000         0.000         0.000
 MVS12O         0.000         0.000         0.000         0.000         0.000
 MVS16O         0.000         0.000         0.000         0.000         0.000
 MVS17O         0.000         0.000         0.000         0.000         0.000
 MVS18O         0.000         0.000         0.000         0.000         0.000


           THETA
              MVS9          MVS13         MVS14         MVS15         MVS4O
              ________      ________      ________      ________      ________
 MVS9           0.518
 MVS13          0.000         0.542
 MVS14          0.000         0.000         0.577
 MVS15          0.000         0.000         0.000         0.604
 MVS4O          0.000         0.000         0.000         0.000         0.490
 MVS5O          0.000         0.000         0.000         0.000         0.000
 MVS6O          0.000         0.000         0.000         0.000         0.000
 MVS10O         0.000         0.000         0.000         0.000         0.000
 MVS11O         0.000         0.000         0.000         0.000         0.000
 MVS12O         0.000         0.000         0.000         0.000         0.000
 MVS16O         0.000         0.000         0.000         0.000         0.000
 MVS17O         0.000         0.000         0.000         0.000         0.000
 MVS18O         0.000         0.000         0.000         0.000         0.000


           THETA
              MVS5O         MVS6O         MVS10O        MVS11O        MVS12O
              ________      ________      ________      ________      ________
 MVS5O          0.456
 MVS6O          0.000         0.469
 MVS10O         0.000         0.000         0.469
 MVS11O         0.000         0.000         0.000         0.428
 MVS12O         0.000         0.000         0.000         0.000         0.452
 MVS16O         0.000         0.000         0.000         0.000         0.000
 MVS17O         0.000         0.000         0.000         0.000         0.000
 MVS18O         0.000         0.000         0.000         0.000         0.000


           THETA
              MVS16O        MVS17O        MVS18O
              ________      ________      ________
 MVS16O         0.432
 MVS17O         0.000         0.529
 MVS18O         0.000         0.000         0.439


           ALPHA
              SUC           CEN           HAP           NEG
              ________      ________      ________      ________
                0.000         0.000         0.000         0.000


           BETA
              SUC           CEN           HAP           NEG
              ________      ________      ________      ________
 SUC            0.000         0.000         0.000         0.000
 CEN            0.000         0.000         0.000         0.000
 HAP            0.000         0.000         0.000         0.000
 NEG            0.000         0.000         0.000         0.000


           PSI
              SUC           CEN           HAP           NEG
              ________      ________      ________      ________
 SUC            1.000
 CEN            0.000         1.000
 HAP            0.000         0.000         1.000
 NEG            0.000         0.000         0.000         1.000


DIAGRAM INFORMATION

  Use View Diagram under the Diagram menu in the Mplus Editor to view the diagram.
  If running Mplus from the Mplus Diagrammer, the diagram opens automatically.

  Diagram output
    c:\users\jxb14\dropbox (personal)\consumeropinions\feb18oct18\18items\metric\singlegroup\04-t3neg(unit)-metric-ml.dg

     Beginning Time:  17:57:24
        Ending Time:  17:57:24
       Elapsed Time:  00:00:00



MUTHEN & MUTHEN
3463 Stoner Ave.
Los Angeles, CA  90066

Tel: (310) 391-9971
Fax: (310) 391-8971
Web: www.StatModel.com
Support: Support@StatModel.com

Copyright (c) 1998-2018 Muthen & Muthen
