Mplus VERSION 8.2
MUTHEN & MUTHEN
12/13/2018   6:01 PM

INPUT INSTRUCTIONS

  TITLE: cfa with metric data (18 items)
         2 orthogonal method factors for regular and reversed items

  DATA: file = mvs.dat;

  VARIABLE:
    names = idnum satopt ars ars01 im mvs1-mvs18;
    usevar = mvs1 mvs2 mvs3 mvs7 mvs8 mvs9 mvs13 mvs14 mvs15
             mvs4o mvs5o mvs6o mvs10o mvs11o mvs12o mvs16o mvs17o mvs18o;

    missing = all(-99);

  DEFINE:

    mvs4o=6-mvs4;
    mvs5o=6-mvs5;
    mvs6o=6-mvs6;
    mvs10o=6-mvs10;
    mvs11o=6-mvs11;
    mvs12o=6-mvs12;
    mvs16o=6-mvs16;
    mvs17o=6-mvs17;
    mvs18o=6-mvs18;

  ANALYSIS:

    ESTIMATOR=ML;

  MODEL:

    SUC BY mvs1*1 (l1)
           mvs2 (l2)
           mvs3 (l3)
           mvs4o (l4)
           mvs5o (l5)
           mvs6o (l6);
    CEN BY mvs7*1 (l7)
           mvs8 (l8)
           mvs9 (l9)
           mvs10o (l10)
           mvs11o (l11)
           mvs12o (l12);
    HAP BY mvs13*1 (l13)
           mvs14 (l14)
           mvs15 (l15)
           mvs16o (l16)
           mvs17o (l17)
           mvs18o (l18);

    Pos BY mvs1*1
           mvs2 (p)
           mvs3
           mvs7
           mvs8
           mvs9
           mvs13
           mvs14
           mvs15;

    Neg BY mvs4o*1
           mvs5o
           mvs6o
           mvs10o
           mvs11o
           mvs12o
           mvs16o
           mvs17o
           mvs18o;

    SUC@1;
    CEN@1;
    HAP@1;
    Pos@1;
    Neg@1;

    SUC WITH CEN;
    SUC WITH HAP;
    CEN WITH HAP;

    Pos WITH Neg@0;

    Pos WITH SUC@0;
    Pos WITH CEN@0;
    Pos WITH HAP@0;

    Neg WITH SUC@0;
    Neg WITH CEN@0;
    Neg WITH HAP@0;

    mvs1 (ev1);
    mvs2 (ev2);
    mvs3 (ev3);
    mvs4o (ev4);
    mvs5o (ev5);
    mvs6o (ev6);
    mvs7 (ev7);
    mvs8 (ev8);
    mvs9 (ev9);
    mvs10o (ev10);
    mvs11o (ev11);
    mvs12o (ev12);
    mvs13 (ev13);
    mvs14 (ev14);
    mvs15 (ev15);
    mvs16o (ev16);
    mvs17o (ev17);
    mvs18o (ev18);

  MODEL CONSTRAINT:

    l13>0;
    p>0;

  OUTPUT: TECH1 MOD (3.84) svalues CINTERVAL standardized;





*** WARNING in OUTPUT command
  MODINDICES option is not available in conjunction with nonlinear constraints
  through the use of MODEL CONSTRAINT.  Request for MODINDICES is ignored.
   1 WARNING(S) FOUND IN THE INPUT INSTRUCTIONS



cfa with metric data (18 items)
2 orthogonal method factors for regular and reversed items

SUMMARY OF ANALYSIS

Number of groups                                                 1
Number of observations                                         554

Number of dependent variables                                   18
Number of independent variables                                  0
Number of continuous latent variables                            5

Observed dependent variables

  Continuous
   MVS1        MVS2        MVS3        MVS7        MVS8        MVS9
   MVS13       MVS14       MVS15       MVS4O       MVS5O       MVS6O
   MVS10O      MVS11O      MVS12O      MVS16O      MVS17O      MVS18O

Continuous latent variables
   SUC         CEN         HAP         POS         NEG


Estimator                                                       ML
Information matrix                                        OBSERVED
Maximum number of iterations                                  1000
Convergence criterion                                    0.500D-04
Maximum number of steepest descent iterations                   20
Maximum number of iterations for H1                           2000
Convergence criterion for H1                             0.100D-03

Input data file(s)
  mvs.dat

Input data format  FREE


SUMMARY OF DATA

     Number of missing data patterns             1


COVARIANCE COVERAGE OF DATA

Minimum covariance coverage value   0.100


     PROPORTION OF DATA PRESENT


           Covariance Coverage
              MVS1          MVS2          MVS3          MVS7          MVS8
              ________      ________      ________      ________      ________
 MVS1           1.000
 MVS2           1.000         1.000
 MVS3           1.000         1.000         1.000
 MVS7           1.000         1.000         1.000         1.000
 MVS8           1.000         1.000         1.000         1.000         1.000
 MVS9           1.000         1.000         1.000         1.000         1.000
 MVS13          1.000         1.000         1.000         1.000         1.000
 MVS14          1.000         1.000         1.000         1.000         1.000
 MVS15          1.000         1.000         1.000         1.000         1.000
 MVS4O          1.000         1.000         1.000         1.000         1.000
 MVS5O          1.000         1.000         1.000         1.000         1.000
 MVS6O          1.000         1.000         1.000         1.000         1.000
 MVS10O         1.000         1.000         1.000         1.000         1.000
 MVS11O         1.000         1.000         1.000         1.000         1.000
 MVS12O         1.000         1.000         1.000         1.000         1.000
 MVS16O         1.000         1.000         1.000         1.000         1.000
 MVS17O         1.000         1.000         1.000         1.000         1.000
 MVS18O         1.000         1.000         1.000         1.000         1.000


           Covariance Coverage
              MVS9          MVS13         MVS14         MVS15         MVS4O
              ________      ________      ________      ________      ________
 MVS9           1.000
 MVS13          1.000         1.000
 MVS14          1.000         1.000         1.000
 MVS15          1.000         1.000         1.000         1.000
 MVS4O          1.000         1.000         1.000         1.000         1.000
 MVS5O          1.000         1.000         1.000         1.000         1.000
 MVS6O          1.000         1.000         1.000         1.000         1.000
 MVS10O         1.000         1.000         1.000         1.000         1.000
 MVS11O         1.000         1.000         1.000         1.000         1.000
 MVS12O         1.000         1.000         1.000         1.000         1.000
 MVS16O         1.000         1.000         1.000         1.000         1.000
 MVS17O         1.000         1.000         1.000         1.000         1.000
 MVS18O         1.000         1.000         1.000         1.000         1.000


           Covariance Coverage
              MVS5O         MVS6O         MVS10O        MVS11O        MVS12O
              ________      ________      ________      ________      ________
 MVS5O          1.000
 MVS6O          1.000         1.000
 MVS10O         1.000         1.000         1.000
 MVS11O         1.000         1.000         1.000         1.000
 MVS12O         1.000         1.000         1.000         1.000         1.000
 MVS16O         1.000         1.000         1.000         1.000         1.000
 MVS17O         1.000         1.000         1.000         1.000         1.000
 MVS18O         1.000         1.000         1.000         1.000         1.000


           Covariance Coverage
              MVS16O        MVS17O        MVS18O
              ________      ________      ________
 MVS16O         1.000
 MVS17O         1.000         1.000
 MVS18O         1.000         1.000         1.000



UNIVARIATE SAMPLE STATISTICS


     UNIVARIATE HIGHER-ORDER MOMENT DESCRIPTIVE STATISTICS

         Variable/         Mean/     Skewness/   Minimum/ % with                Percentiles
        Sample Size      Variance    Kurtosis    Maximum  Min/Max      20%/60%    40%/80%    Median

     MVS1                  3.359      -0.412       1.000    3.97%       2.000      3.000      4.000
             554.000       1.082      -0.647       5.000   10.47%       4.000      4.000
     MVS2                  2.363       0.467       1.000   20.76%       1.000      2.000      2.000
             554.000       1.069      -0.629       5.000    1.62%       2.000      3.000
     MVS3                  3.087      -0.280       1.000    7.94%       2.000      3.000      3.000
             554.000       1.191      -0.959       5.000    5.60%       4.000      4.000
     MVS7                  2.605       0.467       1.000    9.39%       2.000      2.000      2.000
             554.000       0.965      -0.413       5.000    3.25%       3.000      4.000
     MVS8                  3.482      -0.467       1.000    2.17%       2.000      3.000      4.000
             554.000       0.983      -0.535       5.000   12.09%       4.000      4.000
     MVS9                  3.300      -0.214       1.000    3.07%       2.000      3.000      3.000
             554.000       1.037      -0.735       5.000   10.29%       4.000      4.000
     MVS13                 3.166      -0.172       1.000    3.61%       2.000      3.000      3.000
             554.000       1.084      -1.048       5.000    6.68%       4.000      4.000
     MVS14                 3.430      -0.350       1.000    2.89%       2.000      3.000      4.000
             554.000       1.155      -0.845       5.000   14.62%       4.000      4.000
     MVS15                 3.348      -0.362       1.000    4.51%       2.000      3.000      4.000
             554.000       1.209      -0.851       5.000   12.45%       4.000      4.000
     MVS4O                 3.081       0.105       1.000    1.81%       2.000      3.000      3.000
             554.000       0.981      -1.057       5.000    6.14%       3.000      4.000
     MVS5O                 3.287      -0.201       1.000    1.62%       2.000      3.000      3.000
             554.000       0.912      -0.811       5.000    7.40%       4.000      4.000
     MVS6O                 2.780       0.344       1.000    4.33%       2.000      2.000      3.000
             554.000       0.937      -0.916       5.000    2.71%       3.000      4.000
     MVS10O                2.962       0.064       1.000    3.43%       2.000      3.000      3.000
             554.000       0.939      -1.024       5.000    3.25%       3.000      4.000
     MVS11O                2.430       0.652       1.000   10.83%       2.000      2.000      2.000
             554.000       0.855      -0.191       5.000    1.44%       2.000      3.000
     MVS12O                3.146      -0.043       1.000    1.99%       2.000      3.000      3.000
             554.000       0.905      -0.873       5.000    5.60%       4.000      4.000
     MVS16O                3.655      -0.733       1.000    1.81%       3.000      4.000      4.000
             554.000       0.865       0.120       5.000   14.08%       4.000      4.000
     MVS17O                2.776       0.418       1.000    5.78%       2.000      2.000      2.500
             554.000       1.058      -0.772       5.000    5.05%       3.000      4.000
     MVS18O                3.269      -0.203       1.000    1.44%       2.000      3.000      3.000
             554.000       0.879      -0.831       5.000    6.32%       4.000      4.000


THE MODEL ESTIMATION TERMINATED NORMALLY



MODEL FIT INFORMATION

Number of Free Parameters                       75

Loglikelihood

          H0 Value                      -13031.508
          H1 Value                      -12930.493

Information Criteria

          Akaike (AIC)                   26213.017
          Bayesian (BIC)                 26536.804
          Sample-Size Adjusted BIC       26298.720
            (n* = (n + 2) / 24)

Chi-Square Test of Model Fit

          Value                            202.031
          Degrees of Freedom                   114
          P-Value                           0.0000

RMSEA (Root Mean Square Error Of Approximation)

          Estimate                           0.037
          90 Percent C.I.                    0.029  0.046
          Probability RMSEA <= .05           0.995

CFI/TLI

          CFI                                0.962
          TLI                                0.948

Chi-Square Test of Model Fit for the Baseline Model

          Value                           2440.337
          Degrees of Freedom                   153
          P-Value                           0.0000

SRMR (Standardized Root Mean Square Residual)

          Value                              0.035



MODEL RESULTS

                                                    Two-Tailed
                    Estimate       S.E.  Est./S.E.    P-Value

 SUC      BY
    MVS1               0.653      0.054     12.164      0.000
    MVS2               0.538      0.058      9.246      0.000
    MVS3               0.744      0.047     15.906      0.000
    MVS4O             -0.461      0.044    -10.400      0.000
    MVS5O             -0.304      0.044     -6.836      0.000
    MVS6O             -0.467      0.043    -10.778      0.000

 CEN      BY
    MVS7               0.438      0.047      9.267      0.000
    MVS8               0.578      0.048     12.042      0.000
    MVS9               0.714      0.050     14.206      0.000
    MVS10O            -0.394      0.045     -8.771      0.000
    MVS11O            -0.073      0.046     -1.582      0.114
    MVS12O            -0.449      0.044    -10.194      0.000

 HAP      BY
    MVS13              0.769      0.043     18.074      0.000
    MVS14              0.895      0.042     21.504      0.000
    MVS15              0.543      0.048     11.281      0.000
    MVS16O            -0.313      0.042     -7.441      0.000
    MVS17O            -0.598      0.043    -13.892      0.000
    MVS18O            -0.488      0.040    -12.144      0.000

 POS      BY
    MVS1              -0.342      0.144     -2.376      0.017
    MVS2               0.416      0.113      3.670      0.000
    MVS3               0.029      0.082      0.354      0.723
    MVS7               0.107      0.068      1.576      0.115
    MVS8               0.192      0.085      2.262      0.024
    MVS9              -0.109      0.080     -1.362      0.173
    MVS13              0.152      0.070      2.186      0.029
    MVS14              0.047      0.089      0.528      0.597
    MVS15              0.040      0.097      0.412      0.680

 NEG      BY
    MVS4O              0.348      0.051      6.842      0.000
    MVS5O              0.296      0.052      5.643      0.000
    MVS6O              0.386      0.049      7.853      0.000
    MVS10O             0.454      0.051      8.875      0.000
    MVS11O             0.225      0.053      4.226      0.000
    MVS12O             0.409      0.049      8.389      0.000
    MVS16O             0.165      0.052      3.200      0.001
    MVS17O             0.245      0.050      4.897      0.000
    MVS18O             0.340      0.047      7.174      0.000

 SUC      WITH
    CEN                0.759      0.038     20.120      0.000
    HAP                0.710      0.035     20.200      0.000
    POS                0.000      0.000    999.000    999.000
    NEG                0.000      0.000    999.000    999.000

 CEN      WITH
    HAP                0.613      0.042     14.683      0.000
    POS                0.000      0.000    999.000    999.000
    NEG                0.000      0.000    999.000    999.000

 POS      WITH
    NEG                0.000      0.000    999.000    999.000
    HAP                0.000      0.000    999.000    999.000

 NEG      WITH
    HAP                0.000      0.000    999.000    999.000

 Intercepts
    MVS1               3.359      0.044     76.019      0.000
    MVS2               2.363      0.044     53.787      0.000
    MVS3               3.087      0.046     66.569      0.000
    MVS7               2.605      0.042     62.453      0.000
    MVS8               3.482      0.042     82.785      0.000
    MVS9               3.300      0.043     76.219      0.000
    MVS13              3.166      0.044     71.626      0.000
    MVS14              3.430      0.046     75.140      0.000
    MVS15              3.348      0.047     71.688      0.000
    MVS4O              3.081      0.042     73.199      0.000
    MVS5O              3.287      0.041     80.982      0.000
    MVS6O              2.780      0.041     67.555      0.000
    MVS10O             2.962      0.041     71.994      0.000
    MVS11O             2.430      0.039     61.844      0.000
    MVS12O             3.146      0.040     77.911      0.000
    MVS16O             3.655      0.040     92.357      0.000
    MVS17O             2.776      0.044     63.279      0.000
    MVS18O             3.269      0.040     81.645      0.000

 Variances
    SUC                1.000      0.000    999.000    999.000
    CEN                1.000      0.000    999.000    999.000
    HAP                1.000      0.000    999.000    999.000
    POS                1.000      0.000    999.000    999.000
    NEG                1.000      0.000    999.000    999.000

 Residual Variances
    MVS1               0.539      0.117      4.621      0.000
    MVS2               0.607      0.092      6.609      0.000
    MVS3               0.636      0.051     12.404      0.000
    MVS7               0.761      0.051     14.859      0.000
    MVS8               0.609      0.051     11.904      0.000
    MVS9               0.517      0.061      8.513      0.000
    MVS13              0.467      0.040     11.810      0.000
    MVS14              0.351      0.039      9.085      0.000
    MVS15              0.912      0.058     15.619      0.000
    MVS4O              0.648      0.046     14.100      0.000
    MVS5O              0.733      0.048     15.175      0.000
    MVS6O              0.571      0.043     13.277      0.000
    MVS10O             0.576      0.047     12.348      0.000
    MVS11O             0.799      0.050     15.850      0.000
    MVS12O             0.534      0.042     12.592      0.000
    MVS16O             0.742      0.047     15.965      0.000
    MVS17O             0.648      0.045     14.415      0.000
    MVS18O             0.535      0.040     13.410      0.000


STANDARDIZED MODEL RESULTS


STDYX Standardization

                                                    Two-Tailed
                    Estimate       S.E.  Est./S.E.    P-Value

 SUC      BY
    MVS1               0.627      0.043     14.520      0.000
    MVS2               0.520      0.051     10.271      0.000
    MVS3               0.682      0.031     21.903      0.000
    MVS4O             -0.465      0.039    -11.950      0.000
    MVS5O             -0.318      0.044     -7.267      0.000
    MVS6O             -0.482      0.039    -12.496      0.000

 CEN      BY
    MVS7               0.446      0.043     10.364      0.000
    MVS8               0.584      0.041     14.403      0.000
    MVS9               0.701      0.039     17.888      0.000
    MVS10O            -0.407      0.042     -9.656      0.000
    MVS11O            -0.079      0.049     -1.587      0.112
    MVS12O            -0.473      0.041    -11.614      0.000

 HAP      BY
    MVS13              0.740      0.027     27.245      0.000
    MVS14              0.833      0.022     37.699      0.000
    MVS15              0.494      0.037     13.381      0.000
    MVS16O            -0.336      0.042     -8.022      0.000
    MVS17O            -0.579      0.032    -17.928      0.000
    MVS18O            -0.517      0.035    -14.723      0.000

 POS      BY
    MVS1              -0.329      0.138     -2.386      0.017
    MVS2               0.402      0.108      3.714      0.000
    MVS3               0.027      0.075      0.354      0.723
    MVS7               0.109      0.069      1.579      0.114
    MVS8               0.194      0.085      2.270      0.023
    MVS9              -0.107      0.078     -1.364      0.172
    MVS13              0.146      0.067      2.190      0.029
    MVS14              0.044      0.083      0.528      0.597
    MVS15              0.037      0.089      0.412      0.680

 NEG      BY
    MVS4O              0.351      0.049      7.161      0.000
    MVS5O              0.309      0.053      5.858      0.000
    MVS6O              0.399      0.048      8.297      0.000
    MVS10O             0.469      0.049      9.581      0.000
    MVS11O             0.244      0.056      4.327      0.000
    MVS12O             0.431      0.048      8.933      0.000
    MVS16O             0.177      0.055      3.244      0.001
    MVS17O             0.237      0.047      5.014      0.000
    MVS18O             0.361      0.048      7.540      0.000

 SUC      WITH
    CEN                0.759      0.038     20.120      0.000
    HAP                0.710      0.035     20.200      0.000
    POS                0.000      0.000    999.000    999.000
    NEG                0.000      0.000    999.000    999.000

 CEN      WITH
    HAP                0.613      0.042     14.683      0.000
    POS                0.000      0.000    999.000    999.000
    NEG                0.000      0.000    999.000    999.000

 POS      WITH
    NEG                0.000      0.000    999.000    999.000
    HAP                0.000      0.000    999.000    999.000

 NEG      WITH
    HAP                0.000      0.000    999.000    999.000

 Intercepts
    MVS1               3.230      0.106     30.499      0.000
    MVS2               2.285      0.081     28.300      0.000
    MVS3               2.828      0.095     29.772      0.000
    MVS7               2.653      0.090     29.396      0.000
    MVS8               3.517      0.114     30.937      0.000
    MVS9               3.238      0.106     30.477      0.000
    MVS13              3.043      0.101     30.220      0.000
    MVS14              3.192      0.105     30.438      0.000
    MVS15              3.046      0.101     30.195      0.000
    MVS4O              3.110      0.102     30.347      0.000
    MVS5O              3.441      0.112     30.799      0.000
    MVS6O              2.870      0.096     29.925      0.000
    MVS10O             3.059      0.101     30.321      0.000
    MVS11O             2.627      0.090     29.314      0.000
    MVS12O             3.310      0.108     30.734      0.000
    MVS16O             3.924      0.126     31.244      0.000
    MVS17O             2.688      0.091     29.399      0.000
    MVS18O             3.469      0.113     30.764      0.000

 Variances
    SUC                1.000      0.000    999.000    999.000
    CEN                1.000      0.000    999.000    999.000
    HAP                1.000      0.000    999.000    999.000
    POS                1.000      0.000    999.000    999.000
    NEG                1.000      0.000    999.000    999.000

 Residual Variances
    MVS1               0.498      0.108      4.603      0.000
    MVS2               0.567      0.086      6.626      0.000
    MVS3               0.534      0.042     12.643      0.000
    MVS7               0.790      0.039     20.313      0.000
    MVS8               0.621      0.049     12.767      0.000
    MVS9               0.498      0.059      8.467      0.000
    MVS13              0.432      0.038     11.426      0.000
    MVS14              0.304      0.035      8.597      0.000
    MVS15              0.755      0.036     21.049      0.000
    MVS4O              0.661      0.041     15.982      0.000
    MVS5O              0.803      0.037     21.467      0.000
    MVS6O              0.609      0.043     14.274      0.000
    MVS10O             0.614      0.047     13.173      0.000
    MVS11O             0.935      0.027     34.486      0.000
    MVS12O             0.591      0.045     13.241      0.000
    MVS16O             0.856      0.032     26.670      0.000
    MVS17O             0.608      0.039     15.562      0.000
    MVS18O             0.602      0.043     14.166      0.000


STDY Standardization

                                                    Two-Tailed
                    Estimate       S.E.  Est./S.E.    P-Value

 SUC      BY
    MVS1               0.627      0.043     14.520      0.000
    MVS2               0.520      0.051     10.271      0.000
    MVS3               0.682      0.031     21.903      0.000
    MVS4O             -0.465      0.039    -11.950      0.000
    MVS5O             -0.318      0.044     -7.267      0.000
    MVS6O             -0.482      0.039    -12.496      0.000

 CEN      BY
    MVS7               0.446      0.043     10.364      0.000
    MVS8               0.584      0.041     14.403      0.000
    MVS9               0.701      0.039     17.888      0.000
    MVS10O            -0.407      0.042     -9.656      0.000
    MVS11O            -0.079      0.049     -1.587      0.112
    MVS12O            -0.473      0.041    -11.614      0.000

 HAP      BY
    MVS13              0.740      0.027     27.245      0.000
    MVS14              0.833      0.022     37.699      0.000
    MVS15              0.494      0.037     13.381      0.000
    MVS16O            -0.336      0.042     -8.022      0.000
    MVS17O            -0.579      0.032    -17.928      0.000
    MVS18O            -0.517      0.035    -14.723      0.000

 POS      BY
    MVS1              -0.329      0.138     -2.386      0.017
    MVS2               0.402      0.108      3.714      0.000
    MVS3               0.027      0.075      0.354      0.723
    MVS7               0.109      0.069      1.579      0.114
    MVS8               0.194      0.085      2.270      0.023
    MVS9              -0.107      0.078     -1.364      0.172
    MVS13              0.146      0.067      2.190      0.029
    MVS14              0.044      0.083      0.528      0.597
    MVS15              0.037      0.089      0.412      0.680

 NEG      BY
    MVS4O              0.351      0.049      7.161      0.000
    MVS5O              0.309      0.053      5.858      0.000
    MVS6O              0.399      0.048      8.297      0.000
    MVS10O             0.469      0.049      9.581      0.000
    MVS11O             0.244      0.056      4.327      0.000
    MVS12O             0.431      0.048      8.933      0.000
    MVS16O             0.177      0.055      3.244      0.001
    MVS17O             0.237      0.047      5.014      0.000
    MVS18O             0.361      0.048      7.540      0.000

 SUC      WITH
    CEN                0.759      0.038     20.120      0.000
    HAP                0.710      0.035     20.200      0.000
    POS                0.000      0.000    999.000    999.000
    NEG                0.000      0.000    999.000    999.000

 CEN      WITH
    HAP                0.613      0.042     14.683      0.000
    POS                0.000      0.000    999.000    999.000
    NEG                0.000      0.000    999.000    999.000

 POS      WITH
    NEG                0.000      0.000    999.000    999.000
    HAP                0.000      0.000    999.000    999.000

 NEG      WITH
    HAP                0.000      0.000    999.000    999.000

 Intercepts
    MVS1               3.230      0.106     30.499      0.000
    MVS2               2.285      0.081     28.300      0.000
    MVS3               2.828      0.095     29.772      0.000
    MVS7               2.653      0.090     29.396      0.000
    MVS8               3.517      0.114     30.937      0.000
    MVS9               3.238      0.106     30.477      0.000
    MVS13              3.043      0.101     30.220      0.000
    MVS14              3.192      0.105     30.438      0.000
    MVS15              3.046      0.101     30.195      0.000
    MVS4O              3.110      0.102     30.347      0.000
    MVS5O              3.441      0.112     30.799      0.000
    MVS6O              2.870      0.096     29.925      0.000
    MVS10O             3.059      0.101     30.321      0.000
    MVS11O             2.627      0.090     29.314      0.000
    MVS12O             3.310      0.108     30.734      0.000
    MVS16O             3.924      0.126     31.244      0.000
    MVS17O             2.688      0.091     29.399      0.000
    MVS18O             3.469      0.113     30.764      0.000

 Variances
    SUC                1.000      0.000    999.000    999.000
    CEN                1.000      0.000    999.000    999.000
    HAP                1.000      0.000    999.000    999.000
    POS                1.000      0.000    999.000    999.000
    NEG                1.000      0.000    999.000    999.000

 Residual Variances
    MVS1               0.498      0.108      4.603      0.000
    MVS2               0.567      0.086      6.626      0.000
    MVS3               0.534      0.042     12.643      0.000
    MVS7               0.790      0.039     20.313      0.000
    MVS8               0.621      0.049     12.767      0.000
    MVS9               0.498      0.059      8.467      0.000
    MVS13              0.432      0.038     11.426      0.000
    MVS14              0.304      0.035      8.597      0.000
    MVS15              0.755      0.036     21.049      0.000
    MVS4O              0.661      0.041     15.982      0.000
    MVS5O              0.803      0.037     21.467      0.000
    MVS6O              0.609      0.043     14.274      0.000
    MVS10O             0.614      0.047     13.173      0.000
    MVS11O             0.935      0.027     34.486      0.000
    MVS12O             0.591      0.045     13.241      0.000
    MVS16O             0.856      0.032     26.670      0.000
    MVS17O             0.608      0.039     15.562      0.000
    MVS18O             0.602      0.043     14.166      0.000


STD Standardization

                                                    Two-Tailed
                    Estimate       S.E.  Est./S.E.    P-Value

 SUC      BY
    MVS1               0.653      0.054     12.164      0.000
    MVS2               0.538      0.058      9.246      0.000
    MVS3               0.744      0.047     15.906      0.000
    MVS4O             -0.461      0.044    -10.400      0.000
    MVS5O             -0.304      0.044     -6.836      0.000
    MVS6O             -0.467      0.043    -10.778      0.000

 CEN      BY
    MVS7               0.438      0.047      9.267      0.000
    MVS8               0.578      0.048     12.042      0.000
    MVS9               0.714      0.050     14.206      0.000
    MVS10O            -0.394      0.045     -8.771      0.000
    MVS11O            -0.073      0.046     -1.582      0.114
    MVS12O            -0.449      0.044    -10.194      0.000

 HAP      BY
    MVS13              0.769      0.043     18.074      0.000
    MVS14              0.895      0.042     21.504      0.000
    MVS15              0.543      0.048     11.281      0.000
    MVS16O            -0.313      0.042     -7.441      0.000
    MVS17O            -0.598      0.043    -13.892      0.000
    MVS18O            -0.488      0.040    -12.144      0.000

 POS      BY
    MVS1              -0.342      0.144     -2.376      0.017
    MVS2               0.416      0.113      3.670      0.000
    MVS3               0.029      0.082      0.354      0.723
    MVS7               0.107      0.068      1.576      0.115
    MVS8               0.192      0.085      2.262      0.024
    MVS9              -0.109      0.080     -1.362      0.173
    MVS13              0.152      0.070      2.186      0.029
    MVS14              0.047      0.089      0.528      0.597
    MVS15              0.040      0.097      0.412      0.680

 NEG      BY
    MVS4O              0.348      0.051      6.842      0.000
    MVS5O              0.296      0.052      5.643      0.000
    MVS6O              0.386      0.049      7.853      0.000
    MVS10O             0.454      0.051      8.875      0.000
    MVS11O             0.225      0.053      4.226      0.000
    MVS12O             0.409      0.049      8.389      0.000
    MVS16O             0.165      0.052      3.200      0.001
    MVS17O             0.245      0.050      4.897      0.000
    MVS18O             0.340      0.047      7.174      0.000

 SUC      WITH
    CEN                0.759      0.038     20.120      0.000
    HAP                0.710      0.035     20.200      0.000
    POS                0.000      0.000    999.000    999.000
    NEG                0.000      0.000    999.000    999.000

 CEN      WITH
    HAP                0.613      0.042     14.683      0.000
    POS                0.000      0.000    999.000    999.000
    NEG                0.000      0.000    999.000    999.000

 POS      WITH
    NEG                0.000      0.000    999.000    999.000
    HAP                0.000      0.000    999.000    999.000

 NEG      WITH
    HAP                0.000      0.000    999.000    999.000

 Intercepts
    MVS1               3.359      0.044     76.019      0.000
    MVS2               2.363      0.044     53.787      0.000
    MVS3               3.087      0.046     66.569      0.000
    MVS7               2.605      0.042     62.453      0.000
    MVS8               3.482      0.042     82.785      0.000
    MVS9               3.300      0.043     76.219      0.000
    MVS13              3.166      0.044     71.626      0.000
    MVS14              3.430      0.046     75.140      0.000
    MVS15              3.348      0.047     71.688      0.000
    MVS4O              3.081      0.042     73.199      0.000
    MVS5O              3.287      0.041     80.982      0.000
    MVS6O              2.780      0.041     67.555      0.000
    MVS10O             2.962      0.041     71.994      0.000
    MVS11O             2.430      0.039     61.844      0.000
    MVS12O             3.146      0.040     77.911      0.000
    MVS16O             3.655      0.040     92.357      0.000
    MVS17O             2.776      0.044     63.279      0.000
    MVS18O             3.269      0.040     81.645      0.000

 Variances
    SUC                1.000      0.000    999.000    999.000
    CEN                1.000      0.000    999.000    999.000
    HAP                1.000      0.000    999.000    999.000
    POS                1.000      0.000    999.000    999.000
    NEG                1.000      0.000    999.000    999.000

 Residual Variances
    MVS1               0.539      0.117      4.621      0.000
    MVS2               0.607      0.092      6.609      0.000
    MVS3               0.636      0.051     12.404      0.000
    MVS7               0.761      0.051     14.859      0.000
    MVS8               0.609      0.051     11.904      0.000
    MVS9               0.517      0.061      8.513      0.000
    MVS13              0.467      0.040     11.810      0.000
    MVS14              0.351      0.039      9.085      0.000
    MVS15              0.912      0.058     15.619      0.000
    MVS4O              0.648      0.046     14.100      0.000
    MVS5O              0.733      0.048     15.175      0.000
    MVS6O              0.571      0.043     13.277      0.000
    MVS10O             0.576      0.047     12.348      0.000
    MVS11O             0.799      0.050     15.850      0.000
    MVS12O             0.534      0.042     12.592      0.000
    MVS16O             0.742      0.047     15.965      0.000
    MVS17O             0.648      0.045     14.415      0.000
    MVS18O             0.535      0.040     13.410      0.000


R-SQUARE

    Observed                                        Two-Tailed
    Variable        Estimate       S.E.  Est./S.E.    P-Value

    MVS1               0.502      0.108      4.641      0.000
    MVS2               0.433      0.086      5.050      0.000
    MVS3               0.466      0.042     11.030      0.000
    MVS7               0.210      0.039      5.415      0.000
    MVS8               0.379      0.049      7.788      0.000
    MVS9               0.502      0.059      8.547      0.000
    MVS13              0.568      0.038     15.051      0.000
    MVS14              0.696      0.035     19.659      0.000
    MVS15              0.245      0.036      6.835      0.000
    MVS4O              0.339      0.041      8.213      0.000
    MVS5O              0.197      0.037      5.267      0.000
    MVS6O              0.391      0.043      9.183      0.000
    MVS10O             0.386      0.047      8.265      0.000
    MVS11O             0.065      0.027      2.417      0.016
    MVS12O             0.409      0.045      9.162      0.000
    MVS16O             0.144      0.032      4.500      0.000
    MVS17O             0.392      0.039     10.035      0.000
    MVS18O             0.398      0.043      9.360      0.000


QUALITY OF NUMERICAL RESULTS

     Condition Number for the Information Matrix              0.263E-03
       (ratio of smallest to largest eigenvalue)


CONFIDENCE INTERVALS OF MODEL RESULTS

                  Lower .5%  Lower 2.5%    Lower 5%    Estimate    Upper 5%  Upper 2.5%   Upper .5%

 SUC      BY
    MVS1             0.514       0.547       0.564       0.653       0.741       0.758       0.791
    MVS2             0.388       0.424       0.442       0.538       0.634       0.652       0.688
    MVS3             0.624       0.653       0.667       0.744       0.821       0.836       0.865
    MVS4O           -0.575      -0.548      -0.534      -0.461      -0.388      -0.374      -0.347
    MVS5O           -0.419      -0.391      -0.377      -0.304      -0.231      -0.217      -0.189
    MVS6O           -0.579      -0.552      -0.538      -0.467      -0.396      -0.382      -0.355

 CEN      BY
    MVS7             0.316       0.345       0.360       0.438       0.515       0.530       0.559
    MVS8             0.455       0.484       0.499       0.578       0.657       0.672       0.702
    MVS9             0.585       0.615       0.631       0.714       0.797       0.812       0.843
    MVS10O          -0.510      -0.483      -0.468      -0.394      -0.320      -0.306      -0.279
    MVS11O          -0.191      -0.163      -0.148      -0.073       0.003       0.017       0.046
    MVS12O          -0.563      -0.536      -0.522      -0.449      -0.377      -0.363      -0.336

 HAP      BY
    MVS13            0.660       0.686       0.699       0.769       0.840       0.853       0.879
    MVS14            0.788       0.813       0.826       0.895       0.963       0.976       1.002
    MVS15            0.419       0.448       0.464       0.543       0.622       0.637       0.667
    MVS16O          -0.421      -0.395      -0.382      -0.313      -0.244      -0.231      -0.205
    MVS17O          -0.709      -0.683      -0.669      -0.598      -0.527      -0.514      -0.487
    MVS18O          -0.591      -0.566      -0.554      -0.488      -0.422      -0.409      -0.384

 POS      BY
    MVS1            -0.713      -0.625      -0.579      -0.342      -0.105      -0.060       0.029
    MVS2             0.124       0.194       0.229       0.416       0.602       0.638       0.708
    MVS3            -0.183      -0.132      -0.106       0.029       0.165       0.190       0.241
    MVS7            -0.068      -0.026      -0.005       0.107       0.218       0.239       0.281
    MVS8            -0.027       0.026       0.052       0.192       0.332       0.358       0.411
    MVS9            -0.314      -0.265      -0.240      -0.109       0.023       0.048       0.097
    MVS13           -0.027       0.016       0.038       0.152       0.267       0.289       0.332
    MVS14           -0.182      -0.127      -0.099       0.047       0.193       0.221       0.276
    MVS15           -0.211      -0.151      -0.120       0.040       0.200       0.231       0.291

 NEG      BY
    MVS4O            0.217       0.248       0.264       0.348       0.431       0.447       0.479
    MVS5O            0.161       0.193       0.209       0.296       0.382       0.398       0.431
    MVS6O            0.260       0.290       0.305       0.386       0.467       0.483       0.513
    MVS10O           0.322       0.354       0.370       0.454       0.538       0.554       0.586
    MVS11O           0.088       0.121       0.138       0.225       0.313       0.330       0.362
    MVS12O           0.284       0.314       0.329       0.409       0.490       0.505       0.535
    MVS16O           0.032       0.064       0.080       0.165       0.250       0.267       0.298
    MVS17O           0.116       0.147       0.163       0.245       0.327       0.343       0.374
    MVS18O           0.218       0.247       0.262       0.340       0.418       0.433       0.462

 SUC      WITH
    CEN              0.661       0.685       0.696       0.759       0.821       0.832       0.856
    HAP              0.619       0.641       0.652       0.710       0.768       0.779       0.801
    POS              0.000       0.000       0.000       0.000       0.000       0.000       0.000
    NEG              0.000       0.000       0.000       0.000       0.000       0.000       0.000

 CEN      WITH
    HAP              0.505       0.531       0.544       0.613       0.681       0.695       0.720
    POS              0.000       0.000       0.000       0.000       0.000       0.000       0.000
    NEG              0.000       0.000       0.000       0.000       0.000       0.000       0.000

 POS      WITH
    NEG              0.000       0.000       0.000       0.000       0.000       0.000       0.000
    HAP              0.000       0.000       0.000       0.000       0.000       0.000       0.000

 NEG      WITH
    HAP              0.000       0.000       0.000       0.000       0.000       0.000       0.000

 Intercepts
    MVS1             3.245       3.273       3.287       3.359       3.432       3.446       3.473
    MVS2             2.250       2.277       2.291       2.363       2.435       2.449       2.476
    MVS3             2.967       2.996       3.010       3.087       3.163       3.178       3.206
    MVS7             2.497       2.523       2.536       2.605       2.673       2.686       2.712
    MVS8             3.374       3.400       3.413       3.482       3.551       3.564       3.590
    MVS9             3.188       3.215       3.228       3.300       3.371       3.384       3.411
    MVS13            3.052       3.079       3.093       3.166       3.239       3.253       3.280
    MVS14            3.312       3.340       3.355       3.430       3.505       3.519       3.547
    MVS15            3.228       3.257       3.272       3.348       3.425       3.440       3.469
    MVS4O            2.973       2.999       3.012       3.081       3.150       3.164       3.190
    MVS5O            3.182       3.207       3.220       3.287       3.354       3.367       3.392
    MVS6O            2.674       2.699       2.712       2.780       2.847       2.860       2.886
    MVS10O           2.856       2.881       2.894       2.962       3.030       3.043       3.068
    MVS11O           2.328       2.353       2.365       2.430       2.494       2.507       2.531
    MVS12O           3.042       3.067       3.080       3.146       3.213       3.225       3.250
    MVS16O           3.553       3.578       3.590       3.655       3.720       3.733       3.757
    MVS17O           2.663       2.690       2.704       2.776       2.848       2.862       2.889
    MVS18O           3.166       3.190       3.203       3.269       3.335       3.347       3.372

 Variances
    SUC              1.000       1.000       1.000       1.000       1.000       1.000       1.000
    CEN              1.000       1.000       1.000       1.000       1.000       1.000       1.000
    HAP              1.000       1.000       1.000       1.000       1.000       1.000       1.000
    POS              1.000       1.000       1.000       1.000       1.000       1.000       1.000
    NEG              1.000       1.000       1.000       1.000       1.000       1.000       1.000

 Residual Variances
    MVS1             0.238       0.310       0.347       0.539       0.730       0.767       0.839
    MVS2             0.370       0.427       0.456       0.607       0.758       0.787       0.843
    MVS3             0.504       0.536       0.552       0.636       0.720       0.737       0.768
    MVS7             0.629       0.660       0.677       0.761       0.845       0.861       0.893
    MVS8             0.477       0.509       0.525       0.609       0.693       0.709       0.740
    MVS9             0.360       0.398       0.417       0.517       0.617       0.636       0.673
    MVS13            0.365       0.390       0.402       0.467       0.532       0.545       0.569
    MVS14            0.252       0.275       0.288       0.351       0.415       0.427       0.451
    MVS15            0.762       0.798       0.816       0.912       1.008       1.027       1.063
    MVS4O            0.530       0.558       0.573       0.648       0.724       0.739       0.767
    MVS5O            0.608       0.638       0.653       0.733       0.812       0.828       0.857
    MVS6O            0.460       0.487       0.500       0.571       0.642       0.655       0.682
    MVS10O           0.456       0.485       0.499       0.576       0.653       0.668       0.696
    MVS11O           0.669       0.700       0.716       0.799       0.882       0.898       0.929
    MVS12O           0.425       0.451       0.464       0.534       0.604       0.617       0.643
    MVS16O           0.623       0.651       0.666       0.742       0.819       0.834       0.862
    MVS17O           0.532       0.560       0.574       0.648       0.722       0.736       0.764
    MVS18O           0.432       0.457       0.469       0.535       0.600       0.613       0.637


CONFIDENCE INTERVALS OF STANDARDIZED MODEL RESULTS


STDYX Standardization

                  Lower .5%  Lower 2.5%    Lower 5%    Estimate    Upper 5%  Upper 2.5%   Upper .5%

 SUC      BY
    MVS1             0.516       0.543       0.556       0.627       0.699       0.712       0.739
    MVS2             0.390       0.421       0.437       0.520       0.604       0.620       0.651
    MVS3             0.602       0.621       0.631       0.682       0.733       0.743       0.762
    MVS4O           -0.565      -0.541      -0.529      -0.465      -0.401      -0.389      -0.365
    MVS5O           -0.431      -0.404      -0.390      -0.318      -0.246      -0.232      -0.205
    MVS6O           -0.581      -0.558      -0.546      -0.482      -0.419      -0.406      -0.383

 CEN      BY
    MVS7             0.335       0.361       0.375       0.446       0.516       0.530       0.557
    MVS8             0.480       0.505       0.517       0.584       0.651       0.664       0.689
    MVS9             0.600       0.624       0.636       0.701       0.765       0.777       0.802
    MVS10O          -0.516      -0.490      -0.477      -0.407      -0.338      -0.325      -0.299
    MVS11O          -0.206      -0.176      -0.160      -0.079       0.003       0.018       0.049
    MVS12O          -0.578      -0.553      -0.540      -0.473      -0.406      -0.393      -0.368

 HAP      BY
    MVS13            0.670       0.686       0.695       0.740       0.784       0.793       0.810
    MVS14            0.776       0.790       0.797       0.833       0.869       0.876       0.890
    MVS15            0.399       0.421       0.433       0.494       0.554       0.566       0.589
    MVS16O          -0.444      -0.418      -0.405      -0.336      -0.267      -0.254      -0.228
    MVS17O          -0.663      -0.643      -0.633      -0.579      -0.526      -0.516      -0.496
    MVS18O          -0.608      -0.586      -0.575      -0.517      -0.460      -0.448      -0.427

 POS      BY
    MVS1            -0.685      -0.600      -0.556      -0.329      -0.102      -0.059       0.026
    MVS2             0.123       0.190       0.224       0.402       0.580       0.614       0.681
    MVS3            -0.167      -0.121      -0.097       0.027       0.151       0.174       0.221
    MVS7            -0.068      -0.026      -0.005       0.109       0.222       0.243       0.286
    MVS8            -0.026       0.026       0.053       0.194       0.334       0.361       0.414
    MVS9            -0.308      -0.260      -0.235      -0.107       0.022       0.047       0.095
    MVS13           -0.026       0.015       0.036       0.146       0.256       0.277       0.319
    MVS14           -0.170      -0.119      -0.093       0.044       0.180       0.206       0.257
    MVS15           -0.192      -0.137      -0.109       0.037       0.182       0.210       0.265

 NEG      BY
    MVS4O            0.225       0.255       0.270       0.351       0.432       0.447       0.477
    MVS5O            0.173       0.206       0.223       0.309       0.396       0.413       0.446
    MVS6O            0.275       0.305       0.320       0.399       0.478       0.493       0.523
    MVS10O           0.343       0.373       0.388       0.469       0.549       0.565       0.595
    MVS11O           0.099       0.133       0.151       0.244       0.336       0.354       0.389
    MVS12O           0.306       0.336       0.351       0.431       0.510       0.525       0.555
    MVS16O           0.037       0.070       0.087       0.177       0.267       0.285       0.318
    MVS17O           0.115       0.145       0.159       0.237       0.315       0.330       0.359
    MVS18O           0.238       0.267       0.282       0.361       0.440       0.455       0.484

 SUC      WITH
    CEN              0.661       0.685       0.696       0.759       0.821       0.832       0.856
    HAP              0.619       0.641       0.652       0.710       0.768       0.779       0.801
    POS              0.000       0.000       0.000       0.000       0.000       0.000       0.000
    NEG              0.000       0.000       0.000       0.000       0.000       0.000       0.000

 CEN      WITH
    HAP              0.505       0.531       0.544       0.613       0.681       0.695       0.720
    POS              0.000       0.000       0.000       0.000       0.000       0.000       0.000
    NEG              0.000       0.000       0.000       0.000       0.000       0.000       0.000

 POS      WITH
    NEG              0.000       0.000       0.000       0.000       0.000       0.000       0.000
    HAP              0.000       0.000       0.000       0.000       0.000       0.000       0.000

 NEG      WITH
    HAP              0.000       0.000       0.000       0.000       0.000       0.000       0.000

 Intercepts
    MVS1             2.957       3.022       3.056       3.230       3.404       3.437       3.502
    MVS2             2.077       2.127       2.152       2.285       2.418       2.443       2.493
    MVS3             2.584       2.642       2.672       2.828       2.985       3.014       3.073
    MVS7             2.421       2.476       2.505       2.653       2.802       2.830       2.886
    MVS8             3.224       3.294       3.330       3.517       3.704       3.740       3.810
    MVS9             2.965       3.030       3.063       3.238       3.413       3.446       3.512
    MVS13            2.784       2.846       2.877       3.043       3.209       3.240       3.302
    MVS14            2.922       2.987       3.020       3.192       3.365       3.398       3.463
    MVS15            2.786       2.848       2.880       3.046       3.212       3.243       3.306
    MVS4O            2.846       2.909       2.941       3.110       3.278       3.311       3.374
    MVS5O            3.153       3.222       3.257       3.441       3.624       3.660       3.728
    MVS6O            2.623       2.682       2.712       2.870       3.028       3.058       3.117
    MVS10O           2.799       2.861       2.893       3.059       3.225       3.256       3.319
    MVS11O           2.397       2.452       2.480       2.627       2.775       2.803       2.858
    MVS12O           3.033       3.099       3.133       3.310       3.487       3.521       3.588
    MVS16O           3.600       3.678       3.717       3.924       4.130       4.170       4.247
    MVS17O           2.453       2.509       2.538       2.688       2.839       2.868       2.924
    MVS18O           3.178       3.248       3.283       3.469       3.654       3.690       3.759

 Variances
    SUC              1.000       1.000       1.000       1.000       1.000       1.000       1.000
    CEN              1.000       1.000       1.000       1.000       1.000       1.000       1.000
    HAP              1.000       1.000       1.000       1.000       1.000       1.000       1.000
    POS              1.000       1.000       1.000       1.000       1.000       1.000       1.000
    NEG              1.000       1.000       1.000       1.000       1.000       1.000       1.000

 Residual Variances
    MVS1             0.219       0.286       0.320       0.498       0.676       0.710       0.777
    MVS2             0.347       0.400       0.427       0.567       0.708       0.735       0.788
    MVS3             0.425       0.451       0.465       0.534       0.604       0.617       0.643
    MVS7             0.689       0.713       0.726       0.790       0.853       0.866       0.890
    MVS8             0.496       0.526       0.541       0.621       0.701       0.716       0.746
    MVS9             0.346       0.382       0.401       0.498       0.594       0.613       0.649
    MVS13            0.334       0.358       0.369       0.432       0.494       0.506       0.529
    MVS14            0.213       0.235       0.246       0.304       0.362       0.374       0.395
    MVS15            0.663       0.685       0.696       0.755       0.814       0.825       0.847
    MVS4O            0.554       0.580       0.593       0.661       0.729       0.742       0.767
    MVS5O            0.707       0.730       0.741       0.803       0.865       0.876       0.899
    MVS6O            0.499       0.525       0.538       0.609       0.679       0.692       0.718
    MVS10O           0.494       0.523       0.538       0.614       0.691       0.706       0.735
    MVS11O           0.865       0.881       0.890       0.935       0.979       0.988       1.004
    MVS12O           0.476       0.504       0.518       0.591       0.664       0.679       0.706
    MVS16O           0.773       0.793       0.803       0.856       0.908       0.919       0.938
    MVS17O           0.507       0.531       0.544       0.608       0.672       0.685       0.709
    MVS18O           0.493       0.519       0.532       0.602       0.672       0.685       0.712


STDY Standardization

                  Lower .5%  Lower 2.5%    Lower 5%    Estimate    Upper 5%  Upper 2.5%   Upper .5%

 SUC      BY
    MVS1             0.516       0.543       0.556       0.627       0.699       0.712       0.739
    MVS2             0.390       0.421       0.437       0.520       0.604       0.620       0.651
    MVS3             0.602       0.621       0.631       0.682       0.733       0.743       0.762
    MVS4O           -0.565      -0.541      -0.529      -0.465      -0.401      -0.389      -0.365
    MVS5O           -0.431      -0.404      -0.390      -0.318      -0.246      -0.232      -0.205
    MVS6O           -0.581      -0.558      -0.546      -0.482      -0.419      -0.406      -0.383

 CEN      BY
    MVS7             0.335       0.361       0.375       0.446       0.516       0.530       0.557
    MVS8             0.480       0.505       0.517       0.584       0.651       0.664       0.689
    MVS9             0.600       0.624       0.636       0.701       0.765       0.777       0.802
    MVS10O          -0.516      -0.490      -0.477      -0.407      -0.338      -0.325      -0.299
    MVS11O          -0.206      -0.176      -0.160      -0.079       0.003       0.018       0.049
    MVS12O          -0.578      -0.553      -0.540      -0.473      -0.406      -0.393      -0.368

 HAP      BY
    MVS13            0.670       0.686       0.695       0.740       0.784       0.793       0.810
    MVS14            0.776       0.790       0.797       0.833       0.869       0.876       0.890
    MVS15            0.399       0.421       0.433       0.494       0.554       0.566       0.589
    MVS16O          -0.444      -0.418      -0.405      -0.336      -0.267      -0.254      -0.228
    MVS17O          -0.663      -0.643      -0.633      -0.579      -0.526      -0.516      -0.496
    MVS18O          -0.608      -0.586      -0.575      -0.517      -0.460      -0.448      -0.427

 POS      BY
    MVS1            -0.685      -0.600      -0.556      -0.329      -0.102      -0.059       0.026
    MVS2             0.123       0.190       0.224       0.402       0.580       0.614       0.681
    MVS3            -0.167      -0.121      -0.097       0.027       0.151       0.174       0.221
    MVS7            -0.068      -0.026      -0.005       0.109       0.222       0.243       0.286
    MVS8            -0.026       0.026       0.053       0.194       0.334       0.361       0.414
    MVS9            -0.308      -0.260      -0.235      -0.107       0.022       0.047       0.095
    MVS13           -0.026       0.015       0.036       0.146       0.256       0.277       0.319
    MVS14           -0.170      -0.119      -0.093       0.044       0.180       0.206       0.257
    MVS15           -0.192      -0.137      -0.109       0.037       0.182       0.210       0.265

 NEG      BY
    MVS4O            0.225       0.255       0.270       0.351       0.432       0.447       0.477
    MVS5O            0.173       0.206       0.223       0.309       0.396       0.413       0.446
    MVS6O            0.275       0.305       0.320       0.399       0.478       0.493       0.523
    MVS10O           0.343       0.373       0.388       0.469       0.549       0.565       0.595
    MVS11O           0.099       0.133       0.151       0.244       0.336       0.354       0.389
    MVS12O           0.306       0.336       0.351       0.431       0.510       0.525       0.555
    MVS16O           0.037       0.070       0.087       0.177       0.267       0.285       0.318
    MVS17O           0.115       0.145       0.159       0.237       0.315       0.330       0.359
    MVS18O           0.238       0.267       0.282       0.361       0.440       0.455       0.484

 SUC      WITH
    CEN              0.661       0.685       0.696       0.759       0.821       0.832       0.856
    HAP              0.619       0.641       0.652       0.710       0.768       0.779       0.801
    POS              0.000       0.000       0.000       0.000       0.000       0.000       0.000
    NEG              0.000       0.000       0.000       0.000       0.000       0.000       0.000

 CEN      WITH
    HAP              0.505       0.531       0.544       0.613       0.681       0.695       0.720
    POS              0.000       0.000       0.000       0.000       0.000       0.000       0.000
    NEG              0.000       0.000       0.000       0.000       0.000       0.000       0.000

 POS      WITH
    NEG              0.000       0.000       0.000       0.000       0.000       0.000       0.000
    HAP              0.000       0.000       0.000       0.000       0.000       0.000       0.000

 NEG      WITH
    HAP              0.000       0.000       0.000       0.000       0.000       0.000       0.000

 Intercepts
    MVS1             2.957       3.022       3.056       3.230       3.404       3.437       3.502
    MVS2             2.077       2.127       2.152       2.285       2.418       2.443       2.493
    MVS3             2.584       2.642       2.672       2.828       2.985       3.014       3.073
    MVS7             2.421       2.476       2.505       2.653       2.802       2.830       2.886
    MVS8             3.224       3.294       3.330       3.517       3.704       3.740       3.810
    MVS9             2.965       3.030       3.063       3.238       3.413       3.446       3.512
    MVS13            2.784       2.846       2.877       3.043       3.209       3.240       3.302
    MVS14            2.922       2.987       3.020       3.192       3.365       3.398       3.463
    MVS15            2.786       2.848       2.880       3.046       3.212       3.243       3.306
    MVS4O            2.846       2.909       2.941       3.110       3.278       3.311       3.374
    MVS5O            3.153       3.222       3.257       3.441       3.624       3.660       3.728
    MVS6O            2.623       2.682       2.712       2.870       3.028       3.058       3.117
    MVS10O           2.799       2.861       2.893       3.059       3.225       3.256       3.319
    MVS11O           2.397       2.452       2.480       2.627       2.775       2.803       2.858
    MVS12O           3.033       3.099       3.133       3.310       3.487       3.521       3.588
    MVS16O           3.600       3.678       3.717       3.924       4.130       4.170       4.247
    MVS17O           2.453       2.509       2.538       2.688       2.839       2.868       2.924
    MVS18O           3.178       3.248       3.283       3.469       3.654       3.690       3.759

 Variances
    SUC              1.000       1.000       1.000       1.000       1.000       1.000       1.000
    CEN              1.000       1.000       1.000       1.000       1.000       1.000       1.000
    HAP              1.000       1.000       1.000       1.000       1.000       1.000       1.000
    POS              1.000       1.000       1.000       1.000       1.000       1.000       1.000
    NEG              1.000       1.000       1.000       1.000       1.000       1.000       1.000

 Residual Variances
    MVS1             0.219       0.286       0.320       0.498       0.676       0.710       0.777
    MVS2             0.347       0.400       0.427       0.567       0.708       0.735       0.788
    MVS3             0.425       0.451       0.465       0.534       0.604       0.617       0.643
    MVS7             0.689       0.713       0.726       0.790       0.853       0.866       0.890
    MVS8             0.496       0.526       0.541       0.621       0.701       0.716       0.746
    MVS9             0.346       0.382       0.401       0.498       0.594       0.613       0.649
    MVS13            0.334       0.358       0.369       0.432       0.494       0.506       0.529
    MVS14            0.213       0.235       0.246       0.304       0.362       0.374       0.395
    MVS15            0.663       0.685       0.696       0.755       0.814       0.825       0.847
    MVS4O            0.554       0.580       0.593       0.661       0.729       0.742       0.767
    MVS5O            0.707       0.730       0.741       0.803       0.865       0.876       0.899
    MVS6O            0.499       0.525       0.538       0.609       0.679       0.692       0.718
    MVS10O           0.494       0.523       0.538       0.614       0.691       0.706       0.735
    MVS11O           0.865       0.881       0.890       0.935       0.979       0.988       1.004
    MVS12O           0.476       0.504       0.518       0.591       0.664       0.679       0.706
    MVS16O           0.773       0.793       0.803       0.856       0.908       0.919       0.938
    MVS17O           0.507       0.531       0.544       0.608       0.672       0.685       0.709
    MVS18O           0.493       0.519       0.532       0.602       0.672       0.685       0.712


STD Standardization

                  Lower .5%  Lower 2.5%    Lower 5%    Estimate    Upper 5%  Upper 2.5%   Upper .5%

 SUC      BY
    MVS1             0.514       0.547       0.564       0.653       0.741       0.758       0.791
    MVS2             0.388       0.424       0.442       0.538       0.634       0.652       0.688
    MVS3             0.624       0.653       0.667       0.744       0.821       0.836       0.865
    MVS4O           -0.575      -0.548      -0.534      -0.461      -0.388      -0.374      -0.347
    MVS5O           -0.419      -0.391      -0.377      -0.304      -0.231      -0.217      -0.189
    MVS6O           -0.579      -0.552      -0.538      -0.467      -0.396      -0.382      -0.355

 CEN      BY
    MVS7             0.316       0.345       0.360       0.438       0.515       0.530       0.559
    MVS8             0.455       0.484       0.499       0.578       0.657       0.672       0.702
    MVS9             0.585       0.615       0.631       0.714       0.797       0.812       0.843
    MVS10O          -0.510      -0.483      -0.468      -0.394      -0.320      -0.306      -0.279
    MVS11O          -0.191      -0.163      -0.148      -0.073       0.003       0.017       0.046
    MVS12O          -0.563      -0.536      -0.522      -0.449      -0.377      -0.363      -0.336

 HAP      BY
    MVS13            0.660       0.686       0.699       0.769       0.840       0.853       0.879
    MVS14            0.788       0.813       0.826       0.895       0.963       0.976       1.002
    MVS15            0.419       0.448       0.464       0.543       0.622       0.637       0.667
    MVS16O          -0.421      -0.395      -0.382      -0.313      -0.244      -0.231      -0.205
    MVS17O          -0.709      -0.683      -0.669      -0.598      -0.527      -0.514      -0.487
    MVS18O          -0.591      -0.566      -0.554      -0.488      -0.422      -0.409      -0.384

 POS      BY
    MVS1            -0.713      -0.625      -0.579      -0.342      -0.105      -0.060       0.029
    MVS2             0.124       0.194       0.229       0.416       0.602       0.638       0.708
    MVS3            -0.183      -0.132      -0.106       0.029       0.165       0.190       0.241
    MVS7            -0.068      -0.026      -0.005       0.107       0.218       0.239       0.281
    MVS8            -0.027       0.026       0.052       0.192       0.332       0.358       0.411
    MVS9            -0.314      -0.265      -0.240      -0.109       0.023       0.048       0.097
    MVS13           -0.027       0.016       0.038       0.152       0.267       0.289       0.332
    MVS14           -0.182      -0.127      -0.099       0.047       0.193       0.221       0.276
    MVS15           -0.211      -0.151      -0.120       0.040       0.200       0.231       0.291

 NEG      BY
    MVS4O            0.217       0.248       0.264       0.348       0.431       0.447       0.479
    MVS5O            0.161       0.193       0.209       0.296       0.382       0.398       0.431
    MVS6O            0.260       0.290       0.305       0.386       0.467       0.483       0.513
    MVS10O           0.322       0.354       0.370       0.454       0.538       0.554       0.586
    MVS11O           0.088       0.121       0.138       0.225       0.313       0.330       0.362
    MVS12O           0.284       0.314       0.329       0.409       0.490       0.505       0.535
    MVS16O           0.032       0.064       0.080       0.165       0.250       0.267       0.298
    MVS17O           0.116       0.147       0.163       0.245       0.327       0.343       0.374
    MVS18O           0.218       0.247       0.262       0.340       0.418       0.433       0.462

 SUC      WITH
    CEN              0.661       0.685       0.696       0.759       0.821       0.832       0.856
    HAP              0.619       0.641       0.652       0.710       0.768       0.779       0.801
    POS              0.000       0.000       0.000       0.000       0.000       0.000       0.000
    NEG              0.000       0.000       0.000       0.000       0.000       0.000       0.000

 CEN      WITH
    HAP              0.505       0.531       0.544       0.613       0.681       0.695       0.720
    POS              0.000       0.000       0.000       0.000       0.000       0.000       0.000
    NEG              0.000       0.000       0.000       0.000       0.000       0.000       0.000

 POS      WITH
    NEG              0.000       0.000       0.000       0.000       0.000       0.000       0.000
    HAP              0.000       0.000       0.000       0.000       0.000       0.000       0.000

 NEG      WITH
    HAP              0.000       0.000       0.000       0.000       0.000       0.000       0.000

 Intercepts
    MVS1             3.245       3.273       3.287       3.359       3.432       3.446       3.473
    MVS2             2.250       2.277       2.291       2.363       2.435       2.449       2.476
    MVS3             2.967       2.996       3.010       3.087       3.163       3.178       3.206
    MVS7             2.497       2.523       2.536       2.605       2.673       2.686       2.712
    MVS8             3.374       3.400       3.413       3.482       3.551       3.564       3.590
    MVS9             3.188       3.215       3.228       3.300       3.371       3.384       3.411
    MVS13            3.052       3.079       3.093       3.166       3.239       3.253       3.280
    MVS14            3.312       3.340       3.355       3.430       3.505       3.519       3.547
    MVS15            3.228       3.257       3.272       3.348       3.425       3.440       3.469
    MVS4O            2.973       2.999       3.012       3.081       3.150       3.164       3.190
    MVS5O            3.182       3.207       3.220       3.287       3.354       3.367       3.392
    MVS6O            2.674       2.699       2.712       2.780       2.847       2.860       2.886
    MVS10O           2.856       2.881       2.894       2.962       3.030       3.043       3.068
    MVS11O           2.328       2.353       2.365       2.430       2.494       2.507       2.531
    MVS12O           3.042       3.067       3.080       3.146       3.213       3.225       3.250
    MVS16O           3.553       3.578       3.590       3.655       3.720       3.733       3.757
    MVS17O           2.663       2.690       2.704       2.776       2.848       2.862       2.889
    MVS18O           3.166       3.190       3.203       3.269       3.335       3.347       3.372

 Variances
    SUC              1.000       1.000       1.000       1.000       1.000       1.000       1.000
    CEN              1.000       1.000       1.000       1.000       1.000       1.000       1.000
    HAP              1.000       1.000       1.000       1.000       1.000       1.000       1.000
    POS              1.000       1.000       1.000       1.000       1.000       1.000       1.000
    NEG              1.000       1.000       1.000       1.000       1.000       1.000       1.000

 Residual Variances
    MVS1             0.238       0.310       0.347       0.539       0.730       0.767       0.839
    MVS2             0.370       0.427       0.456       0.607       0.758       0.787       0.843
    MVS3             0.504       0.536       0.552       0.636       0.720       0.737       0.768
    MVS7             0.629       0.660       0.677       0.761       0.845       0.861       0.893
    MVS8             0.477       0.509       0.525       0.609       0.693       0.709       0.740
    MVS9             0.360       0.398       0.417       0.517       0.617       0.636       0.673
    MVS13            0.365       0.390       0.402       0.467       0.532       0.545       0.569
    MVS14            0.252       0.275       0.288       0.351       0.415       0.427       0.451
    MVS15            0.762       0.798       0.816       0.912       1.008       1.027       1.063
    MVS4O            0.530       0.558       0.573       0.648       0.724       0.739       0.767
    MVS5O            0.608       0.638       0.653       0.733       0.812       0.828       0.857
    MVS6O            0.460       0.487       0.500       0.571       0.642       0.655       0.682
    MVS10O           0.456       0.485       0.499       0.576       0.653       0.668       0.696
    MVS11O           0.669       0.700       0.716       0.799       0.882       0.898       0.929
    MVS12O           0.425       0.451       0.464       0.534       0.604       0.617       0.643
    MVS16O           0.623       0.651       0.666       0.742       0.819       0.834       0.862
    MVS17O           0.532       0.560       0.574       0.648       0.722       0.736       0.764
    MVS18O           0.432       0.457       0.469       0.535       0.600       0.613       0.637


MODEL COMMAND WITH FINAL ESTIMATES USED AS STARTING VALUES

     suc BY mvs1*0.65262 (l1);
     suc BY mvs2*0.53814 (l2);
     suc BY mvs3*0.74439 (l3);
     suc BY mvs4o*-0.46072 (l4);
     suc BY mvs5o*-0.30401 (l5);
     suc BY mvs6o*-0.46693 (l6);
     cen BY mvs7*0.43757 (l7);
     cen BY mvs8*0.57834 (l8);
     cen BY mvs9*0.71399 (l9);
     cen BY mvs10o*-0.39447 (l10);
     cen BY mvs11o*-0.07264 (l11);
     cen BY mvs12o*-0.44939 (l12);
     hap BY mvs13*0.76950 (l13);
     hap BY mvs14*0.89485 (l14);
     hap BY mvs15*0.54279 (l15);
     hap BY mvs16o*-0.31296 (l16);
     hap BY mvs17o*-0.59829 (l17);
     hap BY mvs18o*-0.48756 (l18);
     pos BY mvs1*-0.34237;
     pos BY mvs2*0.41574 (p);
     pos BY mvs3*0.02915;
     pos BY mvs7*0.10655;
     pos BY mvs8*0.19197;
     pos BY mvs9*-0.10865;
     pos BY mvs13*0.15230;
     pos BY mvs14*0.04699;
     pos BY mvs15*0.04015;
     neg BY mvs4o*0.34777;
     neg BY mvs5o*0.29563;
     neg BY mvs6o*0.38626;
     neg BY mvs10o*0.45384;
     neg BY mvs11o*0.22522;
     neg BY mvs12o*0.40928;
     neg BY mvs16o*0.16532;
     neg BY mvs17o*0.24511;
     neg BY mvs18o*0.34004;

     suc WITH cen*0.75851;
     suc WITH hap*0.71002;
     suc WITH pos@0;
     suc WITH neg@0;
     cen WITH hap*0.61282;
     cen WITH pos@0;
     cen WITH neg@0;
     pos WITH neg@0;
     pos WITH hap@0;
     neg WITH hap@0;

     [ mvs1*3.35921 ];
     [ mvs2*2.36282 ];
     [ mvs3*3.08664 ];
     [ mvs7*2.60469 ];
     [ mvs8*3.48195 ];
     [ mvs9*3.29964 ];
     [ mvs13*3.16606 ];
     [ mvs14*3.42960 ];
     [ mvs15*3.34838 ];
     [ mvs4o*3.08123 ];
     [ mvs5o*3.28700 ];
     [ mvs6o*2.77978 ];
     [ mvs10o*2.96209 ];
     [ mvs11o*2.42960 ];
     [ mvs12o*3.14621 ];
     [ mvs16o*3.65523 ];
     [ mvs17o*2.77617 ];
     [ mvs18o*3.26895 ];

     mvs1*0.53867 (ev1);
     mvs2*0.60667 (ev2);
     mvs3*0.63611 (ev3);
     mvs7*0.76082 (ev7);
     mvs8*0.60874 (ev8);
     mvs9*0.51670 (ev9);
     mvs13*0.46712 (ev13);
     mvs14*0.35114 (ev14);
     mvs15*0.91236 (ev15);
     mvs4o*0.64843 (ev4);
     mvs5o*0.73288 (ev5);
     mvs6o*0.57081 (ev6);
     mvs10o*0.57624 (ev10);
     mvs11o*0.79904 (ev11);
     mvs12o*0.53395 (ev12);
     mvs16o*0.74248 (ev16);
     mvs17o*0.64829 (ev17);
     mvs18o*0.53476 (ev18);
     suc@1;
     cen@1;
     hap@1;
     pos@1;
     neg@1;



TECHNICAL 1 OUTPUT


     PARAMETER SPECIFICATION


           NU
              MVS1          MVS2          MVS3          MVS7          MVS8
              ________      ________      ________      ________      ________
                  1             2             3             4             5


           NU
              MVS9          MVS13         MVS14         MVS15         MVS4O
              ________      ________      ________      ________      ________
                  6             7             8             9            10


           NU
              MVS5O         MVS6O         MVS10O        MVS11O        MVS12O
              ________      ________      ________      ________      ________
                 11            12            13            14            15


           NU
              MVS16O        MVS17O        MVS18O
              ________      ________      ________
                 16            17            18


           LAMBDA
              SUC           CEN           HAP           POS           NEG
              ________      ________      ________      ________      ________
 MVS1              19             0             0            20             0
 MVS2              21             0             0            22             0
 MVS3              23             0             0            24             0
 MVS7               0            25             0            26             0
 MVS8               0            27             0            28             0
 MVS9               0            29             0            30             0
 MVS13              0             0            31            32             0
 MVS14              0             0            33            34             0
 MVS15              0             0            35            36             0
 MVS4O             37             0             0             0            38
 MVS5O             39             0             0             0            40
 MVS6O             41             0             0             0            42
 MVS10O             0            43             0             0            44
 MVS11O             0            45             0             0            46
 MVS12O             0            47             0             0            48
 MVS16O             0             0            49             0            50
 MVS17O             0             0            51             0            52
 MVS18O             0             0            53             0            54


           THETA
              MVS1          MVS2          MVS3          MVS7          MVS8
              ________      ________      ________      ________      ________
 MVS1              55
 MVS2               0            56
 MVS3               0             0            57
 MVS7               0             0             0            58
 MVS8               0             0             0             0            59
 MVS9               0             0             0             0             0
 MVS13              0             0             0             0             0
 MVS14              0             0             0             0             0
 MVS15              0             0             0             0             0
 MVS4O              0             0             0             0             0
 MVS5O              0             0             0             0             0
 MVS6O              0             0             0             0             0
 MVS10O             0             0             0             0             0
 MVS11O             0             0             0             0             0
 MVS12O             0             0             0             0             0
 MVS16O             0             0             0             0             0
 MVS17O             0             0             0             0             0
 MVS18O             0             0             0             0             0


           THETA
              MVS9          MVS13         MVS14         MVS15         MVS4O
              ________      ________      ________      ________      ________
 MVS9              60
 MVS13              0            61
 MVS14              0             0            62
 MVS15              0             0             0            63
 MVS4O              0             0             0             0            64
 MVS5O              0             0             0             0             0
 MVS6O              0             0             0             0             0
 MVS10O             0             0             0             0             0
 MVS11O             0             0             0             0             0
 MVS12O             0             0             0             0             0
 MVS16O             0             0             0             0             0
 MVS17O             0             0             0             0             0
 MVS18O             0             0             0             0             0


           THETA
              MVS5O         MVS6O         MVS10O        MVS11O        MVS12O
              ________      ________      ________      ________      ________
 MVS5O             65
 MVS6O              0            66
 MVS10O             0             0            67
 MVS11O             0             0             0            68
 MVS12O             0             0             0             0            69
 MVS16O             0             0             0             0             0
 MVS17O             0             0             0             0             0
 MVS18O             0             0             0             0             0


           THETA
              MVS16O        MVS17O        MVS18O
              ________      ________      ________
 MVS16O            70
 MVS17O             0            71
 MVS18O             0             0            72


           ALPHA
              SUC           CEN           HAP           POS           NEG
              ________      ________      ________      ________      ________
                  0             0             0             0             0


           BETA
              SUC           CEN           HAP           POS           NEG
              ________      ________      ________      ________      ________
 SUC                0             0             0             0             0
 CEN                0             0             0             0             0
 HAP                0             0             0             0             0
 POS                0             0             0             0             0
 NEG                0             0             0             0             0


           PSI
              SUC           CEN           HAP           POS           NEG
              ________      ________      ________      ________      ________
 SUC                0
 CEN               73             0
 HAP               74            75             0
 POS                0             0             0             0
 NEG                0             0             0             0             0


     STARTING VALUES


           NU
              MVS1          MVS2          MVS3          MVS7          MVS8
              ________      ________      ________      ________      ________
                3.359         2.363         3.087         2.605         3.482


           NU
              MVS9          MVS13         MVS14         MVS15         MVS4O
              ________      ________      ________      ________      ________
                3.300         3.166         3.430         3.348         3.081


           NU
              MVS5O         MVS6O         MVS10O        MVS11O        MVS12O
              ________      ________      ________      ________      ________
                3.287         2.780         2.962         2.430         3.146


           NU
              MVS16O        MVS17O        MVS18O
              ________      ________      ________
                3.655         2.776         3.269


           LAMBDA
              SUC           CEN           HAP           POS           NEG
              ________      ________      ________      ________      ________
 MVS1           1.000         0.000         0.000         1.000         0.000
 MVS2           1.000         0.000         0.000         1.000         0.000
 MVS3           1.000         0.000         0.000         1.000         0.000
 MVS7           0.000         1.000         0.000         1.000         0.000
 MVS8           0.000         1.000         0.000         1.000         0.000
 MVS9           0.000         1.000         0.000         1.000         0.000
 MVS13          0.000         0.000         1.000         1.000         0.000
 MVS14          0.000         0.000         1.000         1.000         0.000
 MVS15          0.000         0.000         1.000         1.000         0.000
 MVS4O          1.000         0.000         0.000         0.000         1.000
 MVS5O          1.000         0.000         0.000         0.000         1.000
 MVS6O          1.000         0.000         0.000         0.000         1.000
 MVS10O         0.000         1.000         0.000         0.000         1.000
 MVS11O         0.000         1.000         0.000         0.000         1.000
 MVS12O         0.000         1.000         0.000         0.000         1.000
 MVS16O         0.000         0.000         1.000         0.000         1.000
 MVS17O         0.000         0.000         1.000         0.000         1.000
 MVS18O         0.000         0.000         1.000         0.000         1.000


           THETA
              MVS1          MVS2          MVS3          MVS7          MVS8
              ________      ________      ________      ________      ________
 MVS1           0.541
 MVS2           0.000         0.534
 MVS3           0.000         0.000         0.596
 MVS7           0.000         0.000         0.000         0.482
 MVS8           0.000         0.000         0.000         0.000         0.491
 MVS9           0.000         0.000         0.000         0.000         0.000
 MVS13          0.000         0.000         0.000         0.000         0.000
 MVS14          0.000         0.000         0.000         0.000         0.000
 MVS15          0.000         0.000         0.000         0.000         0.000
 MVS4O          0.000         0.000         0.000         0.000         0.000
 MVS5O          0.000         0.000         0.000         0.000         0.000
 MVS6O          0.000         0.000         0.000         0.000         0.000
 MVS10O         0.000         0.000         0.000         0.000         0.000
 MVS11O         0.000         0.000         0.000         0.000         0.000
 MVS12O         0.000         0.000         0.000         0.000         0.000
 MVS16O         0.000         0.000         0.000         0.000         0.000
 MVS17O         0.000         0.000         0.000         0.000         0.000
 MVS18O         0.000         0.000         0.000         0.000         0.000


           THETA
              MVS9          MVS13         MVS14         MVS15         MVS4O
              ________      ________      ________      ________      ________
 MVS9           0.518
 MVS13          0.000         0.542
 MVS14          0.000         0.000         0.577
 MVS15          0.000         0.000         0.000         0.604
 MVS4O          0.000         0.000         0.000         0.000         0.490
 MVS5O          0.000         0.000         0.000         0.000         0.000
 MVS6O          0.000         0.000         0.000         0.000         0.000
 MVS10O         0.000         0.000         0.000         0.000         0.000
 MVS11O         0.000         0.000         0.000         0.000         0.000
 MVS12O         0.000         0.000         0.000         0.000         0.000
 MVS16O         0.000         0.000         0.000         0.000         0.000
 MVS17O         0.000         0.000         0.000         0.000         0.000
 MVS18O         0.000         0.000         0.000         0.000         0.000


           THETA
              MVS5O         MVS6O         MVS10O        MVS11O        MVS12O
              ________      ________      ________      ________      ________
 MVS5O          0.456
 MVS6O          0.000         0.469
 MVS10O         0.000         0.000         0.469
 MVS11O         0.000         0.000         0.000         0.428
 MVS12O         0.000         0.000         0.000         0.000         0.452
 MVS16O         0.000         0.000         0.000         0.000         0.000
 MVS17O         0.000         0.000         0.000         0.000         0.000
 MVS18O         0.000         0.000         0.000         0.000         0.000


           THETA
              MVS16O        MVS17O        MVS18O
              ________      ________      ________
 MVS16O         0.432
 MVS17O         0.000         0.529
 MVS18O         0.000         0.000         0.439


           ALPHA
              SUC           CEN           HAP           POS           NEG
              ________      ________      ________      ________      ________
                0.000         0.000         0.000         0.000         0.000


           BETA
              SUC           CEN           HAP           POS           NEG
              ________      ________      ________      ________      ________
 SUC            0.000         0.000         0.000         0.000         0.000
 CEN            0.000         0.000         0.000         0.000         0.000
 HAP            0.000         0.000         0.000         0.000         0.000
 POS            0.000         0.000         0.000         0.000         0.000
 NEG            0.000         0.000         0.000         0.000         0.000


           PSI
              SUC           CEN           HAP           POS           NEG
              ________      ________      ________      ________      ________
 SUC            1.000
 CEN            0.000         1.000
 HAP            0.000         0.000         1.000
 POS            0.000         0.000         0.000         1.000
 NEG            0.000         0.000         0.000         0.000         1.000


DIAGRAM INFORMATION

  Use View Diagram under the Diagram menu in the Mplus Editor to view the diagram.
  If running Mplus from the Mplus Diagrammer, the diagram opens automatically.

  Diagram output
    c:\users\jxb14\dropbox (personal)\consumeropinions\feb18oct18\18items\metric\singlegroup\05-t3posneg(ortho)-metric-m

     Beginning Time:  18:01:56
        Ending Time:  18:01:56
       Elapsed Time:  00:00:00



MUTHEN & MUTHEN
3463 Stoner Ave.
Los Angeles, CA  90066

Tel: (310) 391-9971
Fax: (310) 391-8971
Web: www.StatModel.com
Support: Support@StatModel.com

Copyright (c) 1998-2018 Muthen & Muthen
