Mplus VERSION 8.2
MUTHEN & MUTHEN
12/13/2018   6:03 PM

INPUT INSTRUCTIONS

  TITLE: cfa with metric data (18 items)
         2 orthogonal method factors for regular and reversed items
         with equal loadings

  DATA: file = mvs.dat;

  VARIABLE:
    names = idnum satopt ars ars01 im mvs1-mvs18;
    usevar = mvs1 mvs2 mvs3 mvs7 mvs8 mvs9 mvs13 mvs14 mvs15
             mvs4o mvs5o mvs6o mvs10o mvs11o mvs12o mvs16o mvs17o mvs18o;

    missing = all(-99);

  DEFINE:

    mvs4o=6-mvs4;
    mvs5o=6-mvs5;
    mvs6o=6-mvs6;
    mvs10o=6-mvs10;
    mvs11o=6-mvs11;
    mvs12o=6-mvs12;
    mvs16o=6-mvs16;
    mvs17o=6-mvs17;
    mvs18o=6-mvs18;

  ANALYSIS:

    ESTIMATOR=ML;

  MODEL:

    SUC BY mvs1*1 (l1)
           mvs2 (l2)
           mvs3 (l3)
           mvs4o (l4)
           mvs5o (l5)
           mvs6o (l6);
    CEN BY mvs7*1 (l7)
           mvs8 (l8)
           mvs9 (l9)
           mvs10o (l10)
           mvs11o (l11)
           mvs12o (l12);
    HAP BY mvs13*1 (l13)
           mvs14 (l14)
           mvs15 (l15)
           mvs16o (l16)
           mvs17o (l17)
           mvs18o (l18);

    Pos BY mvs1*1 (p)
           mvs2 (p)
           mvs3 (p)
           mvs7 (p)
           mvs8 (p)
           mvs9 (p)
           mvs13 (p)
           mvs14 (p)
           mvs15 (p);

    Neg BY mvs4o*1 (n)
           mvs5o (n)
           mvs6o (n)
           mvs10o (n)
           mvs11o (n)
           mvs12o (n)
           mvs16o (n)
           mvs17o (n)
           mvs18o (n);

    SUC@1;
    CEN@1;
    HAP@1;
    Pos@1;
    Neg@1;

    SUC WITH CEN;
    SUC WITH HAP;
    CEN WITH HAP;

    Pos WITH Neg@0;

    Pos WITH SUC@0;
    Pos WITH CEN@0;
    Pos WITH HAP@0;

    Neg WITH SUC@0;
    Neg WITH CEN@0;
    Neg WITH HAP@0;

    mvs1 (ev1);
    mvs2 (ev2);
    mvs3 (ev3);
    mvs4o (ev4);
    mvs5o (ev5);
    mvs6o (ev6);
    mvs7 (ev7);
    mvs8 (ev8);
    mvs9 (ev9);
    mvs10o (ev10);
    mvs11o (ev11);
    mvs12o (ev12);
    mvs13 (ev13);
    mvs14 (ev14);
    mvs15 (ev15);
    mvs16o (ev16);
    mvs17o (ev17);
    mvs18o (ev18);

  MODEL CONSTRAINT:

    p>0;
    n>0;

  OUTPUT: TECH1 MOD (3.84) svalues CINTERVAL standardized;





*** WARNING in OUTPUT command
  MODINDICES option is not available in conjunction with nonlinear constraints
  through the use of MODEL CONSTRAINT.  Request for MODINDICES is ignored.
   1 WARNING(S) FOUND IN THE INPUT INSTRUCTIONS



cfa with metric data (18 items)
2 orthogonal method factors for regular and reversed items
with equal loadings

SUMMARY OF ANALYSIS

Number of groups                                                 1
Number of observations                                         554

Number of dependent variables                                   18
Number of independent variables                                  0
Number of continuous latent variables                            5

Observed dependent variables

  Continuous
   MVS1        MVS2        MVS3        MVS7        MVS8        MVS9
   MVS13       MVS14       MVS15       MVS4O       MVS5O       MVS6O
   MVS10O      MVS11O      MVS12O      MVS16O      MVS17O      MVS18O

Continuous latent variables
   SUC         CEN         HAP         POS         NEG


Estimator                                                       ML
Information matrix                                        OBSERVED
Maximum number of iterations                                  1000
Convergence criterion                                    0.500D-04
Maximum number of steepest descent iterations                   20
Maximum number of iterations for H1                           2000
Convergence criterion for H1                             0.100D-03

Input data file(s)
  mvs.dat

Input data format  FREE


SUMMARY OF DATA

     Number of missing data patterns             1


COVARIANCE COVERAGE OF DATA

Minimum covariance coverage value   0.100


     PROPORTION OF DATA PRESENT


           Covariance Coverage
              MVS1          MVS2          MVS3          MVS7          MVS8
              ________      ________      ________      ________      ________
 MVS1           1.000
 MVS2           1.000         1.000
 MVS3           1.000         1.000         1.000
 MVS7           1.000         1.000         1.000         1.000
 MVS8           1.000         1.000         1.000         1.000         1.000
 MVS9           1.000         1.000         1.000         1.000         1.000
 MVS13          1.000         1.000         1.000         1.000         1.000
 MVS14          1.000         1.000         1.000         1.000         1.000
 MVS15          1.000         1.000         1.000         1.000         1.000
 MVS4O          1.000         1.000         1.000         1.000         1.000
 MVS5O          1.000         1.000         1.000         1.000         1.000
 MVS6O          1.000         1.000         1.000         1.000         1.000
 MVS10O         1.000         1.000         1.000         1.000         1.000
 MVS11O         1.000         1.000         1.000         1.000         1.000
 MVS12O         1.000         1.000         1.000         1.000         1.000
 MVS16O         1.000         1.000         1.000         1.000         1.000
 MVS17O         1.000         1.000         1.000         1.000         1.000
 MVS18O         1.000         1.000         1.000         1.000         1.000


           Covariance Coverage
              MVS9          MVS13         MVS14         MVS15         MVS4O
              ________      ________      ________      ________      ________
 MVS9           1.000
 MVS13          1.000         1.000
 MVS14          1.000         1.000         1.000
 MVS15          1.000         1.000         1.000         1.000
 MVS4O          1.000         1.000         1.000         1.000         1.000
 MVS5O          1.000         1.000         1.000         1.000         1.000
 MVS6O          1.000         1.000         1.000         1.000         1.000
 MVS10O         1.000         1.000         1.000         1.000         1.000
 MVS11O         1.000         1.000         1.000         1.000         1.000
 MVS12O         1.000         1.000         1.000         1.000         1.000
 MVS16O         1.000         1.000         1.000         1.000         1.000
 MVS17O         1.000         1.000         1.000         1.000         1.000
 MVS18O         1.000         1.000         1.000         1.000         1.000


           Covariance Coverage
              MVS5O         MVS6O         MVS10O        MVS11O        MVS12O
              ________      ________      ________      ________      ________
 MVS5O          1.000
 MVS6O          1.000         1.000
 MVS10O         1.000         1.000         1.000
 MVS11O         1.000         1.000         1.000         1.000
 MVS12O         1.000         1.000         1.000         1.000         1.000
 MVS16O         1.000         1.000         1.000         1.000         1.000
 MVS17O         1.000         1.000         1.000         1.000         1.000
 MVS18O         1.000         1.000         1.000         1.000         1.000


           Covariance Coverage
              MVS16O        MVS17O        MVS18O
              ________      ________      ________
 MVS16O         1.000
 MVS17O         1.000         1.000
 MVS18O         1.000         1.000         1.000



UNIVARIATE SAMPLE STATISTICS


     UNIVARIATE HIGHER-ORDER MOMENT DESCRIPTIVE STATISTICS

         Variable/         Mean/     Skewness/   Minimum/ % with                Percentiles
        Sample Size      Variance    Kurtosis    Maximum  Min/Max      20%/60%    40%/80%    Median

     MVS1                  3.359      -0.412       1.000    3.97%       2.000      3.000      4.000
             554.000       1.082      -0.647       5.000   10.47%       4.000      4.000
     MVS2                  2.363       0.467       1.000   20.76%       1.000      2.000      2.000
             554.000       1.069      -0.629       5.000    1.62%       2.000      3.000
     MVS3                  3.087      -0.280       1.000    7.94%       2.000      3.000      3.000
             554.000       1.191      -0.959       5.000    5.60%       4.000      4.000
     MVS7                  2.605       0.467       1.000    9.39%       2.000      2.000      2.000
             554.000       0.965      -0.413       5.000    3.25%       3.000      4.000
     MVS8                  3.482      -0.467       1.000    2.17%       2.000      3.000      4.000
             554.000       0.983      -0.535       5.000   12.09%       4.000      4.000
     MVS9                  3.300      -0.214       1.000    3.07%       2.000      3.000      3.000
             554.000       1.037      -0.735       5.000   10.29%       4.000      4.000
     MVS13                 3.166      -0.172       1.000    3.61%       2.000      3.000      3.000
             554.000       1.084      -1.048       5.000    6.68%       4.000      4.000
     MVS14                 3.430      -0.350       1.000    2.89%       2.000      3.000      4.000
             554.000       1.155      -0.845       5.000   14.62%       4.000      4.000
     MVS15                 3.348      -0.362       1.000    4.51%       2.000      3.000      4.000
             554.000       1.209      -0.851       5.000   12.45%       4.000      4.000
     MVS4O                 3.081       0.105       1.000    1.81%       2.000      3.000      3.000
             554.000       0.981      -1.057       5.000    6.14%       3.000      4.000
     MVS5O                 3.287      -0.201       1.000    1.62%       2.000      3.000      3.000
             554.000       0.912      -0.811       5.000    7.40%       4.000      4.000
     MVS6O                 2.780       0.344       1.000    4.33%       2.000      2.000      3.000
             554.000       0.937      -0.916       5.000    2.71%       3.000      4.000
     MVS10O                2.962       0.064       1.000    3.43%       2.000      3.000      3.000
             554.000       0.939      -1.024       5.000    3.25%       3.000      4.000
     MVS11O                2.430       0.652       1.000   10.83%       2.000      2.000      2.000
             554.000       0.855      -0.191       5.000    1.44%       2.000      3.000
     MVS12O                3.146      -0.043       1.000    1.99%       2.000      3.000      3.000
             554.000       0.905      -0.873       5.000    5.60%       4.000      4.000
     MVS16O                3.655      -0.733       1.000    1.81%       3.000      4.000      4.000
             554.000       0.865       0.120       5.000   14.08%       4.000      4.000
     MVS17O                2.776       0.418       1.000    5.78%       2.000      2.000      2.500
             554.000       1.058      -0.772       5.000    5.05%       3.000      4.000
     MVS18O                3.269      -0.203       1.000    1.44%       2.000      3.000      3.000
             554.000       0.879      -0.831       5.000    6.32%       4.000      4.000


THE MODEL ESTIMATION TERMINATED NORMALLY



MODEL FIT INFORMATION

Number of Free Parameters                       59

Loglikelihood

          H0 Value                      -13057.198
          H1 Value                      -12930.493

Information Criteria

          Akaike (AIC)                   26232.396
          Bayesian (BIC)                 26487.109
          Sample-Size Adjusted BIC       26299.817
            (n* = (n + 2) / 24)

Chi-Square Test of Model Fit

          Value                            253.411
          Degrees of Freedom                   130
          P-Value                           0.0000

RMSEA (Root Mean Square Error Of Approximation)

          Estimate                           0.041
          90 Percent C.I.                    0.034  0.049
          Probability RMSEA <= .05           0.970

CFI/TLI

          CFI                                0.946
          TLI                                0.937

Chi-Square Test of Model Fit for the Baseline Model

          Value                           2440.337
          Degrees of Freedom                   153
          P-Value                           0.0000

SRMR (Standardized Root Mean Square Residual)

          Value                              0.041



MODEL RESULTS

                                                    Two-Tailed
                    Estimate       S.E.  Est./S.E.    P-Value

 SUC      BY
    MVS1               0.546      0.051     10.784      0.000
    MVS2               0.450      0.053      8.555      0.000
    MVS3               0.696      0.052     13.386      0.000
    MVS4O             -0.519      0.048    -10.721      0.000
    MVS5O             -0.344      0.048     -7.172      0.000
    MVS6O             -0.533      0.047    -11.366      0.000

 CEN      BY
    MVS7               0.375      0.052      7.262      0.000
    MVS8               0.506      0.051      9.844      0.000
    MVS9               0.622      0.051     12.118      0.000
    MVS10O            -0.498      0.051     -9.769      0.000
    MVS11O            -0.094      0.050     -1.886      0.059
    MVS12O            -0.535      0.049    -10.964      0.000

 HAP      BY
    MVS13              0.723      0.045     15.912      0.000
    MVS14              0.835      0.047     17.737      0.000
    MVS15              0.470      0.053      8.792      0.000
    MVS16O            -0.321      0.044     -7.214      0.000
    MVS17O            -0.631      0.046    -13.833      0.000
    MVS18O            -0.504      0.042    -11.875      0.000

 POS      BY
    MVS1               0.277      0.043      6.512      0.000
    MVS2               0.277      0.043      6.512      0.000
    MVS3               0.277      0.043      6.512      0.000
    MVS7               0.277      0.043      6.512      0.000
    MVS8               0.277      0.043      6.512      0.000
    MVS9               0.277      0.043      6.512      0.000
    MVS13              0.277      0.043      6.512      0.000
    MVS14              0.277      0.043      6.512      0.000
    MVS15              0.277      0.043      6.512      0.000

 NEG      BY
    MVS4O              0.266      0.029      9.231      0.000
    MVS5O              0.266      0.029      9.231      0.000
    MVS6O              0.266      0.029      9.231      0.000
    MVS10O             0.266      0.029      9.231      0.000
    MVS11O             0.266      0.029      9.231      0.000
    MVS12O             0.266      0.029      9.231      0.000
    MVS16O             0.266      0.029      9.231      0.000
    MVS17O             0.266      0.029      9.231      0.000
    MVS18O             0.266      0.029      9.231      0.000

 SUC      WITH
    CEN                0.765      0.041     18.748      0.000
    HAP                0.678      0.040     16.944      0.000
    POS                0.000      0.000    999.000    999.000
    NEG                0.000      0.000    999.000    999.000

 CEN      WITH
    HAP                0.565      0.048     11.714      0.000
    POS                0.000      0.000    999.000    999.000
    NEG                0.000      0.000    999.000    999.000

 POS      WITH
    NEG                0.000      0.000    999.000    999.000
    HAP                0.000      0.000    999.000    999.000

 NEG      WITH
    HAP                0.000      0.000    999.000    999.000

 Intercepts
    MVS1               3.359      0.045     75.262      0.000
    MVS2               2.363      0.044     53.803      0.000
    MVS3               3.087      0.046     66.385      0.000
    MVS7               2.605      0.042     61.923      0.000
    MVS8               3.482      0.042     83.107      0.000
    MVS9               3.300      0.043     76.141      0.000
    MVS13              3.166      0.044     71.768      0.000
    MVS14              3.430      0.045     75.814      0.000
    MVS15              3.348      0.046     72.045      0.000
    MVS4O              3.081      0.042     73.382      0.000
    MVS5O              3.287      0.041     81.102      0.000
    MVS6O              2.780      0.041     67.939      0.000
    MVS10O             2.962      0.041     72.598      0.000
    MVS11O             2.430      0.039     61.565      0.000
    MVS12O             3.146      0.040     78.406      0.000
    MVS16O             3.655      0.040     91.170      0.000
    MVS17O             2.776      0.044     62.934      0.000
    MVS18O             3.269      0.040     82.328      0.000

 Variances
    SUC                1.000      0.000    999.000    999.000
    CEN                1.000      0.000    999.000    999.000
    HAP                1.000      0.000    999.000    999.000
    POS                1.000      0.000    999.000    999.000
    NEG                1.000      0.000    999.000    999.000

 Residual Variances
    MVS1               0.729      0.051     14.357      0.000
    MVS2               0.790      0.052     15.084      0.000
    MVS3               0.637      0.051     12.504      0.000
    MVS7               0.763      0.050     15.138      0.000
    MVS8               0.640      0.046     13.993      0.000
    MVS9               0.577      0.047     12.322      0.000
    MVS13              0.479      0.038     12.493      0.000
    MVS14              0.359      0.039      9.274      0.000
    MVS15              0.899      0.058     15.529      0.000
    MVS4O              0.636      0.045     14.005      0.000
    MVS5O              0.721      0.047     15.365      0.000
    MVS6O              0.573      0.042     13.641      0.000
    MVS10O             0.604      0.045     13.461      0.000
    MVS11O             0.783      0.050     15.744      0.000
    MVS12O             0.535      0.042     12.590      0.000
    MVS16O             0.717      0.046     15.514      0.000
    MVS17O             0.609      0.045     13.537      0.000
    MVS18O             0.549      0.039     14.142      0.000


STANDARDIZED MODEL RESULTS


STDYX Standardization

                                                    Two-Tailed
                    Estimate       S.E.  Est./S.E.    P-Value

 SUC      BY
    MVS1               0.520      0.041     12.631      0.000
    MVS2               0.435      0.046      9.547      0.000
    MVS3               0.636      0.037     17.034      0.000
    MVS4O             -0.526      0.042    -12.651      0.000
    MVS5O             -0.361      0.047     -7.754      0.000
    MVS6O             -0.554      0.040    -13.702      0.000

 CEN      BY
    MVS7               0.379      0.048      7.824      0.000
    MVS8               0.513      0.045     11.378      0.000
    MVS9               0.610      0.041     14.765      0.000
    MVS10O            -0.519      0.046    -11.267      0.000
    MVS11O            -0.101      0.053     -1.899      0.058
    MVS12O            -0.567      0.044    -13.004      0.000

 HAP      BY
    MVS13              0.696      0.031     22.422      0.000
    MVS14              0.785      0.029     26.834      0.000
    MVS15              0.430      0.043      9.891      0.000
    MVS16O            -0.340      0.044     -7.766      0.000
    MVS17O            -0.608      0.034    -17.803      0.000
    MVS18O            -0.539      0.037    -14.508      0.000

 POS      BY
    MVS1               0.264      0.040      6.577      0.000
    MVS2               0.268      0.041      6.488      0.000
    MVS3               0.253      0.039      6.472      0.000
    MVS7               0.280      0.042      6.614      0.000
    MVS8               0.281      0.044      6.431      0.000
    MVS9               0.271      0.042      6.479      0.000
    MVS13              0.267      0.042      6.423      0.000
    MVS14              0.260      0.041      6.329      0.000
    MVS15              0.253      0.039      6.432      0.000

 NEG      BY
    MVS4O              0.269      0.030      9.018      0.000
    MVS5O              0.279      0.031      9.116      0.000
    MVS6O              0.276      0.031      8.982      0.000
    MVS10O             0.277      0.031      8.925      0.000
    MVS11O             0.286      0.031      9.302      0.000
    MVS12O             0.281      0.031      8.976      0.000
    MVS16O             0.282      0.030      9.425      0.000
    MVS17O             0.256      0.028      9.180      0.000
    MVS18O             0.284      0.031      9.088      0.000

 SUC      WITH
    CEN                0.765      0.041     18.748      0.000
    HAP                0.678      0.040     16.944      0.000
    POS                0.000      0.000    999.000    999.000
    NEG                0.000      0.000    999.000    999.000

 CEN      WITH
    HAP                0.565      0.048     11.714      0.000
    POS                0.000      0.000    999.000    999.000
    NEG                0.000      0.000    999.000    999.000

 POS      WITH
    NEG                0.000      0.000    999.000    999.000
    HAP                0.000      0.000    999.000    999.000

 NEG      WITH
    HAP                0.000      0.000    999.000    999.000

 Intercepts
    MVS1               3.198      0.105     30.485      0.000
    MVS2               2.286      0.080     28.513      0.000
    MVS3               2.820      0.094     29.925      0.000
    MVS7               2.631      0.090     29.323      0.000
    MVS8               3.531      0.113     31.226      0.000
    MVS9               3.235      0.105     30.708      0.000
    MVS13              3.049      0.100     30.458      0.000
    MVS14              3.221      0.105     30.641      0.000
    MVS15              3.061      0.100     30.526      0.000
    MVS4O              3.118      0.101     30.722      0.000
    MVS5O              3.446      0.110     31.275      0.000
    MVS6O              2.886      0.095     30.283      0.000
    MVS10O             3.084      0.100     30.698      0.000
    MVS11O             2.616      0.089     29.526      0.000
    MVS12O             3.331      0.107     31.095      0.000
    MVS16O             3.873      0.124     31.311      0.000
    MVS17O             2.674      0.090     29.645      0.000
    MVS18O             3.498      0.112     31.297      0.000

 Variances
    SUC                1.000      0.000    999.000    999.000
    CEN                1.000      0.000    999.000    999.000
    HAP                1.000      0.000    999.000    999.000
    POS                1.000      0.000    999.000    999.000
    NEG                1.000      0.000    999.000    999.000

 Residual Variances
    MVS1               0.660      0.039     17.121      0.000
    MVS2               0.739      0.035     20.868      0.000
    MVS3               0.532      0.041     12.851      0.000
    MVS7               0.778      0.034     22.629      0.000
    MVS8               0.658      0.040     16.627      0.000
    MVS9               0.554      0.043     12.888      0.000
    MVS13              0.444      0.036     12.325      0.000
    MVS14              0.317      0.036      8.735      0.000
    MVS15              0.751      0.033     22.769      0.000
    MVS4O              0.652      0.039     16.570      0.000
    MVS5O              0.792      0.031     25.217      0.000
    MVS6O              0.617      0.040     15.465      0.000
    MVS10O             0.654      0.042     15.642      0.000
    MVS11O             0.908      0.018     51.451      0.000
    MVS12O             0.599      0.044     13.744      0.000
    MVS16O             0.805      0.030     26.867      0.000
    MVS17O             0.565      0.038     14.832      0.000
    MVS18O             0.629      0.038     16.725      0.000


STDY Standardization

                                                    Two-Tailed
                    Estimate       S.E.  Est./S.E.    P-Value

 SUC      BY
    MVS1               0.520      0.041     12.631      0.000
    MVS2               0.435      0.046      9.547      0.000
    MVS3               0.636      0.037     17.034      0.000
    MVS4O             -0.526      0.042    -12.651      0.000
    MVS5O             -0.361      0.047     -7.754      0.000
    MVS6O             -0.554      0.040    -13.702      0.000

 CEN      BY
    MVS7               0.379      0.048      7.824      0.000
    MVS8               0.513      0.045     11.378      0.000
    MVS9               0.610      0.041     14.765      0.000
    MVS10O            -0.519      0.046    -11.267      0.000
    MVS11O            -0.101      0.053     -1.899      0.058
    MVS12O            -0.567      0.044    -13.004      0.000

 HAP      BY
    MVS13              0.696      0.031     22.422      0.000
    MVS14              0.785      0.029     26.834      0.000
    MVS15              0.430      0.043      9.891      0.000
    MVS16O            -0.340      0.044     -7.766      0.000
    MVS17O            -0.608      0.034    -17.803      0.000
    MVS18O            -0.539      0.037    -14.508      0.000

 POS      BY
    MVS1               0.264      0.040      6.577      0.000
    MVS2               0.268      0.041      6.488      0.000
    MVS3               0.253      0.039      6.472      0.000
    MVS7               0.280      0.042      6.614      0.000
    MVS8               0.281      0.044      6.431      0.000
    MVS9               0.271      0.042      6.479      0.000
    MVS13              0.267      0.042      6.423      0.000
    MVS14              0.260      0.041      6.329      0.000
    MVS15              0.253      0.039      6.432      0.000

 NEG      BY
    MVS4O              0.269      0.030      9.018      0.000
    MVS5O              0.279      0.031      9.116      0.000
    MVS6O              0.276      0.031      8.982      0.000
    MVS10O             0.277      0.031      8.925      0.000
    MVS11O             0.286      0.031      9.302      0.000
    MVS12O             0.281      0.031      8.976      0.000
    MVS16O             0.282      0.030      9.425      0.000
    MVS17O             0.256      0.028      9.180      0.000
    MVS18O             0.284      0.031      9.088      0.000

 SUC      WITH
    CEN                0.765      0.041     18.748      0.000
    HAP                0.678      0.040     16.944      0.000
    POS                0.000      0.000    999.000    999.000
    NEG                0.000      0.000    999.000    999.000

 CEN      WITH
    HAP                0.565      0.048     11.714      0.000
    POS                0.000      0.000    999.000    999.000
    NEG                0.000      0.000    999.000    999.000

 POS      WITH
    NEG                0.000      0.000    999.000    999.000
    HAP                0.000      0.000    999.000    999.000

 NEG      WITH
    HAP                0.000      0.000    999.000    999.000

 Intercepts
    MVS1               3.198      0.105     30.485      0.000
    MVS2               2.286      0.080     28.513      0.000
    MVS3               2.820      0.094     29.925      0.000
    MVS7               2.631      0.090     29.323      0.000
    MVS8               3.531      0.113     31.226      0.000
    MVS9               3.235      0.105     30.708      0.000
    MVS13              3.049      0.100     30.458      0.000
    MVS14              3.221      0.105     30.641      0.000
    MVS15              3.061      0.100     30.526      0.000
    MVS4O              3.118      0.101     30.722      0.000
    MVS5O              3.446      0.110     31.275      0.000
    MVS6O              2.886      0.095     30.283      0.000
    MVS10O             3.084      0.100     30.698      0.000
    MVS11O             2.616      0.089     29.526      0.000
    MVS12O             3.331      0.107     31.095      0.000
    MVS16O             3.873      0.124     31.311      0.000
    MVS17O             2.674      0.090     29.645      0.000
    MVS18O             3.498      0.112     31.297      0.000

 Variances
    SUC                1.000      0.000    999.000    999.000
    CEN                1.000      0.000    999.000    999.000
    HAP                1.000      0.000    999.000    999.000
    POS                1.000      0.000    999.000    999.000
    NEG                1.000      0.000    999.000    999.000

 Residual Variances
    MVS1               0.660      0.039     17.121      0.000
    MVS2               0.739      0.035     20.868      0.000
    MVS3               0.532      0.041     12.851      0.000
    MVS7               0.778      0.034     22.629      0.000
    MVS8               0.658      0.040     16.627      0.000
    MVS9               0.554      0.043     12.888      0.000
    MVS13              0.444      0.036     12.325      0.000
    MVS14              0.317      0.036      8.735      0.000
    MVS15              0.751      0.033     22.769      0.000
    MVS4O              0.652      0.039     16.570      0.000
    MVS5O              0.792      0.031     25.217      0.000
    MVS6O              0.617      0.040     15.465      0.000
    MVS10O             0.654      0.042     15.642      0.000
    MVS11O             0.908      0.018     51.451      0.000
    MVS12O             0.599      0.044     13.744      0.000
    MVS16O             0.805      0.030     26.867      0.000
    MVS17O             0.565      0.038     14.832      0.000
    MVS18O             0.629      0.038     16.725      0.000


STD Standardization

                                                    Two-Tailed
                    Estimate       S.E.  Est./S.E.    P-Value

 SUC      BY
    MVS1               0.546      0.051     10.784      0.000
    MVS2               0.450      0.053      8.555      0.000
    MVS3               0.696      0.052     13.386      0.000
    MVS4O             -0.519      0.048    -10.721      0.000
    MVS5O             -0.344      0.048     -7.172      0.000
    MVS6O             -0.533      0.047    -11.366      0.000

 CEN      BY
    MVS7               0.375      0.052      7.262      0.000
    MVS8               0.506      0.051      9.844      0.000
    MVS9               0.622      0.051     12.118      0.000
    MVS10O            -0.498      0.051     -9.769      0.000
    MVS11O            -0.094      0.050     -1.886      0.059
    MVS12O            -0.535      0.049    -10.964      0.000

 HAP      BY
    MVS13              0.723      0.045     15.912      0.000
    MVS14              0.835      0.047     17.737      0.000
    MVS15              0.470      0.053      8.792      0.000
    MVS16O            -0.321      0.044     -7.214      0.000
    MVS17O            -0.631      0.046    -13.833      0.000
    MVS18O            -0.504      0.042    -11.875      0.000

 POS      BY
    MVS1               0.277      0.043      6.512      0.000
    MVS2               0.277      0.043      6.512      0.000
    MVS3               0.277      0.043      6.512      0.000
    MVS7               0.277      0.043      6.512      0.000
    MVS8               0.277      0.043      6.512      0.000
    MVS9               0.277      0.043      6.512      0.000
    MVS13              0.277      0.043      6.512      0.000
    MVS14              0.277      0.043      6.512      0.000
    MVS15              0.277      0.043      6.512      0.000

 NEG      BY
    MVS4O              0.266      0.029      9.231      0.000
    MVS5O              0.266      0.029      9.231      0.000
    MVS6O              0.266      0.029      9.231      0.000
    MVS10O             0.266      0.029      9.231      0.000
    MVS11O             0.266      0.029      9.231      0.000
    MVS12O             0.266      0.029      9.231      0.000
    MVS16O             0.266      0.029      9.231      0.000
    MVS17O             0.266      0.029      9.231      0.000
    MVS18O             0.266      0.029      9.231      0.000

 SUC      WITH
    CEN                0.765      0.041     18.748      0.000
    HAP                0.678      0.040     16.944      0.000
    POS                0.000      0.000    999.000    999.000
    NEG                0.000      0.000    999.000    999.000

 CEN      WITH
    HAP                0.565      0.048     11.714      0.000
    POS                0.000      0.000    999.000    999.000
    NEG                0.000      0.000    999.000    999.000

 POS      WITH
    NEG                0.000      0.000    999.000    999.000
    HAP                0.000      0.000    999.000    999.000

 NEG      WITH
    HAP                0.000      0.000    999.000    999.000

 Intercepts
    MVS1               3.359      0.045     75.262      0.000
    MVS2               2.363      0.044     53.803      0.000
    MVS3               3.087      0.046     66.385      0.000
    MVS7               2.605      0.042     61.923      0.000
    MVS8               3.482      0.042     83.107      0.000
    MVS9               3.300      0.043     76.141      0.000
    MVS13              3.166      0.044     71.768      0.000
    MVS14              3.430      0.045     75.814      0.000
    MVS15              3.348      0.046     72.045      0.000
    MVS4O              3.081      0.042     73.382      0.000
    MVS5O              3.287      0.041     81.102      0.000
    MVS6O              2.780      0.041     67.939      0.000
    MVS10O             2.962      0.041     72.598      0.000
    MVS11O             2.430      0.039     61.565      0.000
    MVS12O             3.146      0.040     78.406      0.000
    MVS16O             3.655      0.040     91.170      0.000
    MVS17O             2.776      0.044     62.934      0.000
    MVS18O             3.269      0.040     82.328      0.000

 Variances
    SUC                1.000      0.000    999.000    999.000
    CEN                1.000      0.000    999.000    999.000
    HAP                1.000      0.000    999.000    999.000
    POS                1.000      0.000    999.000    999.000
    NEG                1.000      0.000    999.000    999.000

 Residual Variances
    MVS1               0.729      0.051     14.357      0.000
    MVS2               0.790      0.052     15.084      0.000
    MVS3               0.637      0.051     12.504      0.000
    MVS7               0.763      0.050     15.138      0.000
    MVS8               0.640      0.046     13.993      0.000
    MVS9               0.577      0.047     12.322      0.000
    MVS13              0.479      0.038     12.493      0.000
    MVS14              0.359      0.039      9.274      0.000
    MVS15              0.899      0.058     15.529      0.000
    MVS4O              0.636      0.045     14.005      0.000
    MVS5O              0.721      0.047     15.365      0.000
    MVS6O              0.573      0.042     13.641      0.000
    MVS10O             0.604      0.045     13.461      0.000
    MVS11O             0.783      0.050     15.744      0.000
    MVS12O             0.535      0.042     12.590      0.000
    MVS16O             0.717      0.046     15.514      0.000
    MVS17O             0.609      0.045     13.537      0.000
    MVS18O             0.549      0.039     14.142      0.000


R-SQUARE

    Observed                                        Two-Tailed
    Variable        Estimate       S.E.  Est./S.E.    P-Value

    MVS1               0.340      0.039      8.809      0.000
    MVS2               0.261      0.035      7.371      0.000
    MVS3               0.468      0.041     11.326      0.000
    MVS7               0.222      0.034      6.449      0.000
    MVS8               0.342      0.040      8.650      0.000
    MVS9               0.446      0.043     10.370      0.000
    MVS13              0.556      0.036     15.422      0.000
    MVS14              0.683      0.036     18.844      0.000
    MVS15              0.249      0.033      7.540      0.000
    MVS4O              0.348      0.039      8.863      0.000
    MVS5O              0.208      0.031      6.617      0.000
    MVS6O              0.383      0.040      9.582      0.000
    MVS10O             0.346      0.042      8.260      0.000
    MVS11O             0.092      0.018      5.213      0.000
    MVS12O             0.401      0.044      9.182      0.000
    MVS16O             0.195      0.030      6.501      0.000
    MVS17O             0.435      0.038     11.419      0.000
    MVS18O             0.371      0.038      9.873      0.000


QUALITY OF NUMERICAL RESULTS

     Condition Number for the Information Matrix              0.268E-03
       (ratio of smallest to largest eigenvalue)


CONFIDENCE INTERVALS OF MODEL RESULTS

                  Lower .5%  Lower 2.5%    Lower 5%    Estimate    Upper 5%  Upper 2.5%   Upper .5%

 SUC      BY
    MVS1             0.416       0.447       0.463       0.546       0.629       0.645       0.677
    MVS2             0.314       0.347       0.363       0.450       0.536       0.553       0.585
    MVS3             0.562       0.594       0.610       0.696       0.782       0.798       0.830
    MVS4O           -0.644      -0.614      -0.599      -0.519      -0.440      -0.424      -0.395
    MVS5O           -0.468      -0.438      -0.423      -0.344      -0.265      -0.250      -0.221
    MVS6O           -0.654      -0.625      -0.610      -0.533      -0.456      -0.441      -0.412

 CEN      BY
    MVS7             0.242       0.274       0.290       0.375       0.460       0.476       0.508
    MVS8             0.374       0.405       0.422       0.506       0.591       0.607       0.639
    MVS9             0.490       0.522       0.538       0.622       0.707       0.723       0.755
    MVS10O          -0.629      -0.598      -0.582      -0.498      -0.414      -0.398      -0.367
    MVS11O          -0.222      -0.191      -0.175      -0.094      -0.012       0.004       0.034
    MVS12O          -0.661      -0.631      -0.616      -0.535      -0.455      -0.440      -0.410

 HAP      BY
    MVS13            0.606       0.634       0.648       0.723       0.798       0.812       0.840
    MVS14            0.714       0.743       0.758       0.835       0.913       0.928       0.957
    MVS15            0.332       0.365       0.382       0.470       0.558       0.575       0.608
    MVS16O          -0.435      -0.408      -0.394      -0.321      -0.248      -0.234      -0.206
    MVS17O          -0.749      -0.721      -0.706      -0.631      -0.556      -0.542      -0.514
    MVS18O          -0.613      -0.587      -0.573      -0.504      -0.434      -0.420      -0.394

 POS      BY
    MVS1             0.167       0.194       0.207       0.277       0.347       0.360       0.386
    MVS2             0.167       0.194       0.207       0.277       0.347       0.360       0.386
    MVS3             0.167       0.194       0.207       0.277       0.347       0.360       0.386
    MVS7             0.167       0.194       0.207       0.277       0.347       0.360       0.386
    MVS8             0.167       0.194       0.207       0.277       0.347       0.360       0.386
    MVS9             0.167       0.194       0.207       0.277       0.347       0.360       0.386
    MVS13            0.167       0.194       0.207       0.277       0.347       0.360       0.386
    MVS14            0.167       0.194       0.207       0.277       0.347       0.360       0.386
    MVS15            0.167       0.194       0.207       0.277       0.347       0.360       0.386

 NEG      BY
    MVS4O            0.192       0.209       0.218       0.266       0.313       0.322       0.340
    MVS5O            0.192       0.209       0.218       0.266       0.313       0.322       0.340
    MVS6O            0.192       0.209       0.218       0.266       0.313       0.322       0.340
    MVS10O           0.192       0.209       0.218       0.266       0.313       0.322       0.340
    MVS11O           0.192       0.209       0.218       0.266       0.313       0.322       0.340
    MVS12O           0.192       0.209       0.218       0.266       0.313       0.322       0.340
    MVS16O           0.192       0.209       0.218       0.266       0.313       0.322       0.340
    MVS17O           0.192       0.209       0.218       0.266       0.313       0.322       0.340
    MVS18O           0.192       0.209       0.218       0.266       0.313       0.322       0.340

 SUC      WITH
    CEN              0.660       0.685       0.698       0.765       0.832       0.845       0.870
    HAP              0.575       0.599       0.612       0.678       0.744       0.756       0.781
    POS              0.000       0.000       0.000       0.000       0.000       0.000       0.000
    NEG              0.000       0.000       0.000       0.000       0.000       0.000       0.000

 CEN      WITH
    HAP              0.441       0.470       0.486       0.565       0.644       0.659       0.689
    POS              0.000       0.000       0.000       0.000       0.000       0.000       0.000
    NEG              0.000       0.000       0.000       0.000       0.000       0.000       0.000

 POS      WITH
    NEG              0.000       0.000       0.000       0.000       0.000       0.000       0.000
    HAP              0.000       0.000       0.000       0.000       0.000       0.000       0.000

 NEG      WITH
    HAP              0.000       0.000       0.000       0.000       0.000       0.000       0.000

 Intercepts
    MVS1             3.244       3.272       3.286       3.359       3.433       3.447       3.474
    MVS2             2.250       2.277       2.291       2.363       2.435       2.449       2.476
    MVS3             2.967       2.996       3.010       3.087       3.163       3.178       3.206
    MVS7             2.496       2.522       2.535       2.605       2.674       2.687       2.713
    MVS8             3.374       3.400       3.413       3.482       3.551       3.564       3.590
    MVS9             3.188       3.215       3.228       3.300       3.371       3.385       3.411
    MVS13            3.052       3.080       3.093       3.166       3.239       3.253       3.280
    MVS14            3.313       3.341       3.355       3.430       3.504       3.518       3.546
    MVS15            3.229       3.257       3.272       3.348       3.425       3.439       3.468
    MVS4O            2.973       2.999       3.012       3.081       3.150       3.164       3.189
    MVS5O            3.183       3.208       3.220       3.287       3.354       3.366       3.391
    MVS6O            2.674       2.700       2.712       2.780       2.847       2.860       2.885
    MVS10O           2.857       2.882       2.895       2.962       3.029       3.042       3.067
    MVS11O           2.328       2.352       2.365       2.430       2.495       2.507       2.531
    MVS12O           3.043       3.068       3.080       3.146       3.212       3.225       3.250
    MVS16O           3.552       3.577       3.589       3.655       3.721       3.734       3.759
    MVS17O           2.663       2.690       2.704       2.776       2.849       2.863       2.890
    MVS18O           3.167       3.191       3.204       3.269       3.334       3.347       3.371

 Variances
    SUC              1.000       1.000       1.000       1.000       1.000       1.000       1.000
    CEN              1.000       1.000       1.000       1.000       1.000       1.000       1.000
    HAP              1.000       1.000       1.000       1.000       1.000       1.000       1.000
    POS              1.000       1.000       1.000       1.000       1.000       1.000       1.000
    NEG              1.000       1.000       1.000       1.000       1.000       1.000       1.000

 Residual Variances
    MVS1             0.598       0.629       0.645       0.729       0.812       0.828       0.859
    MVS2             0.655       0.687       0.703       0.790       0.876       0.892       0.924
    MVS3             0.505       0.537       0.553       0.637       0.720       0.736       0.768
    MVS7             0.633       0.664       0.680       0.763       0.846       0.862       0.893
    MVS8             0.522       0.550       0.564       0.640       0.715       0.729       0.757
    MVS9             0.456       0.485       0.500       0.577       0.653       0.668       0.697
    MVS13            0.380       0.404       0.416       0.479       0.542       0.554       0.578
    MVS14            0.259       0.283       0.295       0.359       0.423       0.435       0.459
    MVS15            0.750       0.786       0.804       0.899       0.994       1.012       1.048
    MVS4O            0.519       0.547       0.562       0.636       0.711       0.725       0.753
    MVS5O            0.600       0.629       0.644       0.721       0.798       0.813       0.842
    MVS6O            0.465       0.490       0.504       0.573       0.642       0.655       0.681
    MVS10O           0.488       0.516       0.530       0.604       0.677       0.691       0.719
    MVS11O           0.655       0.686       0.702       0.783       0.865       0.881       0.912
    MVS12O           0.425       0.452       0.465       0.535       0.605       0.618       0.644
    MVS16O           0.598       0.626       0.641       0.717       0.793       0.808       0.836
    MVS17O           0.493       0.521       0.535       0.609       0.683       0.697       0.725
    MVS18O           0.449       0.473       0.485       0.549       0.613       0.625       0.649


CONFIDENCE INTERVALS OF STANDARDIZED MODEL RESULTS


STDYX Standardization

                  Lower .5%  Lower 2.5%    Lower 5%    Estimate    Upper 5%  Upper 2.5%   Upper .5%

 SUC      BY
    MVS1             0.414       0.439       0.452       0.520       0.588       0.601       0.626
    MVS2             0.318       0.346       0.360       0.435       0.510       0.524       0.552
    MVS3             0.540       0.563       0.575       0.636       0.697       0.709       0.732
    MVS4O           -0.633      -0.607      -0.594      -0.526      -0.457      -0.444      -0.419
    MVS5O           -0.481      -0.452      -0.438      -0.361      -0.284      -0.270      -0.241
    MVS6O           -0.658      -0.633      -0.620      -0.554      -0.487      -0.474      -0.450

 CEN      BY
    MVS7             0.254       0.284       0.299       0.379       0.459       0.474       0.504
    MVS8             0.397       0.425       0.439       0.513       0.587       0.602       0.629
    MVS9             0.504       0.529       0.542       0.610       0.678       0.691       0.716
    MVS10O          -0.637      -0.609      -0.594      -0.519      -0.443      -0.428      -0.400
    MVS11O          -0.238      -0.205      -0.188      -0.101      -0.013       0.003       0.036
    MVS12O          -0.679      -0.652      -0.639      -0.567      -0.495      -0.481      -0.455

 HAP      BY
    MVS13            0.616       0.635       0.645       0.696       0.747       0.757       0.776
    MVS14            0.709       0.727       0.737       0.785       0.833       0.842       0.860
    MVS15            0.318       0.345       0.358       0.430       0.501       0.515       0.542
    MVS16O          -0.453      -0.426      -0.412      -0.340      -0.268      -0.254      -0.227
    MVS17O          -0.696      -0.675      -0.664      -0.608      -0.552      -0.541      -0.520
    MVS18O          -0.635      -0.612      -0.600      -0.539      -0.478      -0.466      -0.443

 POS      BY
    MVS1             0.160       0.185       0.198       0.264       0.329       0.342       0.367
    MVS2             0.162       0.187       0.200       0.268       0.336       0.349       0.374
    MVS3             0.152       0.176       0.189       0.253       0.317       0.330       0.354
    MVS7             0.171       0.197       0.210       0.280       0.349       0.363       0.389
    MVS8             0.168       0.195       0.209       0.281       0.353       0.366       0.393
    MVS9             0.164       0.189       0.203       0.271       0.340       0.354       0.379
    MVS13            0.160       0.185       0.198       0.267       0.335       0.348       0.374
    MVS14            0.154       0.180       0.192       0.260       0.328       0.341       0.366
    MVS15            0.152       0.176       0.188       0.253       0.318       0.330       0.354

 NEG      BY
    MVS4O            0.192       0.210       0.220       0.269       0.318       0.327       0.346
    MVS5O            0.200       0.219       0.228       0.279       0.329       0.338       0.357
    MVS6O            0.197       0.216       0.225       0.276       0.326       0.336       0.355
    MVS10O           0.197       0.216       0.226       0.277       0.328       0.337       0.357
    MVS11O           0.207       0.226       0.235       0.286       0.337       0.346       0.365
    MVS12O           0.201       0.220       0.230       0.281       0.333       0.343       0.362
    MVS16O           0.205       0.223       0.232       0.282       0.331       0.340       0.359
    MVS17O           0.184       0.201       0.210       0.256       0.302       0.311       0.328
    MVS18O           0.204       0.223       0.233       0.284       0.336       0.346       0.365

 SUC      WITH
    CEN              0.660       0.685       0.698       0.765       0.832       0.845       0.870
    HAP              0.575       0.599       0.612       0.678       0.744       0.756       0.781
    POS              0.000       0.000       0.000       0.000       0.000       0.000       0.000
    NEG              0.000       0.000       0.000       0.000       0.000       0.000       0.000

 CEN      WITH
    HAP              0.441       0.470       0.486       0.565       0.644       0.659       0.689
    POS              0.000       0.000       0.000       0.000       0.000       0.000       0.000
    NEG              0.000       0.000       0.000       0.000       0.000       0.000       0.000

 POS      WITH
    NEG              0.000       0.000       0.000       0.000       0.000       0.000       0.000
    HAP              0.000       0.000       0.000       0.000       0.000       0.000       0.000

 NEG      WITH
    HAP              0.000       0.000       0.000       0.000       0.000       0.000       0.000

 Intercepts
    MVS1             2.927       2.992       3.025       3.198       3.370       3.403       3.468
    MVS2             2.079       2.129       2.154       2.286       2.418       2.443       2.492
    MVS3             2.578       2.636       2.665       2.820       2.975       3.005       3.063
    MVS7             2.400       2.455       2.483       2.631       2.778       2.807       2.862
    MVS8             3.240       3.309       3.345       3.531       3.717       3.753       3.822
    MVS9             2.964       3.028       3.062       3.235       3.408       3.441       3.506
    MVS13            2.791       2.853       2.884       3.049       3.214       3.245       3.307
    MVS14            2.950       3.015       3.048       3.221       3.394       3.427       3.492
    MVS15            2.803       2.864       2.896       3.061       3.226       3.257       3.319
    MVS4O            2.856       2.919       2.951       3.118       3.285       3.317       3.379
    MVS5O            3.162       3.230       3.264       3.446       3.627       3.662       3.729
    MVS6O            2.641       2.700       2.730       2.886       3.043       3.073       3.132
    MVS10O           2.826       2.887       2.919       3.084       3.250       3.281       3.343
    MVS11O           2.387       2.442       2.470       2.616       2.761       2.789       2.844
    MVS12O           3.055       3.121       3.155       3.331       3.507       3.541       3.607
    MVS16O           3.555       3.631       3.670       3.873       4.077       4.116       4.192
    MVS17O           2.442       2.497       2.525       2.674       2.822       2.851       2.906
    MVS18O           3.210       3.279       3.314       3.498       3.682       3.717       3.786

 Variances
    SUC              1.000       1.000       1.000       1.000       1.000       1.000       1.000
    CEN              1.000       1.000       1.000       1.000       1.000       1.000       1.000
    HAP              1.000       1.000       1.000       1.000       1.000       1.000       1.000
    POS              1.000       1.000       1.000       1.000       1.000       1.000       1.000
    NEG              1.000       1.000       1.000       1.000       1.000       1.000       1.000

 Residual Variances
    MVS1             0.561       0.585       0.597       0.660       0.724       0.736       0.760
    MVS2             0.648       0.670       0.681       0.739       0.797       0.808       0.830
    MVS3             0.425       0.450       0.463       0.532       0.600       0.613       0.638
    MVS7             0.690       0.711       0.722       0.778       0.835       0.846       0.867
    MVS8             0.556       0.580       0.593       0.658       0.723       0.735       0.760
    MVS9             0.443       0.470       0.483       0.554       0.625       0.638       0.665
    MVS13            0.351       0.374       0.385       0.444       0.503       0.515       0.537
    MVS14            0.223       0.246       0.257       0.317       0.376       0.388       0.410
    MVS15            0.666       0.687       0.697       0.751       0.806       0.816       0.836
    MVS4O            0.550       0.574       0.587       0.652       0.716       0.729       0.753
    MVS5O            0.711       0.731       0.740       0.792       0.844       0.854       0.873
    MVS6O            0.515       0.539       0.552       0.617       0.683       0.696       0.720
    MVS10O           0.547       0.572       0.586       0.654       0.723       0.736       0.762
    MVS11O           0.863       0.873       0.879       0.908       0.937       0.943       0.953
    MVS12O           0.487       0.514       0.528       0.599       0.671       0.685       0.712
    MVS16O           0.728       0.746       0.756       0.805       0.854       0.864       0.882
    MVS17O           0.467       0.490       0.502       0.565       0.628       0.640       0.663
    MVS18O           0.532       0.555       0.567       0.629       0.691       0.702       0.726


STDY Standardization

                  Lower .5%  Lower 2.5%    Lower 5%    Estimate    Upper 5%  Upper 2.5%   Upper .5%

 SUC      BY
    MVS1             0.414       0.439       0.452       0.520       0.588       0.601       0.626
    MVS2             0.318       0.346       0.360       0.435       0.510       0.524       0.552
    MVS3             0.540       0.563       0.575       0.636       0.697       0.709       0.732
    MVS4O           -0.633      -0.607      -0.594      -0.526      -0.457      -0.444      -0.419
    MVS5O           -0.481      -0.452      -0.438      -0.361      -0.284      -0.270      -0.241
    MVS6O           -0.658      -0.633      -0.620      -0.554      -0.487      -0.474      -0.450

 CEN      BY
    MVS7             0.254       0.284       0.299       0.379       0.459       0.474       0.504
    MVS8             0.397       0.425       0.439       0.513       0.587       0.602       0.629
    MVS9             0.504       0.529       0.542       0.610       0.678       0.691       0.716
    MVS10O          -0.637      -0.609      -0.594      -0.519      -0.443      -0.428      -0.400
    MVS11O          -0.238      -0.205      -0.188      -0.101      -0.013       0.003       0.036
    MVS12O          -0.679      -0.652      -0.639      -0.567      -0.495      -0.481      -0.455

 HAP      BY
    MVS13            0.616       0.635       0.645       0.696       0.747       0.757       0.776
    MVS14            0.709       0.727       0.737       0.785       0.833       0.842       0.860
    MVS15            0.318       0.345       0.358       0.430       0.501       0.515       0.542
    MVS16O          -0.453      -0.426      -0.412      -0.340      -0.268      -0.254      -0.227
    MVS17O          -0.696      -0.675      -0.664      -0.608      -0.552      -0.541      -0.520
    MVS18O          -0.635      -0.612      -0.600      -0.539      -0.478      -0.466      -0.443

 POS      BY
    MVS1             0.160       0.185       0.198       0.264       0.329       0.342       0.367
    MVS2             0.162       0.187       0.200       0.268       0.336       0.349       0.374
    MVS3             0.152       0.176       0.189       0.253       0.317       0.330       0.354
    MVS7             0.171       0.197       0.210       0.280       0.349       0.363       0.389
    MVS8             0.168       0.195       0.209       0.281       0.353       0.366       0.393
    MVS9             0.164       0.189       0.203       0.271       0.340       0.354       0.379
    MVS13            0.160       0.185       0.198       0.267       0.335       0.348       0.374
    MVS14            0.154       0.180       0.192       0.260       0.328       0.341       0.366
    MVS15            0.152       0.176       0.188       0.253       0.318       0.330       0.354

 NEG      BY
    MVS4O            0.192       0.210       0.220       0.269       0.318       0.327       0.346
    MVS5O            0.200       0.219       0.228       0.279       0.329       0.338       0.357
    MVS6O            0.197       0.216       0.225       0.276       0.326       0.336       0.355
    MVS10O           0.197       0.216       0.226       0.277       0.328       0.337       0.357
    MVS11O           0.207       0.226       0.235       0.286       0.337       0.346       0.365
    MVS12O           0.201       0.220       0.230       0.281       0.333       0.343       0.362
    MVS16O           0.205       0.223       0.232       0.282       0.331       0.340       0.359
    MVS17O           0.184       0.201       0.210       0.256       0.302       0.311       0.328
    MVS18O           0.204       0.223       0.233       0.284       0.336       0.346       0.365

 SUC      WITH
    CEN              0.660       0.685       0.698       0.765       0.832       0.845       0.870
    HAP              0.575       0.599       0.612       0.678       0.744       0.756       0.781
    POS              0.000       0.000       0.000       0.000       0.000       0.000       0.000
    NEG              0.000       0.000       0.000       0.000       0.000       0.000       0.000

 CEN      WITH
    HAP              0.441       0.470       0.486       0.565       0.644       0.659       0.689
    POS              0.000       0.000       0.000       0.000       0.000       0.000       0.000
    NEG              0.000       0.000       0.000       0.000       0.000       0.000       0.000

 POS      WITH
    NEG              0.000       0.000       0.000       0.000       0.000       0.000       0.000
    HAP              0.000       0.000       0.000       0.000       0.000       0.000       0.000

 NEG      WITH
    HAP              0.000       0.000       0.000       0.000       0.000       0.000       0.000

 Intercepts
    MVS1             2.927       2.992       3.025       3.198       3.370       3.403       3.468
    MVS2             2.079       2.129       2.154       2.286       2.418       2.443       2.492
    MVS3             2.578       2.636       2.665       2.820       2.975       3.005       3.063
    MVS7             2.400       2.455       2.483       2.631       2.778       2.807       2.862
    MVS8             3.240       3.309       3.345       3.531       3.717       3.753       3.822
    MVS9             2.964       3.028       3.062       3.235       3.408       3.441       3.506
    MVS13            2.791       2.853       2.884       3.049       3.214       3.245       3.307
    MVS14            2.950       3.015       3.048       3.221       3.394       3.427       3.492
    MVS15            2.803       2.864       2.896       3.061       3.226       3.257       3.319
    MVS4O            2.856       2.919       2.951       3.118       3.285       3.317       3.379
    MVS5O            3.162       3.230       3.264       3.446       3.627       3.662       3.729
    MVS6O            2.641       2.700       2.730       2.886       3.043       3.073       3.132
    MVS10O           2.826       2.887       2.919       3.084       3.250       3.281       3.343
    MVS11O           2.387       2.442       2.470       2.616       2.761       2.789       2.844
    MVS12O           3.055       3.121       3.155       3.331       3.507       3.541       3.607
    MVS16O           3.555       3.631       3.670       3.873       4.077       4.116       4.192
    MVS17O           2.442       2.497       2.525       2.674       2.822       2.851       2.906
    MVS18O           3.210       3.279       3.314       3.498       3.682       3.717       3.786

 Variances
    SUC              1.000       1.000       1.000       1.000       1.000       1.000       1.000
    CEN              1.000       1.000       1.000       1.000       1.000       1.000       1.000
    HAP              1.000       1.000       1.000       1.000       1.000       1.000       1.000
    POS              1.000       1.000       1.000       1.000       1.000       1.000       1.000
    NEG              1.000       1.000       1.000       1.000       1.000       1.000       1.000

 Residual Variances
    MVS1             0.561       0.585       0.597       0.660       0.724       0.736       0.760
    MVS2             0.648       0.670       0.681       0.739       0.797       0.808       0.830
    MVS3             0.425       0.450       0.463       0.532       0.600       0.613       0.638
    MVS7             0.690       0.711       0.722       0.778       0.835       0.846       0.867
    MVS8             0.556       0.580       0.593       0.658       0.723       0.735       0.760
    MVS9             0.443       0.470       0.483       0.554       0.625       0.638       0.665
    MVS13            0.351       0.374       0.385       0.444       0.503       0.515       0.537
    MVS14            0.223       0.246       0.257       0.317       0.376       0.388       0.410
    MVS15            0.666       0.687       0.697       0.751       0.806       0.816       0.836
    MVS4O            0.550       0.574       0.587       0.652       0.716       0.729       0.753
    MVS5O            0.711       0.731       0.740       0.792       0.844       0.854       0.873
    MVS6O            0.515       0.539       0.552       0.617       0.683       0.696       0.720
    MVS10O           0.547       0.572       0.586       0.654       0.723       0.736       0.762
    MVS11O           0.863       0.873       0.879       0.908       0.937       0.943       0.953
    MVS12O           0.487       0.514       0.528       0.599       0.671       0.685       0.712
    MVS16O           0.728       0.746       0.756       0.805       0.854       0.864       0.882
    MVS17O           0.467       0.490       0.502       0.565       0.628       0.640       0.663
    MVS18O           0.532       0.555       0.567       0.629       0.691       0.702       0.726


STD Standardization

                  Lower .5%  Lower 2.5%    Lower 5%    Estimate    Upper 5%  Upper 2.5%   Upper .5%

 SUC      BY
    MVS1             0.416       0.447       0.463       0.546       0.629       0.645       0.677
    MVS2             0.314       0.347       0.363       0.450       0.536       0.553       0.585
    MVS3             0.562       0.594       0.610       0.696       0.782       0.798       0.830
    MVS4O           -0.644      -0.614      -0.599      -0.519      -0.440      -0.424      -0.395
    MVS5O           -0.468      -0.438      -0.423      -0.344      -0.265      -0.250      -0.221
    MVS6O           -0.654      -0.625      -0.610      -0.533      -0.456      -0.441      -0.412

 CEN      BY
    MVS7             0.242       0.274       0.290       0.375       0.460       0.476       0.508
    MVS8             0.374       0.405       0.422       0.506       0.591       0.607       0.639
    MVS9             0.490       0.522       0.538       0.622       0.707       0.723       0.755
    MVS10O          -0.629      -0.598      -0.582      -0.498      -0.414      -0.398      -0.367
    MVS11O          -0.222      -0.191      -0.175      -0.094      -0.012       0.004       0.034
    MVS12O          -0.661      -0.631      -0.616      -0.535      -0.455      -0.440      -0.410

 HAP      BY
    MVS13            0.606       0.634       0.648       0.723       0.798       0.812       0.840
    MVS14            0.714       0.743       0.758       0.835       0.913       0.928       0.957
    MVS15            0.332       0.365       0.382       0.470       0.558       0.575       0.608
    MVS16O          -0.435      -0.408      -0.394      -0.321      -0.248      -0.234      -0.206
    MVS17O          -0.749      -0.721      -0.706      -0.631      -0.556      -0.542      -0.514
    MVS18O          -0.613      -0.587      -0.573      -0.504      -0.434      -0.420      -0.394

 POS      BY
    MVS1             0.167       0.194       0.207       0.277       0.347       0.360       0.386
    MVS2             0.167       0.194       0.207       0.277       0.347       0.360       0.386
    MVS3             0.167       0.194       0.207       0.277       0.347       0.360       0.386
    MVS7             0.167       0.194       0.207       0.277       0.347       0.360       0.386
    MVS8             0.167       0.194       0.207       0.277       0.347       0.360       0.386
    MVS9             0.167       0.194       0.207       0.277       0.347       0.360       0.386
    MVS13            0.167       0.194       0.207       0.277       0.347       0.360       0.386
    MVS14            0.167       0.194       0.207       0.277       0.347       0.360       0.386
    MVS15            0.167       0.194       0.207       0.277       0.347       0.360       0.386

 NEG      BY
    MVS4O            0.192       0.209       0.218       0.266       0.313       0.322       0.340
    MVS5O            0.192       0.209       0.218       0.266       0.313       0.322       0.340
    MVS6O            0.192       0.209       0.218       0.266       0.313       0.322       0.340
    MVS10O           0.192       0.209       0.218       0.266       0.313       0.322       0.340
    MVS11O           0.192       0.209       0.218       0.266       0.313       0.322       0.340
    MVS12O           0.192       0.209       0.218       0.266       0.313       0.322       0.340
    MVS16O           0.192       0.209       0.218       0.266       0.313       0.322       0.340
    MVS17O           0.192       0.209       0.218       0.266       0.313       0.322       0.340
    MVS18O           0.192       0.209       0.218       0.266       0.313       0.322       0.340

 SUC      WITH
    CEN              0.660       0.685       0.698       0.765       0.832       0.845       0.870
    HAP              0.575       0.599       0.612       0.678       0.744       0.756       0.781
    POS              0.000       0.000       0.000       0.000       0.000       0.000       0.000
    NEG              0.000       0.000       0.000       0.000       0.000       0.000       0.000

 CEN      WITH
    HAP              0.441       0.470       0.486       0.565       0.644       0.659       0.689
    POS              0.000       0.000       0.000       0.000       0.000       0.000       0.000
    NEG              0.000       0.000       0.000       0.000       0.000       0.000       0.000

 POS      WITH
    NEG              0.000       0.000       0.000       0.000       0.000       0.000       0.000
    HAP              0.000       0.000       0.000       0.000       0.000       0.000       0.000

 NEG      WITH
    HAP              0.000       0.000       0.000       0.000       0.000       0.000       0.000

 Intercepts
    MVS1             3.244       3.272       3.286       3.359       3.433       3.447       3.474
    MVS2             2.250       2.277       2.291       2.363       2.435       2.449       2.476
    MVS3             2.967       2.996       3.010       3.087       3.163       3.178       3.206
    MVS7             2.496       2.522       2.535       2.605       2.674       2.687       2.713
    MVS8             3.374       3.400       3.413       3.482       3.551       3.564       3.590
    MVS9             3.188       3.215       3.228       3.300       3.371       3.385       3.411
    MVS13            3.052       3.080       3.093       3.166       3.239       3.253       3.280
    MVS14            3.313       3.341       3.355       3.430       3.504       3.518       3.546
    MVS15            3.229       3.257       3.272       3.348       3.425       3.439       3.468
    MVS4O            2.973       2.999       3.012       3.081       3.150       3.164       3.189
    MVS5O            3.183       3.208       3.220       3.287       3.354       3.366       3.391
    MVS6O            2.674       2.700       2.712       2.780       2.847       2.860       2.885
    MVS10O           2.857       2.882       2.895       2.962       3.029       3.042       3.067
    MVS11O           2.328       2.352       2.365       2.430       2.495       2.507       2.531
    MVS12O           3.043       3.068       3.080       3.146       3.212       3.225       3.250
    MVS16O           3.552       3.577       3.589       3.655       3.721       3.734       3.759
    MVS17O           2.663       2.690       2.704       2.776       2.849       2.863       2.890
    MVS18O           3.167       3.191       3.204       3.269       3.334       3.347       3.371

 Variances
    SUC              1.000       1.000       1.000       1.000       1.000       1.000       1.000
    CEN              1.000       1.000       1.000       1.000       1.000       1.000       1.000
    HAP              1.000       1.000       1.000       1.000       1.000       1.000       1.000
    POS              1.000       1.000       1.000       1.000       1.000       1.000       1.000
    NEG              1.000       1.000       1.000       1.000       1.000       1.000       1.000

 Residual Variances
    MVS1             0.598       0.629       0.645       0.729       0.812       0.828       0.859
    MVS2             0.655       0.687       0.703       0.790       0.876       0.892       0.924
    MVS3             0.505       0.537       0.553       0.637       0.720       0.736       0.768
    MVS7             0.633       0.664       0.680       0.763       0.846       0.862       0.893
    MVS8             0.522       0.550       0.564       0.640       0.715       0.729       0.757
    MVS9             0.456       0.485       0.500       0.577       0.653       0.668       0.697
    MVS13            0.380       0.404       0.416       0.479       0.542       0.554       0.578
    MVS14            0.259       0.283       0.295       0.359       0.423       0.435       0.459
    MVS15            0.750       0.786       0.804       0.899       0.994       1.012       1.048
    MVS4O            0.519       0.547       0.562       0.636       0.711       0.725       0.753
    MVS5O            0.600       0.629       0.644       0.721       0.798       0.813       0.842
    MVS6O            0.465       0.490       0.504       0.573       0.642       0.655       0.681
    MVS10O           0.488       0.516       0.530       0.604       0.677       0.691       0.719
    MVS11O           0.655       0.686       0.702       0.783       0.865       0.881       0.912
    MVS12O           0.425       0.452       0.465       0.535       0.605       0.618       0.644
    MVS16O           0.598       0.626       0.641       0.717       0.793       0.808       0.836
    MVS17O           0.493       0.521       0.535       0.609       0.683       0.697       0.725
    MVS18O           0.449       0.473       0.485       0.549       0.613       0.625       0.649


MODEL COMMAND WITH FINAL ESTIMATES USED AS STARTING VALUES

     suc BY mvs1*0.54612 (l1);
     suc BY mvs2*0.44969 (l2);
     suc BY mvs3*0.69600 (l3);
     suc BY mvs4o*-0.51939 (l4);
     suc BY mvs5o*-0.34433 (l5);
     suc BY mvs6o*-0.53310 (l6);
     cen BY mvs7*0.37513 (l7);
     cen BY mvs8*0.50609 (l8);
     cen BY mvs9*0.62226 (l9);
     cen BY mvs10o*-0.49809 (l10);
     cen BY mvs11o*-0.09365 (l11);
     cen BY mvs12o*-0.53543 (l12);
     hap BY mvs13*0.72291 (l13);
     hap BY mvs14*0.83543 (l14);
     hap BY mvs15*0.47012 (l15);
     hap BY mvs16o*-0.32076 (l16);
     hap BY mvs17o*-0.63113 (l17);
     hap BY mvs18o*-0.50361 (l18);
     pos BY mvs1*0.27689 (p);
     pos BY mvs2*0.27689 (p);
     pos BY mvs3*0.27689 (p);
     pos BY mvs7*0.27689 (p);
     pos BY mvs8*0.27689 (p);
     pos BY mvs9*0.27689 (p);
     pos BY mvs13*0.27689 (p);
     pos BY mvs14*0.27689 (p);
     pos BY mvs15*0.27689 (p);
     neg BY mvs4o*0.26571 (n);
     neg BY mvs5o*0.26571 (n);
     neg BY mvs6o*0.26571 (n);
     neg BY mvs10o*0.26571 (n);
     neg BY mvs11o*0.26571 (n);
     neg BY mvs12o*0.26571 (n);
     neg BY mvs16o*0.26571 (n);
     neg BY mvs17o*0.26571 (n);
     neg BY mvs18o*0.26571 (n);

     suc WITH cen*0.76515;
     suc WITH hap*0.67782;
     suc WITH pos@0;
     suc WITH neg@0;
     cen WITH hap*0.56488;
     cen WITH pos@0;
     cen WITH neg@0;
     pos WITH neg@0;
     pos WITH hap@0;
     neg WITH hap@0;

     [ mvs1*3.35921 ];
     [ mvs2*2.36282 ];
     [ mvs3*3.08664 ];
     [ mvs7*2.60469 ];
     [ mvs8*3.48195 ];
     [ mvs9*3.29964 ];
     [ mvs13*3.16607 ];
     [ mvs14*3.42960 ];
     [ mvs15*3.34838 ];
     [ mvs4o*3.08123 ];
     [ mvs5o*3.28700 ];
     [ mvs6o*2.77978 ];
     [ mvs10o*2.96209 ];
     [ mvs11o*2.42960 ];
     [ mvs12o*3.14621 ];
     [ mvs16o*3.65523 ];
     [ mvs17o*2.77617 ];
     [ mvs18o*3.26895 ];

     mvs1*0.72871 (ev1);
     mvs2*0.78958 (ev2);
     mvs3*0.63660 (ev3);
     mvs7*0.76281 (ev7);
     mvs8*0.63967 (ev8);
     mvs9*0.57652 (ev9);
     mvs13*0.47892 (ev13);
     mvs14*0.35909 (ev14);
     mvs15*0.89899 (ev15);
     mvs4o*0.63636 (ev4);
     mvs5o*0.72085 (ev5);
     mvs6o*0.57264 (ev6);
     mvs10o*0.60356 (ev10);
     mvs11o*0.78343 (ev11);
     mvs12o*0.53477 (ev12);
     mvs16o*0.71701 (ev16);
     mvs17o*0.60910 (ev17);
     mvs18o*0.54921 (ev18);
     suc@1;
     cen@1;
     hap@1;
     pos@1;
     neg@1;



TECHNICAL 1 OUTPUT


     PARAMETER SPECIFICATION


           NU
              MVS1          MVS2          MVS3          MVS7          MVS8
              ________      ________      ________      ________      ________
                  1             2             3             4             5


           NU
              MVS9          MVS13         MVS14         MVS15         MVS4O
              ________      ________      ________      ________      ________
                  6             7             8             9            10


           NU
              MVS5O         MVS6O         MVS10O        MVS11O        MVS12O
              ________      ________      ________      ________      ________
                 11            12            13            14            15


           NU
              MVS16O        MVS17O        MVS18O
              ________      ________      ________
                 16            17            18


           LAMBDA
              SUC           CEN           HAP           POS           NEG
              ________      ________      ________      ________      ________
 MVS1              19             0             0            20             0
 MVS2              21             0             0            20             0
 MVS3              22             0             0            20             0
 MVS7               0            23             0            20             0
 MVS8               0            24             0            20             0
 MVS9               0            25             0            20             0
 MVS13              0             0            26            20             0
 MVS14              0             0            27            20             0
 MVS15              0             0            28            20             0
 MVS4O             29             0             0             0            30
 MVS5O             31             0             0             0            30
 MVS6O             32             0             0             0            30
 MVS10O             0            33             0             0            30
 MVS11O             0            34             0             0            30
 MVS12O             0            35             0             0            30
 MVS16O             0             0            36             0            30
 MVS17O             0             0            37             0            30
 MVS18O             0             0            38             0            30


           THETA
              MVS1          MVS2          MVS3          MVS7          MVS8
              ________      ________      ________      ________      ________
 MVS1              39
 MVS2               0            40
 MVS3               0             0            41
 MVS7               0             0             0            42
 MVS8               0             0             0             0            43
 MVS9               0             0             0             0             0
 MVS13              0             0             0             0             0
 MVS14              0             0             0             0             0
 MVS15              0             0             0             0             0
 MVS4O              0             0             0             0             0
 MVS5O              0             0             0             0             0
 MVS6O              0             0             0             0             0
 MVS10O             0             0             0             0             0
 MVS11O             0             0             0             0             0
 MVS12O             0             0             0             0             0
 MVS16O             0             0             0             0             0
 MVS17O             0             0             0             0             0
 MVS18O             0             0             0             0             0


           THETA
              MVS9          MVS13         MVS14         MVS15         MVS4O
              ________      ________      ________      ________      ________
 MVS9              44
 MVS13              0            45
 MVS14              0             0            46
 MVS15              0             0             0            47
 MVS4O              0             0             0             0            48
 MVS5O              0             0             0             0             0
 MVS6O              0             0             0             0             0
 MVS10O             0             0             0             0             0
 MVS11O             0             0             0             0             0
 MVS12O             0             0             0             0             0
 MVS16O             0             0             0             0             0
 MVS17O             0             0             0             0             0
 MVS18O             0             0             0             0             0


           THETA
              MVS5O         MVS6O         MVS10O        MVS11O        MVS12O
              ________      ________      ________      ________      ________
 MVS5O             49
 MVS6O              0            50
 MVS10O             0             0            51
 MVS11O             0             0             0            52
 MVS12O             0             0             0             0            53
 MVS16O             0             0             0             0             0
 MVS17O             0             0             0             0             0
 MVS18O             0             0             0             0             0


           THETA
              MVS16O        MVS17O        MVS18O
              ________      ________      ________
 MVS16O            54
 MVS17O             0            55
 MVS18O             0             0            56


           ALPHA
              SUC           CEN           HAP           POS           NEG
              ________      ________      ________      ________      ________
                  0             0             0             0             0


           BETA
              SUC           CEN           HAP           POS           NEG
              ________      ________      ________      ________      ________
 SUC                0             0             0             0             0
 CEN                0             0             0             0             0
 HAP                0             0             0             0             0
 POS                0             0             0             0             0
 NEG                0             0             0             0             0


           PSI
              SUC           CEN           HAP           POS           NEG
              ________      ________      ________      ________      ________
 SUC                0
 CEN               57             0
 HAP               58            59             0
 POS                0             0             0             0
 NEG                0             0             0             0             0


     STARTING VALUES


           NU
              MVS1          MVS2          MVS3          MVS7          MVS8
              ________      ________      ________      ________      ________
                3.359         2.363         3.087         2.605         3.482


           NU
              MVS9          MVS13         MVS14         MVS15         MVS4O
              ________      ________      ________      ________      ________
                3.300         3.166         3.430         3.348         3.081


           NU
              MVS5O         MVS6O         MVS10O        MVS11O        MVS12O
              ________      ________      ________      ________      ________
                3.287         2.780         2.962         2.430         3.146


           NU
              MVS16O        MVS17O        MVS18O
              ________      ________      ________
                3.655         2.776         3.269


           LAMBDA
              SUC           CEN           HAP           POS           NEG
              ________      ________      ________      ________      ________
 MVS1           1.000         0.000         0.000         1.000         0.000
 MVS2           1.000         0.000         0.000         1.000         0.000
 MVS3           1.000         0.000         0.000         1.000         0.000
 MVS7           0.000         1.000         0.000         1.000         0.000
 MVS8           0.000         1.000         0.000         1.000         0.000
 MVS9           0.000         1.000         0.000         1.000         0.000
 MVS13          0.000         0.000         1.000         1.000         0.000
 MVS14          0.000         0.000         1.000         1.000         0.000
 MVS15          0.000         0.000         1.000         1.000         0.000
 MVS4O          1.000         0.000         0.000         0.000         1.000
 MVS5O          1.000         0.000         0.000         0.000         1.000
 MVS6O          1.000         0.000         0.000         0.000         1.000
 MVS10O         0.000         1.000         0.000         0.000         1.000
 MVS11O         0.000         1.000         0.000         0.000         1.000
 MVS12O         0.000         1.000         0.000         0.000         1.000
 MVS16O         0.000         0.000         1.000         0.000         1.000
 MVS17O         0.000         0.000         1.000         0.000         1.000
 MVS18O         0.000         0.000         1.000         0.000         1.000


           THETA
              MVS1          MVS2          MVS3          MVS7          MVS8
              ________      ________      ________      ________      ________
 MVS1           0.541
 MVS2           0.000         0.534
 MVS3           0.000         0.000         0.596
 MVS7           0.000         0.000         0.000         0.482
 MVS8           0.000         0.000         0.000         0.000         0.491
 MVS9           0.000         0.000         0.000         0.000         0.000
 MVS13          0.000         0.000         0.000         0.000         0.000
 MVS14          0.000         0.000         0.000         0.000         0.000
 MVS15          0.000         0.000         0.000         0.000         0.000
 MVS4O          0.000         0.000         0.000         0.000         0.000
 MVS5O          0.000         0.000         0.000         0.000         0.000
 MVS6O          0.000         0.000         0.000         0.000         0.000
 MVS10O         0.000         0.000         0.000         0.000         0.000
 MVS11O         0.000         0.000         0.000         0.000         0.000
 MVS12O         0.000         0.000         0.000         0.000         0.000
 MVS16O         0.000         0.000         0.000         0.000         0.000
 MVS17O         0.000         0.000         0.000         0.000         0.000
 MVS18O         0.000         0.000         0.000         0.000         0.000


           THETA
              MVS9          MVS13         MVS14         MVS15         MVS4O
              ________      ________      ________      ________      ________
 MVS9           0.518
 MVS13          0.000         0.542
 MVS14          0.000         0.000         0.577
 MVS15          0.000         0.000         0.000         0.604
 MVS4O          0.000         0.000         0.000         0.000         0.490
 MVS5O          0.000         0.000         0.000         0.000         0.000
 MVS6O          0.000         0.000         0.000         0.000         0.000
 MVS10O         0.000         0.000         0.000         0.000         0.000
 MVS11O         0.000         0.000         0.000         0.000         0.000
 MVS12O         0.000         0.000         0.000         0.000         0.000
 MVS16O         0.000         0.000         0.000         0.000         0.000
 MVS17O         0.000         0.000         0.000         0.000         0.000
 MVS18O         0.000         0.000         0.000         0.000         0.000


           THETA
              MVS5O         MVS6O         MVS10O        MVS11O        MVS12O
              ________      ________      ________      ________      ________
 MVS5O          0.456
 MVS6O          0.000         0.469
 MVS10O         0.000         0.000         0.469
 MVS11O         0.000         0.000         0.000         0.428
 MVS12O         0.000         0.000         0.000         0.000         0.452
 MVS16O         0.000         0.000         0.000         0.000         0.000
 MVS17O         0.000         0.000         0.000         0.000         0.000
 MVS18O         0.000         0.000         0.000         0.000         0.000


           THETA
              MVS16O        MVS17O        MVS18O
              ________      ________      ________
 MVS16O         0.432
 MVS17O         0.000         0.529
 MVS18O         0.000         0.000         0.439


           ALPHA
              SUC           CEN           HAP           POS           NEG
              ________      ________      ________      ________      ________
                0.000         0.000         0.000         0.000         0.000


           BETA
              SUC           CEN           HAP           POS           NEG
              ________      ________      ________      ________      ________
 SUC            0.000         0.000         0.000         0.000         0.000
 CEN            0.000         0.000         0.000         0.000         0.000
 HAP            0.000         0.000         0.000         0.000         0.000
 POS            0.000         0.000         0.000         0.000         0.000
 NEG            0.000         0.000         0.000         0.000         0.000


           PSI
              SUC           CEN           HAP           POS           NEG
              ________      ________      ________      ________      ________
 SUC            1.000
 CEN            0.000         1.000
 HAP            0.000         0.000         1.000
 POS            0.000         0.000         0.000         1.000
 NEG            0.000         0.000         0.000         0.000         1.000


DIAGRAM INFORMATION

  Use View Diagram under the Diagram menu in the Mplus Editor to view the diagram.
  If running Mplus from the Mplus Diagrammer, the diagram opens automatically.

  Diagram output
    c:\users\jxb14\dropbox (personal)\consumeropinions\feb18oct18\18items\metric\singlegroup\05-t3posneg(ortho,unit)-met

     Beginning Time:  18:03:04
        Ending Time:  18:03:04
       Elapsed Time:  00:00:00



MUTHEN & MUTHEN
3463 Stoner Ave.
Los Angeles, CA  90066

Tel: (310) 391-9971
Fax: (310) 391-8971
Web: www.StatModel.com
Support: Support@StatModel.com

Copyright (c) 1998-2018 Muthen & Muthen
