Mplus VERSION 8.2
MUTHEN & MUTHEN
12/13/2018   6:04 PM

INPUT INSTRUCTIONS

  TITLE: cfa with metric data (18 items)
         2 correlated method factors for regular and reversed items

  DATA: file = mvs.dat;

  VARIABLE:
    names = idnum satopt ars ars01 im mvs1-mvs18;
    usevar = mvs1 mvs2 mvs3 mvs7 mvs8 mvs9 mvs13 mvs14 mvs15
             mvs4o mvs5o mvs6o mvs10o mvs11o mvs12o mvs16o mvs17o mvs18o;

    missing = all(-99);

  DEFINE:

    mvs4o=6-mvs4;
    mvs5o=6-mvs5;
    mvs6o=6-mvs6;
    mvs10o=6-mvs10;
    mvs11o=6-mvs11;
    mvs12o=6-mvs12;
    mvs16o=6-mvs16;
    mvs17o=6-mvs17;
    mvs18o=6-mvs18;

  ANALYSIS:

    ESTIMATOR=ML;

  MODEL:

       suc BY mvs1*0.58510 (l1);
       suc BY mvs2*0.52383 (l2);
       suc BY mvs3*0.73309 (l3);
       suc BY mvs4o*-0.50804 (l4);
       suc BY mvs5o*-0.34507 (l5);
       suc BY mvs6o*-0.52743 (l6);
       cen BY mvs7*0.43493 (l7);
       cen BY mvs8*0.59026 (l8);
       cen BY mvs9*0.66767 (l9);
       cen BY mvs10o*-0.46430 (l10);
       cen BY mvs11o*-0.11525 (l11);
       cen BY mvs12o*-0.51762 (l12);
       hap BY mvs13*0.75722 (l13);
       hap BY mvs14*0.87413 (l14);
       hap BY mvs15*0.52609 (l15);
       hap BY mvs16o*-0.34067 (l16);
       hap BY mvs17o*-0.63010 (l17);
       hap BY mvs18o*-0.54277 (l18);
       pos BY mvs1*0.05956;
       pos BY mvs2*0.12145;
       pos BY mvs3*0.01550;
       pos BY mvs7*0.09330;
       pos BY mvs8*0.11597;
       pos BY mvs9*0.03132;
       pos BY mvs13*0.14542;
       pos BY mvs14*0.23943;
       pos BY mvs15*0.17482;
       neg BY mvs4o*0.27887;
       neg BY mvs5o*0.26425;
       neg BY mvs6o*0.29117;
       neg BY mvs10o*0.39861;
       neg BY mvs11o*0.18591;
       neg BY mvs12o*0.31266;
       neg BY mvs16o*0.11758;
       neg BY mvs17o*0.12608;
       neg BY mvs18o*0.24600;

       suc WITH cen*0.78768;
       suc WITH hap*0.73782;
       suc WITH pos@0;
       suc WITH neg@0;
       cen WITH hap*0.64322;
       cen WITH pos@0;
       cen WITH neg@0;
       pos WITH neg*1;
       pos WITH hap@0;
       neg WITH hap@0;

       [ mvs1*3.35921 ];
       [ mvs2*2.36282 ];
       [ mvs3*3.08664 ];
       [ mvs7*2.60469 ];
       [ mvs8*3.48195 ];
       [ mvs9*3.29964 ];
       [ mvs13*3.16607 ];
       [ mvs14*3.42960 ];
       [ mvs15*3.34838 ];
       [ mvs4o*3.08123 ];
       [ mvs5o*3.28700 ];
       [ mvs6o*2.77978 ];
       [ mvs10o*2.96209 ];
       [ mvs11o*2.42960 ];
       [ mvs12o*3.14621 ];
       [ mvs16o*3.65523 ];
       [ mvs17o*2.77617 ];
       [ mvs18o*3.26895 ];

       mvs1*0.73626 (ev1);
       mvs2*0.77954 (ev2);
       mvs3*0.65335 (ev3);
       mvs7*0.76681 (ev7);
       mvs8*0.62064 (ev8);
       mvs9*0.58980 (ev9);
       mvs13*0.48978 (ev13);
       mvs14*0.33336 (ev14);
       mvs15*0.90161 (ev15);
       mvs4o*0.64489 (ev4);
       mvs5o*0.72331 (ev5);
       mvs6o*0.57407 (ev6);
       mvs10o*0.56452 (ev10);
       mvs11o*0.80731 (ev11);
       mvs12o*0.53891 (ev12);
       mvs16o*0.73500 (ev16);
       mvs17o*0.64525 (ev17);
       mvs18o*0.52378 (ev18);
       suc@1;
       cen@1;
       hap@1;
       pos@1;
       neg@1;

  OUTPUT: TECH1 MOD (3.84) svalues CINTERVAL standardized;





INPUT READING TERMINATED NORMALLY



cfa with metric data (18 items)
2 correlated method factors for regular and reversed items

SUMMARY OF ANALYSIS

Number of groups                                                 1
Number of observations                                         554

Number of dependent variables                                   18
Number of independent variables                                  0
Number of continuous latent variables                            5

Observed dependent variables

  Continuous
   MVS1        MVS2        MVS3        MVS7        MVS8        MVS9
   MVS13       MVS14       MVS15       MVS4O       MVS5O       MVS6O
   MVS10O      MVS11O      MVS12O      MVS16O      MVS17O      MVS18O

Continuous latent variables
   SUC         CEN         HAP         POS         NEG


Estimator                                                       ML
Information matrix                                        OBSERVED
Maximum number of iterations                                  1000
Convergence criterion                                    0.500D-04
Maximum number of steepest descent iterations                   20
Maximum number of iterations for H1                           2000
Convergence criterion for H1                             0.100D-03

Input data file(s)
  mvs.dat

Input data format  FREE


SUMMARY OF DATA

     Number of missing data patterns             1


COVARIANCE COVERAGE OF DATA

Minimum covariance coverage value   0.100


     PROPORTION OF DATA PRESENT


           Covariance Coverage
              MVS1          MVS2          MVS3          MVS7          MVS8
              ________      ________      ________      ________      ________
 MVS1           1.000
 MVS2           1.000         1.000
 MVS3           1.000         1.000         1.000
 MVS7           1.000         1.000         1.000         1.000
 MVS8           1.000         1.000         1.000         1.000         1.000
 MVS9           1.000         1.000         1.000         1.000         1.000
 MVS13          1.000         1.000         1.000         1.000         1.000
 MVS14          1.000         1.000         1.000         1.000         1.000
 MVS15          1.000         1.000         1.000         1.000         1.000
 MVS4O          1.000         1.000         1.000         1.000         1.000
 MVS5O          1.000         1.000         1.000         1.000         1.000
 MVS6O          1.000         1.000         1.000         1.000         1.000
 MVS10O         1.000         1.000         1.000         1.000         1.000
 MVS11O         1.000         1.000         1.000         1.000         1.000
 MVS12O         1.000         1.000         1.000         1.000         1.000
 MVS16O         1.000         1.000         1.000         1.000         1.000
 MVS17O         1.000         1.000         1.000         1.000         1.000
 MVS18O         1.000         1.000         1.000         1.000         1.000


           Covariance Coverage
              MVS9          MVS13         MVS14         MVS15         MVS4O
              ________      ________      ________      ________      ________
 MVS9           1.000
 MVS13          1.000         1.000
 MVS14          1.000         1.000         1.000
 MVS15          1.000         1.000         1.000         1.000
 MVS4O          1.000         1.000         1.000         1.000         1.000
 MVS5O          1.000         1.000         1.000         1.000         1.000
 MVS6O          1.000         1.000         1.000         1.000         1.000
 MVS10O         1.000         1.000         1.000         1.000         1.000
 MVS11O         1.000         1.000         1.000         1.000         1.000
 MVS12O         1.000         1.000         1.000         1.000         1.000
 MVS16O         1.000         1.000         1.000         1.000         1.000
 MVS17O         1.000         1.000         1.000         1.000         1.000
 MVS18O         1.000         1.000         1.000         1.000         1.000


           Covariance Coverage
              MVS5O         MVS6O         MVS10O        MVS11O        MVS12O
              ________      ________      ________      ________      ________
 MVS5O          1.000
 MVS6O          1.000         1.000
 MVS10O         1.000         1.000         1.000
 MVS11O         1.000         1.000         1.000         1.000
 MVS12O         1.000         1.000         1.000         1.000         1.000
 MVS16O         1.000         1.000         1.000         1.000         1.000
 MVS17O         1.000         1.000         1.000         1.000         1.000
 MVS18O         1.000         1.000         1.000         1.000         1.000


           Covariance Coverage
              MVS16O        MVS17O        MVS18O
              ________      ________      ________
 MVS16O         1.000
 MVS17O         1.000         1.000
 MVS18O         1.000         1.000         1.000



UNIVARIATE SAMPLE STATISTICS


     UNIVARIATE HIGHER-ORDER MOMENT DESCRIPTIVE STATISTICS

         Variable/         Mean/     Skewness/   Minimum/ % with                Percentiles
        Sample Size      Variance    Kurtosis    Maximum  Min/Max      20%/60%    40%/80%    Median

     MVS1                  3.359      -0.412       1.000    3.97%       2.000      3.000      4.000
             554.000       1.082      -0.647       5.000   10.47%       4.000      4.000
     MVS2                  2.363       0.467       1.000   20.76%       1.000      2.000      2.000
             554.000       1.069      -0.629       5.000    1.62%       2.000      3.000
     MVS3                  3.087      -0.280       1.000    7.94%       2.000      3.000      3.000
             554.000       1.191      -0.959       5.000    5.60%       4.000      4.000
     MVS7                  2.605       0.467       1.000    9.39%       2.000      2.000      2.000
             554.000       0.965      -0.413       5.000    3.25%       3.000      4.000
     MVS8                  3.482      -0.467       1.000    2.17%       2.000      3.000      4.000
             554.000       0.983      -0.535       5.000   12.09%       4.000      4.000
     MVS9                  3.300      -0.214       1.000    3.07%       2.000      3.000      3.000
             554.000       1.037      -0.735       5.000   10.29%       4.000      4.000
     MVS13                 3.166      -0.172       1.000    3.61%       2.000      3.000      3.000
             554.000       1.084      -1.048       5.000    6.68%       4.000      4.000
     MVS14                 3.430      -0.350       1.000    2.89%       2.000      3.000      4.000
             554.000       1.155      -0.845       5.000   14.62%       4.000      4.000
     MVS15                 3.348      -0.362       1.000    4.51%       2.000      3.000      4.000
             554.000       1.209      -0.851       5.000   12.45%       4.000      4.000
     MVS4O                 3.081       0.105       1.000    1.81%       2.000      3.000      3.000
             554.000       0.981      -1.057       5.000    6.14%       3.000      4.000
     MVS5O                 3.287      -0.201       1.000    1.62%       2.000      3.000      3.000
             554.000       0.912      -0.811       5.000    7.40%       4.000      4.000
     MVS6O                 2.780       0.344       1.000    4.33%       2.000      2.000      3.000
             554.000       0.937      -0.916       5.000    2.71%       3.000      4.000
     MVS10O                2.962       0.064       1.000    3.43%       2.000      3.000      3.000
             554.000       0.939      -1.024       5.000    3.25%       3.000      4.000
     MVS11O                2.430       0.652       1.000   10.83%       2.000      2.000      2.000
             554.000       0.855      -0.191       5.000    1.44%       2.000      3.000
     MVS12O                3.146      -0.043       1.000    1.99%       2.000      3.000      3.000
             554.000       0.905      -0.873       5.000    5.60%       4.000      4.000
     MVS16O                3.655      -0.733       1.000    1.81%       3.000      4.000      4.000
             554.000       0.865       0.120       5.000   14.08%       4.000      4.000
     MVS17O                2.776       0.418       1.000    5.78%       2.000      2.000      2.500
             554.000       1.058      -0.772       5.000    5.05%       3.000      4.000
     MVS18O                3.269      -0.203       1.000    1.44%       2.000      3.000      3.000
             554.000       0.879      -0.831       5.000    6.32%       4.000      4.000


THE MODEL ESTIMATION TERMINATED NORMALLY



MODEL FIT INFORMATION

Number of Free Parameters                       76

Loglikelihood

          H0 Value                      -13028.563
          H1 Value                      -12930.493

Information Criteria

          Akaike (AIC)                   26209.127
          Bayesian (BIC)                 26537.231
          Sample-Size Adjusted BIC       26295.973
            (n* = (n + 2) / 24)

Chi-Square Test of Model Fit

          Value                            196.141
          Degrees of Freedom                   113
          P-Value                           0.0000

RMSEA (Root Mean Square Error Of Approximation)

          Estimate                           0.036
          90 Percent C.I.                    0.028  0.045
          Probability RMSEA <= .05           0.997

CFI/TLI

          CFI                                0.964
          TLI                                0.951

Chi-Square Test of Model Fit for the Baseline Model

          Value                           2440.337
          Degrees of Freedom                   153
          P-Value                           0.0000

SRMR (Standardized Root Mean Square Residual)

          Value                              0.033



MODEL RESULTS

                                                    Two-Tailed
                    Estimate       S.E.  Est./S.E.    P-Value

 SUC      BY
    MVS1               0.585      0.069      8.507      0.000
    MVS2               0.322      0.083      3.902      0.000
    MVS3               0.599      0.081      7.421      0.000
    MVS4O             -0.429      0.055     -7.859      0.000
    MVS5O             -0.299      0.054     -5.513      0.000
    MVS6O             -0.330      0.063     -5.213      0.000

 CEN      BY
    MVS7               0.293      0.089      3.299      0.001
    MVS8               0.056      0.196      0.288      0.773
    MVS9               0.645      0.131      4.939      0.000
    MVS10O            -0.284      0.076     -3.749      0.000
    MVS11O             0.027      0.067      0.404      0.687
    MVS12O            -0.288      0.093     -3.097      0.002

 HAP      BY
    MVS13              0.667      0.059     11.232      0.000
    MVS14              0.769      0.057     13.555      0.000
    MVS15              0.383      0.061      6.311      0.000
    MVS16O            -0.307      0.048     -6.447      0.000
    MVS17O            -0.592      0.049    -12.192      0.000
    MVS18O            -0.376      0.056     -6.779      0.000

 POS      BY
    MVS1               0.263      0.091      2.906      0.004
    MVS2               0.407      0.077      5.255      0.000
    MVS3               0.455      0.090      5.084      0.000
    MVS7               0.323      0.071      4.551      0.000
    MVS8               0.778      0.134      5.798      0.000
    MVS9               0.427      0.131      3.246      0.001
    MVS13              0.395      0.080      4.956      0.000
    MVS14              0.450      0.079      5.717      0.000
    MVS15              0.400      0.065      6.168      0.000

 NEG      BY
    MVS4O              0.391      0.056      7.007      0.000
    MVS5O              0.292      0.053      5.504      0.000
    MVS6O              0.517      0.053      9.715      0.000
    MVS10O             0.520      0.057      9.196      0.000
    MVS11O             0.250      0.056      4.497      0.000
    MVS12O             0.535      0.062      8.627      0.000
    MVS16O             0.194      0.052      3.723      0.000
    MVS17O             0.322      0.059      5.446      0.000
    MVS18O             0.455      0.055      8.310      0.000

 SUC      WITH
    CEN                0.599      0.101      5.923      0.000
    HAP                0.580      0.071      8.129      0.000
    POS                0.000      0.000    999.000    999.000
    NEG                0.000      0.000    999.000    999.000

 CEN      WITH
    HAP                0.367      0.117      3.151      0.002
    POS                0.000      0.000    999.000    999.000
    NEG                0.000      0.000    999.000    999.000

 POS      WITH
    NEG               -0.586      0.079     -7.410      0.000
    HAP                0.000      0.000    999.000    999.000

 NEG      WITH
    HAP                0.000      0.000    999.000    999.000

 Intercepts
    MVS1               3.359      0.044     75.956      0.000
    MVS2               2.363      0.044     53.767      0.000
    MVS3               3.087      0.046     66.501      0.000
    MVS7               2.605      0.042     62.381      0.000
    MVS8               3.482      0.042     82.656      0.000
    MVS9               3.300      0.043     76.152      0.000
    MVS13              3.166      0.044     71.730      0.000
    MVS14              3.430      0.046     75.334      0.000
    MVS15              3.348      0.047     71.764      0.000
    MVS4O              3.081      0.042     73.344      0.000
    MVS5O              3.287      0.041     81.074      0.000
    MVS6O              2.780      0.041     67.700      0.000
    MVS10O             2.962      0.041     72.030      0.000
    MVS11O             2.430      0.039     61.836      0.000
    MVS12O             3.146      0.040     77.956      0.000
    MVS16O             3.655      0.040     92.423      0.000
    MVS17O             2.776      0.044     63.365      0.000
    MVS18O             3.269      0.040     81.852      0.000

 Variances
    SUC                1.000      0.000    999.000    999.000
    CEN                1.000      0.000    999.000    999.000
    HAP                1.000      0.000    999.000    999.000
    POS                1.000      0.000    999.000    999.000
    NEG                1.000      0.000    999.000    999.000

 Residual Variances
    MVS1               0.672      0.060     11.266      0.000
    MVS2               0.801      0.054     14.791      0.000
    MVS3               0.628      0.053     11.913      0.000
    MVS7               0.776      0.052     14.809      0.000
    MVS8               0.374      0.190      1.974      0.048
    MVS9               0.442      0.102      4.311      0.000
    MVS13              0.479      0.040     12.114      0.000
    MVS14              0.355      0.041      8.716      0.000
    MVS15              0.900      0.058     15.397      0.000
    MVS4O              0.641      0.046     13.854      0.000
    MVS5O              0.736      0.048     15.464      0.000
    MVS6O              0.558      0.043     13.126      0.000
    MVS10O             0.586      0.045     13.121      0.000
    MVS11O             0.792      0.052     15.147      0.000
    MVS12O             0.534      0.043     12.550      0.000
    MVS16O             0.735      0.046     15.869      0.000
    MVS17O             0.610      0.047     12.888      0.000
    MVS18O             0.535      0.039     13.623      0.000


STANDARDIZED MODEL RESULTS


STDYX Standardization

                                                    Two-Tailed
                    Estimate       S.E.  Est./S.E.    P-Value

 SUC      BY
    MVS1               0.562      0.061      9.184      0.000
    MVS2               0.311      0.079      3.962      0.000
    MVS3               0.548      0.070      7.782      0.000
    MVS4O             -0.433      0.052     -8.413      0.000
    MVS5O             -0.313      0.055     -5.720      0.000
    MVS6O             -0.342      0.064     -5.340      0.000

 CEN      BY
    MVS7               0.298      0.089      3.342      0.001
    MVS8               0.057      0.197      0.288      0.773
    MVS9               0.633      0.125      5.042      0.000
    MVS10O            -0.293      0.077     -3.800      0.000
    MVS11O             0.029      0.072      0.404      0.686
    MVS12O            -0.303      0.097     -3.124      0.002

 HAP      BY
    MVS13              0.642      0.051     12.499      0.000
    MVS14              0.718      0.046     15.463      0.000
    MVS15              0.349      0.053      6.580      0.000
    MVS16O            -0.329      0.048     -6.802      0.000
    MVS17O            -0.574      0.040    -14.458      0.000
    MVS18O            -0.401      0.056     -7.096      0.000

 POS      BY
    MVS1               0.253      0.086      2.936      0.003
    MVS2               0.393      0.072      5.446      0.000
    MVS3               0.417      0.080      5.237      0.000
    MVS7               0.328      0.070      4.670      0.000
    MVS8               0.785      0.132      5.932      0.000
    MVS9               0.419      0.128      3.281      0.001
    MVS13              0.380      0.075      5.084      0.000
    MVS14              0.420      0.071      5.902      0.000
    MVS15              0.364      0.056      6.471      0.000

 NEG      BY
    MVS4O              0.395      0.053      7.397      0.000
    MVS5O              0.306      0.054      5.709      0.000
    MVS6O              0.535      0.049     10.817      0.000
    MVS10O             0.537      0.053     10.115      0.000
    MVS11O             0.270      0.059      4.621      0.000
    MVS12O             0.563      0.060      9.350      0.000
    MVS16O             0.209      0.055      3.792      0.000
    MVS17O             0.312      0.055      5.627      0.000
    MVS18O             0.484      0.054      8.987      0.000

 SUC      WITH
    CEN                0.599      0.101      5.923      0.000
    HAP                0.580      0.071      8.129      0.000
    POS                0.000      0.000    999.000    999.000
    NEG                0.000      0.000    999.000    999.000

 CEN      WITH
    HAP                0.367      0.117      3.151      0.002
    POS                0.000      0.000    999.000    999.000
    NEG                0.000      0.000    999.000    999.000

 POS      WITH
    NEG               -0.586      0.079     -7.410      0.000
    HAP                0.000      0.000    999.000    999.000

 NEG      WITH
    HAP                0.000      0.000    999.000    999.000

 Intercepts
    MVS1               3.227      0.106     30.479      0.000
    MVS2               2.284      0.081     28.295      0.000
    MVS3               2.825      0.095     29.777      0.000
    MVS7               2.650      0.090     29.342      0.000
    MVS8               3.512      0.114     30.852      0.000
    MVS9               3.235      0.106     30.439      0.000
    MVS13              3.048      0.100     30.448      0.000
    MVS14              3.201      0.104     30.812      0.000
    MVS15              3.049      0.101     30.292      0.000
    MVS4O              3.116      0.102     30.431      0.000
    MVS5O              3.444      0.112     30.851      0.000
    MVS6O              2.876      0.096     29.992      0.000
    MVS10O             3.060      0.101     30.304      0.000
    MVS11O             2.627      0.090     29.307      0.000
    MVS12O             3.312      0.108     30.715      0.000
    MVS16O             3.927      0.125     31.289      0.000
    MVS17O             2.692      0.091     29.497      0.000
    MVS18O             3.478      0.113     30.887      0.000

 Variances
    SUC                1.000      0.000    999.000    999.000
    CEN                1.000      0.000    999.000    999.000
    HAP                1.000      0.000    999.000    999.000
    POS                1.000      0.000    999.000    999.000
    NEG                1.000      0.000    999.000    999.000

 Residual Variances
    MVS1               0.620      0.052     11.910      0.000
    MVS2               0.748      0.040     18.801      0.000
    MVS3               0.526      0.044     12.046      0.000
    MVS7               0.804      0.039     20.513      0.000
    MVS8               0.381      0.193      1.976      0.048
    MVS9               0.425      0.099      4.272      0.000
    MVS13              0.443      0.037     11.830      0.000
    MVS14              0.309      0.037      8.297      0.000
    MVS15              0.746      0.037     20.275      0.000
    MVS4O              0.656      0.042     15.588      0.000
    MVS5O              0.809      0.036     22.660      0.000
    MVS6O              0.598      0.043     14.013      0.000
    MVS10O             0.626      0.044     14.274      0.000
    MVS11O             0.926      0.033     27.802      0.000
    MVS12O             0.591      0.045     13.241      0.000
    MVS16O             0.848      0.033     25.923      0.000
    MVS17O             0.573      0.043     13.298      0.000
    MVS18O             0.605      0.042     14.566      0.000


STDY Standardization

                                                    Two-Tailed
                    Estimate       S.E.  Est./S.E.    P-Value

 SUC      BY
    MVS1               0.562      0.061      9.184      0.000
    MVS2               0.311      0.079      3.962      0.000
    MVS3               0.548      0.070      7.782      0.000
    MVS4O             -0.433      0.052     -8.413      0.000
    MVS5O             -0.313      0.055     -5.720      0.000
    MVS6O             -0.342      0.064     -5.340      0.000

 CEN      BY
    MVS7               0.298      0.089      3.342      0.001
    MVS8               0.057      0.197      0.288      0.773
    MVS9               0.633      0.125      5.042      0.000
    MVS10O            -0.293      0.077     -3.800      0.000
    MVS11O             0.029      0.072      0.404      0.686
    MVS12O            -0.303      0.097     -3.124      0.002

 HAP      BY
    MVS13              0.642      0.051     12.499      0.000
    MVS14              0.718      0.046     15.463      0.000
    MVS15              0.349      0.053      6.580      0.000
    MVS16O            -0.329      0.048     -6.802      0.000
    MVS17O            -0.574      0.040    -14.458      0.000
    MVS18O            -0.401      0.056     -7.096      0.000

 POS      BY
    MVS1               0.253      0.086      2.936      0.003
    MVS2               0.393      0.072      5.446      0.000
    MVS3               0.417      0.080      5.237      0.000
    MVS7               0.328      0.070      4.670      0.000
    MVS8               0.785      0.132      5.932      0.000
    MVS9               0.419      0.128      3.281      0.001
    MVS13              0.380      0.075      5.084      0.000
    MVS14              0.420      0.071      5.902      0.000
    MVS15              0.364      0.056      6.471      0.000

 NEG      BY
    MVS4O              0.395      0.053      7.397      0.000
    MVS5O              0.306      0.054      5.709      0.000
    MVS6O              0.535      0.049     10.817      0.000
    MVS10O             0.537      0.053     10.115      0.000
    MVS11O             0.270      0.059      4.621      0.000
    MVS12O             0.563      0.060      9.350      0.000
    MVS16O             0.209      0.055      3.792      0.000
    MVS17O             0.312      0.055      5.627      0.000
    MVS18O             0.484      0.054      8.987      0.000

 SUC      WITH
    CEN                0.599      0.101      5.923      0.000
    HAP                0.580      0.071      8.129      0.000
    POS                0.000      0.000    999.000    999.000
    NEG                0.000      0.000    999.000    999.000

 CEN      WITH
    HAP                0.367      0.117      3.151      0.002
    POS                0.000      0.000    999.000    999.000
    NEG                0.000      0.000    999.000    999.000

 POS      WITH
    NEG               -0.586      0.079     -7.410      0.000
    HAP                0.000      0.000    999.000    999.000

 NEG      WITH
    HAP                0.000      0.000    999.000    999.000

 Intercepts
    MVS1               3.227      0.106     30.479      0.000
    MVS2               2.284      0.081     28.295      0.000
    MVS3               2.825      0.095     29.777      0.000
    MVS7               2.650      0.090     29.342      0.000
    MVS8               3.512      0.114     30.852      0.000
    MVS9               3.235      0.106     30.439      0.000
    MVS13              3.048      0.100     30.448      0.000
    MVS14              3.201      0.104     30.812      0.000
    MVS15              3.049      0.101     30.292      0.000
    MVS4O              3.116      0.102     30.431      0.000
    MVS5O              3.444      0.112     30.851      0.000
    MVS6O              2.876      0.096     29.992      0.000
    MVS10O             3.060      0.101     30.304      0.000
    MVS11O             2.627      0.090     29.307      0.000
    MVS12O             3.312      0.108     30.715      0.000
    MVS16O             3.927      0.125     31.289      0.000
    MVS17O             2.692      0.091     29.497      0.000
    MVS18O             3.478      0.113     30.887      0.000

 Variances
    SUC                1.000      0.000    999.000    999.000
    CEN                1.000      0.000    999.000    999.000
    HAP                1.000      0.000    999.000    999.000
    POS                1.000      0.000    999.000    999.000
    NEG                1.000      0.000    999.000    999.000

 Residual Variances
    MVS1               0.620      0.052     11.910      0.000
    MVS2               0.748      0.040     18.801      0.000
    MVS3               0.526      0.044     12.046      0.000
    MVS7               0.804      0.039     20.513      0.000
    MVS8               0.381      0.193      1.976      0.048
    MVS9               0.425      0.099      4.272      0.000
    MVS13              0.443      0.037     11.830      0.000
    MVS14              0.309      0.037      8.297      0.000
    MVS15              0.746      0.037     20.275      0.000
    MVS4O              0.656      0.042     15.588      0.000
    MVS5O              0.809      0.036     22.660      0.000
    MVS6O              0.598      0.043     14.013      0.000
    MVS10O             0.626      0.044     14.274      0.000
    MVS11O             0.926      0.033     27.802      0.000
    MVS12O             0.591      0.045     13.241      0.000
    MVS16O             0.848      0.033     25.923      0.000
    MVS17O             0.573      0.043     13.298      0.000
    MVS18O             0.605      0.042     14.566      0.000


STD Standardization

                                                    Two-Tailed
                    Estimate       S.E.  Est./S.E.    P-Value

 SUC      BY
    MVS1               0.585      0.069      8.507      0.000
    MVS2               0.322      0.083      3.902      0.000
    MVS3               0.599      0.081      7.421      0.000
    MVS4O             -0.429      0.055     -7.859      0.000
    MVS5O             -0.299      0.054     -5.513      0.000
    MVS6O             -0.330      0.063     -5.213      0.000

 CEN      BY
    MVS7               0.293      0.089      3.299      0.001
    MVS8               0.056      0.196      0.288      0.773
    MVS9               0.645      0.131      4.939      0.000
    MVS10O            -0.284      0.076     -3.749      0.000
    MVS11O             0.027      0.067      0.404      0.687
    MVS12O            -0.288      0.093     -3.097      0.002

 HAP      BY
    MVS13              0.667      0.059     11.232      0.000
    MVS14              0.769      0.057     13.555      0.000
    MVS15              0.383      0.061      6.311      0.000
    MVS16O            -0.307      0.048     -6.447      0.000
    MVS17O            -0.592      0.049    -12.192      0.000
    MVS18O            -0.376      0.056     -6.779      0.000

 POS      BY
    MVS1               0.263      0.091      2.906      0.004
    MVS2               0.407      0.077      5.255      0.000
    MVS3               0.455      0.090      5.084      0.000
    MVS7               0.323      0.071      4.551      0.000
    MVS8               0.778      0.134      5.798      0.000
    MVS9               0.427      0.131      3.246      0.001
    MVS13              0.395      0.080      4.956      0.000
    MVS14              0.450      0.079      5.717      0.000
    MVS15              0.400      0.065      6.168      0.000

 NEG      BY
    MVS4O              0.391      0.056      7.007      0.000
    MVS5O              0.292      0.053      5.504      0.000
    MVS6O              0.517      0.053      9.715      0.000
    MVS10O             0.520      0.057      9.196      0.000
    MVS11O             0.250      0.056      4.497      0.000
    MVS12O             0.535      0.062      8.627      0.000
    MVS16O             0.194      0.052      3.723      0.000
    MVS17O             0.322      0.059      5.446      0.000
    MVS18O             0.455      0.055      8.310      0.000

 SUC      WITH
    CEN                0.599      0.101      5.923      0.000
    HAP                0.580      0.071      8.129      0.000
    POS                0.000      0.000    999.000    999.000
    NEG                0.000      0.000    999.000    999.000

 CEN      WITH
    HAP                0.367      0.117      3.151      0.002
    POS                0.000      0.000    999.000    999.000
    NEG                0.000      0.000    999.000    999.000

 POS      WITH
    NEG               -0.586      0.079     -7.410      0.000
    HAP                0.000      0.000    999.000    999.000

 NEG      WITH
    HAP                0.000      0.000    999.000    999.000

 Intercepts
    MVS1               3.359      0.044     75.956      0.000
    MVS2               2.363      0.044     53.767      0.000
    MVS3               3.087      0.046     66.501      0.000
    MVS7               2.605      0.042     62.381      0.000
    MVS8               3.482      0.042     82.656      0.000
    MVS9               3.300      0.043     76.152      0.000
    MVS13              3.166      0.044     71.730      0.000
    MVS14              3.430      0.046     75.334      0.000
    MVS15              3.348      0.047     71.764      0.000
    MVS4O              3.081      0.042     73.344      0.000
    MVS5O              3.287      0.041     81.074      0.000
    MVS6O              2.780      0.041     67.700      0.000
    MVS10O             2.962      0.041     72.030      0.000
    MVS11O             2.430      0.039     61.836      0.000
    MVS12O             3.146      0.040     77.956      0.000
    MVS16O             3.655      0.040     92.423      0.000
    MVS17O             2.776      0.044     63.365      0.000
    MVS18O             3.269      0.040     81.852      0.000

 Variances
    SUC                1.000      0.000    999.000    999.000
    CEN                1.000      0.000    999.000    999.000
    HAP                1.000      0.000    999.000    999.000
    POS                1.000      0.000    999.000    999.000
    NEG                1.000      0.000    999.000    999.000

 Residual Variances
    MVS1               0.672      0.060     11.266      0.000
    MVS2               0.801      0.054     14.791      0.000
    MVS3               0.628      0.053     11.913      0.000
    MVS7               0.776      0.052     14.809      0.000
    MVS8               0.374      0.190      1.974      0.048
    MVS9               0.442      0.102      4.311      0.000
    MVS13              0.479      0.040     12.114      0.000
    MVS14              0.355      0.041      8.716      0.000
    MVS15              0.900      0.058     15.397      0.000
    MVS4O              0.641      0.046     13.854      0.000
    MVS5O              0.736      0.048     15.464      0.000
    MVS6O              0.558      0.043     13.126      0.000
    MVS10O             0.586      0.045     13.121      0.000
    MVS11O             0.792      0.052     15.147      0.000
    MVS12O             0.534      0.043     12.550      0.000
    MVS16O             0.735      0.046     15.869      0.000
    MVS17O             0.610      0.047     12.888      0.000
    MVS18O             0.535      0.039     13.623      0.000


R-SQUARE

    Observed                                        Two-Tailed
    Variable        Estimate       S.E.  Est./S.E.    P-Value

    MVS1               0.380      0.052      7.306      0.000
    MVS2               0.252      0.040      6.323      0.000
    MVS3               0.474      0.044     10.858      0.000
    MVS7               0.196      0.039      5.016      0.000
    MVS8               0.619      0.193      3.215      0.001
    MVS9               0.575      0.099      5.787      0.000
    MVS13              0.557      0.037     14.848      0.000
    MVS14              0.691      0.037     18.569      0.000
    MVS15              0.254      0.037      6.908      0.000
    MVS4O              0.344      0.042      8.174      0.000
    MVS5O              0.191      0.036      5.361      0.000
    MVS6O              0.402      0.043      9.438      0.000
    MVS10O             0.374      0.044      8.538      0.000
    MVS11O             0.074      0.033      2.222      0.026
    MVS12O             0.409      0.045      9.148      0.000
    MVS16O             0.152      0.033      4.649      0.000
    MVS17O             0.427      0.043      9.903      0.000
    MVS18O             0.395      0.042      9.511      0.000


QUALITY OF NUMERICAL RESULTS

     Condition Number for the Information Matrix              0.220E-02
       (ratio of smallest to largest eigenvalue)


CONFIDENCE INTERVALS OF MODEL RESULTS

                  Lower .5%  Lower 2.5%    Lower 5%    Estimate    Upper 5%  Upper 2.5%   Upper .5%

 SUC      BY
    MVS1             0.408       0.451       0.472       0.585       0.699       0.720       0.763
    MVS2             0.109       0.160       0.186       0.322       0.458       0.484       0.535
    MVS3             0.391       0.441       0.466       0.599       0.731       0.757       0.806
    MVS4O           -0.569      -0.535      -0.518      -0.429      -0.339      -0.322      -0.288
    MVS5O           -0.438      -0.405      -0.388      -0.299      -0.210      -0.193      -0.159
    MVS6O           -0.493      -0.454      -0.434      -0.330      -0.226      -0.206      -0.167

 CEN      BY
    MVS7             0.064       0.119       0.147       0.293       0.438       0.466       0.521
    MVS8            -0.447      -0.327      -0.265       0.056       0.378       0.440       0.560
    MVS9             0.309       0.389       0.430       0.645       0.860       0.901       0.982
    MVS10O          -0.479      -0.432      -0.408      -0.284      -0.159      -0.135      -0.089
    MVS11O          -0.146      -0.104      -0.083       0.027       0.137       0.158       0.200
    MVS12O          -0.527      -0.470      -0.441      -0.288      -0.135      -0.106      -0.048

 HAP      BY
    MVS13            0.514       0.551       0.569       0.667       0.765       0.783       0.820
    MVS14            0.623       0.658       0.676       0.769       0.862       0.880       0.915
    MVS15            0.227       0.264       0.283       0.383       0.483       0.502       0.539
    MVS16O          -0.429      -0.400      -0.385      -0.307      -0.228      -0.213      -0.184
    MVS17O          -0.717      -0.687      -0.672      -0.592      -0.512      -0.497      -0.467
    MVS18O          -0.520      -0.485      -0.468      -0.376      -0.285      -0.268      -0.233

 POS      BY
    MVS1             0.030       0.086       0.114       0.263       0.412       0.441       0.497
    MVS2             0.207       0.255       0.279       0.407       0.534       0.558       0.606
    MVS3             0.225       0.280       0.308       0.455       0.603       0.631       0.686
    MVS7             0.140       0.184       0.206       0.323       0.439       0.462       0.505
    MVS8             0.433       0.515       0.557       0.778       0.999       1.041       1.124
    MVS9             0.088       0.169       0.211       0.427       0.643       0.685       0.765
    MVS13            0.190       0.239       0.264       0.395       0.526       0.551       0.600
    MVS14            0.247       0.296       0.320       0.450       0.579       0.604       0.652
    MVS15            0.233       0.273       0.293       0.400       0.507       0.527       0.567

 NEG      BY
    MVS4O            0.247       0.281       0.299       0.391       0.482       0.500       0.534
    MVS5O            0.155       0.188       0.204       0.292       0.379       0.395       0.428
    MVS6O            0.380       0.412       0.429       0.517       0.604       0.621       0.654
    MVS10O           0.374       0.409       0.427       0.520       0.613       0.630       0.665
    MVS11O           0.107       0.141       0.159       0.250       0.342       0.359       0.393
    MVS12O           0.375       0.413       0.433       0.535       0.637       0.656       0.694
    MVS16O           0.060       0.092       0.108       0.194       0.280       0.296       0.329
    MVS17O           0.170       0.206       0.225       0.322       0.419       0.438       0.474
    MVS18O           0.314       0.348       0.365       0.455       0.545       0.563       0.596

 SUC      WITH
    CEN              0.339       0.401       0.433       0.599       0.766       0.798       0.860
    HAP              0.397       0.441       0.463       0.580       0.698       0.720       0.764
    POS              0.000       0.000       0.000       0.000       0.000       0.000       0.000
    NEG              0.000       0.000       0.000       0.000       0.000       0.000       0.000

 CEN      WITH
    HAP              0.067       0.139       0.176       0.367       0.559       0.596       0.667
    POS              0.000       0.000       0.000       0.000       0.000       0.000       0.000
    NEG              0.000       0.000       0.000       0.000       0.000       0.000       0.000

 POS      WITH
    NEG             -0.790      -0.741      -0.716      -0.586      -0.456      -0.431      -0.382
    HAP              0.000       0.000       0.000       0.000       0.000       0.000       0.000

 NEG      WITH
    HAP              0.000       0.000       0.000       0.000       0.000       0.000       0.000

 Intercepts
    MVS1             3.245       3.273       3.286       3.359       3.432       3.446       3.473
    MVS2             2.250       2.277       2.291       2.363       2.435       2.449       2.476
    MVS3             2.967       2.996       3.010       3.087       3.163       3.178       3.206
    MVS7             2.497       2.523       2.536       2.605       2.673       2.687       2.712
    MVS8             3.373       3.399       3.413       3.482       3.551       3.565       3.590
    MVS9             3.188       3.215       3.228       3.300       3.371       3.385       3.411
    MVS13            3.052       3.080       3.093       3.166       3.239       3.253       3.280
    MVS14            3.312       3.340       3.355       3.430       3.504       3.519       3.547
    MVS15            3.228       3.257       3.272       3.348       3.425       3.440       3.469
    MVS4O            2.973       2.999       3.012       3.081       3.150       3.164       3.189
    MVS5O            3.183       3.208       3.220       3.287       3.354       3.366       3.391
    MVS6O            2.674       2.699       2.712       2.780       2.847       2.860       2.886
    MVS10O           2.856       2.881       2.894       2.962       3.030       3.043       3.068
    MVS11O           2.328       2.353       2.365       2.430       2.494       2.507       2.531
    MVS12O           3.042       3.067       3.080       3.146       3.213       3.225       3.250
    MVS16O           3.553       3.578       3.590       3.655       3.720       3.733       3.757
    MVS17O           2.663       2.690       2.704       2.776       2.848       2.862       2.889
    MVS18O           3.166       3.191       3.203       3.269       3.335       3.347       3.372

 Variances
    SUC              1.000       1.000       1.000       1.000       1.000       1.000       1.000
    CEN              1.000       1.000       1.000       1.000       1.000       1.000       1.000
    HAP              1.000       1.000       1.000       1.000       1.000       1.000       1.000
    POS              1.000       1.000       1.000       1.000       1.000       1.000       1.000
    NEG              1.000       1.000       1.000       1.000       1.000       1.000       1.000

 Residual Variances
    MVS1             0.518       0.555       0.574       0.672       0.770       0.788       0.825
    MVS2             0.661       0.695       0.712       0.801       0.890       0.907       0.940
    MVS3             0.492       0.524       0.541       0.628       0.714       0.731       0.763
    MVS7             0.641       0.673       0.690       0.776       0.862       0.879       0.911
    MVS8            -0.114       0.003       0.062       0.374       0.686       0.746       0.863
    MVS9             0.178       0.241       0.273       0.442       0.610       0.643       0.706
    MVS13            0.377       0.401       0.414       0.479       0.544       0.556       0.580
    MVS14            0.250       0.275       0.288       0.355       0.422       0.434       0.459
    MVS15            0.749       0.785       0.803       0.900       0.996       1.014       1.050
    MVS4O            0.522       0.551       0.565       0.641       0.718       0.732       0.761
    MVS5O            0.614       0.643       0.658       0.736       0.815       0.830       0.859
    MVS6O            0.449       0.475       0.488       0.558       0.628       0.641       0.668
    MVS10O           0.471       0.499       0.513       0.586       0.660       0.674       0.701
    MVS11O           0.657       0.689       0.706       0.792       0.878       0.894       0.927
    MVS12O           0.424       0.450       0.464       0.534       0.604       0.617       0.643
    MVS16O           0.615       0.644       0.659       0.735       0.811       0.826       0.854
    MVS17O           0.488       0.517       0.532       0.610       0.687       0.702       0.731
    MVS18O           0.433       0.458       0.470       0.535       0.599       0.611       0.636


CONFIDENCE INTERVALS OF STANDARDIZED MODEL RESULTS


STDYX Standardization

                  Lower .5%  Lower 2.5%    Lower 5%    Estimate    Upper 5%  Upper 2.5%   Upper .5%

 SUC      BY
    MVS1             0.405       0.442       0.462       0.562       0.663       0.682       0.720
    MVS2             0.109       0.157       0.182       0.311       0.441       0.466       0.514
    MVS3             0.367       0.410       0.432       0.548       0.664       0.686       0.729
    MVS4O           -0.566      -0.534      -0.518      -0.433      -0.349      -0.332      -0.301
    MVS5O           -0.454      -0.420      -0.403      -0.313      -0.223      -0.206      -0.172
    MVS6O           -0.506      -0.467      -0.447      -0.342      -0.236      -0.216      -0.177

 CEN      BY
    MVS7             0.068       0.123       0.151       0.298       0.444       0.472       0.527
    MVS8            -0.451      -0.330      -0.268       0.057       0.381       0.443       0.565
    MVS9             0.309       0.387       0.426       0.633       0.839       0.878       0.956
    MVS10O          -0.492      -0.444      -0.420      -0.293      -0.166      -0.142      -0.094
    MVS11O          -0.157      -0.113      -0.090       0.029       0.148       0.171       0.216
    MVS12O          -0.553      -0.493      -0.462      -0.303      -0.143      -0.113      -0.053

 HAP      BY
    MVS13            0.510       0.541       0.557       0.642       0.726       0.743       0.774
    MVS14            0.598       0.627       0.641       0.718       0.794       0.809       0.837
    MVS15            0.212       0.245       0.261       0.349       0.436       0.452       0.485
    MVS16O          -0.454      -0.424      -0.409      -0.329      -0.250      -0.235      -0.205
    MVS17O          -0.676      -0.652      -0.639      -0.574      -0.509      -0.496      -0.472
    MVS18O          -0.546      -0.511      -0.493      -0.401      -0.308      -0.290      -0.255

 POS      BY
    MVS1             0.031       0.084       0.111       0.253       0.395       0.422       0.475
    MVS2             0.207       0.252       0.274       0.393       0.512       0.535       0.579
    MVS3             0.212       0.261       0.286       0.417       0.548       0.573       0.622
    MVS7             0.147       0.191       0.213       0.328       0.444       0.466       0.510
    MVS8             0.444       0.526       0.567       0.785       1.003       1.044       1.126
    MVS9             0.090       0.168       0.209       0.419       0.628       0.669       0.747
    MVS13            0.188       0.234       0.257       0.380       0.503       0.527       0.573
    MVS14            0.237       0.280       0.303       0.420       0.537       0.559       0.603
    MVS15            0.219       0.254       0.272       0.364       0.457       0.474       0.509

 NEG      BY
    MVS4O            0.258       0.290       0.307       0.395       0.483       0.500       0.533
    MVS5O            0.168       0.201       0.217       0.306       0.394       0.410       0.443
    MVS6O            0.407       0.438       0.453       0.535       0.616       0.631       0.662
    MVS10O           0.400       0.433       0.450       0.537       0.624       0.641       0.674
    MVS11O           0.120       0.156       0.174       0.270       0.367       0.385       0.421
    MVS12O           0.408       0.445       0.464       0.563       0.662       0.681       0.718
    MVS16O           0.067       0.101       0.118       0.209       0.299       0.316       0.350
    MVS17O           0.169       0.203       0.221       0.312       0.403       0.421       0.455
    MVS18O           0.346       0.379       0.396       0.484       0.573       0.590       0.623

 SUC      WITH
    CEN              0.339       0.401       0.433       0.599       0.766       0.798       0.860
    HAP              0.397       0.441       0.463       0.580       0.698       0.720       0.764
    POS              0.000       0.000       0.000       0.000       0.000       0.000       0.000
    NEG              0.000       0.000       0.000       0.000       0.000       0.000       0.000

 CEN      WITH
    HAP              0.067       0.139       0.176       0.367       0.559       0.596       0.667
    POS              0.000       0.000       0.000       0.000       0.000       0.000       0.000
    NEG              0.000       0.000       0.000       0.000       0.000       0.000       0.000

 POS      WITH
    NEG             -0.790      -0.741      -0.716      -0.586      -0.456      -0.431      -0.382
    HAP              0.000       0.000       0.000       0.000       0.000       0.000       0.000

 NEG      WITH
    HAP              0.000       0.000       0.000       0.000       0.000       0.000       0.000

 Intercepts
    MVS1             2.954       3.020       3.053       3.227       3.401       3.435       3.500
    MVS2             2.076       2.126       2.152       2.284       2.417       2.443       2.492
    MVS3             2.581       2.639       2.669       2.825       2.981       3.011       3.070
    MVS7             2.418       2.473       2.502       2.650       2.799       2.827       2.883
    MVS8             3.219       3.289       3.324       3.512       3.699       3.735       3.805
    MVS9             2.962       3.027       3.061       3.235       3.410       3.444       3.509
    MVS13            2.790       2.851       2.883       3.048       3.212       3.244       3.305
    MVS14            2.933       2.997       3.030       3.201       3.372       3.404       3.468
    MVS15            2.790       2.852       2.883       3.049       3.215       3.246       3.308
    MVS4O            2.852       2.915       2.948       3.116       3.285       3.317       3.380
    MVS5O            3.157       3.226       3.261       3.444       3.628       3.663       3.732
    MVS6O            2.629       2.688       2.719       2.876       3.034       3.064       3.123
    MVS10O           2.800       2.862       2.894       3.060       3.226       3.258       3.320
    MVS11O           2.396       2.451       2.480       2.627       2.775       2.803       2.858
    MVS12O           3.034       3.101       3.135       3.312       3.489       3.523       3.590
    MVS16O           3.603       3.681       3.720       3.927       4.133       4.173       4.250
    MVS17O           2.457       2.513       2.542       2.692       2.842       2.871       2.927
    MVS18O           3.188       3.257       3.292       3.478       3.663       3.698       3.768

 Variances
    SUC              1.000       1.000       1.000       1.000       1.000       1.000       1.000
    CEN              1.000       1.000       1.000       1.000       1.000       1.000       1.000
    HAP              1.000       1.000       1.000       1.000       1.000       1.000       1.000
    POS              1.000       1.000       1.000       1.000       1.000       1.000       1.000
    NEG              1.000       1.000       1.000       1.000       1.000       1.000       1.000

 Residual Variances
    MVS1             0.486       0.518       0.534       0.620       0.705       0.722       0.754
    MVS2             0.646       0.670       0.683       0.748       0.814       0.826       0.851
    MVS3             0.413       0.440       0.454       0.526       0.598       0.611       0.638
    MVS7             0.703       0.727       0.739       0.804       0.868       0.880       0.904
    MVS8            -0.116       0.003       0.064       0.381       0.698       0.758       0.877
    MVS9             0.169       0.230       0.261       0.425       0.588       0.620       0.681
    MVS13            0.347       0.370       0.382       0.443       0.505       0.517       0.540
    MVS14            0.213       0.236       0.248       0.309       0.370       0.382       0.405
    MVS15            0.651       0.674       0.685       0.746       0.806       0.818       0.841
    MVS4O            0.548       0.574       0.587       0.656       0.725       0.738       0.764
    MVS5O            0.717       0.739       0.750       0.809       0.867       0.879       0.901
    MVS6O            0.488       0.514       0.527       0.598       0.668       0.681       0.707
    MVS10O           0.513       0.540       0.554       0.626       0.698       0.712       0.739
    MVS11O           0.840       0.861       0.871       0.926       0.981       0.991       1.012
    MVS12O           0.476       0.504       0.518       0.591       0.665       0.679       0.706
    MVS16O           0.764       0.784       0.794       0.848       0.902       0.912       0.932
    MVS17O           0.462       0.489       0.502       0.573       0.644       0.658       0.684
    MVS18O           0.498       0.524       0.537       0.605       0.673       0.686       0.712


STDY Standardization

                  Lower .5%  Lower 2.5%    Lower 5%    Estimate    Upper 5%  Upper 2.5%   Upper .5%

 SUC      BY
    MVS1             0.405       0.442       0.462       0.562       0.663       0.682       0.720
    MVS2             0.109       0.157       0.182       0.311       0.441       0.466       0.514
    MVS3             0.367       0.410       0.432       0.548       0.664       0.686       0.729
    MVS4O           -0.566      -0.534      -0.518      -0.433      -0.349      -0.332      -0.301
    MVS5O           -0.454      -0.420      -0.403      -0.313      -0.223      -0.206      -0.172
    MVS6O           -0.506      -0.467      -0.447      -0.342      -0.236      -0.216      -0.177

 CEN      BY
    MVS7             0.068       0.123       0.151       0.298       0.444       0.472       0.527
    MVS8            -0.451      -0.330      -0.268       0.057       0.381       0.443       0.565
    MVS9             0.309       0.387       0.426       0.633       0.839       0.878       0.956
    MVS10O          -0.492      -0.444      -0.420      -0.293      -0.166      -0.142      -0.094
    MVS11O          -0.157      -0.113      -0.090       0.029       0.148       0.171       0.216
    MVS12O          -0.553      -0.493      -0.462      -0.303      -0.143      -0.113      -0.053

 HAP      BY
    MVS13            0.510       0.541       0.557       0.642       0.726       0.743       0.774
    MVS14            0.598       0.627       0.641       0.718       0.794       0.809       0.837
    MVS15            0.212       0.245       0.261       0.349       0.436       0.452       0.485
    MVS16O          -0.454      -0.424      -0.409      -0.329      -0.250      -0.235      -0.205
    MVS17O          -0.676      -0.652      -0.639      -0.574      -0.509      -0.496      -0.472
    MVS18O          -0.546      -0.511      -0.493      -0.401      -0.308      -0.290      -0.255

 POS      BY
    MVS1             0.031       0.084       0.111       0.253       0.395       0.422       0.475
    MVS2             0.207       0.252       0.274       0.393       0.512       0.535       0.579
    MVS3             0.212       0.261       0.286       0.417       0.548       0.573       0.622
    MVS7             0.147       0.191       0.213       0.328       0.444       0.466       0.510
    MVS8             0.444       0.526       0.567       0.785       1.003       1.044       1.126
    MVS9             0.090       0.168       0.209       0.419       0.628       0.669       0.747
    MVS13            0.188       0.234       0.257       0.380       0.503       0.527       0.573
    MVS14            0.237       0.280       0.303       0.420       0.537       0.559       0.603
    MVS15            0.219       0.254       0.272       0.364       0.457       0.474       0.509

 NEG      BY
    MVS4O            0.258       0.290       0.307       0.395       0.483       0.500       0.533
    MVS5O            0.168       0.201       0.217       0.306       0.394       0.410       0.443
    MVS6O            0.407       0.438       0.453       0.535       0.616       0.631       0.662
    MVS10O           0.400       0.433       0.450       0.537       0.624       0.641       0.674
    MVS11O           0.120       0.156       0.174       0.270       0.367       0.385       0.421
    MVS12O           0.408       0.445       0.464       0.563       0.662       0.681       0.718
    MVS16O           0.067       0.101       0.118       0.209       0.299       0.316       0.350
    MVS17O           0.169       0.203       0.221       0.312       0.403       0.421       0.455
    MVS18O           0.346       0.379       0.396       0.484       0.573       0.590       0.623

 SUC      WITH
    CEN              0.339       0.401       0.433       0.599       0.766       0.798       0.860
    HAP              0.397       0.441       0.463       0.580       0.698       0.720       0.764
    POS              0.000       0.000       0.000       0.000       0.000       0.000       0.000
    NEG              0.000       0.000       0.000       0.000       0.000       0.000       0.000

 CEN      WITH
    HAP              0.067       0.139       0.176       0.367       0.559       0.596       0.667
    POS              0.000       0.000       0.000       0.000       0.000       0.000       0.000
    NEG              0.000       0.000       0.000       0.000       0.000       0.000       0.000

 POS      WITH
    NEG             -0.790      -0.741      -0.716      -0.586      -0.456      -0.431      -0.382
    HAP              0.000       0.000       0.000       0.000       0.000       0.000       0.000

 NEG      WITH
    HAP              0.000       0.000       0.000       0.000       0.000       0.000       0.000

 Intercepts
    MVS1             2.954       3.020       3.053       3.227       3.401       3.435       3.500
    MVS2             2.076       2.126       2.152       2.284       2.417       2.443       2.492
    MVS3             2.581       2.639       2.669       2.825       2.981       3.011       3.070
    MVS7             2.418       2.473       2.502       2.650       2.799       2.827       2.883
    MVS8             3.219       3.289       3.324       3.512       3.699       3.735       3.805
    MVS9             2.962       3.027       3.061       3.235       3.410       3.444       3.509
    MVS13            2.790       2.851       2.883       3.048       3.212       3.244       3.305
    MVS14            2.933       2.997       3.030       3.201       3.372       3.404       3.468
    MVS15            2.790       2.852       2.883       3.049       3.215       3.246       3.308
    MVS4O            2.852       2.915       2.948       3.116       3.285       3.317       3.380
    MVS5O            3.157       3.226       3.261       3.444       3.628       3.663       3.732
    MVS6O            2.629       2.688       2.719       2.876       3.034       3.064       3.123
    MVS10O           2.800       2.862       2.894       3.060       3.226       3.258       3.320
    MVS11O           2.396       2.451       2.480       2.627       2.775       2.803       2.858
    MVS12O           3.034       3.101       3.135       3.312       3.489       3.523       3.590
    MVS16O           3.603       3.681       3.720       3.927       4.133       4.173       4.250
    MVS17O           2.457       2.513       2.542       2.692       2.842       2.871       2.927
    MVS18O           3.188       3.257       3.292       3.478       3.663       3.698       3.768

 Variances
    SUC              1.000       1.000       1.000       1.000       1.000       1.000       1.000
    CEN              1.000       1.000       1.000       1.000       1.000       1.000       1.000
    HAP              1.000       1.000       1.000       1.000       1.000       1.000       1.000
    POS              1.000       1.000       1.000       1.000       1.000       1.000       1.000
    NEG              1.000       1.000       1.000       1.000       1.000       1.000       1.000

 Residual Variances
    MVS1             0.486       0.518       0.534       0.620       0.705       0.722       0.754
    MVS2             0.646       0.670       0.683       0.748       0.814       0.826       0.851
    MVS3             0.413       0.440       0.454       0.526       0.598       0.611       0.638
    MVS7             0.703       0.727       0.739       0.804       0.868       0.880       0.904
    MVS8            -0.116       0.003       0.064       0.381       0.698       0.758       0.877
    MVS9             0.169       0.230       0.261       0.425       0.588       0.620       0.681
    MVS13            0.347       0.370       0.382       0.443       0.505       0.517       0.540
    MVS14            0.213       0.236       0.248       0.309       0.370       0.382       0.405
    MVS15            0.651       0.674       0.685       0.746       0.806       0.818       0.841
    MVS4O            0.548       0.574       0.587       0.656       0.725       0.738       0.764
    MVS5O            0.717       0.739       0.750       0.809       0.867       0.879       0.901
    MVS6O            0.488       0.514       0.527       0.598       0.668       0.681       0.707
    MVS10O           0.513       0.540       0.554       0.626       0.698       0.712       0.739
    MVS11O           0.840       0.861       0.871       0.926       0.981       0.991       1.012
    MVS12O           0.476       0.504       0.518       0.591       0.665       0.679       0.706
    MVS16O           0.764       0.784       0.794       0.848       0.902       0.912       0.932
    MVS17O           0.462       0.489       0.502       0.573       0.644       0.658       0.684
    MVS18O           0.498       0.524       0.537       0.605       0.673       0.686       0.712


STD Standardization

                  Lower .5%  Lower 2.5%    Lower 5%    Estimate    Upper 5%  Upper 2.5%   Upper .5%

 SUC      BY
    MVS1             0.408       0.451       0.472       0.585       0.699       0.720       0.763
    MVS2             0.109       0.160       0.186       0.322       0.458       0.484       0.535
    MVS3             0.391       0.441       0.466       0.599       0.731       0.757       0.806
    MVS4O           -0.569      -0.535      -0.518      -0.429      -0.339      -0.322      -0.288
    MVS5O           -0.438      -0.405      -0.388      -0.299      -0.210      -0.193      -0.159
    MVS6O           -0.493      -0.454      -0.434      -0.330      -0.226      -0.206      -0.167

 CEN      BY
    MVS7             0.064       0.119       0.147       0.293       0.438       0.466       0.521
    MVS8            -0.447      -0.327      -0.265       0.056       0.378       0.440       0.560
    MVS9             0.309       0.389       0.430       0.645       0.860       0.901       0.982
    MVS10O          -0.479      -0.432      -0.408      -0.284      -0.159      -0.135      -0.089
    MVS11O          -0.146      -0.104      -0.083       0.027       0.137       0.158       0.200
    MVS12O          -0.527      -0.470      -0.441      -0.288      -0.135      -0.106      -0.048

 HAP      BY
    MVS13            0.514       0.551       0.569       0.667       0.765       0.783       0.820
    MVS14            0.623       0.658       0.676       0.769       0.862       0.880       0.915
    MVS15            0.227       0.264       0.283       0.383       0.483       0.502       0.539
    MVS16O          -0.429      -0.400      -0.385      -0.307      -0.228      -0.213      -0.184
    MVS17O          -0.717      -0.687      -0.672      -0.592      -0.512      -0.497      -0.467
    MVS18O          -0.520      -0.485      -0.468      -0.376      -0.285      -0.268      -0.233

 POS      BY
    MVS1             0.030       0.086       0.114       0.263       0.412       0.441       0.497
    MVS2             0.207       0.255       0.279       0.407       0.534       0.558       0.606
    MVS3             0.225       0.280       0.308       0.455       0.603       0.631       0.686
    MVS7             0.140       0.184       0.206       0.323       0.439       0.462       0.505
    MVS8             0.433       0.515       0.557       0.778       0.999       1.041       1.124
    MVS9             0.088       0.169       0.211       0.427       0.643       0.685       0.765
    MVS13            0.190       0.239       0.264       0.395       0.526       0.551       0.600
    MVS14            0.247       0.296       0.320       0.450       0.579       0.604       0.652
    MVS15            0.233       0.273       0.293       0.400       0.507       0.527       0.567

 NEG      BY
    MVS4O            0.247       0.281       0.299       0.391       0.482       0.500       0.534
    MVS5O            0.155       0.188       0.204       0.292       0.379       0.395       0.428
    MVS6O            0.380       0.412       0.429       0.517       0.604       0.621       0.654
    MVS10O           0.374       0.409       0.427       0.520       0.613       0.630       0.665
    MVS11O           0.107       0.141       0.159       0.250       0.342       0.359       0.393
    MVS12O           0.375       0.413       0.433       0.535       0.637       0.656       0.694
    MVS16O           0.060       0.092       0.108       0.194       0.280       0.296       0.329
    MVS17O           0.170       0.206       0.225       0.322       0.419       0.438       0.474
    MVS18O           0.314       0.348       0.365       0.455       0.545       0.563       0.596

 SUC      WITH
    CEN              0.339       0.401       0.433       0.599       0.766       0.798       0.860
    HAP              0.397       0.441       0.463       0.580       0.698       0.720       0.764
    POS              0.000       0.000       0.000       0.000       0.000       0.000       0.000
    NEG              0.000       0.000       0.000       0.000       0.000       0.000       0.000

 CEN      WITH
    HAP              0.067       0.139       0.176       0.367       0.559       0.596       0.667
    POS              0.000       0.000       0.000       0.000       0.000       0.000       0.000
    NEG              0.000       0.000       0.000       0.000       0.000       0.000       0.000

 POS      WITH
    NEG             -0.790      -0.741      -0.716      -0.586      -0.456      -0.431      -0.382
    HAP              0.000       0.000       0.000       0.000       0.000       0.000       0.000

 NEG      WITH
    HAP              0.000       0.000       0.000       0.000       0.000       0.000       0.000

 Intercepts
    MVS1             3.245       3.273       3.286       3.359       3.432       3.446       3.473
    MVS2             2.250       2.277       2.291       2.363       2.435       2.449       2.476
    MVS3             2.967       2.996       3.010       3.087       3.163       3.178       3.206
    MVS7             2.497       2.523       2.536       2.605       2.673       2.687       2.712
    MVS8             3.373       3.399       3.413       3.482       3.551       3.565       3.590
    MVS9             3.188       3.215       3.228       3.300       3.371       3.385       3.411
    MVS13            3.052       3.080       3.093       3.166       3.239       3.253       3.280
    MVS14            3.312       3.340       3.355       3.430       3.504       3.519       3.547
    MVS15            3.228       3.257       3.272       3.348       3.425       3.440       3.469
    MVS4O            2.973       2.999       3.012       3.081       3.150       3.164       3.189
    MVS5O            3.183       3.208       3.220       3.287       3.354       3.366       3.391
    MVS6O            2.674       2.699       2.712       2.780       2.847       2.860       2.886
    MVS10O           2.856       2.881       2.894       2.962       3.030       3.043       3.068
    MVS11O           2.328       2.353       2.365       2.430       2.494       2.507       2.531
    MVS12O           3.042       3.067       3.080       3.146       3.213       3.225       3.250
    MVS16O           3.553       3.578       3.590       3.655       3.720       3.733       3.757
    MVS17O           2.663       2.690       2.704       2.776       2.848       2.862       2.889
    MVS18O           3.166       3.191       3.203       3.269       3.335       3.347       3.372

 Variances
    SUC              1.000       1.000       1.000       1.000       1.000       1.000       1.000
    CEN              1.000       1.000       1.000       1.000       1.000       1.000       1.000
    HAP              1.000       1.000       1.000       1.000       1.000       1.000       1.000
    POS              1.000       1.000       1.000       1.000       1.000       1.000       1.000
    NEG              1.000       1.000       1.000       1.000       1.000       1.000       1.000

 Residual Variances
    MVS1             0.518       0.555       0.574       0.672       0.770       0.788       0.825
    MVS2             0.661       0.695       0.712       0.801       0.890       0.907       0.940
    MVS3             0.492       0.524       0.541       0.628       0.714       0.731       0.763
    MVS7             0.641       0.673       0.690       0.776       0.862       0.879       0.911
    MVS8            -0.114       0.003       0.062       0.374       0.686       0.746       0.863
    MVS9             0.178       0.241       0.273       0.442       0.610       0.643       0.706
    MVS13            0.377       0.401       0.414       0.479       0.544       0.556       0.580
    MVS14            0.250       0.275       0.288       0.355       0.422       0.434       0.459
    MVS15            0.749       0.785       0.803       0.900       0.996       1.014       1.050
    MVS4O            0.522       0.551       0.565       0.641       0.718       0.732       0.761
    MVS5O            0.614       0.643       0.658       0.736       0.815       0.830       0.859
    MVS6O            0.449       0.475       0.488       0.558       0.628       0.641       0.668
    MVS10O           0.471       0.499       0.513       0.586       0.660       0.674       0.701
    MVS11O           0.657       0.689       0.706       0.792       0.878       0.894       0.927
    MVS12O           0.424       0.450       0.464       0.534       0.604       0.617       0.643
    MVS16O           0.615       0.644       0.659       0.735       0.811       0.826       0.854
    MVS17O           0.488       0.517       0.532       0.610       0.687       0.702       0.731
    MVS18O           0.433       0.458       0.470       0.535       0.599       0.611       0.636


MODEL COMMAND WITH FINAL ESTIMATES USED AS STARTING VALUES

     suc BY mvs1*0.58537 (l1);
     suc BY mvs2*0.32217 (l2);
     suc BY mvs3*0.59869 (l3);
     suc BY mvs4o*-0.42855 (l4);
     suc BY mvs5o*-0.29871 (l5);
     suc BY mvs6o*-0.33012 (l6);
     cen BY mvs7*0.29252 (l7);
     cen BY mvs8*0.05628 (l8);
     cen BY mvs9*0.64515 (l9);
     cen BY mvs10o*-0.28377 (l10);
     cen BY mvs11o*0.02703 (l11);
     cen BY mvs12o*-0.28772 (l12);
     hap BY mvs13*0.66689 (l13);
     hap BY mvs14*0.76896 (l14);
     hap BY mvs15*0.38281 (l15);
     hap BY mvs16o*-0.30667 (l16);
     hap BY mvs17o*-0.59185 (l17);
     hap BY mvs18o*-0.37649 (l18);
     pos BY mvs1*0.26326;
     pos BY mvs2*0.40678;
     pos BY mvs3*0.45541;
     pos BY mvs7*0.32280;
     pos BY mvs8*0.77828;
     pos BY mvs9*0.42681;
     pos BY mvs13*0.39492;
     pos BY mvs14*0.44978;
     pos BY mvs15*0.39994;
     neg BY mvs4o*0.39076;
     neg BY mvs5o*0.29156;
     neg BY mvs6o*0.51664;
     neg BY mvs10o*0.51972;
     neg BY mvs11o*0.25014;
     neg BY mvs12o*0.53472;
     neg BY mvs16o*0.19422;
     neg BY mvs17o*0.32189;
     neg BY mvs18o*0.45531;

     suc WITH cen*0.59935;
     suc WITH hap*0.58050;
     suc WITH pos@0;
     suc WITH neg@0;
     cen WITH hap*0.36723;
     cen WITH pos@0;
     cen WITH neg@0;
     pos WITH neg*-0.58610;
     pos WITH hap@0;
     neg WITH hap@0;

     [ mvs1*3.35921 ];
     [ mvs2*2.36282 ];
     [ mvs3*3.08664 ];
     [ mvs7*2.60469 ];
     [ mvs8*3.48195 ];
     [ mvs9*3.29964 ];
     [ mvs13*3.16606 ];
     [ mvs14*3.42960 ];
     [ mvs15*3.34838 ];
     [ mvs4o*3.08123 ];
     [ mvs5o*3.28700 ];
     [ mvs6o*2.77978 ];
     [ mvs10o*2.96209 ];
     [ mvs11o*2.42960 ];
     [ mvs12o*3.14621 ];
     [ mvs16o*3.65523 ];
     [ mvs17o*2.77617 ];
     [ mvs18o*3.26895 ];

     mvs1*0.67161 (ev1);
     mvs2*0.80064 (ev2);
     mvs3*0.62769 (ev3);
     mvs7*0.77610 (ev7);
     mvs8*0.37422 (ev8);
     mvs9*0.44173 (ev9);
     mvs13*0.47860 (ev13);
     mvs14*0.35461 (ev14);
     mvs15*0.89955 (ev15);
     mvs4o*0.64141 (ev4);
     mvs5o*0.73641 (ev5);
     mvs6o*0.55811 (ev6);
     mvs10o*0.58623 (ev10);
     mvs11o*0.79195 (ev11);
     mvs12o*0.53368 (ev12);
     mvs16o*0.73476 (ev16);
     mvs17o*0.60952 (ev17);
     mvs18o*0.53457 (ev18);
     suc@1;
     cen@1;
     hap@1;
     pos@1;
     neg@1;



MODEL MODIFICATION INDICES

NOTE:  Modification indices for direct effects of observed dependent variables
regressed on covariates may not be included.  To include these, request
MODINDICES (ALL).

Minimum M.I. value for printing the modification index     3.840

                                   M.I.     E.P.C.  Std E.P.C.  StdYX E.P.C.

BY Statements

SUC      BY MVS7                   8.304    -0.234     -0.234       -0.238
SUC      BY MVS9                  17.047     0.702      0.702        0.689
CEN      BY MVS15                  4.595    -0.159     -0.159       -0.145
CEN      BY MVS18O                 8.206    -0.163     -0.163       -0.174
HAP      BY MVS2                   8.848     0.196      0.196        0.189

WITH Statements

MVS2     WITH MVS1                11.926    -0.136     -0.136       -0.185
MVS9     WITH MVS2                 4.901    -0.079     -0.079       -0.133
MVS13    WITH MVS1                 4.816    -0.066     -0.066       -0.117
MVS13    WITH MVS2                 5.202     0.070      0.070        0.114
MVS14    WITH MVS1                 7.399     0.081      0.081        0.166
MVS14    WITH MVS3                11.785    -0.100     -0.100       -0.213
MVS15    WITH MVS14                5.925     0.087      0.087        0.153
MVS5O    WITH MVS14                6.538     0.072      0.072        0.141
MVS6O    WITH MVS2                 5.925     0.079      0.079        0.118
MVS6O    WITH MVS7                 3.861     0.062      0.062        0.094
MVS6O    WITH MVS15                5.390    -0.078     -0.078       -0.110
MVS11O   WITH MVS7                14.566     0.136      0.136        0.173
MVS11O   WITH MVS6O                4.317     0.069      0.069        0.104
MVS12O   WITH MVS2                 5.046    -0.072     -0.072       -0.110
MVS12O   WITH MVS7                15.306    -0.126     -0.126       -0.195
MVS12O   WITH MVS9                 8.823     0.143      0.143        0.294
MVS16O   WITH MVS14                8.414     0.090      0.090        0.177
MVS17O   WITH MVS5O                4.852     0.070      0.070        0.105
MVS18O   WITH MVS9                 6.271    -0.074     -0.074       -0.152
MVS18O   WITH MVS16O              16.667     0.123      0.123        0.197


TECHNICAL 1 OUTPUT


     PARAMETER SPECIFICATION


           NU
              MVS1          MVS2          MVS3          MVS7          MVS8
              ________      ________      ________      ________      ________
                  1             2             3             4             5


           NU
              MVS9          MVS13         MVS14         MVS15         MVS4O
              ________      ________      ________      ________      ________
                  6             7             8             9            10


           NU
              MVS5O         MVS6O         MVS10O        MVS11O        MVS12O
              ________      ________      ________      ________      ________
                 11            12            13            14            15


           NU
              MVS16O        MVS17O        MVS18O
              ________      ________      ________
                 16            17            18


           LAMBDA
              SUC           CEN           HAP           POS           NEG
              ________      ________      ________      ________      ________
 MVS1              19             0             0            20             0
 MVS2              21             0             0            22             0
 MVS3              23             0             0            24             0
 MVS7               0            25             0            26             0
 MVS8               0            27             0            28             0
 MVS9               0            29             0            30             0
 MVS13              0             0            31            32             0
 MVS14              0             0            33            34             0
 MVS15              0             0            35            36             0
 MVS4O             37             0             0             0            38
 MVS5O             39             0             0             0            40
 MVS6O             41             0             0             0            42
 MVS10O             0            43             0             0            44
 MVS11O             0            45             0             0            46
 MVS12O             0            47             0             0            48
 MVS16O             0             0            49             0            50
 MVS17O             0             0            51             0            52
 MVS18O             0             0            53             0            54


           THETA
              MVS1          MVS2          MVS3          MVS7          MVS8
              ________      ________      ________      ________      ________
 MVS1              55
 MVS2               0            56
 MVS3               0             0            57
 MVS7               0             0             0            58
 MVS8               0             0             0             0            59
 MVS9               0             0             0             0             0
 MVS13              0             0             0             0             0
 MVS14              0             0             0             0             0
 MVS15              0             0             0             0             0
 MVS4O              0             0             0             0             0
 MVS5O              0             0             0             0             0
 MVS6O              0             0             0             0             0
 MVS10O             0             0             0             0             0
 MVS11O             0             0             0             0             0
 MVS12O             0             0             0             0             0
 MVS16O             0             0             0             0             0
 MVS17O             0             0             0             0             0
 MVS18O             0             0             0             0             0


           THETA
              MVS9          MVS13         MVS14         MVS15         MVS4O
              ________      ________      ________      ________      ________
 MVS9              60
 MVS13              0            61
 MVS14              0             0            62
 MVS15              0             0             0            63
 MVS4O              0             0             0             0            64
 MVS5O              0             0             0             0             0
 MVS6O              0             0             0             0             0
 MVS10O             0             0             0             0             0
 MVS11O             0             0             0             0             0
 MVS12O             0             0             0             0             0
 MVS16O             0             0             0             0             0
 MVS17O             0             0             0             0             0
 MVS18O             0             0             0             0             0


           THETA
              MVS5O         MVS6O         MVS10O        MVS11O        MVS12O
              ________      ________      ________      ________      ________
 MVS5O             65
 MVS6O              0            66
 MVS10O             0             0            67
 MVS11O             0             0             0            68
 MVS12O             0             0             0             0            69
 MVS16O             0             0             0             0             0
 MVS17O             0             0             0             0             0
 MVS18O             0             0             0             0             0


           THETA
              MVS16O        MVS17O        MVS18O
              ________      ________      ________
 MVS16O            70
 MVS17O             0            71
 MVS18O             0             0            72


           ALPHA
              SUC           CEN           HAP           POS           NEG
              ________      ________      ________      ________      ________
                  0             0             0             0             0


           BETA
              SUC           CEN           HAP           POS           NEG
              ________      ________      ________      ________      ________
 SUC                0             0             0             0             0
 CEN                0             0             0             0             0
 HAP                0             0             0             0             0
 POS                0             0             0             0             0
 NEG                0             0             0             0             0


           PSI
              SUC           CEN           HAP           POS           NEG
              ________      ________      ________      ________      ________
 SUC                0
 CEN               73             0
 HAP               74            75             0
 POS                0             0             0             0
 NEG                0             0             0            76             0


     STARTING VALUES


           NU
              MVS1          MVS2          MVS3          MVS7          MVS8
              ________      ________      ________      ________      ________
                3.359         2.363         3.087         2.605         3.482


           NU
              MVS9          MVS13         MVS14         MVS15         MVS4O
              ________      ________      ________      ________      ________
                3.300         3.166         3.430         3.348         3.081


           NU
              MVS5O         MVS6O         MVS10O        MVS11O        MVS12O
              ________      ________      ________      ________      ________
                3.287         2.780         2.962         2.430         3.146


           NU
              MVS16O        MVS17O        MVS18O
              ________      ________      ________
                3.655         2.776         3.269


           LAMBDA
              SUC           CEN           HAP           POS           NEG
              ________      ________      ________      ________      ________
 MVS1           0.585         0.000         0.000         0.060         0.000
 MVS2           0.524         0.000         0.000         0.121         0.000
 MVS3           0.733         0.000         0.000         0.015         0.000
 MVS7           0.000         0.435         0.000         0.093         0.000
 MVS8           0.000         0.590         0.000         0.116         0.000
 MVS9           0.000         0.668         0.000         0.031         0.000
 MVS13          0.000         0.000         0.757         0.145         0.000
 MVS14          0.000         0.000         0.874         0.239         0.000
 MVS15          0.000         0.000         0.526         0.175         0.000
 MVS4O         -0.508         0.000         0.000         0.000         0.279
 MVS5O         -0.345         0.000         0.000         0.000         0.264
 MVS6O         -0.527         0.000         0.000         0.000         0.291
 MVS10O         0.000        -0.464         0.000         0.000         0.399
 MVS11O         0.000        -0.115         0.000         0.000         0.186
 MVS12O         0.000        -0.518         0.000         0.000         0.313
 MVS16O         0.000         0.000        -0.341         0.000         0.118
 MVS17O         0.000         0.000        -0.630         0.000         0.126
 MVS18O         0.000         0.000        -0.543         0.000         0.246


           THETA
              MVS1          MVS2          MVS3          MVS7          MVS8
              ________      ________      ________      ________      ________
 MVS1           0.736
 MVS2           0.000         0.780
 MVS3           0.000         0.000         0.653
 MVS7           0.000         0.000         0.000         0.767
 MVS8           0.000         0.000         0.000         0.000         0.621
 MVS9           0.000         0.000         0.000         0.000         0.000
 MVS13          0.000         0.000         0.000         0.000         0.000
 MVS14          0.000         0.000         0.000         0.000         0.000
 MVS15          0.000         0.000         0.000         0.000         0.000
 MVS4O          0.000         0.000         0.000         0.000         0.000
 MVS5O          0.000         0.000         0.000         0.000         0.000
 MVS6O          0.000         0.000         0.000         0.000         0.000
 MVS10O         0.000         0.000         0.000         0.000         0.000
 MVS11O         0.000         0.000         0.000         0.000         0.000
 MVS12O         0.000         0.000         0.000         0.000         0.000
 MVS16O         0.000         0.000         0.000         0.000         0.000
 MVS17O         0.000         0.000         0.000         0.000         0.000
 MVS18O         0.000         0.000         0.000         0.000         0.000


           THETA
              MVS9          MVS13         MVS14         MVS15         MVS4O
              ________      ________      ________      ________      ________
 MVS9           0.590
 MVS13          0.000         0.490
 MVS14          0.000         0.000         0.333
 MVS15          0.000         0.000         0.000         0.902
 MVS4O          0.000         0.000         0.000         0.000         0.645
 MVS5O          0.000         0.000         0.000         0.000         0.000
 MVS6O          0.000         0.000         0.000         0.000         0.000
 MVS10O         0.000         0.000         0.000         0.000         0.000
 MVS11O         0.000         0.000         0.000         0.000         0.000
 MVS12O         0.000         0.000         0.000         0.000         0.000
 MVS16O         0.000         0.000         0.000         0.000         0.000
 MVS17O         0.000         0.000         0.000         0.000         0.000
 MVS18O         0.000         0.000         0.000         0.000         0.000


           THETA
              MVS5O         MVS6O         MVS10O        MVS11O        MVS12O
              ________      ________      ________      ________      ________
 MVS5O          0.723
 MVS6O          0.000         0.574
 MVS10O         0.000         0.000         0.565
 MVS11O         0.000         0.000         0.000         0.807
 MVS12O         0.000         0.000         0.000         0.000         0.539
 MVS16O         0.000         0.000         0.000         0.000         0.000
 MVS17O         0.000         0.000         0.000         0.000         0.000
 MVS18O         0.000         0.000         0.000         0.000         0.000


           THETA
              MVS16O        MVS17O        MVS18O
              ________      ________      ________
 MVS16O         0.735
 MVS17O         0.000         0.645
 MVS18O         0.000         0.000         0.524


           ALPHA
              SUC           CEN           HAP           POS           NEG
              ________      ________      ________      ________      ________
                0.000         0.000         0.000         0.000         0.000


           BETA
              SUC           CEN           HAP           POS           NEG
              ________      ________      ________      ________      ________
 SUC            0.000         0.000         0.000         0.000         0.000
 CEN            0.000         0.000         0.000         0.000         0.000
 HAP            0.000         0.000         0.000         0.000         0.000
 POS            0.000         0.000         0.000         0.000         0.000
 NEG            0.000         0.000         0.000         0.000         0.000


           PSI
              SUC           CEN           HAP           POS           NEG
              ________      ________      ________      ________      ________
 SUC            1.000
 CEN            0.788         1.000
 HAP            0.738         0.643         1.000
 POS            0.000         0.000         0.000         1.000
 NEG            0.000         0.000         0.000         1.000         1.000


DIAGRAM INFORMATION

  Use View Diagram under the Diagram menu in the Mplus Editor to view the diagram.
  If running Mplus from the Mplus Diagrammer, the diagram opens automatically.

  Diagram output
    c:\users\jxb14\dropbox (personal)\consumeropinions\feb18oct18\18items\metric\singlegroup\06-t3posneg-metric-ml.dgm

     Beginning Time:  18:04:32
        Ending Time:  18:04:32
       Elapsed Time:  00:00:00



MUTHEN & MUTHEN
3463 Stoner Ave.
Los Angeles, CA  90066

Tel: (310) 391-9971
Fax: (310) 391-8971
Web: www.StatModel.com
Support: Support@StatModel.com

Copyright (c) 1998-2018 Muthen & Muthen
