Mplus VERSION 8.2
MUTHEN & MUTHEN
12/13/2018   6:05 PM

INPUT INSTRUCTIONS

  TITLE: cfa with metric data (18 items)
         2 correlated method factors for regular and reversed items
         with equal loadings per method factor

  DATA: file = mvs.dat;

  VARIABLE:
    names = idnum satopt ars ars01 im mvs1-mvs18;
    usevar = mvs1 mvs2 mvs3 mvs7 mvs8 mvs9 mvs13 mvs14 mvs15
             mvs4o mvs5o mvs6o mvs10o mvs11o mvs12o mvs16o mvs17o mvs18o;

    missing = all(-99);

  DEFINE:

    mvs4o=6-mvs4;
    mvs5o=6-mvs5;
    mvs6o=6-mvs6;
    mvs10o=6-mvs10;
    mvs11o=6-mvs11;
    mvs12o=6-mvs12;
    mvs16o=6-mvs16;
    mvs17o=6-mvs17;
    mvs18o=6-mvs18;

  ANALYSIS:

    ESTIMATOR=ML;

  MODEL:

       suc BY mvs1*0.58537 (l1);
       suc BY mvs2*0.32217 (l2);
       suc BY mvs3*0.59869 (l3);
       suc BY mvs4o*-0.42855 (l4);
       suc BY mvs5o*-0.29871 (l5);
       suc BY mvs6o*-0.33012 (l6);
       cen BY mvs7*0.29252 (l7);
       cen BY mvs8*0.05628 (l8);
       cen BY mvs9*0.64515 (l9);
       cen BY mvs10o*-0.28377 (l10);
       cen BY mvs11o*0.02703 (l11);
       cen BY mvs12o*-0.28772 (l12);
       hap BY mvs13*0.66689 (l13);
       hap BY mvs14*0.76896 (l14);
       hap BY mvs15*0.38281 (l15);
       hap BY mvs16o*-0.30667 (l16);
       hap BY mvs17o*-0.59185 (l17);
       hap BY mvs18o*-0.37649 (l18);
       pos BY mvs1*0.26326 (p);
       pos BY mvs2*0.40678 (p);
       pos BY mvs3*0.45541 (p);
       pos BY mvs7*0.32280 (p);
       pos BY mvs8*0.77828 (p);
       pos BY mvs9*0.42681 (p);
       pos BY mvs13*0.39492 (p);
       pos BY mvs14*0.44978 (p);
       pos BY mvs15*0.39994 (p);
       neg BY mvs4o*0.39076 (n);
       neg BY mvs5o*0.29156 (n);
       neg BY mvs6o*0.51664 (n);
       neg BY mvs10o*0.51972 (n);
       neg BY mvs11o*0.25014 (n);
       neg BY mvs12o*0.53472 (n);
       neg BY mvs16o*0.19422 (n);
       neg BY mvs17o*0.32189 (n);
       neg BY mvs18o*0.45531 (n);

       suc WITH cen*0.59935;
       suc WITH hap*0.58050;
       suc WITH pos@0;
       suc WITH neg@0;
       cen WITH hap*0.36723;
       cen WITH pos@0;
       cen WITH neg@0;
       pos WITH neg*-0.58610 (posneg);
       pos WITH hap@0;
       neg WITH hap@0;

       [ mvs1*3.35921 ];
       [ mvs2*2.36282 ];
       [ mvs3*3.08664 ];
       [ mvs7*2.60469 ];
       [ mvs8*3.48195 ];
       [ mvs9*3.29964 ];
       [ mvs13*3.16606 ];
       [ mvs14*3.42960 ];
       [ mvs15*3.34838 ];
       [ mvs4o*3.08123 ];
       [ mvs5o*3.28700 ];
       [ mvs6o*2.77978 ];
       [ mvs10o*2.96209 ];
       [ mvs11o*2.42960 ];
       [ mvs12o*3.14621 ];
       [ mvs16o*3.65523 ];
       [ mvs17o*2.77617 ];
       [ mvs18o*3.26895 ];

       mvs1*0.67161 (ev1);
       mvs2*0.80064 (ev2);
       mvs3*0.62769 (ev3);
       mvs7*0.77610 (ev7);
       mvs8*0.37422 (ev8);
       mvs9*0.44173 (ev9);
       mvs13*0.47860 (ev13);
       mvs14*0.35461 (ev14);
       mvs15*0.89955 (ev15);
       mvs4o*0.64141 (ev4);
       mvs5o*0.73641 (ev5);
       mvs6o*0.55811 (ev6);
       mvs10o*0.58623 (ev10);
       mvs11o*0.79195 (ev11);
       mvs12o*0.53368 (ev12);
       mvs16o*0.73476 (ev16);
       mvs17o*0.60952 (ev17);
       mvs18o*0.53457 (ev18);
       suc@1;
       cen@1;
       hap@1;
       pos@1;
       neg@1;

  MODEL CONSTRAINT:

    posneg>-1;
    posneg<1;

  OUTPUT: TECH1 MOD (3.84) svalues CINTERVAL standardized;





*** WARNING in OUTPUT command
  MODINDICES option is not available in conjunction with nonlinear constraints
  through the use of MODEL CONSTRAINT.  Request for MODINDICES is ignored.
   1 WARNING(S) FOUND IN THE INPUT INSTRUCTIONS



cfa with metric data (18 items)
2 correlated method factors for regular and reversed items
with equal loadings per method factor

SUMMARY OF ANALYSIS

Number of groups                                                 1
Number of observations                                         554

Number of dependent variables                                   18
Number of independent variables                                  0
Number of continuous latent variables                            5

Observed dependent variables

  Continuous
   MVS1        MVS2        MVS3        MVS7        MVS8        MVS9
   MVS13       MVS14       MVS15       MVS4O       MVS5O       MVS6O
   MVS10O      MVS11O      MVS12O      MVS16O      MVS17O      MVS18O

Continuous latent variables
   SUC         CEN         HAP         POS         NEG


Estimator                                                       ML
Information matrix                                        OBSERVED
Maximum number of iterations                                  1000
Convergence criterion                                    0.500D-04
Maximum number of steepest descent iterations                   20
Maximum number of iterations for H1                           2000
Convergence criterion for H1                             0.100D-03

Input data file(s)
  mvs.dat

Input data format  FREE


SUMMARY OF DATA

     Number of missing data patterns             1


COVARIANCE COVERAGE OF DATA

Minimum covariance coverage value   0.100


     PROPORTION OF DATA PRESENT


           Covariance Coverage
              MVS1          MVS2          MVS3          MVS7          MVS8
              ________      ________      ________      ________      ________
 MVS1           1.000
 MVS2           1.000         1.000
 MVS3           1.000         1.000         1.000
 MVS7           1.000         1.000         1.000         1.000
 MVS8           1.000         1.000         1.000         1.000         1.000
 MVS9           1.000         1.000         1.000         1.000         1.000
 MVS13          1.000         1.000         1.000         1.000         1.000
 MVS14          1.000         1.000         1.000         1.000         1.000
 MVS15          1.000         1.000         1.000         1.000         1.000
 MVS4O          1.000         1.000         1.000         1.000         1.000
 MVS5O          1.000         1.000         1.000         1.000         1.000
 MVS6O          1.000         1.000         1.000         1.000         1.000
 MVS10O         1.000         1.000         1.000         1.000         1.000
 MVS11O         1.000         1.000         1.000         1.000         1.000
 MVS12O         1.000         1.000         1.000         1.000         1.000
 MVS16O         1.000         1.000         1.000         1.000         1.000
 MVS17O         1.000         1.000         1.000         1.000         1.000
 MVS18O         1.000         1.000         1.000         1.000         1.000


           Covariance Coverage
              MVS9          MVS13         MVS14         MVS15         MVS4O
              ________      ________      ________      ________      ________
 MVS9           1.000
 MVS13          1.000         1.000
 MVS14          1.000         1.000         1.000
 MVS15          1.000         1.000         1.000         1.000
 MVS4O          1.000         1.000         1.000         1.000         1.000
 MVS5O          1.000         1.000         1.000         1.000         1.000
 MVS6O          1.000         1.000         1.000         1.000         1.000
 MVS10O         1.000         1.000         1.000         1.000         1.000
 MVS11O         1.000         1.000         1.000         1.000         1.000
 MVS12O         1.000         1.000         1.000         1.000         1.000
 MVS16O         1.000         1.000         1.000         1.000         1.000
 MVS17O         1.000         1.000         1.000         1.000         1.000
 MVS18O         1.000         1.000         1.000         1.000         1.000


           Covariance Coverage
              MVS5O         MVS6O         MVS10O        MVS11O        MVS12O
              ________      ________      ________      ________      ________
 MVS5O          1.000
 MVS6O          1.000         1.000
 MVS10O         1.000         1.000         1.000
 MVS11O         1.000         1.000         1.000         1.000
 MVS12O         1.000         1.000         1.000         1.000         1.000
 MVS16O         1.000         1.000         1.000         1.000         1.000
 MVS17O         1.000         1.000         1.000         1.000         1.000
 MVS18O         1.000         1.000         1.000         1.000         1.000


           Covariance Coverage
              MVS16O        MVS17O        MVS18O
              ________      ________      ________
 MVS16O         1.000
 MVS17O         1.000         1.000
 MVS18O         1.000         1.000         1.000



UNIVARIATE SAMPLE STATISTICS


     UNIVARIATE HIGHER-ORDER MOMENT DESCRIPTIVE STATISTICS

         Variable/         Mean/     Skewness/   Minimum/ % with                Percentiles
        Sample Size      Variance    Kurtosis    Maximum  Min/Max      20%/60%    40%/80%    Median

     MVS1                  3.359      -0.412       1.000    3.97%       2.000      3.000      4.000
             554.000       1.082      -0.647       5.000   10.47%       4.000      4.000
     MVS2                  2.363       0.467       1.000   20.76%       1.000      2.000      2.000
             554.000       1.069      -0.629       5.000    1.62%       2.000      3.000
     MVS3                  3.087      -0.280       1.000    7.94%       2.000      3.000      3.000
             554.000       1.191      -0.959       5.000    5.60%       4.000      4.000
     MVS7                  2.605       0.467       1.000    9.39%       2.000      2.000      2.000
             554.000       0.965      -0.413       5.000    3.25%       3.000      4.000
     MVS8                  3.482      -0.467       1.000    2.17%       2.000      3.000      4.000
             554.000       0.983      -0.535       5.000   12.09%       4.000      4.000
     MVS9                  3.300      -0.214       1.000    3.07%       2.000      3.000      3.000
             554.000       1.037      -0.735       5.000   10.29%       4.000      4.000
     MVS13                 3.166      -0.172       1.000    3.61%       2.000      3.000      3.000
             554.000       1.084      -1.048       5.000    6.68%       4.000      4.000
     MVS14                 3.430      -0.350       1.000    2.89%       2.000      3.000      4.000
             554.000       1.155      -0.845       5.000   14.62%       4.000      4.000
     MVS15                 3.348      -0.362       1.000    4.51%       2.000      3.000      4.000
             554.000       1.209      -0.851       5.000   12.45%       4.000      4.000
     MVS4O                 3.081       0.105       1.000    1.81%       2.000      3.000      3.000
             554.000       0.981      -1.057       5.000    6.14%       3.000      4.000
     MVS5O                 3.287      -0.201       1.000    1.62%       2.000      3.000      3.000
             554.000       0.912      -0.811       5.000    7.40%       4.000      4.000
     MVS6O                 2.780       0.344       1.000    4.33%       2.000      2.000      3.000
             554.000       0.937      -0.916       5.000    2.71%       3.000      4.000
     MVS10O                2.962       0.064       1.000    3.43%       2.000      3.000      3.000
             554.000       0.939      -1.024       5.000    3.25%       3.000      4.000
     MVS11O                2.430       0.652       1.000   10.83%       2.000      2.000      2.000
             554.000       0.855      -0.191       5.000    1.44%       2.000      3.000
     MVS12O                3.146      -0.043       1.000    1.99%       2.000      3.000      3.000
             554.000       0.905      -0.873       5.000    5.60%       4.000      4.000
     MVS16O                3.655      -0.733       1.000    1.81%       3.000      4.000      4.000
             554.000       0.865       0.120       5.000   14.08%       4.000      4.000
     MVS17O                2.776       0.418       1.000    5.78%       2.000      2.000      2.500
             554.000       1.058      -0.772       5.000    5.05%       3.000      4.000
     MVS18O                3.269      -0.203       1.000    1.44%       2.000      3.000      3.000
             554.000       0.879      -0.831       5.000    6.32%       4.000      4.000


THE MODEL ESTIMATION TERMINATED NORMALLY

     THE STANDARD ERRORS OF THE MODEL PARAMETER ESTIMATES MAY NOT BE
     TRUSTWORTHY FOR SOME PARAMETERS DUE TO A NON-POSITIVE DEFINITE
     FIRST-ORDER DERIVATIVE PRODUCT MATRIX.  THIS MAY BE DUE TO THE STARTING
     VALUES BUT MAY ALSO BE AN INDICATION OF MODEL NONIDENTIFICATION.  THE
     CONDITION NUMBER IS       0.103D-10.




MODEL FIT INFORMATION

Number of Free Parameters                       60

Loglikelihood

          H0 Value                      -13056.408
          H1 Value                      -12930.493

Information Criteria

          Akaike (AIC)                   26232.817
          Bayesian (BIC)                 26491.847
          Sample-Size Adjusted BIC       26301.380
            (n* = (n + 2) / 24)

Chi-Square Test of Model Fit

          Value                            251.831
          Degrees of Freedom                   129
          P-Value                           0.0000

RMSEA (Root Mean Square Error Of Approximation)

          Estimate                           0.041
          90 Percent C.I.                    0.034  0.049
          Probability RMSEA <= .05           0.969

CFI/TLI

          CFI                                0.946
          TLI                                0.936

Chi-Square Test of Model Fit for the Baseline Model

          Value                           2440.337
          Degrees of Freedom                   153
          P-Value                           0.0000

SRMR (Standardized Root Mean Square Residual)

          Value                              0.040



MODEL RESULTS

                                                    Two-Tailed
                    Estimate       S.E.  Est./S.E.    P-Value

 SUC      BY
    MVS1               0.574      0.047     12.249      0.000
    MVS2               0.501      0.048     10.509      0.000
    MVS3               0.730      0.048     15.279      0.000
    MVS4O             -0.541      0.047    -11.622      0.000
    MVS5O             -0.378      0.046     -8.174      0.000
    MVS6O             -0.562      0.045    -12.417      0.000

 CEN      BY
    MVS7               0.416      0.047      8.825      0.000
    MVS8               0.560      0.046     12.132      0.000
    MVS9               0.660      0.046     14.202      0.000
    MVS10O            -0.515      0.049    -10.565      0.000
    MVS11O            -0.144      0.047     -3.045      0.002
    MVS12O            -0.562      0.047    -12.034      0.000

 HAP      BY
    MVS13              0.756      0.043     17.697      0.000
    MVS14              0.858      0.045     19.254      0.000
    MVS15              0.518      0.050     10.447      0.000
    MVS16O            -0.356      0.043     -8.250      0.000
    MVS17O            -0.649      0.044    -14.600      0.000
    MVS18O            -0.546      0.042    -13.082      0.000

 POS      BY
    MVS1               0.177      0.052      3.415      0.001
    MVS2               0.177      0.052      3.415      0.001
    MVS3               0.177      0.052      3.415      0.001
    MVS7               0.177      0.052      3.415      0.001
    MVS8               0.177      0.052      3.415      0.001
    MVS9               0.177      0.052      3.415      0.001
    MVS13              0.177      0.052      3.415      0.001
    MVS14              0.177      0.052      3.415      0.001
    MVS15              0.177      0.052      3.415      0.001

 NEG      BY
    MVS4O              0.207      0.041      5.068      0.000
    MVS5O              0.207      0.041      5.068      0.000
    MVS6O              0.207      0.041      5.068      0.000
    MVS10O             0.207      0.041      5.068      0.000
    MVS11O             0.207      0.041      5.068      0.000
    MVS12O             0.207      0.041      5.068      0.000
    MVS16O             0.207      0.041      5.068      0.000
    MVS17O             0.207      0.041      5.068      0.000
    MVS18O             0.207      0.041      5.068      0.000

 SUC      WITH
    CEN                0.794      0.035     22.530      0.000
    HAP                0.712      0.035     20.451      0.000
    POS                0.000      0.000    999.000    999.000
    NEG                0.000      0.000    999.000    999.000

 CEN      WITH
    HAP                0.614      0.041     14.993      0.000
    POS                0.000      0.000    999.000    999.000
    NEG                0.000      0.000    999.000    999.000

 POS      WITH
    NEG                1.000      0.024     40.847      0.000
    HAP                0.000      0.000    999.000    999.000

 NEG      WITH
    HAP                0.000      0.000    999.000    999.000

 Intercepts
    MVS1               3.359      0.044     75.667      0.000
    MVS2               2.363      0.044     53.710      0.000
    MVS3               3.087      0.047     66.250      0.000
    MVS7               2.605      0.042     62.246      0.000
    MVS8               3.482      0.042     82.725      0.000
    MVS9               3.300      0.043     76.006      0.000
    MVS13              3.166      0.044     71.701      0.000
    MVS14              3.430      0.045     75.746      0.000
    MVS15              3.348      0.047     71.872      0.000
    MVS4O              3.081      0.042     73.482      0.000
    MVS5O              3.287      0.040     81.231      0.000
    MVS6O              2.780      0.041     67.801      0.000
    MVS10O             2.962      0.041     72.858      0.000
    MVS11O             2.430      0.039     61.741      0.000
    MVS12O             3.146      0.040     78.281      0.000
    MVS16O             3.655      0.040     91.301      0.000
    MVS17O             2.776      0.044     62.938      0.000
    MVS18O             3.269      0.040     81.739      0.000

 Variances
    SUC                1.000      0.000    999.000    999.000
    CEN                1.000      0.000    999.000    999.000
    HAP                1.000      0.000    999.000    999.000
    POS                1.000      0.000    999.000    999.000
    NEG                1.000      0.000    999.000    999.000

 Residual Variances
    MVS1               0.731      0.051     14.432      0.000
    MVS2               0.790      0.053     15.021      0.000
    MVS3               0.638      0.050     12.720      0.000
    MVS7               0.766      0.050     15.171      0.000
    MVS8               0.637      0.046     13.874      0.000
    MVS9               0.578      0.046     12.529      0.000
    MVS13              0.478      0.038     12.564      0.000
    MVS14              0.369      0.038      9.779      0.000
    MVS15              0.903      0.058     15.512      0.000
    MVS4O              0.638      0.045     14.151      0.000
    MVS5O              0.721      0.047     15.344      0.000
    MVS6O              0.573      0.042     13.762      0.000
    MVS10O             0.608      0.044     13.752      0.000
    MVS11O             0.794      0.050     16.005      0.000
    MVS12O             0.536      0.042     12.846      0.000
    MVS16O             0.718      0.046     15.535      0.000
    MVS17O             0.614      0.045     13.717      0.000
    MVS18O             0.545      0.039     14.021      0.000


STANDARDIZED MODEL RESULTS


STDYX Standardization

                                                    Two-Tailed
                    Estimate       S.E.  Est./S.E.    P-Value

 SUC      BY
    MVS1               0.550      0.037     14.687      0.000
    MVS2               0.484      0.040     12.081      0.000
    MVS3               0.666      0.033     20.257      0.000
    MVS4O             -0.549      0.040    -13.799      0.000
    MVS5O             -0.397      0.045     -8.884      0.000
    MVS6O             -0.582      0.038    -15.148      0.000

 CEN      BY
    MVS7               0.422      0.044      9.678      0.000
    MVS8               0.565      0.039     14.587      0.000
    MVS9               0.646      0.036     18.023      0.000
    MVS10O            -0.538      0.044    -12.214      0.000
    MVS11O            -0.155      0.050     -3.069      0.002
    MVS12O            -0.595      0.041    -14.428      0.000

 HAP      BY
    MVS13              0.727      0.028     26.362      0.000
    MVS14              0.805      0.026     30.599      0.000
    MVS15              0.472      0.039     12.078      0.000
    MVS16O            -0.378      0.042     -8.918      0.000
    MVS17O            -0.625      0.033    -18.882      0.000
    MVS18O            -0.580      0.036    -16.297      0.000

 POS      BY
    MVS1               0.169      0.049      3.434      0.001
    MVS2               0.171      0.050      3.419      0.001
    MVS3               0.161      0.047      3.418      0.001
    MVS7               0.180      0.052      3.443      0.001
    MVS8               0.179      0.052      3.408      0.001
    MVS9               0.173      0.051      3.420      0.001
    MVS13              0.170      0.050      3.398      0.001
    MVS14              0.166      0.049      3.373      0.001
    MVS15              0.161      0.047      3.403      0.001

 NEG      BY
    MVS4O              0.210      0.042      5.027      0.000
    MVS5O              0.217      0.043      5.057      0.000
    MVS6O              0.214      0.043      5.011      0.000
    MVS10O             0.216      0.043      5.000      0.000
    MVS11O             0.223      0.044      5.128      0.000
    MVS12O             0.219      0.044      5.011      0.000
    MVS16O             0.220      0.043      5.150      0.000
    MVS17O             0.199      0.039      5.079      0.000
    MVS18O             0.220      0.044      5.029      0.000

 SUC      WITH
    CEN                0.794      0.035     22.530      0.000
    HAP                0.712      0.035     20.451      0.000
    POS                0.000      0.000    999.000    999.000
    NEG                0.000      0.000    999.000    999.000

 CEN      WITH
    HAP                0.614      0.041     14.993      0.000
    POS                0.000      0.000    999.000    999.000
    NEG                0.000      0.000    999.000    999.000

 POS      WITH
    NEG                1.000      0.024     40.847      0.000
    HAP                0.000      0.000    999.000    999.000

 NEG      WITH
    HAP                0.000      0.000    999.000    999.000

 Intercepts
    MVS1               3.215      0.105     30.595      0.000
    MVS2               2.282      0.080     28.480      0.000
    MVS3               2.815      0.094     29.888      0.000
    MVS7               2.645      0.090     29.480      0.000
    MVS8               3.515      0.113     31.159      0.000
    MVS9               3.229      0.105     30.677      0.000
    MVS13              3.046      0.100     30.395      0.000
    MVS14              3.218      0.105     30.588      0.000
    MVS15              3.054      0.100     30.465      0.000
    MVS4O              3.122      0.102     30.697      0.000
    MVS5O              3.451      0.110     31.269      0.000
    MVS6O              2.881      0.095     30.217      0.000
    MVS10O             3.095      0.101     30.705      0.000
    MVS11O             2.623      0.089     29.577      0.000
    MVS12O             3.326      0.107     31.039      0.000
    MVS16O             3.879      0.124     31.389      0.000
    MVS17O             2.674      0.090     29.621      0.000
    MVS18O             3.473      0.111     31.182      0.000

 Variances
    SUC                1.000      0.000    999.000    999.000
    CEN                1.000      0.000    999.000    999.000
    HAP                1.000      0.000    999.000    999.000
    POS                1.000      0.000    999.000    999.000
    NEG                1.000      0.000    999.000    999.000

 Residual Variances
    MVS1               0.669      0.038     17.444      0.000
    MVS2               0.737      0.036     20.203      0.000
    MVS3               0.530      0.040     13.289      0.000
    MVS7               0.790      0.035     22.348      0.000
    MVS8               0.649      0.040     16.233      0.000
    MVS9               0.553      0.042     13.301      0.000
    MVS13              0.442      0.036     12.447      0.000
    MVS14              0.325      0.035      9.241      0.000
    MVS15              0.751      0.034     21.806      0.000
    MVS4O              0.655      0.038     17.091      0.000
    MVS5O              0.795      0.032     24.633      0.000
    MVS6O              0.615      0.039     15.815      0.000
    MVS10O             0.664      0.040     16.519      0.000
    MVS11O             0.926      0.020     46.004      0.000
    MVS12O             0.599      0.042     14.299      0.000
    MVS16O             0.809      0.031     25.770      0.000
    MVS17O             0.570      0.037     15.240      0.000
    MVS18O             0.615      0.038     16.371      0.000


STDY Standardization

                                                    Two-Tailed
                    Estimate       S.E.  Est./S.E.    P-Value

 SUC      BY
    MVS1               0.550      0.037     14.687      0.000
    MVS2               0.484      0.040     12.081      0.000
    MVS3               0.666      0.033     20.257      0.000
    MVS4O             -0.549      0.040    -13.799      0.000
    MVS5O             -0.397      0.045     -8.884      0.000
    MVS6O             -0.582      0.038    -15.148      0.000

 CEN      BY
    MVS7               0.422      0.044      9.678      0.000
    MVS8               0.565      0.039     14.587      0.000
    MVS9               0.646      0.036     18.023      0.000
    MVS10O            -0.538      0.044    -12.214      0.000
    MVS11O            -0.155      0.050     -3.069      0.002
    MVS12O            -0.595      0.041    -14.428      0.000

 HAP      BY
    MVS13              0.727      0.028     26.362      0.000
    MVS14              0.805      0.026     30.599      0.000
    MVS15              0.472      0.039     12.078      0.000
    MVS16O            -0.378      0.042     -8.918      0.000
    MVS17O            -0.625      0.033    -18.882      0.000
    MVS18O            -0.580      0.036    -16.297      0.000

 POS      BY
    MVS1               0.169      0.049      3.434      0.001
    MVS2               0.171      0.050      3.419      0.001
    MVS3               0.161      0.047      3.418      0.001
    MVS7               0.180      0.052      3.443      0.001
    MVS8               0.179      0.052      3.408      0.001
    MVS9               0.173      0.051      3.420      0.001
    MVS13              0.170      0.050      3.398      0.001
    MVS14              0.166      0.049      3.373      0.001
    MVS15              0.161      0.047      3.403      0.001

 NEG      BY
    MVS4O              0.210      0.042      5.027      0.000
    MVS5O              0.217      0.043      5.057      0.000
    MVS6O              0.214      0.043      5.011      0.000
    MVS10O             0.216      0.043      5.000      0.000
    MVS11O             0.223      0.044      5.128      0.000
    MVS12O             0.219      0.044      5.011      0.000
    MVS16O             0.220      0.043      5.150      0.000
    MVS17O             0.199      0.039      5.079      0.000
    MVS18O             0.220      0.044      5.029      0.000

 SUC      WITH
    CEN                0.794      0.035     22.530      0.000
    HAP                0.712      0.035     20.451      0.000
    POS                0.000      0.000    999.000    999.000
    NEG                0.000      0.000    999.000    999.000

 CEN      WITH
    HAP                0.614      0.041     14.993      0.000
    POS                0.000      0.000    999.000    999.000
    NEG                0.000      0.000    999.000    999.000

 POS      WITH
    NEG                1.000      0.024     40.847      0.000
    HAP                0.000      0.000    999.000    999.000

 NEG      WITH
    HAP                0.000      0.000    999.000    999.000

 Intercepts
    MVS1               3.215      0.105     30.595      0.000
    MVS2               2.282      0.080     28.480      0.000
    MVS3               2.815      0.094     29.888      0.000
    MVS7               2.645      0.090     29.480      0.000
    MVS8               3.515      0.113     31.159      0.000
    MVS9               3.229      0.105     30.677      0.000
    MVS13              3.046      0.100     30.395      0.000
    MVS14              3.218      0.105     30.588      0.000
    MVS15              3.054      0.100     30.465      0.000
    MVS4O              3.122      0.102     30.697      0.000
    MVS5O              3.451      0.110     31.269      0.000
    MVS6O              2.881      0.095     30.217      0.000
    MVS10O             3.095      0.101     30.705      0.000
    MVS11O             2.623      0.089     29.577      0.000
    MVS12O             3.326      0.107     31.039      0.000
    MVS16O             3.879      0.124     31.389      0.000
    MVS17O             2.674      0.090     29.621      0.000
    MVS18O             3.473      0.111     31.182      0.000

 Variances
    SUC                1.000      0.000    999.000    999.000
    CEN                1.000      0.000    999.000    999.000
    HAP                1.000      0.000    999.000    999.000
    POS                1.000      0.000    999.000    999.000
    NEG                1.000      0.000    999.000    999.000

 Residual Variances
    MVS1               0.669      0.038     17.444      0.000
    MVS2               0.737      0.036     20.203      0.000
    MVS3               0.530      0.040     13.289      0.000
    MVS7               0.790      0.035     22.348      0.000
    MVS8               0.649      0.040     16.233      0.000
    MVS9               0.553      0.042     13.301      0.000
    MVS13              0.442      0.036     12.447      0.000
    MVS14              0.325      0.035      9.241      0.000
    MVS15              0.751      0.034     21.806      0.000
    MVS4O              0.655      0.038     17.091      0.000
    MVS5O              0.795      0.032     24.633      0.000
    MVS6O              0.615      0.039     15.815      0.000
    MVS10O             0.664      0.040     16.519      0.000
    MVS11O             0.926      0.020     46.004      0.000
    MVS12O             0.599      0.042     14.299      0.000
    MVS16O             0.809      0.031     25.770      0.000
    MVS17O             0.570      0.037     15.240      0.000
    MVS18O             0.615      0.038     16.371      0.000


STD Standardization

                                                    Two-Tailed
                    Estimate       S.E.  Est./S.E.    P-Value

 SUC      BY
    MVS1               0.574      0.047     12.249      0.000
    MVS2               0.501      0.048     10.509      0.000
    MVS3               0.730      0.048     15.279      0.000
    MVS4O             -0.541      0.047    -11.622      0.000
    MVS5O             -0.378      0.046     -8.174      0.000
    MVS6O             -0.562      0.045    -12.417      0.000

 CEN      BY
    MVS7               0.416      0.047      8.825      0.000
    MVS8               0.560      0.046     12.132      0.000
    MVS9               0.660      0.046     14.202      0.000
    MVS10O            -0.515      0.049    -10.565      0.000
    MVS11O            -0.144      0.047     -3.045      0.002
    MVS12O            -0.562      0.047    -12.034      0.000

 HAP      BY
    MVS13              0.756      0.043     17.697      0.000
    MVS14              0.858      0.045     19.254      0.000
    MVS15              0.518      0.050     10.447      0.000
    MVS16O            -0.356      0.043     -8.250      0.000
    MVS17O            -0.649      0.044    -14.600      0.000
    MVS18O            -0.546      0.042    -13.082      0.000

 POS      BY
    MVS1               0.177      0.052      3.415      0.001
    MVS2               0.177      0.052      3.415      0.001
    MVS3               0.177      0.052      3.415      0.001
    MVS7               0.177      0.052      3.415      0.001
    MVS8               0.177      0.052      3.415      0.001
    MVS9               0.177      0.052      3.415      0.001
    MVS13              0.177      0.052      3.415      0.001
    MVS14              0.177      0.052      3.415      0.001
    MVS15              0.177      0.052      3.415      0.001

 NEG      BY
    MVS4O              0.207      0.041      5.068      0.000
    MVS5O              0.207      0.041      5.068      0.000
    MVS6O              0.207      0.041      5.068      0.000
    MVS10O             0.207      0.041      5.068      0.000
    MVS11O             0.207      0.041      5.068      0.000
    MVS12O             0.207      0.041      5.068      0.000
    MVS16O             0.207      0.041      5.068      0.000
    MVS17O             0.207      0.041      5.068      0.000
    MVS18O             0.207      0.041      5.068      0.000

 SUC      WITH
    CEN                0.794      0.035     22.530      0.000
    HAP                0.712      0.035     20.451      0.000
    POS                0.000      0.000    999.000    999.000
    NEG                0.000      0.000    999.000    999.000

 CEN      WITH
    HAP                0.614      0.041     14.993      0.000
    POS                0.000      0.000    999.000    999.000
    NEG                0.000      0.000    999.000    999.000

 POS      WITH
    NEG                1.000      0.024     40.847      0.000
    HAP                0.000      0.000    999.000    999.000

 NEG      WITH
    HAP                0.000      0.000    999.000    999.000

 Intercepts
    MVS1               3.359      0.044     75.667      0.000
    MVS2               2.363      0.044     53.710      0.000
    MVS3               3.087      0.047     66.250      0.000
    MVS7               2.605      0.042     62.246      0.000
    MVS8               3.482      0.042     82.725      0.000
    MVS9               3.300      0.043     76.006      0.000
    MVS13              3.166      0.044     71.701      0.000
    MVS14              3.430      0.045     75.746      0.000
    MVS15              3.348      0.047     71.872      0.000
    MVS4O              3.081      0.042     73.482      0.000
    MVS5O              3.287      0.040     81.231      0.000
    MVS6O              2.780      0.041     67.801      0.000
    MVS10O             2.962      0.041     72.858      0.000
    MVS11O             2.430      0.039     61.741      0.000
    MVS12O             3.146      0.040     78.281      0.000
    MVS16O             3.655      0.040     91.301      0.000
    MVS17O             2.776      0.044     62.938      0.000
    MVS18O             3.269      0.040     81.739      0.000

 Variances
    SUC                1.000      0.000    999.000    999.000
    CEN                1.000      0.000    999.000    999.000
    HAP                1.000      0.000    999.000    999.000
    POS                1.000      0.000    999.000    999.000
    NEG                1.000      0.000    999.000    999.000

 Residual Variances
    MVS1               0.731      0.051     14.432      0.000
    MVS2               0.790      0.053     15.021      0.000
    MVS3               0.638      0.050     12.720      0.000
    MVS7               0.766      0.050     15.171      0.000
    MVS8               0.637      0.046     13.874      0.000
    MVS9               0.578      0.046     12.529      0.000
    MVS13              0.478      0.038     12.564      0.000
    MVS14              0.369      0.038      9.779      0.000
    MVS15              0.903      0.058     15.512      0.000
    MVS4O              0.638      0.045     14.151      0.000
    MVS5O              0.721      0.047     15.344      0.000
    MVS6O              0.573      0.042     13.762      0.000
    MVS10O             0.608      0.044     13.752      0.000
    MVS11O             0.794      0.050     16.005      0.000
    MVS12O             0.536      0.042     12.846      0.000
    MVS16O             0.718      0.046     15.535      0.000
    MVS17O             0.614      0.045     13.717      0.000
    MVS18O             0.545      0.039     14.021      0.000


R-SQUARE

    Observed                                        Two-Tailed
    Variable        Estimate       S.E.  Est./S.E.    P-Value

    MVS1               0.331      0.038      8.628      0.000
    MVS2               0.263      0.036      7.211      0.000
    MVS3               0.470      0.040     11.765      0.000
    MVS7               0.210      0.035      5.954      0.000
    MVS8               0.351      0.040      8.779      0.000
    MVS9               0.447      0.042     10.746      0.000
    MVS13              0.558      0.036     15.683      0.000
    MVS14              0.675      0.035     19.229      0.000
    MVS15              0.249      0.034      7.228      0.000
    MVS4O              0.345      0.038      8.998      0.000
    MVS5O              0.205      0.032      6.351      0.000
    MVS6O              0.385      0.039      9.902      0.000
    MVS10O             0.336      0.040      8.364      0.000
    MVS11O             0.074      0.020      3.671      0.000
    MVS12O             0.401      0.042      9.585      0.000
    MVS16O             0.191      0.031      6.083      0.000
    MVS17O             0.430      0.037     11.509      0.000
    MVS18O             0.385      0.038     10.258      0.000


QUALITY OF NUMERICAL RESULTS

     Condition Number for the Information Matrix              0.158E-06
       (ratio of smallest to largest eigenvalue)


CONFIDENCE INTERVALS OF MODEL RESULTS

                  Lower .5%  Lower 2.5%    Lower 5%    Estimate    Upper 5%  Upper 2.5%   Upper .5%

 SUC      BY
    MVS1             0.454       0.483       0.497       0.574       0.652       0.666       0.695
    MVS2             0.378       0.407       0.422       0.501       0.579       0.594       0.623
    MVS3             0.607       0.637       0.652       0.730       0.809       0.824       0.853
    MVS4O           -0.661      -0.633      -0.618      -0.541      -0.465      -0.450      -0.421
    MVS5O           -0.498      -0.469      -0.454      -0.378      -0.302      -0.288      -0.259
    MVS6O           -0.678      -0.651      -0.636      -0.562      -0.487      -0.473      -0.445

 CEN      BY
    MVS7             0.294       0.323       0.338       0.416       0.493       0.508       0.537
    MVS8             0.441       0.469       0.484       0.560       0.635       0.650       0.678
    MVS9             0.540       0.569       0.583       0.660       0.736       0.751       0.779
    MVS10O          -0.640      -0.610      -0.595      -0.515      -0.435      -0.419      -0.389
    MVS11O          -0.265      -0.236      -0.221      -0.144      -0.066      -0.051      -0.022
    MVS12O          -0.683      -0.654      -0.639      -0.562      -0.486      -0.471      -0.442

 HAP      BY
    MVS13            0.646       0.672       0.685       0.756       0.826       0.839       0.866
    MVS14            0.743       0.770       0.784       0.858       0.931       0.945       0.973
    MVS15            0.390       0.421       0.436       0.518       0.599       0.615       0.645
    MVS16O          -0.467      -0.441      -0.427      -0.356      -0.285      -0.271      -0.245
    MVS17O          -0.763      -0.736      -0.722      -0.649      -0.576      -0.562      -0.534
    MVS18O          -0.654      -0.628      -0.615      -0.546      -0.478      -0.465      -0.439

 POS      BY
    MVS1             0.044       0.075       0.092       0.177       0.262       0.279       0.311
    MVS2             0.044       0.075       0.092       0.177       0.262       0.279       0.311
    MVS3             0.044       0.075       0.092       0.177       0.262       0.279       0.311
    MVS7             0.044       0.075       0.092       0.177       0.262       0.279       0.311
    MVS8             0.044       0.075       0.092       0.177       0.262       0.279       0.311
    MVS9             0.044       0.075       0.092       0.177       0.262       0.279       0.311
    MVS13            0.044       0.075       0.092       0.177       0.262       0.279       0.311
    MVS14            0.044       0.075       0.092       0.177       0.262       0.279       0.311
    MVS15            0.044       0.075       0.092       0.177       0.262       0.279       0.311

 NEG      BY
    MVS4O            0.102       0.127       0.140       0.207       0.274       0.287       0.312
    MVS5O            0.102       0.127       0.140       0.207       0.274       0.287       0.312
    MVS6O            0.102       0.127       0.140       0.207       0.274       0.287       0.312
    MVS10O           0.102       0.127       0.140       0.207       0.274       0.287       0.312
    MVS11O           0.102       0.127       0.140       0.207       0.274       0.287       0.312
    MVS12O           0.102       0.127       0.140       0.207       0.274       0.287       0.312
    MVS16O           0.102       0.127       0.140       0.207       0.274       0.287       0.312
    MVS17O           0.102       0.127       0.140       0.207       0.274       0.287       0.312
    MVS18O           0.102       0.127       0.140       0.207       0.274       0.287       0.312

 SUC      WITH
    CEN              0.704       0.725       0.736       0.794       0.852       0.864       0.885
    HAP              0.622       0.644       0.655       0.712       0.769       0.780       0.802
    POS              0.000       0.000       0.000       0.000       0.000       0.000       0.000
    NEG              0.000       0.000       0.000       0.000       0.000       0.000       0.000

 CEN      WITH
    HAP              0.508       0.534       0.547       0.614       0.681       0.694       0.719
    POS              0.000       0.000       0.000       0.000       0.000       0.000       0.000
    NEG              0.000       0.000       0.000       0.000       0.000       0.000       0.000

 POS      WITH
    NEG              0.937       0.952       0.960       1.000       1.040       1.048       1.063
    HAP              0.000       0.000       0.000       0.000       0.000       0.000       0.000

 NEG      WITH
    HAP              0.000       0.000       0.000       0.000       0.000       0.000       0.000

 Intercepts
    MVS1             3.245       3.272       3.286       3.359       3.432       3.446       3.474
    MVS2             2.250       2.277       2.290       2.363       2.435       2.449       2.476
    MVS3             2.967       2.995       3.010       3.087       3.163       3.178       3.207
    MVS7             2.497       2.523       2.536       2.605       2.674       2.687       2.712
    MVS8             3.374       3.399       3.413       3.482       3.551       3.564       3.590
    MVS9             3.188       3.215       3.228       3.300       3.371       3.385       3.411
    MVS13            3.052       3.080       3.093       3.166       3.239       3.253       3.280
    MVS14            3.313       3.341       3.355       3.430       3.504       3.518       3.546
    MVS15            3.228       3.257       3.272       3.348       3.425       3.440       3.468
    MVS4O            2.973       2.999       3.012       3.081       3.150       3.163       3.189
    MVS5O            3.183       3.208       3.220       3.287       3.354       3.366       3.391
    MVS6O            2.674       2.699       2.712       2.780       2.847       2.860       2.885
    MVS10O           2.857       2.882       2.895       2.962       3.029       3.042       3.067
    MVS11O           2.328       2.352       2.365       2.430       2.494       2.507       2.531
    MVS12O           3.043       3.067       3.080       3.146       3.212       3.225       3.250
    MVS16O           3.552       3.577       3.589       3.655       3.721       3.734       3.758
    MVS17O           2.663       2.690       2.704       2.776       2.849       2.863       2.890
    MVS18O           3.166       3.191       3.203       3.269       3.335       3.347       3.372

 Variances
    SUC              1.000       1.000       1.000       1.000       1.000       1.000       1.000
    CEN              1.000       1.000       1.000       1.000       1.000       1.000       1.000
    HAP              1.000       1.000       1.000       1.000       1.000       1.000       1.000
    POS              1.000       1.000       1.000       1.000       1.000       1.000       1.000
    NEG              1.000       1.000       1.000       1.000       1.000       1.000       1.000

 Residual Variances
    MVS1             0.600       0.631       0.647       0.731       0.814       0.830       0.861
    MVS2             0.655       0.687       0.704       0.790       0.877       0.893       0.926
    MVS3             0.509       0.540       0.555       0.638       0.720       0.736       0.767
    MVS7             0.636       0.667       0.683       0.766       0.849       0.865       0.896
    MVS8             0.519       0.547       0.561       0.637       0.713       0.727       0.755
    MVS9             0.459       0.487       0.502       0.578       0.653       0.668       0.696
    MVS13            0.380       0.403       0.415       0.478       0.541       0.553       0.576
    MVS14            0.272       0.295       0.307       0.369       0.431       0.443       0.466
    MVS15            0.753       0.789       0.807       0.903       0.999       1.017       1.053
    MVS4O            0.522       0.550       0.564       0.638       0.712       0.726       0.754
    MVS5O            0.600       0.629       0.644       0.721       0.799       0.813       0.842
    MVS6O            0.465       0.491       0.504       0.573       0.641       0.654       0.680
    MVS10O           0.494       0.521       0.535       0.608       0.681       0.695       0.722
    MVS11O           0.667       0.697       0.713       0.794       0.876       0.892       0.922
    MVS12O           0.428       0.454       0.467       0.536       0.604       0.618       0.643
    MVS16O           0.599       0.628       0.642       0.718       0.794       0.809       0.837
    MVS17O           0.499       0.526       0.540       0.614       0.688       0.702       0.729
    MVS18O           0.445       0.469       0.481       0.545       0.609       0.621       0.645


CONFIDENCE INTERVALS OF STANDARDIZED MODEL RESULTS


STDYX Standardization

                  Lower .5%  Lower 2.5%    Lower 5%    Estimate    Upper 5%  Upper 2.5%   Upper .5%

 SUC      BY
    MVS1             0.453       0.476       0.488       0.550       0.611       0.623       0.646
    MVS2             0.380       0.405       0.418       0.484       0.549       0.562       0.587
    MVS3             0.581       0.602       0.612       0.666       0.720       0.730       0.751
    MVS4O           -0.651      -0.627      -0.614      -0.549      -0.483      -0.471      -0.446
    MVS5O           -0.512      -0.485      -0.471      -0.397      -0.324      -0.310      -0.282
    MVS6O           -0.681      -0.658      -0.646      -0.582      -0.519      -0.507      -0.483

 CEN      BY
    MVS7             0.310       0.337       0.350       0.422       0.494       0.507       0.534
    MVS8             0.465       0.489       0.501       0.565       0.629       0.641       0.665
    MVS9             0.553       0.575       0.587       0.646       0.705       0.716       0.738
    MVS10O          -0.651      -0.624      -0.610      -0.538      -0.465      -0.452      -0.425
    MVS11O          -0.285      -0.254      -0.238      -0.155      -0.072      -0.056      -0.025
    MVS12O          -0.701      -0.675      -0.662      -0.595      -0.527      -0.514      -0.488

 HAP      BY
    MVS13            0.656       0.673       0.682       0.727       0.772       0.781       0.798
    MVS14            0.737       0.753       0.762       0.805       0.848       0.856       0.873
    MVS15            0.371       0.396       0.408       0.472       0.536       0.549       0.573
    MVS16O          -0.487      -0.461      -0.448      -0.378      -0.308      -0.295      -0.269
    MVS17O          -0.710      -0.690      -0.679      -0.625      -0.570      -0.560      -0.540
    MVS18O          -0.672      -0.650      -0.639      -0.580      -0.522      -0.511      -0.489

 POS      BY
    MVS1             0.042       0.073       0.088       0.169       0.251       0.266       0.296
    MVS2             0.042       0.073       0.089       0.171       0.253       0.269       0.300
    MVS3             0.040       0.069       0.084       0.161       0.239       0.254       0.283
    MVS7             0.045       0.077       0.094       0.180       0.266       0.282       0.314
    MVS8             0.044       0.076       0.092       0.179       0.265       0.281       0.314
    MVS9             0.043       0.074       0.090       0.173       0.257       0.273       0.304
    MVS13            0.041       0.072       0.088       0.170       0.253       0.269       0.299
    MVS14            0.039       0.070       0.085       0.166       0.247       0.263       0.293
    MVS15            0.039       0.068       0.083       0.161       0.239       0.254       0.284

 NEG      BY
    MVS4O            0.102       0.128       0.141       0.210       0.278       0.291       0.317
    MVS5O            0.107       0.133       0.147       0.217       0.288       0.301       0.328
    MVS6O            0.104       0.131       0.144       0.214       0.285       0.298       0.325
    MVS10O           0.105       0.131       0.145       0.216       0.287       0.301       0.328
    MVS11O           0.111       0.138       0.152       0.223       0.295       0.309       0.336
    MVS12O           0.106       0.133       0.147       0.219       0.290       0.304       0.331
    MVS16O           0.110       0.136       0.149       0.220       0.290       0.303       0.329
    MVS17O           0.098       0.122       0.135       0.199       0.264       0.276       0.300
    MVS18O           0.107       0.134       0.148       0.220       0.292       0.305       0.332

 SUC      WITH
    CEN              0.704       0.725       0.736       0.794       0.852       0.864       0.885
    HAP              0.622       0.644       0.655       0.712       0.769       0.780       0.802
    POS              0.000       0.000       0.000       0.000       0.000       0.000       0.000
    NEG              0.000       0.000       0.000       0.000       0.000       0.000       0.000

 CEN      WITH
    HAP              0.508       0.534       0.547       0.614       0.681       0.694       0.719
    POS              0.000       0.000       0.000       0.000       0.000       0.000       0.000
    NEG              0.000       0.000       0.000       0.000       0.000       0.000       0.000

 POS      WITH
    NEG              0.937       0.952       0.960       1.000       1.040       1.048       1.063
    HAP              0.000       0.000       0.000       0.000       0.000       0.000       0.000

 NEG      WITH
    HAP              0.000       0.000       0.000       0.000       0.000       0.000       0.000

 Intercepts
    MVS1             2.944       3.009       3.042       3.215       3.388       3.421       3.485
    MVS2             2.076       2.125       2.150       2.282       2.414       2.439       2.488
    MVS3             2.572       2.630       2.660       2.815       2.970       2.999       3.057
    MVS7             2.413       2.469       2.497       2.645       2.792       2.820       2.876
    MVS8             3.224       3.294       3.329       3.515       3.700       3.736       3.805
    MVS9             2.958       3.023       3.056       3.229       3.402       3.435       3.500
    MVS13            2.788       2.850       2.881       3.046       3.211       3.243       3.304
    MVS14            2.947       3.012       3.045       3.218       3.391       3.424       3.489
    MVS15            2.795       2.857       2.889       3.054       3.218       3.250       3.312
    MVS4O            2.860       2.923       2.955       3.122       3.289       3.321       3.384
    MVS5O            3.167       3.235       3.270       3.451       3.633       3.668       3.735
    MVS6O            2.635       2.694       2.724       2.881       3.037       3.067       3.126
    MVS10O           2.836       2.898       2.930       3.095       3.261       3.293       3.355
    MVS11O           2.395       2.449       2.477       2.623       2.769       2.797       2.852
    MVS12O           3.050       3.116       3.150       3.326       3.502       3.536       3.602
    MVS16O           3.561       3.637       3.676       3.879       4.082       4.121       4.197
    MVS17O           2.441       2.497       2.525       2.674       2.822       2.851       2.906
    MVS18O           3.186       3.254       3.290       3.473       3.656       3.691       3.760

 Variances
    SUC              1.000       1.000       1.000       1.000       1.000       1.000       1.000
    CEN              1.000       1.000       1.000       1.000       1.000       1.000       1.000
    HAP              1.000       1.000       1.000       1.000       1.000       1.000       1.000
    POS              1.000       1.000       1.000       1.000       1.000       1.000       1.000
    NEG              1.000       1.000       1.000       1.000       1.000       1.000       1.000

 Residual Variances
    MVS1             0.570       0.594       0.606       0.669       0.732       0.744       0.768
    MVS2             0.643       0.665       0.677       0.737       0.797       0.808       0.831
    MVS3             0.428       0.452       0.465       0.530       0.596       0.609       0.633
    MVS7             0.699       0.720       0.732       0.790       0.848       0.859       0.881
    MVS8             0.546       0.571       0.583       0.649       0.715       0.727       0.752
    MVS9             0.446       0.472       0.485       0.553       0.622       0.635       0.660
    MVS13            0.351       0.373       0.384       0.442       0.501       0.512       0.534
    MVS14            0.234       0.256       0.267       0.325       0.382       0.393       0.415
    MVS15            0.662       0.684       0.694       0.751       0.808       0.819       0.840
    MVS4O            0.556       0.580       0.592       0.655       0.718       0.730       0.754
    MVS5O            0.712       0.732       0.742       0.795       0.848       0.858       0.878
    MVS6O            0.515       0.539       0.551       0.615       0.679       0.691       0.715
    MVS10O           0.560       0.585       0.598       0.664       0.730       0.743       0.767
    MVS11O           0.874       0.887       0.893       0.926       0.959       0.966       0.978
    MVS12O           0.491       0.517       0.530       0.599       0.668       0.681       0.707
    MVS16O           0.728       0.748       0.757       0.809       0.861       0.871       0.890
    MVS17O           0.473       0.496       0.508       0.570       0.631       0.643       0.666
    MVS18O           0.518       0.541       0.553       0.615       0.677       0.688       0.712


STDY Standardization

                  Lower .5%  Lower 2.5%    Lower 5%    Estimate    Upper 5%  Upper 2.5%   Upper .5%

 SUC      BY
    MVS1             0.453       0.476       0.488       0.550       0.611       0.623       0.646
    MVS2             0.380       0.405       0.418       0.484       0.549       0.562       0.587
    MVS3             0.581       0.602       0.612       0.666       0.720       0.730       0.751
    MVS4O           -0.651      -0.627      -0.614      -0.549      -0.483      -0.471      -0.446
    MVS5O           -0.512      -0.485      -0.471      -0.397      -0.324      -0.310      -0.282
    MVS6O           -0.681      -0.658      -0.646      -0.582      -0.519      -0.507      -0.483

 CEN      BY
    MVS7             0.310       0.337       0.350       0.422       0.494       0.507       0.534
    MVS8             0.465       0.489       0.501       0.565       0.629       0.641       0.665
    MVS9             0.553       0.575       0.587       0.646       0.705       0.716       0.738
    MVS10O          -0.651      -0.624      -0.610      -0.538      -0.465      -0.452      -0.425
    MVS11O          -0.285      -0.254      -0.238      -0.155      -0.072      -0.056      -0.025
    MVS12O          -0.701      -0.675      -0.662      -0.595      -0.527      -0.514      -0.488

 HAP      BY
    MVS13            0.656       0.673       0.682       0.727       0.772       0.781       0.798
    MVS14            0.737       0.753       0.762       0.805       0.848       0.856       0.873
    MVS15            0.371       0.396       0.408       0.472       0.536       0.549       0.573
    MVS16O          -0.487      -0.461      -0.448      -0.378      -0.308      -0.295      -0.269
    MVS17O          -0.710      -0.690      -0.679      -0.625      -0.570      -0.560      -0.540
    MVS18O          -0.672      -0.650      -0.639      -0.580      -0.522      -0.511      -0.489

 POS      BY
    MVS1             0.042       0.073       0.088       0.169       0.251       0.266       0.296
    MVS2             0.042       0.073       0.089       0.171       0.253       0.269       0.300
    MVS3             0.040       0.069       0.084       0.161       0.239       0.254       0.283
    MVS7             0.045       0.077       0.094       0.180       0.266       0.282       0.314
    MVS8             0.044       0.076       0.092       0.179       0.265       0.281       0.314
    MVS9             0.043       0.074       0.090       0.173       0.257       0.273       0.304
    MVS13            0.041       0.072       0.088       0.170       0.253       0.269       0.299
    MVS14            0.039       0.070       0.085       0.166       0.247       0.263       0.293
    MVS15            0.039       0.068       0.083       0.161       0.239       0.254       0.284

 NEG      BY
    MVS4O            0.102       0.128       0.141       0.210       0.278       0.291       0.317
    MVS5O            0.107       0.133       0.147       0.217       0.288       0.301       0.328
    MVS6O            0.104       0.131       0.144       0.214       0.285       0.298       0.325
    MVS10O           0.105       0.131       0.145       0.216       0.287       0.301       0.328
    MVS11O           0.111       0.138       0.152       0.223       0.295       0.309       0.336
    MVS12O           0.106       0.133       0.147       0.219       0.290       0.304       0.331
    MVS16O           0.110       0.136       0.149       0.220       0.290       0.303       0.329
    MVS17O           0.098       0.122       0.135       0.199       0.264       0.276       0.300
    MVS18O           0.107       0.134       0.148       0.220       0.292       0.305       0.332

 SUC      WITH
    CEN              0.704       0.725       0.736       0.794       0.852       0.864       0.885
    HAP              0.622       0.644       0.655       0.712       0.769       0.780       0.802
    POS              0.000       0.000       0.000       0.000       0.000       0.000       0.000
    NEG              0.000       0.000       0.000       0.000       0.000       0.000       0.000

 CEN      WITH
    HAP              0.508       0.534       0.547       0.614       0.681       0.694       0.719
    POS              0.000       0.000       0.000       0.000       0.000       0.000       0.000
    NEG              0.000       0.000       0.000       0.000       0.000       0.000       0.000

 POS      WITH
    NEG              0.937       0.952       0.960       1.000       1.040       1.048       1.063
    HAP              0.000       0.000       0.000       0.000       0.000       0.000       0.000

 NEG      WITH
    HAP              0.000       0.000       0.000       0.000       0.000       0.000       0.000

 Intercepts
    MVS1             2.944       3.009       3.042       3.215       3.388       3.421       3.485
    MVS2             2.076       2.125       2.150       2.282       2.414       2.439       2.488
    MVS3             2.572       2.630       2.660       2.815       2.970       2.999       3.057
    MVS7             2.413       2.469       2.497       2.645       2.792       2.820       2.876
    MVS8             3.224       3.294       3.329       3.515       3.700       3.736       3.805
    MVS9             2.958       3.023       3.056       3.229       3.402       3.435       3.500
    MVS13            2.788       2.850       2.881       3.046       3.211       3.243       3.304
    MVS14            2.947       3.012       3.045       3.218       3.391       3.424       3.489
    MVS15            2.795       2.857       2.889       3.054       3.218       3.250       3.312
    MVS4O            2.860       2.923       2.955       3.122       3.289       3.321       3.384
    MVS5O            3.167       3.235       3.270       3.451       3.633       3.668       3.735
    MVS6O            2.635       2.694       2.724       2.881       3.037       3.067       3.126
    MVS10O           2.836       2.898       2.930       3.095       3.261       3.293       3.355
    MVS11O           2.395       2.449       2.477       2.623       2.769       2.797       2.852
    MVS12O           3.050       3.116       3.150       3.326       3.502       3.536       3.602
    MVS16O           3.561       3.637       3.676       3.879       4.082       4.121       4.197
    MVS17O           2.441       2.497       2.525       2.674       2.822       2.851       2.906
    MVS18O           3.186       3.254       3.290       3.473       3.656       3.691       3.760

 Variances
    SUC              1.000       1.000       1.000       1.000       1.000       1.000       1.000
    CEN              1.000       1.000       1.000       1.000       1.000       1.000       1.000
    HAP              1.000       1.000       1.000       1.000       1.000       1.000       1.000
    POS              1.000       1.000       1.000       1.000       1.000       1.000       1.000
    NEG              1.000       1.000       1.000       1.000       1.000       1.000       1.000

 Residual Variances
    MVS1             0.570       0.594       0.606       0.669       0.732       0.744       0.768
    MVS2             0.643       0.665       0.677       0.737       0.797       0.808       0.831
    MVS3             0.428       0.452       0.465       0.530       0.596       0.609       0.633
    MVS7             0.699       0.720       0.732       0.790       0.848       0.859       0.881
    MVS8             0.546       0.571       0.583       0.649       0.715       0.727       0.752
    MVS9             0.446       0.472       0.485       0.553       0.622       0.635       0.660
    MVS13            0.351       0.373       0.384       0.442       0.501       0.512       0.534
    MVS14            0.234       0.256       0.267       0.325       0.382       0.393       0.415
    MVS15            0.662       0.684       0.694       0.751       0.808       0.819       0.840
    MVS4O            0.556       0.580       0.592       0.655       0.718       0.730       0.754
    MVS5O            0.712       0.732       0.742       0.795       0.848       0.858       0.878
    MVS6O            0.515       0.539       0.551       0.615       0.679       0.691       0.715
    MVS10O           0.560       0.585       0.598       0.664       0.730       0.743       0.767
    MVS11O           0.874       0.887       0.893       0.926       0.959       0.966       0.978
    MVS12O           0.491       0.517       0.530       0.599       0.668       0.681       0.707
    MVS16O           0.728       0.748       0.757       0.809       0.861       0.871       0.890
    MVS17O           0.473       0.496       0.508       0.570       0.631       0.643       0.666
    MVS18O           0.518       0.541       0.553       0.615       0.677       0.688       0.712


STD Standardization

                  Lower .5%  Lower 2.5%    Lower 5%    Estimate    Upper 5%  Upper 2.5%   Upper .5%

 SUC      BY
    MVS1             0.454       0.483       0.497       0.574       0.652       0.666       0.695
    MVS2             0.378       0.407       0.422       0.501       0.579       0.594       0.623
    MVS3             0.607       0.637       0.652       0.730       0.809       0.824       0.853
    MVS4O           -0.661      -0.633      -0.618      -0.541      -0.465      -0.450      -0.421
    MVS5O           -0.498      -0.469      -0.454      -0.378      -0.302      -0.288      -0.259
    MVS6O           -0.678      -0.651      -0.636      -0.562      -0.487      -0.473      -0.445

 CEN      BY
    MVS7             0.294       0.323       0.338       0.416       0.493       0.508       0.537
    MVS8             0.441       0.469       0.484       0.560       0.635       0.650       0.678
    MVS9             0.540       0.569       0.583       0.660       0.736       0.751       0.779
    MVS10O          -0.640      -0.610      -0.595      -0.515      -0.435      -0.419      -0.389
    MVS11O          -0.265      -0.236      -0.221      -0.144      -0.066      -0.051      -0.022
    MVS12O          -0.683      -0.654      -0.639      -0.562      -0.486      -0.471      -0.442

 HAP      BY
    MVS13            0.646       0.672       0.685       0.756       0.826       0.839       0.866
    MVS14            0.743       0.770       0.784       0.858       0.931       0.945       0.973
    MVS15            0.390       0.421       0.436       0.518       0.599       0.615       0.645
    MVS16O          -0.467      -0.441      -0.427      -0.356      -0.285      -0.271      -0.245
    MVS17O          -0.763      -0.736      -0.722      -0.649      -0.576      -0.562      -0.534
    MVS18O          -0.654      -0.628      -0.615      -0.546      -0.478      -0.465      -0.439

 POS      BY
    MVS1             0.044       0.075       0.092       0.177       0.262       0.279       0.311
    MVS2             0.044       0.075       0.092       0.177       0.262       0.279       0.311
    MVS3             0.044       0.075       0.092       0.177       0.262       0.279       0.311
    MVS7             0.044       0.075       0.092       0.177       0.262       0.279       0.311
    MVS8             0.044       0.075       0.092       0.177       0.262       0.279       0.311
    MVS9             0.044       0.075       0.092       0.177       0.262       0.279       0.311
    MVS13            0.044       0.075       0.092       0.177       0.262       0.279       0.311
    MVS14            0.044       0.075       0.092       0.177       0.262       0.279       0.311
    MVS15            0.044       0.075       0.092       0.177       0.262       0.279       0.311

 NEG      BY
    MVS4O            0.102       0.127       0.140       0.207       0.274       0.287       0.312
    MVS5O            0.102       0.127       0.140       0.207       0.274       0.287       0.312
    MVS6O            0.102       0.127       0.140       0.207       0.274       0.287       0.312
    MVS10O           0.102       0.127       0.140       0.207       0.274       0.287       0.312
    MVS11O           0.102       0.127       0.140       0.207       0.274       0.287       0.312
    MVS12O           0.102       0.127       0.140       0.207       0.274       0.287       0.312
    MVS16O           0.102       0.127       0.140       0.207       0.274       0.287       0.312
    MVS17O           0.102       0.127       0.140       0.207       0.274       0.287       0.312
    MVS18O           0.102       0.127       0.140       0.207       0.274       0.287       0.312

 SUC      WITH
    CEN              0.704       0.725       0.736       0.794       0.852       0.864       0.885
    HAP              0.622       0.644       0.655       0.712       0.769       0.780       0.802
    POS              0.000       0.000       0.000       0.000       0.000       0.000       0.000
    NEG              0.000       0.000       0.000       0.000       0.000       0.000       0.000

 CEN      WITH
    HAP              0.508       0.534       0.547       0.614       0.681       0.694       0.719
    POS              0.000       0.000       0.000       0.000       0.000       0.000       0.000
    NEG              0.000       0.000       0.000       0.000       0.000       0.000       0.000

 POS      WITH
    NEG              0.937       0.952       0.960       1.000       1.040       1.048       1.063
    HAP              0.000       0.000       0.000       0.000       0.000       0.000       0.000

 NEG      WITH
    HAP              0.000       0.000       0.000       0.000       0.000       0.000       0.000

 Intercepts
    MVS1             3.245       3.272       3.286       3.359       3.432       3.446       3.474
    MVS2             2.250       2.277       2.290       2.363       2.435       2.449       2.476
    MVS3             2.967       2.995       3.010       3.087       3.163       3.178       3.207
    MVS7             2.497       2.523       2.536       2.605       2.674       2.687       2.712
    MVS8             3.374       3.399       3.413       3.482       3.551       3.564       3.590
    MVS9             3.188       3.215       3.228       3.300       3.371       3.385       3.411
    MVS13            3.052       3.080       3.093       3.166       3.239       3.253       3.280
    MVS14            3.313       3.341       3.355       3.430       3.504       3.518       3.546
    MVS15            3.228       3.257       3.272       3.348       3.425       3.440       3.468
    MVS4O            2.973       2.999       3.012       3.081       3.150       3.163       3.189
    MVS5O            3.183       3.208       3.220       3.287       3.354       3.366       3.391
    MVS6O            2.674       2.699       2.712       2.780       2.847       2.860       2.885
    MVS10O           2.857       2.882       2.895       2.962       3.029       3.042       3.067
    MVS11O           2.328       2.352       2.365       2.430       2.494       2.507       2.531
    MVS12O           3.043       3.067       3.080       3.146       3.212       3.225       3.250
    MVS16O           3.552       3.577       3.589       3.655       3.721       3.734       3.758
    MVS17O           2.663       2.690       2.704       2.776       2.849       2.863       2.890
    MVS18O           3.166       3.191       3.203       3.269       3.335       3.347       3.372

 Variances
    SUC              1.000       1.000       1.000       1.000       1.000       1.000       1.000
    CEN              1.000       1.000       1.000       1.000       1.000       1.000       1.000
    HAP              1.000       1.000       1.000       1.000       1.000       1.000       1.000
    POS              1.000       1.000       1.000       1.000       1.000       1.000       1.000
    NEG              1.000       1.000       1.000       1.000       1.000       1.000       1.000

 Residual Variances
    MVS1             0.600       0.631       0.647       0.731       0.814       0.830       0.861
    MVS2             0.655       0.687       0.704       0.790       0.877       0.893       0.926
    MVS3             0.509       0.540       0.555       0.638       0.720       0.736       0.767
    MVS7             0.636       0.667       0.683       0.766       0.849       0.865       0.896
    MVS8             0.519       0.547       0.561       0.637       0.713       0.727       0.755
    MVS9             0.459       0.487       0.502       0.578       0.653       0.668       0.696
    MVS13            0.380       0.403       0.415       0.478       0.541       0.553       0.576
    MVS14            0.272       0.295       0.307       0.369       0.431       0.443       0.466
    MVS15            0.753       0.789       0.807       0.903       0.999       1.017       1.053
    MVS4O            0.522       0.550       0.564       0.638       0.712       0.726       0.754
    MVS5O            0.600       0.629       0.644       0.721       0.799       0.813       0.842
    MVS6O            0.465       0.491       0.504       0.573       0.641       0.654       0.680
    MVS10O           0.494       0.521       0.535       0.608       0.681       0.695       0.722
    MVS11O           0.667       0.697       0.713       0.794       0.876       0.892       0.922
    MVS12O           0.428       0.454       0.467       0.536       0.604       0.618       0.643
    MVS16O           0.599       0.628       0.642       0.718       0.794       0.809       0.837
    MVS17O           0.499       0.526       0.540       0.614       0.688       0.702       0.729
    MVS18O           0.445       0.469       0.481       0.545       0.609       0.621       0.645


MODEL COMMAND WITH FINAL ESTIMATES USED AS STARTING VALUES

     suc BY mvs1*0.57445 (l1);
     suc BY mvs2*0.50069 (l2);
     suc BY mvs3*0.73033 (l3);
     suc BY mvs4o*-0.54145 (l4);
     suc BY mvs5o*-0.37832 (l5);
     suc BY mvs6o*-0.56192 (l6);
     cen BY mvs7*0.41562 (l7);
     cen BY mvs8*0.55960 (l8);
     cen BY mvs9*0.65974 (l9);
     cen BY mvs10o*-0.51477 (l10);
     cen BY mvs11o*-0.14354 (l11);
     cen BY mvs12o*-0.56244 (l12);
     hap BY mvs13*0.75558 (l13);
     hap BY mvs14*0.85776 (l14);
     hap BY mvs15*0.51770 (l15);
     hap BY mvs16o*-0.35605 (l16);
     hap BY mvs17o*-0.64883 (l17);
     hap BY mvs18o*-0.54639 (l18);
     pos BY mvs1*0.17701 (p);
     pos BY mvs2*0.17701 (p);
     pos BY mvs3*0.17701 (p);
     pos BY mvs7*0.17701 (p);
     pos BY mvs8*0.17701 (p);
     pos BY mvs9*0.17701 (p);
     pos BY mvs13*0.17701 (p);
     pos BY mvs14*0.17701 (p);
     pos BY mvs15*0.17701 (p);
     neg BY mvs4o*0.20688 (n);
     neg BY mvs5o*0.20688 (n);
     neg BY mvs6o*0.20688 (n);
     neg BY mvs10o*0.20688 (n);
     neg BY mvs11o*0.20688 (n);
     neg BY mvs12o*0.20688 (n);
     neg BY mvs16o*0.20688 (n);
     neg BY mvs17o*0.20688 (n);
     neg BY mvs18o*0.20688 (n);

     suc WITH cen*0.79439;
     suc WITH hap*0.71210;
     suc WITH pos@0;
     suc WITH neg@0;
     cen WITH hap*0.61385;
     cen WITH pos@0;
     cen WITH neg@0;
     pos WITH neg*0.99986 (posneg);
     pos WITH hap@0;
     neg WITH hap@0;

     [ mvs1*3.35921 ];
     [ mvs2*2.36282 ];
     [ mvs3*3.08664 ];
     [ mvs7*2.60469 ];
     [ mvs8*3.48195 ];
     [ mvs9*3.29964 ];
     [ mvs13*3.16606 ];
     [ mvs14*3.42960 ];
     [ mvs15*3.34838 ];
     [ mvs4o*3.08123 ];
     [ mvs5o*3.28700 ];
     [ mvs6o*2.77978 ];
     [ mvs10o*2.96209 ];
     [ mvs11o*2.42960 ];
     [ mvs12o*3.14621 ];
     [ mvs16o*3.65523 ];
     [ mvs17o*2.77617 ];
     [ mvs18o*3.26895 ];

     mvs1*0.73054 (ev1);
     mvs2*0.79013 (ev2);
     mvs3*0.63784 (ev3);
     mvs7*0.76601 (ev7);
     mvs8*0.63700 (ev8);
     mvs9*0.57754 (ev9);
     mvs13*0.47796 (ev13);
     mvs14*0.36865 (ev14);
     mvs15*0.90307 (ev15);
     mvs4o*0.63811 (ev4);
     mvs5o*0.72119 (ev5);
     mvs6o*0.57267 (ev6);
     mvs10o*0.60791 (ev10);
     mvs11o*0.79449 (ev11);
     mvs12o*0.53576 (ev12);
     mvs16o*0.71838 (ev16);
     mvs17o*0.61413 (ev17);
     mvs18o*0.54474 (ev18);
     suc@1;
     cen@1;
     hap@1;
     pos@1;
     neg@1;



TECHNICAL 1 OUTPUT


     PARAMETER SPECIFICATION


           NU
              MVS1          MVS2          MVS3          MVS7          MVS8
              ________      ________      ________      ________      ________
                  1             2             3             4             5


           NU
              MVS9          MVS13         MVS14         MVS15         MVS4O
              ________      ________      ________      ________      ________
                  6             7             8             9            10


           NU
              MVS5O         MVS6O         MVS10O        MVS11O        MVS12O
              ________      ________      ________      ________      ________
                 11            12            13            14            15


           NU
              MVS16O        MVS17O        MVS18O
              ________      ________      ________
                 16            17            18


           LAMBDA
              SUC           CEN           HAP           POS           NEG
              ________      ________      ________      ________      ________
 MVS1              19             0             0            20             0
 MVS2              21             0             0            20             0
 MVS3              22             0             0            20             0
 MVS7               0            23             0            20             0
 MVS8               0            24             0            20             0
 MVS9               0            25             0            20             0
 MVS13              0             0            26            20             0
 MVS14              0             0            27            20             0
 MVS15              0             0            28            20             0
 MVS4O             29             0             0             0            30
 MVS5O             31             0             0             0            30
 MVS6O             32             0             0             0            30
 MVS10O             0            33             0             0            30
 MVS11O             0            34             0             0            30
 MVS12O             0            35             0             0            30
 MVS16O             0             0            36             0            30
 MVS17O             0             0            37             0            30
 MVS18O             0             0            38             0            30


           THETA
              MVS1          MVS2          MVS3          MVS7          MVS8
              ________      ________      ________      ________      ________
 MVS1              39
 MVS2               0            40
 MVS3               0             0            41
 MVS7               0             0             0            42
 MVS8               0             0             0             0            43
 MVS9               0             0             0             0             0
 MVS13              0             0             0             0             0
 MVS14              0             0             0             0             0
 MVS15              0             0             0             0             0
 MVS4O              0             0             0             0             0
 MVS5O              0             0             0             0             0
 MVS6O              0             0             0             0             0
 MVS10O             0             0             0             0             0
 MVS11O             0             0             0             0             0
 MVS12O             0             0             0             0             0
 MVS16O             0             0             0             0             0
 MVS17O             0             0             0             0             0
 MVS18O             0             0             0             0             0


           THETA
              MVS9          MVS13         MVS14         MVS15         MVS4O
              ________      ________      ________      ________      ________
 MVS9              44
 MVS13              0            45
 MVS14              0             0            46
 MVS15              0             0             0            47
 MVS4O              0             0             0             0            48
 MVS5O              0             0             0             0             0
 MVS6O              0             0             0             0             0
 MVS10O             0             0             0             0             0
 MVS11O             0             0             0             0             0
 MVS12O             0             0             0             0             0
 MVS16O             0             0             0             0             0
 MVS17O             0             0             0             0             0
 MVS18O             0             0             0             0             0


           THETA
              MVS5O         MVS6O         MVS10O        MVS11O        MVS12O
              ________      ________      ________      ________      ________
 MVS5O             49
 MVS6O              0            50
 MVS10O             0             0            51
 MVS11O             0             0             0            52
 MVS12O             0             0             0             0            53
 MVS16O             0             0             0             0             0
 MVS17O             0             0             0             0             0
 MVS18O             0             0             0             0             0


           THETA
              MVS16O        MVS17O        MVS18O
              ________      ________      ________
 MVS16O            54
 MVS17O             0            55
 MVS18O             0             0            56


           ALPHA
              SUC           CEN           HAP           POS           NEG
              ________      ________      ________      ________      ________
                  0             0             0             0             0


           BETA
              SUC           CEN           HAP           POS           NEG
              ________      ________      ________      ________      ________
 SUC                0             0             0             0             0
 CEN                0             0             0             0             0
 HAP                0             0             0             0             0
 POS                0             0             0             0             0
 NEG                0             0             0             0             0


           PSI
              SUC           CEN           HAP           POS           NEG
              ________      ________      ________      ________      ________
 SUC                0
 CEN               57             0
 HAP               58            59             0
 POS                0             0             0             0
 NEG                0             0             0            60             0


     STARTING VALUES


           NU
              MVS1          MVS2          MVS3          MVS7          MVS8
              ________      ________      ________      ________      ________
                3.359         2.363         3.087         2.605         3.482


           NU
              MVS9          MVS13         MVS14         MVS15         MVS4O
              ________      ________      ________      ________      ________
                3.300         3.166         3.430         3.348         3.081


           NU
              MVS5O         MVS6O         MVS10O        MVS11O        MVS12O
              ________      ________      ________      ________      ________
                3.287         2.780         2.962         2.430         3.146


           NU
              MVS16O        MVS17O        MVS18O
              ________      ________      ________
                3.655         2.776         3.269


           LAMBDA
              SUC           CEN           HAP           POS           NEG
              ________      ________      ________      ________      ________
 MVS1           0.585         0.000         0.000         0.263         0.000
 MVS2           0.322         0.000         0.000         0.407         0.000
 MVS3           0.599         0.000         0.000         0.455         0.000
 MVS7           0.000         0.293         0.000         0.323         0.000
 MVS8           0.000         0.056         0.000         0.778         0.000
 MVS9           0.000         0.645         0.000         0.427         0.000
 MVS13          0.000         0.000         0.667         0.395         0.000
 MVS14          0.000         0.000         0.769         0.450         0.000
 MVS15          0.000         0.000         0.383         0.400         0.000
 MVS4O         -0.429         0.000         0.000         0.000         0.391
 MVS5O         -0.299         0.000         0.000         0.000         0.292
 MVS6O         -0.330         0.000         0.000         0.000         0.517
 MVS10O         0.000        -0.284         0.000         0.000         0.520
 MVS11O         0.000         0.027         0.000         0.000         0.250
 MVS12O         0.000        -0.288         0.000         0.000         0.535
 MVS16O         0.000         0.000        -0.307         0.000         0.194
 MVS17O         0.000         0.000        -0.592         0.000         0.322
 MVS18O         0.000         0.000        -0.376         0.000         0.455


           THETA
              MVS1          MVS2          MVS3          MVS7          MVS8
              ________      ________      ________      ________      ________
 MVS1           0.672
 MVS2           0.000         0.801
 MVS3           0.000         0.000         0.628
 MVS7           0.000         0.000         0.000         0.776
 MVS8           0.000         0.000         0.000         0.000         0.374
 MVS9           0.000         0.000         0.000         0.000         0.000
 MVS13          0.000         0.000         0.000         0.000         0.000
 MVS14          0.000         0.000         0.000         0.000         0.000
 MVS15          0.000         0.000         0.000         0.000         0.000
 MVS4O          0.000         0.000         0.000         0.000         0.000
 MVS5O          0.000         0.000         0.000         0.000         0.000
 MVS6O          0.000         0.000         0.000         0.000         0.000
 MVS10O         0.000         0.000         0.000         0.000         0.000
 MVS11O         0.000         0.000         0.000         0.000         0.000
 MVS12O         0.000         0.000         0.000         0.000         0.000
 MVS16O         0.000         0.000         0.000         0.000         0.000
 MVS17O         0.000         0.000         0.000         0.000         0.000
 MVS18O         0.000         0.000         0.000         0.000         0.000


           THETA
              MVS9          MVS13         MVS14         MVS15         MVS4O
              ________      ________      ________      ________      ________
 MVS9           0.442
 MVS13          0.000         0.479
 MVS14          0.000         0.000         0.355
 MVS15          0.000         0.000         0.000         0.900
 MVS4O          0.000         0.000         0.000         0.000         0.641
 MVS5O          0.000         0.000         0.000         0.000         0.000
 MVS6O          0.000         0.000         0.000         0.000         0.000
 MVS10O         0.000         0.000         0.000         0.000         0.000
 MVS11O         0.000         0.000         0.000         0.000         0.000
 MVS12O         0.000         0.000         0.000         0.000         0.000
 MVS16O         0.000         0.000         0.000         0.000         0.000
 MVS17O         0.000         0.000         0.000         0.000         0.000
 MVS18O         0.000         0.000         0.000         0.000         0.000


           THETA
              MVS5O         MVS6O         MVS10O        MVS11O        MVS12O
              ________      ________      ________      ________      ________
 MVS5O          0.736
 MVS6O          0.000         0.558
 MVS10O         0.000         0.000         0.586
 MVS11O         0.000         0.000         0.000         0.792
 MVS12O         0.000         0.000         0.000         0.000         0.534
 MVS16O         0.000         0.000         0.000         0.000         0.000
 MVS17O         0.000         0.000         0.000         0.000         0.000
 MVS18O         0.000         0.000         0.000         0.000         0.000


           THETA
              MVS16O        MVS17O        MVS18O
              ________      ________      ________
 MVS16O         0.735
 MVS17O         0.000         0.610
 MVS18O         0.000         0.000         0.535


           ALPHA
              SUC           CEN           HAP           POS           NEG
              ________      ________      ________      ________      ________
                0.000         0.000         0.000         0.000         0.000


           BETA
              SUC           CEN           HAP           POS           NEG
              ________      ________      ________      ________      ________
 SUC            0.000         0.000         0.000         0.000         0.000
 CEN            0.000         0.000         0.000         0.000         0.000
 HAP            0.000         0.000         0.000         0.000         0.000
 POS            0.000         0.000         0.000         0.000         0.000
 NEG            0.000         0.000         0.000         0.000         0.000


           PSI
              SUC           CEN           HAP           POS           NEG
              ________      ________      ________      ________      ________
 SUC            1.000
 CEN            0.599         1.000
 HAP            0.581         0.367         1.000
 POS            0.000         0.000         0.000         1.000
 NEG            0.000         0.000         0.000        -0.586         1.000


DIAGRAM INFORMATION

  Use View Diagram under the Diagram menu in the Mplus Editor to view the diagram.
  If running Mplus from the Mplus Diagrammer, the diagram opens automatically.

  Diagram output
    c:\users\jxb14\dropbox (personal)\consumeropinions\feb18oct18\18items\metric\singlegroup\06-t3posneg(unit)-metric-ml

     Beginning Time:  18:05:46
        Ending Time:  18:05:46
       Elapsed Time:  00:00:00



MUTHEN & MUTHEN
3463 Stoner Ave.
Los Angeles, CA  90066

Tel: (310) 391-9971
Fax: (310) 391-8971
Web: www.StatModel.com
Support: Support@StatModel.com

Copyright (c) 1998-2018 Muthen & Muthen
