Mplus VERSION 8.2
MUTHEN & MUTHEN
04/01/2019   5:17 PM

INPUT INSTRUCTIONS

  TITLE: 2 implicit ars method factors, free loadings

  DATA: file = mvs.dat;

  VARIABLE:
    names = idnum satopt ars ars01 im mvs1-mvs18;
    usevar = mvs1 mvs2 mvs3 mvs7 mvs8 mvs9 mvs13 mvs14 mvs15
             mvs4o mvs5o mvs6o mvs10o mvs11o mvs12o mvs16o mvs17o mvs18o;

    missing = all(-99);

  DEFINE:

    mvs4o=6-mvs4;
    mvs5o=6-mvs5;
    mvs6o=6-mvs6;
    mvs10o=6-mvs10;
    mvs11o=6-mvs11;
    mvs12o=6-mvs12;
    mvs16o=6-mvs16;
    mvs17o=6-mvs17;
    mvs18o=6-mvs18;

  ANALYSIS:

    ESTIMATOR=ML;

  MODEL:

    suc BY mvs1*.5 mvs2*.5 mvs3*.5 mvs4o*-.5 mvs5o*-.5 mvs6o*-.5;
    cen BY mvs7*.5 mvs8*.5 mvs9*.5 mvs10o*-.5 mvs11o*-.5 mvs12o*-.5;
    hap BY mvs13*.5 mvs14*.5 mvs15*.5 mvs16o*-.5 mvs17o*-.5 mvs18o*-.5;

    m1 by mvs1*.2 mvs2*.2 mvs3*.2 mvs4o*.2 mvs5o*.2 mvs6o*.2
          mvs7*.2 mvs8*.2 mvs9*.2 mvs10o*.2 mvs11o*.2 mvs12o*.2;
    m2 by mvs13*.2 mvs14*.2 mvs15*.2 mvs16o*.2 mvs17o*.2 mvs18o*.2;

    suc WITH cen;
    suc WITH hap;
    cen WITH hap;

    m1 WITH m2;

    suc with m1@0;
    cen with m1@0;
    hap with m1@0;
    suc with m2@0;
    cen with m2@0;
    hap with m2@0;

    suc with m1@0;
    cen with m1@0;
    hap with m1@0;
    suc with m2@0;
    cen with m2@0;
    hap with m2@0;

    mvs1 (ev1);
    mvs2 (ev2);
    mvs3 (ev3);
    mvs7 (ev7);
    mvs8 (ev8);
    mvs9 (ev9);
    mvs13 (ev13);
    mvs14 (ev14);
    mvs15 (ev15);
    mvs4o (ev4);
    mvs5o (ev5);
    mvs6o (ev6);
    mvs10o (ev10);
    mvs11o (ev11);
    mvs12o (ev12);
    mvs16o (ev16);
    mvs17o (ev17);
    mvs18o (ev18);

    suc@1;
    cen@1;
    hap@1;
    m1@1;
    m2@1;

  OUTPUT: TECH1 MOD (3.84) svalues CINTERVAL standardized;





INPUT READING TERMINATED NORMALLY



2 implicit ars method factors, free loadings

SUMMARY OF ANALYSIS

Number of groups                                                 1
Number of observations                                         554

Number of dependent variables                                   18
Number of independent variables                                  0
Number of continuous latent variables                            5

Observed dependent variables

  Continuous
   MVS1        MVS2        MVS3        MVS7        MVS8        MVS9
   MVS13       MVS14       MVS15       MVS4O       MVS5O       MVS6O
   MVS10O      MVS11O      MVS12O      MVS16O      MVS17O      MVS18O

Continuous latent variables
   SUC         CEN         HAP         M1          M2


Estimator                                                       ML
Information matrix                                        OBSERVED
Maximum number of iterations                                  1000
Convergence criterion                                    0.500D-04
Maximum number of steepest descent iterations                   20
Maximum number of iterations for H1                           2000
Convergence criterion for H1                             0.100D-03

Input data file(s)
  mvs.dat

Input data format  FREE


SUMMARY OF DATA

     Number of missing data patterns             1


COVARIANCE COVERAGE OF DATA

Minimum covariance coverage value   0.100


     PROPORTION OF DATA PRESENT


           Covariance Coverage
              MVS1          MVS2          MVS3          MVS7          MVS8
              ________      ________      ________      ________      ________
 MVS1           1.000
 MVS2           1.000         1.000
 MVS3           1.000         1.000         1.000
 MVS7           1.000         1.000         1.000         1.000
 MVS8           1.000         1.000         1.000         1.000         1.000
 MVS9           1.000         1.000         1.000         1.000         1.000
 MVS13          1.000         1.000         1.000         1.000         1.000
 MVS14          1.000         1.000         1.000         1.000         1.000
 MVS15          1.000         1.000         1.000         1.000         1.000
 MVS4O          1.000         1.000         1.000         1.000         1.000
 MVS5O          1.000         1.000         1.000         1.000         1.000
 MVS6O          1.000         1.000         1.000         1.000         1.000
 MVS10O         1.000         1.000         1.000         1.000         1.000
 MVS11O         1.000         1.000         1.000         1.000         1.000
 MVS12O         1.000         1.000         1.000         1.000         1.000
 MVS16O         1.000         1.000         1.000         1.000         1.000
 MVS17O         1.000         1.000         1.000         1.000         1.000
 MVS18O         1.000         1.000         1.000         1.000         1.000


           Covariance Coverage
              MVS9          MVS13         MVS14         MVS15         MVS4O
              ________      ________      ________      ________      ________
 MVS9           1.000
 MVS13          1.000         1.000
 MVS14          1.000         1.000         1.000
 MVS15          1.000         1.000         1.000         1.000
 MVS4O          1.000         1.000         1.000         1.000         1.000
 MVS5O          1.000         1.000         1.000         1.000         1.000
 MVS6O          1.000         1.000         1.000         1.000         1.000
 MVS10O         1.000         1.000         1.000         1.000         1.000
 MVS11O         1.000         1.000         1.000         1.000         1.000
 MVS12O         1.000         1.000         1.000         1.000         1.000
 MVS16O         1.000         1.000         1.000         1.000         1.000
 MVS17O         1.000         1.000         1.000         1.000         1.000
 MVS18O         1.000         1.000         1.000         1.000         1.000


           Covariance Coverage
              MVS5O         MVS6O         MVS10O        MVS11O        MVS12O
              ________      ________      ________      ________      ________
 MVS5O          1.000
 MVS6O          1.000         1.000
 MVS10O         1.000         1.000         1.000
 MVS11O         1.000         1.000         1.000         1.000
 MVS12O         1.000         1.000         1.000         1.000         1.000
 MVS16O         1.000         1.000         1.000         1.000         1.000
 MVS17O         1.000         1.000         1.000         1.000         1.000
 MVS18O         1.000         1.000         1.000         1.000         1.000


           Covariance Coverage
              MVS16O        MVS17O        MVS18O
              ________      ________      ________
 MVS16O         1.000
 MVS17O         1.000         1.000
 MVS18O         1.000         1.000         1.000



UNIVARIATE SAMPLE STATISTICS


     UNIVARIATE HIGHER-ORDER MOMENT DESCRIPTIVE STATISTICS

         Variable/         Mean/     Skewness/   Minimum/ % with                Percentiles
        Sample Size      Variance    Kurtosis    Maximum  Min/Max      20%/60%    40%/80%    Median

     MVS1                  3.359      -0.412       1.000    3.97%       2.000      3.000      4.000
             554.000       1.082      -0.647       5.000   10.47%       4.000      4.000
     MVS2                  2.363       0.467       1.000   20.76%       1.000      2.000      2.000
             554.000       1.069      -0.629       5.000    1.62%       2.000      3.000
     MVS3                  3.087      -0.280       1.000    7.94%       2.000      3.000      3.000
             554.000       1.191      -0.959       5.000    5.60%       4.000      4.000
     MVS7                  2.605       0.467       1.000    9.39%       2.000      2.000      2.000
             554.000       0.965      -0.413       5.000    3.25%       3.000      4.000
     MVS8                  3.482      -0.467       1.000    2.17%       2.000      3.000      4.000
             554.000       0.983      -0.535       5.000   12.09%       4.000      4.000
     MVS9                  3.300      -0.214       1.000    3.07%       2.000      3.000      3.000
             554.000       1.037      -0.735       5.000   10.29%       4.000      4.000
     MVS13                 3.166      -0.172       1.000    3.61%       2.000      3.000      3.000
             554.000       1.084      -1.048       5.000    6.68%       4.000      4.000
     MVS14                 3.430      -0.350       1.000    2.89%       2.000      3.000      4.000
             554.000       1.155      -0.845       5.000   14.62%       4.000      4.000
     MVS15                 3.348      -0.362       1.000    4.51%       2.000      3.000      4.000
             554.000       1.209      -0.851       5.000   12.45%       4.000      4.000
     MVS4O                 3.081       0.105       1.000    1.81%       2.000      3.000      3.000
             554.000       0.981      -1.057       5.000    6.14%       3.000      4.000
     MVS5O                 3.287      -0.201       1.000    1.62%       2.000      3.000      3.000
             554.000       0.912      -0.811       5.000    7.40%       4.000      4.000
     MVS6O                 2.780       0.344       1.000    4.33%       2.000      2.000      3.000
             554.000       0.937      -0.916       5.000    2.71%       3.000      4.000
     MVS10O                2.962       0.064       1.000    3.43%       2.000      3.000      3.000
             554.000       0.939      -1.024       5.000    3.25%       3.000      4.000
     MVS11O                2.430       0.652       1.000   10.83%       2.000      2.000      2.000
             554.000       0.855      -0.191       5.000    1.44%       2.000      3.000
     MVS12O                3.146      -0.043       1.000    1.99%       2.000      3.000      3.000
             554.000       0.905      -0.873       5.000    5.60%       4.000      4.000
     MVS16O                3.655      -0.733       1.000    1.81%       3.000      4.000      4.000
             554.000       0.865       0.120       5.000   14.08%       4.000      4.000
     MVS17O                2.776       0.418       1.000    5.78%       2.000      2.000      2.500
             554.000       1.058      -0.772       5.000    5.05%       3.000      4.000
     MVS18O                3.269      -0.203       1.000    1.44%       2.000      3.000      3.000
             554.000       0.879      -0.831       5.000    6.32%       4.000      4.000


THE MODEL ESTIMATION TERMINATED NORMALLY



MODEL FIT INFORMATION

Number of Free Parameters                       76

Loglikelihood

          H0 Value                      -13042.105
          H1 Value                      -12930.493

Information Criteria

          Akaike (AIC)                   26236.209
          Bayesian (BIC)                 26564.314
          Sample-Size Adjusted BIC       26323.056
            (n* = (n + 2) / 24)

Chi-Square Test of Model Fit

          Value                            223.224
          Degrees of Freedom                   113
          P-Value                           0.0000

RMSEA (Root Mean Square Error Of Approximation)

          Estimate                           0.042
          90 Percent C.I.                    0.034  0.050
          Probability RMSEA <= .05           0.949

CFI/TLI

          CFI                                0.952
          TLI                                0.935

Chi-Square Test of Model Fit for the Baseline Model

          Value                           2440.337
          Degrees of Freedom                   153
          P-Value                           0.0000

SRMR (Standardized Root Mean Square Residual)

          Value                              0.035



MODEL RESULTS

                                                    Two-Tailed
                    Estimate       S.E.  Est./S.E.    P-Value

 SUC      BY
    MVS1               0.555      0.064      8.658      0.000
    MVS2               0.478      0.073      6.576      0.000
    MVS3               0.710      0.067     10.619      0.000
    MVS4O             -0.561      0.057     -9.811      0.000
    MVS5O             -0.398      0.059     -6.766      0.000
    MVS6O             -0.585      0.058    -10.164      0.000

 CEN      BY
    MVS7               0.401      0.062      6.448      0.000
    MVS8               0.544      0.071      7.668      0.000
    MVS9               0.642      0.065      9.849      0.000
    MVS10O            -0.549      0.084     -6.541      0.000
    MVS11O            -0.155      0.058     -2.699      0.007
    MVS12O            -0.581      0.065     -8.927      0.000

 HAP      BY
    MVS13              0.673      0.093      7.229      0.000
    MVS14              0.766      0.133      5.758      0.000
    MVS15              0.464      0.087      5.340      0.000
    MVS16O            -0.387      0.046     -8.400      0.000
    MVS17O            -0.612      0.051    -11.912      0.000
    MVS18O            -0.642      0.054    -11.814      0.000

 M1       BY
    MVS1               0.195      0.135      1.447      0.148
    MVS2               0.244      0.123      1.986      0.047
    MVS3               0.212      0.170      1.251      0.211
    MVS4O              0.152      0.130      1.168      0.243
    MVS5O              0.161      0.099      1.624      0.104
    MVS6O              0.177      0.150      1.180      0.238
    MVS7               0.177      0.094      1.881      0.060
    MVS8               0.234      0.139      1.688      0.091
    MVS9               0.197      0.156      1.267      0.205
    MVS10O             0.298      0.131      2.276      0.023
    MVS11O             0.160      0.074      2.154      0.031
    MVS12O             0.205      0.138      1.480      0.139

 M2       BY
    MVS13              0.356      0.163      2.181      0.029
    MVS14              0.539      0.191      2.816      0.005
    MVS15              0.288      0.132      2.187      0.029
    MVS16O             0.084      0.112      0.749      0.454
    MVS17O            -0.114      0.146     -0.785      0.432
    MVS18O             0.172      0.180      0.954      0.340

 SUC      WITH
    CEN                0.792      0.035     22.513      0.000
    HAP                0.737      0.038     19.526      0.000
    M1                 0.000      0.000    999.000    999.000
    M2                 0.000      0.000    999.000    999.000

 CEN      WITH
    HAP                0.655      0.042     15.610      0.000
    M1                 0.000      0.000    999.000    999.000
    M2                 0.000      0.000    999.000    999.000

 M1       WITH
    M2                 0.651      0.109      5.973      0.000
    HAP                0.000      0.000    999.000    999.000

 HAP      WITH
    M2                 0.000      0.000    999.000    999.000

 Intercepts
    MVS1               3.359      0.044     75.995      0.000
    MVS2               2.363      0.044     53.788      0.000
    MVS3               3.087      0.046     66.558      0.000
    MVS7               2.605      0.042     62.414      0.000
    MVS8               3.482      0.042     82.667      0.000
    MVS9               3.300      0.043     76.270      0.000
    MVS13              3.166      0.044     71.544      0.000
    MVS14              3.430      0.046     75.085      0.000
    MVS15              3.348      0.047     71.668      0.000
    MVS4O              3.081      0.042     73.240      0.000
    MVS5O              3.287      0.041     81.012      0.000
    MVS6O              2.780      0.041     67.601      0.000
    MVS10O             2.962      0.041     71.965      0.000
    MVS11O             2.430      0.039     61.842      0.000
    MVS12O             3.146      0.040     77.873      0.000
    MVS16O             3.655      0.040     92.515      0.000
    MVS17O             2.776      0.044     63.516      0.000
    MVS18O             3.269      0.040     82.084      0.000

 Variances
    SUC                1.000      0.000    999.000    999.000
    CEN                1.000      0.000    999.000    999.000
    HAP                1.000      0.000    999.000    999.000
    M1                 1.000      0.000    999.000    999.000
    M2                 1.000      0.000    999.000    999.000

 Residual Variances
    MVS1               0.737      0.052     14.168      0.000
    MVS2               0.782      0.055     14.272      0.000
    MVS3               0.643      0.052     12.431      0.000
    MVS7               0.773      0.053     14.702      0.000
    MVS8               0.632      0.049     12.952      0.000
    MVS9               0.586      0.048     12.117      0.000
    MVS13              0.505      0.042     12.055      0.000
    MVS14              0.279      0.055      5.060      0.000
    MVS15              0.911      0.059     15.537      0.000
    MVS4O              0.643      0.047     13.546      0.000
    MVS5O              0.728      0.049     14.802      0.000
    MVS6O              0.563      0.045     12.634      0.000
    MVS10O             0.548      0.050     10.856      0.000
    MVS11O             0.805      0.051     15.804      0.000
    MVS12O             0.525      0.044     11.805      0.000
    MVS16O             0.708      0.048     14.881      0.000
    MVS17O             0.671      0.047     14.251      0.000
    MVS18O             0.437      0.062      7.033      0.000


STANDARDIZED MODEL RESULTS


STDYX Standardization

                                                    Two-Tailed
                    Estimate       S.E.  Est./S.E.    P-Value

 SUC      BY
    MVS1               0.533      0.056      9.435      0.000
    MVS2               0.462      0.067      6.913      0.000
    MVS3               0.650      0.054     11.941      0.000
    MVS4O             -0.566      0.052    -10.979      0.000
    MVS5O             -0.416      0.058     -7.160      0.000
    MVS6O             -0.605      0.053    -11.410      0.000

 CEN      BY
    MVS7               0.408      0.060      6.785      0.000
    MVS8               0.549      0.067      8.170      0.000
    MVS9               0.631      0.058     10.901      0.000
    MVS10O            -0.567      0.083     -6.830      0.000
    MVS11O            -0.168      0.062     -2.724      0.006
    MVS12O            -0.610      0.063     -9.713      0.000

 HAP      BY
    MVS13              0.646      0.085      7.600      0.000
    MVS14              0.712      0.121      5.908      0.000
    MVS15              0.422      0.076      5.523      0.000
    MVS16O            -0.417      0.045     -9.216      0.000
    MVS17O            -0.594      0.042    -14.166      0.000
    MVS18O            -0.685      0.050    -13.764      0.000

 M1       BY
    MVS1               0.188      0.129      1.451      0.147
    MVS2               0.236      0.118      1.995      0.046
    MVS3               0.195      0.155      1.253      0.210
    MVS4O              0.153      0.131      1.169      0.242
    MVS5O              0.169      0.104      1.629      0.103
    MVS6O              0.183      0.155      1.181      0.238
    MVS7               0.181      0.096      1.890      0.059
    MVS8               0.237      0.140      1.694      0.090
    MVS9               0.194      0.153      1.269      0.204
    MVS10O             0.308      0.135      2.288      0.022
    MVS11O             0.173      0.080      2.167      0.030
    MVS12O             0.216      0.145      1.484      0.138

 M2       BY
    MVS13              0.342      0.156      2.188      0.029
    MVS14              0.501      0.177      2.827      0.005
    MVS15              0.262      0.119      2.199      0.028
    MVS16O             0.090      0.120      0.750      0.453
    MVS17O            -0.111      0.142     -0.786      0.432
    MVS18O             0.183      0.192      0.954      0.340

 SUC      WITH
    CEN                0.792      0.035     22.513      0.000
    HAP                0.737      0.038     19.526      0.000
    M1                 0.000      0.000    999.000    999.000
    M2                 0.000      0.000    999.000    999.000

 CEN      WITH
    HAP                0.655      0.042     15.610      0.000
    M1                 0.000      0.000    999.000    999.000
    M2                 0.000      0.000    999.000    999.000

 M1       WITH
    M2                 0.651      0.109      5.973      0.000
    HAP                0.000      0.000    999.000    999.000

 HAP      WITH
    M2                 0.000      0.000    999.000    999.000

 Intercepts
    MVS1               3.229      0.106     30.491      0.000
    MVS2               2.285      0.081     28.307      0.000
    MVS3               2.828      0.095     29.775      0.000
    MVS7               2.652      0.090     29.370      0.000
    MVS8               3.512      0.114     30.880      0.000
    MVS9               3.240      0.106     30.510      0.000
    MVS13              3.040      0.101     30.198      0.000
    MVS14              3.190      0.105     30.491      0.000
    MVS15              3.045      0.101     30.190      0.000
    MVS4O              3.112      0.103     30.315      0.000
    MVS5O              3.442      0.112     30.798      0.000
    MVS6O              2.872      0.096     29.878      0.000
    MVS10O             3.057      0.101     30.239      0.000
    MVS11O             2.627      0.090     29.313      0.000
    MVS12O             3.308      0.108     30.626      0.000
    MVS16O             3.931      0.125     31.324      0.000
    MVS17O             2.699      0.092     29.483      0.000
    MVS18O             3.487      0.113     30.862      0.000

 Variances
    SUC                1.000      0.000    999.000    999.000
    CEN                1.000      0.000    999.000    999.000
    HAP                1.000      0.000    999.000    999.000
    M1                 1.000      0.000    999.000    999.000
    M2                 1.000      0.000    999.000    999.000

 Residual Variances
    MVS1               0.681      0.041     16.468      0.000
    MVS2               0.731      0.042     17.562      0.000
    MVS3               0.539      0.042     12.690      0.000
    MVS7               0.801      0.040     20.137      0.000
    MVS8               0.643      0.045     14.216      0.000
    MVS9               0.565      0.045     12.535      0.000
    MVS13              0.465      0.039     11.843      0.000
    MVS14              0.241      0.049      4.942      0.000
    MVS15              0.753      0.036     20.766      0.000
    MVS4O              0.656      0.043     15.196      0.000
    MVS5O              0.798      0.039     20.384      0.000
    MVS6O              0.601      0.045     13.425      0.000
    MVS10O             0.584      0.052     11.244      0.000
    MVS11O             0.942      0.027     35.107      0.000
    MVS12O             0.581      0.047     12.296      0.000
    MVS16O             0.818      0.039     21.203      0.000
    MVS17O             0.634      0.040     15.851      0.000
    MVS18O             0.498      0.071      6.993      0.000


STDY Standardization

                                                    Two-Tailed
                    Estimate       S.E.  Est./S.E.    P-Value

 SUC      BY
    MVS1               0.533      0.056      9.435      0.000
    MVS2               0.462      0.067      6.913      0.000
    MVS3               0.650      0.054     11.941      0.000
    MVS4O             -0.566      0.052    -10.979      0.000
    MVS5O             -0.416      0.058     -7.160      0.000
    MVS6O             -0.605      0.053    -11.410      0.000

 CEN      BY
    MVS7               0.408      0.060      6.785      0.000
    MVS8               0.549      0.067      8.170      0.000
    MVS9               0.631      0.058     10.901      0.000
    MVS10O            -0.567      0.083     -6.830      0.000
    MVS11O            -0.168      0.062     -2.724      0.006
    MVS12O            -0.610      0.063     -9.713      0.000

 HAP      BY
    MVS13              0.646      0.085      7.600      0.000
    MVS14              0.712      0.121      5.908      0.000
    MVS15              0.422      0.076      5.523      0.000
    MVS16O            -0.417      0.045     -9.216      0.000
    MVS17O            -0.594      0.042    -14.166      0.000
    MVS18O            -0.685      0.050    -13.764      0.000

 M1       BY
    MVS1               0.188      0.129      1.451      0.147
    MVS2               0.236      0.118      1.995      0.046
    MVS3               0.195      0.155      1.253      0.210
    MVS4O              0.153      0.131      1.169      0.242
    MVS5O              0.169      0.104      1.629      0.103
    MVS6O              0.183      0.155      1.181      0.238
    MVS7               0.181      0.096      1.890      0.059
    MVS8               0.237      0.140      1.694      0.090
    MVS9               0.194      0.153      1.269      0.204
    MVS10O             0.308      0.135      2.288      0.022
    MVS11O             0.173      0.080      2.167      0.030
    MVS12O             0.216      0.145      1.484      0.138

 M2       BY
    MVS13              0.342      0.156      2.188      0.029
    MVS14              0.501      0.177      2.827      0.005
    MVS15              0.262      0.119      2.199      0.028
    MVS16O             0.090      0.120      0.750      0.453
    MVS17O            -0.111      0.142     -0.786      0.432
    MVS18O             0.183      0.192      0.954      0.340

 SUC      WITH
    CEN                0.792      0.035     22.513      0.000
    HAP                0.737      0.038     19.526      0.000
    M1                 0.000      0.000    999.000    999.000
    M2                 0.000      0.000    999.000    999.000

 CEN      WITH
    HAP                0.655      0.042     15.610      0.000
    M1                 0.000      0.000    999.000    999.000
    M2                 0.000      0.000    999.000    999.000

 M1       WITH
    M2                 0.651      0.109      5.973      0.000
    HAP                0.000      0.000    999.000    999.000

 HAP      WITH
    M2                 0.000      0.000    999.000    999.000

 Intercepts
    MVS1               3.229      0.106     30.491      0.000
    MVS2               2.285      0.081     28.307      0.000
    MVS3               2.828      0.095     29.775      0.000
    MVS7               2.652      0.090     29.370      0.000
    MVS8               3.512      0.114     30.880      0.000
    MVS9               3.240      0.106     30.510      0.000
    MVS13              3.040      0.101     30.198      0.000
    MVS14              3.190      0.105     30.491      0.000
    MVS15              3.045      0.101     30.190      0.000
    MVS4O              3.112      0.103     30.315      0.000
    MVS5O              3.442      0.112     30.798      0.000
    MVS6O              2.872      0.096     29.878      0.000
    MVS10O             3.057      0.101     30.239      0.000
    MVS11O             2.627      0.090     29.313      0.000
    MVS12O             3.308      0.108     30.626      0.000
    MVS16O             3.931      0.125     31.324      0.000
    MVS17O             2.699      0.092     29.483      0.000
    MVS18O             3.487      0.113     30.862      0.000

 Variances
    SUC                1.000      0.000    999.000    999.000
    CEN                1.000      0.000    999.000    999.000
    HAP                1.000      0.000    999.000    999.000
    M1                 1.000      0.000    999.000    999.000
    M2                 1.000      0.000    999.000    999.000

 Residual Variances
    MVS1               0.681      0.041     16.468      0.000
    MVS2               0.731      0.042     17.562      0.000
    MVS3               0.539      0.042     12.690      0.000
    MVS7               0.801      0.040     20.137      0.000
    MVS8               0.643      0.045     14.216      0.000
    MVS9               0.565      0.045     12.535      0.000
    MVS13              0.465      0.039     11.843      0.000
    MVS14              0.241      0.049      4.942      0.000
    MVS15              0.753      0.036     20.766      0.000
    MVS4O              0.656      0.043     15.196      0.000
    MVS5O              0.798      0.039     20.384      0.000
    MVS6O              0.601      0.045     13.425      0.000
    MVS10O             0.584      0.052     11.244      0.000
    MVS11O             0.942      0.027     35.107      0.000
    MVS12O             0.581      0.047     12.296      0.000
    MVS16O             0.818      0.039     21.203      0.000
    MVS17O             0.634      0.040     15.851      0.000
    MVS18O             0.498      0.071      6.993      0.000


STD Standardization

                                                    Two-Tailed
                    Estimate       S.E.  Est./S.E.    P-Value

 SUC      BY
    MVS1               0.555      0.064      8.658      0.000
    MVS2               0.478      0.073      6.576      0.000
    MVS3               0.710      0.067     10.619      0.000
    MVS4O             -0.561      0.057     -9.811      0.000
    MVS5O             -0.398      0.059     -6.766      0.000
    MVS6O             -0.585      0.058    -10.164      0.000

 CEN      BY
    MVS7               0.401      0.062      6.448      0.000
    MVS8               0.544      0.071      7.668      0.000
    MVS9               0.642      0.065      9.849      0.000
    MVS10O            -0.549      0.084     -6.541      0.000
    MVS11O            -0.155      0.058     -2.699      0.007
    MVS12O            -0.581      0.065     -8.927      0.000

 HAP      BY
    MVS13              0.673      0.093      7.229      0.000
    MVS14              0.766      0.133      5.758      0.000
    MVS15              0.464      0.087      5.340      0.000
    MVS16O            -0.387      0.046     -8.400      0.000
    MVS17O            -0.612      0.051    -11.912      0.000
    MVS18O            -0.642      0.054    -11.814      0.000

 M1       BY
    MVS1               0.195      0.135      1.447      0.148
    MVS2               0.244      0.123      1.986      0.047
    MVS3               0.212      0.170      1.251      0.211
    MVS4O              0.152      0.130      1.168      0.243
    MVS5O              0.161      0.099      1.624      0.104
    MVS6O              0.177      0.150      1.180      0.238
    MVS7               0.177      0.094      1.881      0.060
    MVS8               0.234      0.139      1.688      0.091
    MVS9               0.197      0.156      1.267      0.205
    MVS10O             0.298      0.131      2.276      0.023
    MVS11O             0.160      0.074      2.154      0.031
    MVS12O             0.205      0.138      1.480      0.139

 M2       BY
    MVS13              0.356      0.163      2.181      0.029
    MVS14              0.539      0.191      2.816      0.005
    MVS15              0.288      0.132      2.187      0.029
    MVS16O             0.084      0.112      0.749      0.454
    MVS17O            -0.114      0.146     -0.785      0.432
    MVS18O             0.172      0.180      0.954      0.340

 SUC      WITH
    CEN                0.792      0.035     22.513      0.000
    HAP                0.737      0.038     19.526      0.000
    M1                 0.000      0.000    999.000    999.000
    M2                 0.000      0.000    999.000    999.000

 CEN      WITH
    HAP                0.655      0.042     15.610      0.000
    M1                 0.000      0.000    999.000    999.000
    M2                 0.000      0.000    999.000    999.000

 M1       WITH
    M2                 0.651      0.109      5.973      0.000
    HAP                0.000      0.000    999.000    999.000

 HAP      WITH
    M2                 0.000      0.000    999.000    999.000

 Intercepts
    MVS1               3.359      0.044     75.995      0.000
    MVS2               2.363      0.044     53.788      0.000
    MVS3               3.087      0.046     66.558      0.000
    MVS7               2.605      0.042     62.414      0.000
    MVS8               3.482      0.042     82.667      0.000
    MVS9               3.300      0.043     76.270      0.000
    MVS13              3.166      0.044     71.544      0.000
    MVS14              3.430      0.046     75.085      0.000
    MVS15              3.348      0.047     71.668      0.000
    MVS4O              3.081      0.042     73.240      0.000
    MVS5O              3.287      0.041     81.012      0.000
    MVS6O              2.780      0.041     67.601      0.000
    MVS10O             2.962      0.041     71.965      0.000
    MVS11O             2.430      0.039     61.842      0.000
    MVS12O             3.146      0.040     77.873      0.000
    MVS16O             3.655      0.040     92.515      0.000
    MVS17O             2.776      0.044     63.516      0.000
    MVS18O             3.269      0.040     82.084      0.000

 Variances
    SUC                1.000      0.000    999.000    999.000
    CEN                1.000      0.000    999.000    999.000
    HAP                1.000      0.000    999.000    999.000
    M1                 1.000      0.000    999.000    999.000
    M2                 1.000      0.000    999.000    999.000

 Residual Variances
    MVS1               0.737      0.052     14.168      0.000
    MVS2               0.782      0.055     14.272      0.000
    MVS3               0.643      0.052     12.431      0.000
    MVS7               0.773      0.053     14.702      0.000
    MVS8               0.632      0.049     12.952      0.000
    MVS9               0.586      0.048     12.117      0.000
    MVS13              0.505      0.042     12.055      0.000
    MVS14              0.279      0.055      5.060      0.000
    MVS15              0.911      0.059     15.537      0.000
    MVS4O              0.643      0.047     13.546      0.000
    MVS5O              0.728      0.049     14.802      0.000
    MVS6O              0.563      0.045     12.634      0.000
    MVS10O             0.548      0.050     10.856      0.000
    MVS11O             0.805      0.051     15.804      0.000
    MVS12O             0.525      0.044     11.805      0.000
    MVS16O             0.708      0.048     14.881      0.000
    MVS17O             0.671      0.047     14.251      0.000
    MVS18O             0.437      0.062      7.033      0.000


R-SQUARE

    Observed                                        Two-Tailed
    Variable        Estimate       S.E.  Est./S.E.    P-Value

    MVS1               0.319      0.041      7.727      0.000
    MVS2               0.269      0.042      6.462      0.000
    MVS3               0.461      0.042     10.842      0.000
    MVS7               0.199      0.040      5.000      0.000
    MVS8               0.357      0.045      7.906      0.000
    MVS9               0.435      0.045      9.653      0.000
    MVS13              0.535      0.039     13.601      0.000
    MVS14              0.759      0.049     15.526      0.000
    MVS15              0.247      0.036      6.802      0.000
    MVS4O              0.344      0.043      7.978      0.000
    MVS5O              0.202      0.039      5.153      0.000
    MVS6O              0.399      0.045      8.917      0.000
    MVS10O             0.416      0.052      8.013      0.000
    MVS11O             0.058      0.027      2.172      0.030
    MVS12O             0.419      0.047      8.872      0.000
    MVS16O             0.182      0.039      4.706      0.000
    MVS17O             0.366      0.040      9.143      0.000
    MVS18O             0.502      0.071      7.062      0.000


QUALITY OF NUMERICAL RESULTS

     Condition Number for the Information Matrix              0.718E-03
       (ratio of smallest to largest eigenvalue)


CONFIDENCE INTERVALS OF MODEL RESULTS

                  Lower .5%  Lower 2.5%    Lower 5%    Estimate    Upper 5%  Upper 2.5%   Upper .5%

 SUC      BY
    MVS1             0.390       0.429       0.449       0.555       0.660       0.680       0.720
    MVS2             0.291       0.335       0.358       0.478       0.597       0.620       0.665
    MVS3             0.538       0.579       0.600       0.710       0.820       0.841       0.882
    MVS4O           -0.708      -0.673      -0.655      -0.561      -0.467      -0.449      -0.414
    MVS5O           -0.549      -0.513      -0.494      -0.398      -0.301      -0.282      -0.246
    MVS6O           -0.734      -0.698      -0.680      -0.585      -0.491      -0.472      -0.437

 CEN      BY
    MVS7             0.241       0.279       0.298       0.401       0.503       0.522       0.561
    MVS8             0.361       0.405       0.428       0.544       0.661       0.683       0.727
    MVS9             0.474       0.514       0.535       0.642       0.749       0.770       0.810
    MVS10O          -0.765      -0.714      -0.687      -0.549      -0.411      -0.385      -0.333
    MVS11O          -0.303      -0.268      -0.250      -0.155      -0.061      -0.042      -0.007
    MVS12O          -0.748      -0.708      -0.687      -0.581      -0.474      -0.453      -0.413

 HAP      BY
    MVS13            0.433       0.491       0.520       0.673       0.826       0.856       0.913
    MVS14            0.423       0.505       0.547       0.766       0.984       1.026       1.108
    MVS15            0.240       0.294       0.321       0.464       0.607       0.634       0.688
    MVS16O          -0.506      -0.478      -0.463      -0.387      -0.311      -0.297      -0.269
    MVS17O          -0.744      -0.712      -0.696      -0.612      -0.527      -0.511      -0.479
    MVS18O          -0.782      -0.748      -0.731      -0.642      -0.552      -0.535      -0.502

 M1       BY
    MVS1            -0.152      -0.069      -0.027       0.195       0.418       0.460       0.543
    MVS2            -0.072       0.003       0.042       0.244       0.445       0.484       0.560
    MVS3            -0.225      -0.120      -0.067       0.212       0.492       0.545       0.650
    MVS4O           -0.183      -0.103      -0.062       0.152       0.365       0.406       0.486
    MVS5O           -0.094      -0.033      -0.002       0.161       0.324       0.356       0.417
    MVS6O           -0.209      -0.117      -0.070       0.177       0.423       0.470       0.563
    MVS7            -0.066      -0.007       0.022       0.177       0.333       0.362       0.420
    MVS8            -0.123      -0.038       0.006       0.234       0.463       0.507       0.592
    MVS9            -0.204      -0.108      -0.059       0.197       0.453       0.502       0.598
    MVS10O          -0.039       0.041       0.083       0.298       0.514       0.555       0.636
    MVS11O          -0.031       0.014       0.038       0.160       0.283       0.306       0.352
    MVS12O          -0.152      -0.066      -0.023       0.205       0.433       0.476       0.562

 M2       BY
    MVS13           -0.064       0.036       0.087       0.356       0.625       0.676       0.777
    MVS14            0.046       0.164       0.224       0.539       0.854       0.914       1.032
    MVS15           -0.051       0.030       0.072       0.288       0.505       0.547       0.628
    MVS16O          -0.204      -0.135      -0.100       0.084       0.268       0.303       0.372
    MVS17O          -0.490      -0.400      -0.354      -0.114       0.125       0.171       0.261
    MVS18O          -0.292      -0.181      -0.125       0.172       0.468       0.525       0.636

 SUC      WITH
    CEN              0.701       0.723       0.734       0.792       0.850       0.861       0.883
    HAP              0.640       0.663       0.675       0.737       0.799       0.811       0.834
    M1               0.000       0.000       0.000       0.000       0.000       0.000       0.000
    M2               0.000       0.000       0.000       0.000       0.000       0.000       0.000

 CEN      WITH
    HAP              0.547       0.573       0.586       0.655       0.724       0.737       0.763
    M1               0.000       0.000       0.000       0.000       0.000       0.000       0.000
    M2               0.000       0.000       0.000       0.000       0.000       0.000       0.000

 M1       WITH
    M2               0.370       0.437       0.472       0.651       0.830       0.865       0.932
    HAP              0.000       0.000       0.000       0.000       0.000       0.000       0.000

 HAP      WITH
    M2               0.000       0.000       0.000       0.000       0.000       0.000       0.000

 Intercepts
    MVS1             3.245       3.273       3.286       3.359       3.432       3.446       3.473
    MVS2             2.250       2.277       2.291       2.363       2.435       2.449       2.476
    MVS3             2.967       2.996       3.010       3.087       3.163       3.178       3.206
    MVS7             2.497       2.523       2.536       2.605       2.673       2.686       2.712
    MVS8             3.373       3.399       3.413       3.482       3.551       3.565       3.590
    MVS9             3.188       3.215       3.228       3.300       3.371       3.384       3.411
    MVS13            3.052       3.079       3.093       3.166       3.239       3.253       3.280
    MVS14            3.312       3.340       3.354       3.430       3.505       3.519       3.547
    MVS15            3.228       3.257       3.272       3.348       3.425       3.440       3.469
    MVS4O            2.973       2.999       3.012       3.081       3.150       3.164       3.190
    MVS5O            3.182       3.207       3.220       3.287       3.354       3.367       3.392
    MVS6O            2.674       2.699       2.712       2.780       2.847       2.860       2.886
    MVS10O           2.856       2.881       2.894       2.962       3.030       3.043       3.068
    MVS11O           2.328       2.353       2.365       2.430       2.494       2.507       2.531
    MVS12O           3.042       3.067       3.080       3.146       3.213       3.225       3.250
    MVS16O           3.553       3.578       3.590       3.655       3.720       3.733       3.757
    MVS17O           2.664       2.691       2.704       2.776       2.848       2.862       2.889
    MVS18O           3.166       3.191       3.203       3.269       3.334       3.347       3.372

 Variances
    SUC              1.000       1.000       1.000       1.000       1.000       1.000       1.000
    CEN              1.000       1.000       1.000       1.000       1.000       1.000       1.000
    HAP              1.000       1.000       1.000       1.000       1.000       1.000       1.000
    M1               1.000       1.000       1.000       1.000       1.000       1.000       1.000
    M2               1.000       1.000       1.000       1.000       1.000       1.000       1.000

 Residual Variances
    MVS1             0.603       0.635       0.651       0.737       0.822       0.839       0.871
    MVS2             0.640       0.674       0.691       0.782       0.872       0.889       0.923
    MVS3             0.509       0.541       0.558       0.643       0.728       0.744       0.776
    MVS7             0.638       0.670       0.686       0.773       0.859       0.876       0.908
    MVS8             0.506       0.536       0.551       0.632       0.712       0.727       0.757
    MVS9             0.461       0.491       0.506       0.586       0.665       0.681       0.710
    MVS13            0.397       0.423       0.436       0.505       0.574       0.587       0.613
    MVS14            0.137       0.171       0.188       0.279       0.370       0.387       0.421
    MVS15            0.760       0.796       0.814       0.911       1.007       1.026       1.062
    MVS4O            0.521       0.550       0.565       0.643       0.721       0.736       0.765
    MVS5O            0.601       0.632       0.647       0.728       0.809       0.824       0.855
    MVS6O            0.448       0.476       0.490       0.563       0.636       0.650       0.678
    MVS10O           0.418       0.449       0.465       0.548       0.631       0.647       0.678
    MVS11O           0.674       0.705       0.721       0.805       0.889       0.905       0.937
    MVS12O           0.411       0.438       0.452       0.525       0.598       0.613       0.640
    MVS16O           0.585       0.615       0.629       0.708       0.786       0.801       0.830
    MVS17O           0.550       0.579       0.594       0.671       0.749       0.764       0.793
    MVS18O           0.277       0.315       0.335       0.437       0.539       0.559       0.597


CONFIDENCE INTERVALS OF STANDARDIZED MODEL RESULTS


STDYX Standardization

                  Lower .5%  Lower 2.5%    Lower 5%    Estimate    Upper 5%  Upper 2.5%   Upper .5%

 SUC      BY
    MVS1             0.387       0.422       0.440       0.533       0.626       0.644       0.679
    MVS2             0.290       0.331       0.352       0.462       0.572       0.593       0.634
    MVS3             0.510       0.544       0.561       0.650       0.740       0.757       0.791
    MVS4O           -0.699      -0.668      -0.651      -0.566      -0.482      -0.465      -0.434
    MVS5O           -0.566      -0.530      -0.512      -0.416      -0.321      -0.302      -0.267
    MVS6O           -0.741      -0.709      -0.692      -0.605      -0.518      -0.501      -0.468

 CEN      BY
    MVS7             0.253       0.290       0.309       0.408       0.507       0.526       0.563
    MVS8             0.376       0.417       0.438       0.549       0.660       0.681       0.722
    MVS9             0.482       0.517       0.535       0.631       0.726       0.744       0.779
    MVS10O          -0.781      -0.730      -0.703      -0.567      -0.430      -0.404      -0.353
    MVS11O          -0.327      -0.289      -0.269      -0.168      -0.067      -0.047      -0.009
    MVS12O          -0.772      -0.734      -0.714      -0.610      -0.507      -0.487      -0.449

 HAP      BY
    MVS13            0.427       0.480       0.506       0.646       0.786       0.813       0.865
    MVS14            0.402       0.476       0.514       0.712       0.911       0.948       1.023
    MVS15            0.225       0.272       0.296       0.422       0.547       0.571       0.619
    MVS16O          -0.533      -0.505      -0.491      -0.417      -0.342      -0.328      -0.300
    MVS17O          -0.703      -0.677      -0.664      -0.594      -0.525      -0.512      -0.486
    MVS18O          -0.813      -0.782      -0.767      -0.685      -0.603      -0.587      -0.557

 M1       BY
    MVS1            -0.146      -0.066      -0.025       0.188       0.401       0.442       0.521
    MVS2            -0.069       0.004       0.041       0.236       0.430       0.467       0.540
    MVS3            -0.205      -0.110      -0.061       0.195       0.450       0.499       0.594
    MVS4O           -0.184      -0.104      -0.062       0.153       0.369       0.410       0.491
    MVS5O           -0.098      -0.034      -0.002       0.169       0.339       0.372       0.436
    MVS6O           -0.216      -0.120      -0.072       0.183       0.437       0.486       0.581
    MVS7            -0.066      -0.007       0.023       0.181       0.338       0.368       0.427
    MVS8            -0.123      -0.037       0.007       0.237       0.466       0.510       0.596
    MVS9            -0.199      -0.105      -0.057       0.194       0.445       0.493       0.587
    MVS10O          -0.039       0.044       0.087       0.308       0.529       0.572       0.654
    MVS11O          -0.033       0.017       0.042       0.173       0.305       0.330       0.380
    MVS12O          -0.159      -0.069      -0.023       0.216       0.455       0.500       0.590

 M2       BY
    MVS13           -0.061       0.036       0.085       0.342       0.599       0.648       0.744
    MVS14            0.045       0.154       0.210       0.501       0.793       0.849       0.958
    MVS15           -0.045       0.028       0.066       0.262       0.459       0.496       0.570
    MVS16O          -0.220      -0.146      -0.108       0.090       0.288       0.326       0.400
    MVS17O          -0.476      -0.389      -0.344      -0.111       0.122       0.166       0.253
    MVS18O          -0.311      -0.193      -0.133       0.183       0.499       0.560       0.678

 SUC      WITH
    CEN              0.701       0.723       0.734       0.792       0.850       0.861       0.883
    HAP              0.640       0.663       0.675       0.737       0.799       0.811       0.834
    M1               0.000       0.000       0.000       0.000       0.000       0.000       0.000
    M2               0.000       0.000       0.000       0.000       0.000       0.000       0.000

 CEN      WITH
    HAP              0.547       0.573       0.586       0.655       0.724       0.737       0.763
    M1               0.000       0.000       0.000       0.000       0.000       0.000       0.000
    M2               0.000       0.000       0.000       0.000       0.000       0.000       0.000

 M1       WITH
    M2               0.370       0.437       0.472       0.651       0.830       0.865       0.932
    HAP              0.000       0.000       0.000       0.000       0.000       0.000       0.000

 HAP      WITH
    M2               0.000       0.000       0.000       0.000       0.000       0.000       0.000

 Intercepts
    MVS1             2.956       3.021       3.055       3.229       3.403       3.436       3.501
    MVS2             2.077       2.127       2.152       2.285       2.418       2.443       2.493
    MVS3             2.583       2.642       2.672       2.828       2.984       3.014       3.072
    MVS7             2.419       2.475       2.503       2.652       2.800       2.829       2.884
    MVS8             3.219       3.289       3.325       3.512       3.699       3.735       3.805
    MVS9             2.967       3.032       3.066       3.240       3.415       3.449       3.514
    MVS13            2.780       2.842       2.874       3.040       3.205       3.237       3.299
    MVS14            2.921       2.985       3.018       3.190       3.362       3.395       3.460
    MVS15            2.785       2.847       2.879       3.045       3.211       3.243       3.305
    MVS4O            2.847       2.911       2.943       3.112       3.281       3.313       3.376
    MVS5O            3.154       3.223       3.258       3.442       3.626       3.661       3.730
    MVS6O            2.624       2.684       2.714       2.872       3.030       3.060       3.120
    MVS10O           2.797       2.859       2.891       3.057       3.224       3.256       3.318
    MVS11O           2.397       2.452       2.480       2.627       2.775       2.803       2.858
    MVS12O           3.030       3.097       3.131       3.308       3.486       3.520       3.587
    MVS16O           3.607       3.685       3.724       3.931       4.137       4.177       4.254
    MVS17O           2.463       2.519       2.548       2.699       2.849       2.878       2.934
    MVS18O           3.196       3.266       3.302       3.487       3.673       3.709       3.778

 Variances
    SUC              1.000       1.000       1.000       1.000       1.000       1.000       1.000
    CEN              1.000       1.000       1.000       1.000       1.000       1.000       1.000
    HAP              1.000       1.000       1.000       1.000       1.000       1.000       1.000
    M1               1.000       1.000       1.000       1.000       1.000       1.000       1.000
    M2               1.000       1.000       1.000       1.000       1.000       1.000       1.000

 Residual Variances
    MVS1             0.574       0.600       0.613       0.681       0.749       0.762       0.787
    MVS2             0.624       0.649       0.663       0.731       0.800       0.813       0.838
    MVS3             0.430       0.456       0.469       0.539       0.609       0.623       0.649
    MVS7             0.699       0.723       0.736       0.801       0.867       0.879       0.904
    MVS8             0.526       0.554       0.568       0.643       0.717       0.731       0.759
    MVS9             0.449       0.477       0.491       0.565       0.639       0.653       0.681
    MVS13            0.364       0.388       0.401       0.465       0.530       0.542       0.567
    MVS14            0.116       0.146       0.161       0.241       0.322       0.337       0.367
    MVS15            0.660       0.682       0.694       0.753       0.813       0.824       0.847
    MVS4O            0.545       0.571       0.585       0.656       0.727       0.740       0.767
    MVS5O            0.697       0.721       0.734       0.798       0.863       0.875       0.899
    MVS6O            0.486       0.513       0.527       0.601       0.675       0.689       0.716
    MVS10O           0.450       0.482       0.498       0.584       0.669       0.686       0.718
    MVS11O           0.873       0.889       0.898       0.942       0.986       0.994       1.011
    MVS12O           0.459       0.488       0.503       0.581       0.659       0.673       0.703
    MVS16O           0.719       0.743       0.755       0.818       0.882       0.894       0.918
    MVS17O           0.531       0.556       0.568       0.634       0.700       0.713       0.737
    MVS18O           0.314       0.358       0.381       0.498       0.615       0.637       0.681


STDY Standardization

                  Lower .5%  Lower 2.5%    Lower 5%    Estimate    Upper 5%  Upper 2.5%   Upper .5%

 SUC      BY
    MVS1             0.387       0.422       0.440       0.533       0.626       0.644       0.679
    MVS2             0.290       0.331       0.352       0.462       0.572       0.593       0.634
    MVS3             0.510       0.544       0.561       0.650       0.740       0.757       0.791
    MVS4O           -0.699      -0.668      -0.651      -0.566      -0.482      -0.465      -0.434
    MVS5O           -0.566      -0.530      -0.512      -0.416      -0.321      -0.302      -0.267
    MVS6O           -0.741      -0.709      -0.692      -0.605      -0.518      -0.501      -0.468

 CEN      BY
    MVS7             0.253       0.290       0.309       0.408       0.507       0.526       0.563
    MVS8             0.376       0.417       0.438       0.549       0.660       0.681       0.722
    MVS9             0.482       0.517       0.535       0.631       0.726       0.744       0.779
    MVS10O          -0.781      -0.730      -0.703      -0.567      -0.430      -0.404      -0.353
    MVS11O          -0.327      -0.289      -0.269      -0.168      -0.067      -0.047      -0.009
    MVS12O          -0.772      -0.734      -0.714      -0.610      -0.507      -0.487      -0.449

 HAP      BY
    MVS13            0.427       0.480       0.506       0.646       0.786       0.813       0.865
    MVS14            0.402       0.476       0.514       0.712       0.911       0.948       1.023
    MVS15            0.225       0.272       0.296       0.422       0.547       0.571       0.619
    MVS16O          -0.533      -0.505      -0.491      -0.417      -0.342      -0.328      -0.300
    MVS17O          -0.703      -0.677      -0.664      -0.594      -0.525      -0.512      -0.486
    MVS18O          -0.813      -0.782      -0.767      -0.685      -0.603      -0.587      -0.557

 M1       BY
    MVS1            -0.146      -0.066      -0.025       0.188       0.401       0.442       0.521
    MVS2            -0.069       0.004       0.041       0.236       0.430       0.467       0.540
    MVS3            -0.205      -0.110      -0.061       0.195       0.450       0.499       0.594
    MVS4O           -0.184      -0.104      -0.062       0.153       0.369       0.410       0.491
    MVS5O           -0.098      -0.034      -0.002       0.169       0.339       0.372       0.436
    MVS6O           -0.216      -0.120      -0.072       0.183       0.437       0.486       0.581
    MVS7            -0.066      -0.007       0.023       0.181       0.338       0.368       0.427
    MVS8            -0.123      -0.037       0.007       0.237       0.466       0.510       0.596
    MVS9            -0.199      -0.105      -0.057       0.194       0.445       0.493       0.587
    MVS10O          -0.039       0.044       0.087       0.308       0.529       0.572       0.654
    MVS11O          -0.033       0.017       0.042       0.173       0.305       0.330       0.380
    MVS12O          -0.159      -0.069      -0.023       0.216       0.455       0.500       0.590

 M2       BY
    MVS13           -0.061       0.036       0.085       0.342       0.599       0.648       0.744
    MVS14            0.045       0.154       0.210       0.501       0.793       0.849       0.958
    MVS15           -0.045       0.028       0.066       0.262       0.459       0.496       0.570
    MVS16O          -0.220      -0.146      -0.108       0.090       0.288       0.326       0.400
    MVS17O          -0.476      -0.389      -0.344      -0.111       0.122       0.166       0.253
    MVS18O          -0.311      -0.193      -0.133       0.183       0.499       0.560       0.678

 SUC      WITH
    CEN              0.701       0.723       0.734       0.792       0.850       0.861       0.883
    HAP              0.640       0.663       0.675       0.737       0.799       0.811       0.834
    M1               0.000       0.000       0.000       0.000       0.000       0.000       0.000
    M2               0.000       0.000       0.000       0.000       0.000       0.000       0.000

 CEN      WITH
    HAP              0.547       0.573       0.586       0.655       0.724       0.737       0.763
    M1               0.000       0.000       0.000       0.000       0.000       0.000       0.000
    M2               0.000       0.000       0.000       0.000       0.000       0.000       0.000

 M1       WITH
    M2               0.370       0.437       0.472       0.651       0.830       0.865       0.932
    HAP              0.000       0.000       0.000       0.000       0.000       0.000       0.000

 HAP      WITH
    M2               0.000       0.000       0.000       0.000       0.000       0.000       0.000

 Intercepts
    MVS1             2.956       3.021       3.055       3.229       3.403       3.436       3.501
    MVS2             2.077       2.127       2.152       2.285       2.418       2.443       2.493
    MVS3             2.583       2.642       2.672       2.828       2.984       3.014       3.072
    MVS7             2.419       2.475       2.503       2.652       2.800       2.829       2.884
    MVS8             3.219       3.289       3.325       3.512       3.699       3.735       3.805
    MVS9             2.967       3.032       3.066       3.240       3.415       3.449       3.514
    MVS13            2.780       2.842       2.874       3.040       3.205       3.237       3.299
    MVS14            2.921       2.985       3.018       3.190       3.362       3.395       3.460
    MVS15            2.785       2.847       2.879       3.045       3.211       3.243       3.305
    MVS4O            2.847       2.911       2.943       3.112       3.281       3.313       3.376
    MVS5O            3.154       3.223       3.258       3.442       3.626       3.661       3.730
    MVS6O            2.624       2.684       2.714       2.872       3.030       3.060       3.120
    MVS10O           2.797       2.859       2.891       3.057       3.224       3.256       3.318
    MVS11O           2.397       2.452       2.480       2.627       2.775       2.803       2.858
    MVS12O           3.030       3.097       3.131       3.308       3.486       3.520       3.587
    MVS16O           3.607       3.685       3.724       3.931       4.137       4.177       4.254
    MVS17O           2.463       2.519       2.548       2.699       2.849       2.878       2.934
    MVS18O           3.196       3.266       3.302       3.487       3.673       3.709       3.778

 Variances
    SUC              1.000       1.000       1.000       1.000       1.000       1.000       1.000
    CEN              1.000       1.000       1.000       1.000       1.000       1.000       1.000
    HAP              1.000       1.000       1.000       1.000       1.000       1.000       1.000
    M1               1.000       1.000       1.000       1.000       1.000       1.000       1.000
    M2               1.000       1.000       1.000       1.000       1.000       1.000       1.000

 Residual Variances
    MVS1             0.574       0.600       0.613       0.681       0.749       0.762       0.787
    MVS2             0.624       0.649       0.663       0.731       0.800       0.813       0.838
    MVS3             0.430       0.456       0.469       0.539       0.609       0.623       0.649
    MVS7             0.699       0.723       0.736       0.801       0.867       0.879       0.904
    MVS8             0.526       0.554       0.568       0.643       0.717       0.731       0.759
    MVS9             0.449       0.477       0.491       0.565       0.639       0.653       0.681
    MVS13            0.364       0.388       0.401       0.465       0.530       0.542       0.567
    MVS14            0.116       0.146       0.161       0.241       0.322       0.337       0.367
    MVS15            0.660       0.682       0.694       0.753       0.813       0.824       0.847
    MVS4O            0.545       0.571       0.585       0.656       0.727       0.740       0.767
    MVS5O            0.697       0.721       0.734       0.798       0.863       0.875       0.899
    MVS6O            0.486       0.513       0.527       0.601       0.675       0.689       0.716
    MVS10O           0.450       0.482       0.498       0.584       0.669       0.686       0.718
    MVS11O           0.873       0.889       0.898       0.942       0.986       0.994       1.011
    MVS12O           0.459       0.488       0.503       0.581       0.659       0.673       0.703
    MVS16O           0.719       0.743       0.755       0.818       0.882       0.894       0.918
    MVS17O           0.531       0.556       0.568       0.634       0.700       0.713       0.737
    MVS18O           0.314       0.358       0.381       0.498       0.615       0.637       0.681


STD Standardization

                  Lower .5%  Lower 2.5%    Lower 5%    Estimate    Upper 5%  Upper 2.5%   Upper .5%

 SUC      BY
    MVS1             0.390       0.429       0.449       0.555       0.660       0.680       0.720
    MVS2             0.291       0.335       0.358       0.478       0.597       0.620       0.665
    MVS3             0.538       0.579       0.600       0.710       0.820       0.841       0.882
    MVS4O           -0.708      -0.673      -0.655      -0.561      -0.467      -0.449      -0.414
    MVS5O           -0.549      -0.513      -0.494      -0.398      -0.301      -0.282      -0.246
    MVS6O           -0.734      -0.698      -0.680      -0.585      -0.491      -0.472      -0.437

 CEN      BY
    MVS7             0.241       0.279       0.298       0.401       0.503       0.522       0.561
    MVS8             0.361       0.405       0.428       0.544       0.661       0.683       0.727
    MVS9             0.474       0.514       0.535       0.642       0.749       0.770       0.810
    MVS10O          -0.765      -0.714      -0.687      -0.549      -0.411      -0.385      -0.333
    MVS11O          -0.303      -0.268      -0.250      -0.155      -0.061      -0.042      -0.007
    MVS12O          -0.748      -0.708      -0.687      -0.581      -0.474      -0.453      -0.413

 HAP      BY
    MVS13            0.433       0.491       0.520       0.673       0.826       0.856       0.913
    MVS14            0.423       0.505       0.547       0.766       0.984       1.026       1.108
    MVS15            0.240       0.294       0.321       0.464       0.607       0.634       0.688
    MVS16O          -0.506      -0.478      -0.463      -0.387      -0.311      -0.297      -0.269
    MVS17O          -0.744      -0.712      -0.696      -0.612      -0.527      -0.511      -0.479
    MVS18O          -0.782      -0.748      -0.731      -0.642      -0.552      -0.535      -0.502

 M1       BY
    MVS1            -0.152      -0.069      -0.027       0.195       0.418       0.460       0.543
    MVS2            -0.072       0.003       0.042       0.244       0.445       0.484       0.560
    MVS3            -0.225      -0.120      -0.067       0.212       0.492       0.545       0.650
    MVS4O           -0.183      -0.103      -0.062       0.152       0.365       0.406       0.486
    MVS5O           -0.094      -0.033      -0.002       0.161       0.324       0.356       0.417
    MVS6O           -0.209      -0.117      -0.070       0.177       0.423       0.470       0.563
    MVS7            -0.066      -0.007       0.022       0.177       0.333       0.362       0.420
    MVS8            -0.123      -0.038       0.006       0.234       0.463       0.507       0.592
    MVS9            -0.204      -0.108      -0.059       0.197       0.453       0.502       0.598
    MVS10O          -0.039       0.041       0.083       0.298       0.514       0.555       0.636
    MVS11O          -0.031       0.014       0.038       0.160       0.283       0.306       0.352
    MVS12O          -0.152      -0.066      -0.023       0.205       0.433       0.476       0.562

 M2       BY
    MVS13           -0.064       0.036       0.087       0.356       0.625       0.676       0.777
    MVS14            0.046       0.164       0.224       0.539       0.854       0.914       1.032
    MVS15           -0.051       0.030       0.072       0.288       0.505       0.547       0.628
    MVS16O          -0.204      -0.135      -0.100       0.084       0.268       0.303       0.372
    MVS17O          -0.490      -0.400      -0.354      -0.114       0.125       0.171       0.261
    MVS18O          -0.292      -0.181      -0.125       0.172       0.468       0.525       0.636

 SUC      WITH
    CEN              0.701       0.723       0.734       0.792       0.850       0.861       0.883
    HAP              0.640       0.663       0.675       0.737       0.799       0.811       0.834
    M1               0.000       0.000       0.000       0.000       0.000       0.000       0.000
    M2               0.000       0.000       0.000       0.000       0.000       0.000       0.000

 CEN      WITH
    HAP              0.547       0.573       0.586       0.655       0.724       0.737       0.763
    M1               0.000       0.000       0.000       0.000       0.000       0.000       0.000
    M2               0.000       0.000       0.000       0.000       0.000       0.000       0.000

 M1       WITH
    M2               0.370       0.437       0.472       0.651       0.830       0.865       0.932
    HAP              0.000       0.000       0.000       0.000       0.000       0.000       0.000

 HAP      WITH
    M2               0.000       0.000       0.000       0.000       0.000       0.000       0.000

 Intercepts
    MVS1             3.245       3.273       3.286       3.359       3.432       3.446       3.473
    MVS2             2.250       2.277       2.291       2.363       2.435       2.449       2.476
    MVS3             2.967       2.996       3.010       3.087       3.163       3.178       3.206
    MVS7             2.497       2.523       2.536       2.605       2.673       2.686       2.712
    MVS8             3.373       3.399       3.413       3.482       3.551       3.565       3.590
    MVS9             3.188       3.215       3.228       3.300       3.371       3.384       3.411
    MVS13            3.052       3.079       3.093       3.166       3.239       3.253       3.280
    MVS14            3.312       3.340       3.354       3.430       3.505       3.519       3.547
    MVS15            3.228       3.257       3.272       3.348       3.425       3.440       3.469
    MVS4O            2.973       2.999       3.012       3.081       3.150       3.164       3.190
    MVS5O            3.182       3.207       3.220       3.287       3.354       3.367       3.392
    MVS6O            2.674       2.699       2.712       2.780       2.847       2.860       2.886
    MVS10O           2.856       2.881       2.894       2.962       3.030       3.043       3.068
    MVS11O           2.328       2.353       2.365       2.430       2.494       2.507       2.531
    MVS12O           3.042       3.067       3.080       3.146       3.213       3.225       3.250
    MVS16O           3.553       3.578       3.590       3.655       3.720       3.733       3.757
    MVS17O           2.664       2.691       2.704       2.776       2.848       2.862       2.889
    MVS18O           3.166       3.191       3.203       3.269       3.334       3.347       3.372

 Variances
    SUC              1.000       1.000       1.000       1.000       1.000       1.000       1.000
    CEN              1.000       1.000       1.000       1.000       1.000       1.000       1.000
    HAP              1.000       1.000       1.000       1.000       1.000       1.000       1.000
    M1               1.000       1.000       1.000       1.000       1.000       1.000       1.000
    M2               1.000       1.000       1.000       1.000       1.000       1.000       1.000

 Residual Variances
    MVS1             0.603       0.635       0.651       0.737       0.822       0.839       0.871
    MVS2             0.640       0.674       0.691       0.782       0.872       0.889       0.923
    MVS3             0.509       0.541       0.558       0.643       0.728       0.744       0.776
    MVS7             0.638       0.670       0.686       0.773       0.859       0.876       0.908
    MVS8             0.506       0.536       0.551       0.632       0.712       0.727       0.757
    MVS9             0.461       0.491       0.506       0.586       0.665       0.681       0.710
    MVS13            0.397       0.423       0.436       0.505       0.574       0.587       0.613
    MVS14            0.137       0.171       0.188       0.279       0.370       0.387       0.421
    MVS15            0.760       0.796       0.814       0.911       1.007       1.026       1.062
    MVS4O            0.521       0.550       0.565       0.643       0.721       0.736       0.765
    MVS5O            0.601       0.632       0.647       0.728       0.809       0.824       0.855
    MVS6O            0.448       0.476       0.490       0.563       0.636       0.650       0.678
    MVS10O           0.418       0.449       0.465       0.548       0.631       0.647       0.678
    MVS11O           0.674       0.705       0.721       0.805       0.889       0.905       0.937
    MVS12O           0.411       0.438       0.452       0.525       0.598       0.613       0.640
    MVS16O           0.585       0.615       0.629       0.708       0.786       0.801       0.830
    MVS17O           0.550       0.579       0.594       0.671       0.749       0.764       0.793
    MVS18O           0.277       0.315       0.335       0.437       0.539       0.559       0.597


MODEL COMMAND WITH FINAL ESTIMATES USED AS STARTING VALUES

     suc BY mvs1*0.55455;
     suc BY mvs2*0.47772;
     suc BY mvs3*0.70981;
     suc BY mvs4o*-0.56086;
     suc BY mvs5o*-0.39758;
     suc BY mvs6o*-0.58536;
     cen BY mvs7*0.40056;
     cen BY mvs8*0.54431;
     cen BY mvs9*0.64204;
     cen BY mvs10o*-0.54918;
     cen BY mvs11o*-0.15521;
     cen BY mvs12o*-0.58051;
     hap BY mvs13*0.67319;
     hap BY mvs14*0.76569;
     hap BY mvs15*0.46385;
     hap BY mvs16o*-0.38736;
     hap BY mvs17o*-0.61160;
     hap BY mvs18o*-0.64183;
     m1 BY mvs1*0.19539;
     m1 BY mvs2*0.24358;
     m1 BY mvs3*0.21240;
     m1 BY mvs4o*0.15165;
     m1 BY mvs5o*0.16114;
     m1 BY mvs6o*0.17674;
     m1 BY mvs7*0.17743;
     m1 BY mvs8*0.23449;
     m1 BY mvs9*0.19725;
     m1 BY mvs10o*0.29825;
     m1 BY mvs11o*0.16038;
     m1 BY mvs12o*0.20499;
     m2 BY mvs13*0.35604;
     m2 BY mvs14*0.53897;
     m2 BY mvs15*0.28847;
     m2 BY mvs16o*0.08385;
     m2 BY mvs17o*-0.11443;
     m2 BY mvs18o*0.17179;

     suc WITH cen*0.79208;
     suc WITH hap*0.73692;
     suc WITH m1@0;
     suc WITH m2@0;
     cen WITH hap*0.65512;
     cen WITH m1@0;
     cen WITH m2@0;
     m1 WITH m2*0.65101;
     m1 WITH hap@0;
     hap WITH m2@0;

     [ mvs1*3.35921 ];
     [ mvs2*2.36282 ];
     [ mvs3*3.08664 ];
     [ mvs7*2.60469 ];
     [ mvs8*3.48195 ];
     [ mvs9*3.29964 ];
     [ mvs13*3.16606 ];
     [ mvs14*3.42960 ];
     [ mvs15*3.34838 ];
     [ mvs4o*3.08123 ];
     [ mvs5o*3.28700 ];
     [ mvs6o*2.77978 ];
     [ mvs10o*2.96209 ];
     [ mvs11o*2.42960 ];
     [ mvs12o*3.14621 ];
     [ mvs16o*3.65523 ];
     [ mvs17o*2.77617 ];
     [ mvs18o*3.26895 ];

     mvs1*0.73677 (ev1);
     mvs2*0.78151 (ev2);
     mvs3*0.64253 (ev3);
     mvs7*0.77293 (ev7);
     mvs8*0.63159 (ev8);
     mvs9*0.58577 (ev9);
     mvs13*0.50499 (ev13);
     mvs14*0.27906 (ev14);
     mvs15*0.91092 (ev15);
     mvs4o*0.64295 (ev4);
     mvs5o*0.72799 (ev5);
     mvs6o*0.56288 (ev6);
     mvs10o*0.54801 (ev10);
     mvs11o*0.80528 (ev11);
     mvs12o*0.52529 (ev12);
     mvs16o*0.70773 (ev16);
     mvs17o*0.67123 (ev17);
     mvs18o*0.43718 (ev18);
     suc@1;
     cen@1;
     hap@1;
     m1@1;
     m2@1;



MODEL MODIFICATION INDICES

NOTE:  Modification indices for direct effects of observed dependent variables
regressed on covariates may not be included.  To include these, request
MODINDICES (ALL).

Minimum M.I. value for printing the modification index     3.840

                                   M.I.     E.P.C.  Std E.P.C.  StdYX E.P.C.

BY Statements

SUC      BY MVS7                  16.266    -0.452     -0.452       -0.460
SUC      BY MVS9                   5.227     0.294      0.294        0.289
SUC      BY MVS16O                 5.505     0.207      0.207        0.222
CEN      BY MVS6O                  4.945    -0.256     -0.256       -0.265
CEN      BY MVS16O                 6.796     0.192      0.192        0.206
CEN      BY MVS18O                 8.916    -0.281     -0.281       -0.300
HAP      BY MVS2                   4.652     0.194      0.194        0.187
HAP      BY MVS3                   4.419    -0.201     -0.201       -0.184
HAP      BY MVS7                   5.256    -0.168     -0.168       -0.172
M1       BY MVS17O                15.508     0.395      0.395        0.384
M2       BY MVS1                   4.530     0.225      0.225        0.217
M2       BY MVS3                   8.347    -0.315     -0.315       -0.288

WITH Statements

MVS2     WITH MVS1                14.676    -0.148     -0.148       -0.195
MVS8     WITH MVS1                 6.119    -0.087     -0.087       -0.128
MVS9     WITH MVS1                 6.497     0.089      0.089        0.135
MVS9     WITH MVS2                 6.452    -0.091     -0.091       -0.135
MVS9     WITH MVS3                 5.884     0.085      0.085        0.139
MVS13    WITH MVS2                 5.200     0.071      0.071        0.113
MVS14    WITH MVS1                 6.357     0.077      0.077        0.169
MVS14    WITH MVS3                11.519    -0.103     -0.103       -0.244
MVS15    WITH MVS8                11.833     0.124      0.124        0.163
MVS5O    WITH MVS14                4.225     0.059      0.059        0.132
MVS6O    WITH MVS2                 6.386     0.087      0.087        0.131
MVS6O    WITH MVS8                 7.423    -0.086     -0.086       -0.144
MVS6O    WITH MVS15                6.764    -0.089     -0.089       -0.125
MVS11O   WITH MVS7                15.297     0.140      0.140        0.178
MVS11O   WITH MVS6O                6.395     0.083      0.083        0.124
MVS11O   WITH MVS10O               4.479    -0.077     -0.077       -0.115
MVS12O   WITH MVS2                 6.639    -0.086     -0.086       -0.134
MVS12O   WITH MVS7                13.244    -0.121     -0.121       -0.190
MVS16O   WITH MVS13                4.474    -0.063     -0.063       -0.105
MVS17O   WITH MVS14                4.937    -0.081     -0.081       -0.187
MVS17O   WITH MVS5O                6.645     0.084      0.084        0.120
MVS18O   WITH MVS15                5.580    -0.091     -0.091       -0.144
MVS18O   WITH MVS16O               6.456     0.108      0.108        0.193
MVS18O   WITH MVS17O              11.491    -0.133     -0.133       -0.246


TECHNICAL 1 OUTPUT


     PARAMETER SPECIFICATION


           NU
              MVS1          MVS2          MVS3          MVS7          MVS8
              ________      ________      ________      ________      ________
                  1             2             3             4             5


           NU
              MVS9          MVS13         MVS14         MVS15         MVS4O
              ________      ________      ________      ________      ________
                  6             7             8             9            10


           NU
              MVS5O         MVS6O         MVS10O        MVS11O        MVS12O
              ________      ________      ________      ________      ________
                 11            12            13            14            15


           NU
              MVS16O        MVS17O        MVS18O
              ________      ________      ________
                 16            17            18


           LAMBDA
              SUC           CEN           HAP           M1            M2
              ________      ________      ________      ________      ________
 MVS1              19             0             0            20             0
 MVS2              21             0             0            22             0
 MVS3              23             0             0            24             0
 MVS7               0            25             0            26             0
 MVS8               0            27             0            28             0
 MVS9               0            29             0            30             0
 MVS13              0             0            31             0            32
 MVS14              0             0            33             0            34
 MVS15              0             0            35             0            36
 MVS4O             37             0             0            38             0
 MVS5O             39             0             0            40             0
 MVS6O             41             0             0            42             0
 MVS10O             0            43             0            44             0
 MVS11O             0            45             0            46             0
 MVS12O             0            47             0            48             0
 MVS16O             0             0            49             0            50
 MVS17O             0             0            51             0            52
 MVS18O             0             0            53             0            54


           THETA
              MVS1          MVS2          MVS3          MVS7          MVS8
              ________      ________      ________      ________      ________
 MVS1              55
 MVS2               0            56
 MVS3               0             0            57
 MVS7               0             0             0            58
 MVS8               0             0             0             0            59
 MVS9               0             0             0             0             0
 MVS13              0             0             0             0             0
 MVS14              0             0             0             0             0
 MVS15              0             0             0             0             0
 MVS4O              0             0             0             0             0
 MVS5O              0             0             0             0             0
 MVS6O              0             0             0             0             0
 MVS10O             0             0             0             0             0
 MVS11O             0             0             0             0             0
 MVS12O             0             0             0             0             0
 MVS16O             0             0             0             0             0
 MVS17O             0             0             0             0             0
 MVS18O             0             0             0             0             0


           THETA
              MVS9          MVS13         MVS14         MVS15         MVS4O
              ________      ________      ________      ________      ________
 MVS9              60
 MVS13              0            61
 MVS14              0             0            62
 MVS15              0             0             0            63
 MVS4O              0             0             0             0            64
 MVS5O              0             0             0             0             0
 MVS6O              0             0             0             0             0
 MVS10O             0             0             0             0             0
 MVS11O             0             0             0             0             0
 MVS12O             0             0             0             0             0
 MVS16O             0             0             0             0             0
 MVS17O             0             0             0             0             0
 MVS18O             0             0             0             0             0


           THETA
              MVS5O         MVS6O         MVS10O        MVS11O        MVS12O
              ________      ________      ________      ________      ________
 MVS5O             65
 MVS6O              0            66
 MVS10O             0             0            67
 MVS11O             0             0             0            68
 MVS12O             0             0             0             0            69
 MVS16O             0             0             0             0             0
 MVS17O             0             0             0             0             0
 MVS18O             0             0             0             0             0


           THETA
              MVS16O        MVS17O        MVS18O
              ________      ________      ________
 MVS16O            70
 MVS17O             0            71
 MVS18O             0             0            72


           ALPHA
              SUC           CEN           HAP           M1            M2
              ________      ________      ________      ________      ________
                  0             0             0             0             0


           BETA
              SUC           CEN           HAP           M1            M2
              ________      ________      ________      ________      ________
 SUC                0             0             0             0             0
 CEN                0             0             0             0             0
 HAP                0             0             0             0             0
 M1                 0             0             0             0             0
 M2                 0             0             0             0             0


           PSI
              SUC           CEN           HAP           M1            M2
              ________      ________      ________      ________      ________
 SUC                0
 CEN               73             0
 HAP               74            75             0
 M1                 0             0             0             0
 M2                 0             0             0            76             0


     STARTING VALUES


           NU
              MVS1          MVS2          MVS3          MVS7          MVS8
              ________      ________      ________      ________      ________
                3.359         2.363         3.087         2.605         3.482


           NU
              MVS9          MVS13         MVS14         MVS15         MVS4O
              ________      ________      ________      ________      ________
                3.300         3.166         3.430         3.348         3.081


           NU
              MVS5O         MVS6O         MVS10O        MVS11O        MVS12O
              ________      ________      ________      ________      ________
                3.287         2.780         2.962         2.430         3.146


           NU
              MVS16O        MVS17O        MVS18O
              ________      ________      ________
                3.655         2.776         3.269


           LAMBDA
              SUC           CEN           HAP           M1            M2
              ________      ________      ________      ________      ________
 MVS1           0.500         0.000         0.000         0.200         0.000
 MVS2           0.500         0.000         0.000         0.200         0.000
 MVS3           0.500         0.000         0.000         0.200         0.000
 MVS7           0.000         0.500         0.000         0.200         0.000
 MVS8           0.000         0.500         0.000         0.200         0.000
 MVS9           0.000         0.500         0.000         0.200         0.000
 MVS13          0.000         0.000         0.500         0.000         0.200
 MVS14          0.000         0.000         0.500         0.000         0.200
 MVS15          0.000         0.000         0.500         0.000         0.200
 MVS4O         -0.500         0.000         0.000         0.200         0.000
 MVS5O         -0.500         0.000         0.000         0.200         0.000
 MVS6O         -0.500         0.000         0.000         0.200         0.000
 MVS10O         0.000        -0.500         0.000         0.200         0.000
 MVS11O         0.000        -0.500         0.000         0.200         0.000
 MVS12O         0.000        -0.500         0.000         0.200         0.000
 MVS16O         0.000         0.000        -0.500         0.000         0.200
 MVS17O         0.000         0.000        -0.500         0.000         0.200
 MVS18O         0.000         0.000        -0.500         0.000         0.200


           THETA
              MVS1          MVS2          MVS3          MVS7          MVS8
              ________      ________      ________      ________      ________
 MVS1           0.541
 MVS2           0.000         0.534
 MVS3           0.000         0.000         0.596
 MVS7           0.000         0.000         0.000         0.482
 MVS8           0.000         0.000         0.000         0.000         0.491
 MVS9           0.000         0.000         0.000         0.000         0.000
 MVS13          0.000         0.000         0.000         0.000         0.000
 MVS14          0.000         0.000         0.000         0.000         0.000
 MVS15          0.000         0.000         0.000         0.000         0.000
 MVS4O          0.000         0.000         0.000         0.000         0.000
 MVS5O          0.000         0.000         0.000         0.000         0.000
 MVS6O          0.000         0.000         0.000         0.000         0.000
 MVS10O         0.000         0.000         0.000         0.000         0.000
 MVS11O         0.000         0.000         0.000         0.000         0.000
 MVS12O         0.000         0.000         0.000         0.000         0.000
 MVS16O         0.000         0.000         0.000         0.000         0.000
 MVS17O         0.000         0.000         0.000         0.000         0.000
 MVS18O         0.000         0.000         0.000         0.000         0.000


           THETA
              MVS9          MVS13         MVS14         MVS15         MVS4O
              ________      ________      ________      ________      ________
 MVS9           0.518
 MVS13          0.000         0.542
 MVS14          0.000         0.000         0.577
 MVS15          0.000         0.000         0.000         0.604
 MVS4O          0.000         0.000         0.000         0.000         0.490
 MVS5O          0.000         0.000         0.000         0.000         0.000
 MVS6O          0.000         0.000         0.000         0.000         0.000
 MVS10O         0.000         0.000         0.000         0.000         0.000
 MVS11O         0.000         0.000         0.000         0.000         0.000
 MVS12O         0.000         0.000         0.000         0.000         0.000
 MVS16O         0.000         0.000         0.000         0.000         0.000
 MVS17O         0.000         0.000         0.000         0.000         0.000
 MVS18O         0.000         0.000         0.000         0.000         0.000


           THETA
              MVS5O         MVS6O         MVS10O        MVS11O        MVS12O
              ________      ________      ________      ________      ________
 MVS5O          0.456
 MVS6O          0.000         0.469
 MVS10O         0.000         0.000         0.469
 MVS11O         0.000         0.000         0.000         0.428
 MVS12O         0.000         0.000         0.000         0.000         0.452
 MVS16O         0.000         0.000         0.000         0.000         0.000
 MVS17O         0.000         0.000         0.000         0.000         0.000
 MVS18O         0.000         0.000         0.000         0.000         0.000


           THETA
              MVS16O        MVS17O        MVS18O
              ________      ________      ________
 MVS16O         0.432
 MVS17O         0.000         0.529
 MVS18O         0.000         0.000         0.439


           ALPHA
              SUC           CEN           HAP           M1            M2
              ________      ________      ________      ________      ________
                0.000         0.000         0.000         0.000         0.000


           BETA
              SUC           CEN           HAP           M1            M2
              ________      ________      ________      ________      ________
 SUC            0.000         0.000         0.000         0.000         0.000
 CEN            0.000         0.000         0.000         0.000         0.000
 HAP            0.000         0.000         0.000         0.000         0.000
 M1             0.000         0.000         0.000         0.000         0.000
 M2             0.000         0.000         0.000         0.000         0.000


           PSI
              SUC           CEN           HAP           M1            M2
              ________      ________      ________      ________      ________
 SUC            1.000
 CEN            0.000         1.000
 HAP            0.000         0.000         1.000
 M1             0.000         0.000         0.000         1.000
 M2             0.000         0.000         0.000         0.000         1.000


DIAGRAM INFORMATION

  Use View Diagram under the Diagram menu in the Mplus Editor to view the diagram.
  If running Mplus from the Mplus Diagrammer, the diagram opens automatically.

  Diagram output
    c:\users\jxb14\dropbox (personal)\consumeropinions\feb18oct18\18items\metric\singlegroup\08-mem3-metric-ml.dgm

     Beginning Time:  17:17:27
        Ending Time:  17:17:27
       Elapsed Time:  00:00:00



MUTHEN & MUTHEN
3463 Stoner Ave.
Los Angeles, CA  90066

Tel: (310) 391-9971
Fax: (310) 391-8971
Web: www.StatModel.com
Support: Support@StatModel.com

Copyright (c) 1998-2018 Muthen & Muthen
