Mplus VERSION 8.2
MUTHEN & MUTHEN
04/01/2019   5:18 PM

INPUT INSTRUCTIONS

  TITLE: 2 implicit ars method factors, unit loadings

  DATA: file = mvs.dat;

  VARIABLE:
    names = idnum satopt ars ars01 im mvs1-mvs18;
    usevar = mvs1 mvs2 mvs3 mvs7 mvs8 mvs9 mvs13 mvs14 mvs15
             mvs4o mvs5o mvs6o mvs10o mvs11o mvs12o mvs16o mvs17o mvs18o;

    missing = all(-99);

  DEFINE:

    mvs4o=6-mvs4;
    mvs5o=6-mvs5;
    mvs6o=6-mvs6;
    mvs10o=6-mvs10;
    mvs11o=6-mvs11;
    mvs12o=6-mvs12;
    mvs16o=6-mvs16;
    mvs17o=6-mvs17;
    mvs18o=6-mvs18;

  ANALYSIS:

    ESTIMATOR=ML;

  MODEL:

    suc BY mvs1*.5 mvs2*.5 mvs3*.5 mvs4o*-.5 mvs5o*-.5 mvs6o*-.5;
    cen BY mvs7*.5 mvs8*.5 mvs9*.5 mvs10o*-.5 mvs11o*-.5 mvs12o*-.5;
    hap BY mvs13*.5 mvs14*.5 mvs15*.5 mvs16o*-.5 mvs17o*-.5 mvs18o*-.5;

    m1 by mvs1@1 mvs2@1 mvs3@1 mvs4o@1 mvs5o@1 mvs6o@1
          mvs7@1 mvs8@1 mvs9@1 mvs10o@1 mvs11o@1 mvs12o@1;
    m2 by mvs13@1 mvs14@1 mvs15@1 mvs16o@1 mvs17o@1 mvs18o@1;

    suc WITH cen;
    suc WITH hap;
    cen WITH hap;

    m1 WITH m2;

    suc with m1@0;
    cen with m1@0;
    hap with m1@0;
    suc with m2@0;
    cen with m2@0;
    hap with m2@0;

    suc with m1@0;
    cen with m1@0;
    hap with m1@0;
    suc with m2@0;
    cen with m2@0;
    hap with m2@0;

    mvs1 (ev1);
    mvs2 (ev2);
    mvs3 (ev3);
    mvs7 (ev7);
    mvs8 (ev8);
    mvs9 (ev9);
    mvs13 (ev13);
    mvs14 (ev14);
    mvs15 (ev15);
    mvs4o (ev4);
    mvs5o (ev5);
    mvs6o (ev6);
    mvs10o (ev10);
    mvs11o (ev11);
    mvs12o (ev12);
    mvs16o (ev16);
    mvs17o (ev17);
    mvs18o (ev18);

    suc@1;
    cen@1;
    hap@1;
    m1*1;
    m2*1;

  OUTPUT: TECH1 MOD (3.84) svalues CINTERVAL standardized;





INPUT READING TERMINATED NORMALLY



2 implicit ars method factors, unit loadings

SUMMARY OF ANALYSIS

Number of groups                                                 1
Number of observations                                         554

Number of dependent variables                                   18
Number of independent variables                                  0
Number of continuous latent variables                            5

Observed dependent variables

  Continuous
   MVS1        MVS2        MVS3        MVS7        MVS8        MVS9
   MVS13       MVS14       MVS15       MVS4O       MVS5O       MVS6O
   MVS10O      MVS11O      MVS12O      MVS16O      MVS17O      MVS18O

Continuous latent variables
   SUC         CEN         HAP         M1          M2


Estimator                                                       ML
Information matrix                                        OBSERVED
Maximum number of iterations                                  1000
Convergence criterion                                    0.500D-04
Maximum number of steepest descent iterations                   20
Maximum number of iterations for H1                           2000
Convergence criterion for H1                             0.100D-03

Input data file(s)
  mvs.dat

Input data format  FREE


SUMMARY OF DATA

     Number of missing data patterns             1


COVARIANCE COVERAGE OF DATA

Minimum covariance coverage value   0.100


     PROPORTION OF DATA PRESENT


           Covariance Coverage
              MVS1          MVS2          MVS3          MVS7          MVS8
              ________      ________      ________      ________      ________
 MVS1           1.000
 MVS2           1.000         1.000
 MVS3           1.000         1.000         1.000
 MVS7           1.000         1.000         1.000         1.000
 MVS8           1.000         1.000         1.000         1.000         1.000
 MVS9           1.000         1.000         1.000         1.000         1.000
 MVS13          1.000         1.000         1.000         1.000         1.000
 MVS14          1.000         1.000         1.000         1.000         1.000
 MVS15          1.000         1.000         1.000         1.000         1.000
 MVS4O          1.000         1.000         1.000         1.000         1.000
 MVS5O          1.000         1.000         1.000         1.000         1.000
 MVS6O          1.000         1.000         1.000         1.000         1.000
 MVS10O         1.000         1.000         1.000         1.000         1.000
 MVS11O         1.000         1.000         1.000         1.000         1.000
 MVS12O         1.000         1.000         1.000         1.000         1.000
 MVS16O         1.000         1.000         1.000         1.000         1.000
 MVS17O         1.000         1.000         1.000         1.000         1.000
 MVS18O         1.000         1.000         1.000         1.000         1.000


           Covariance Coverage
              MVS9          MVS13         MVS14         MVS15         MVS4O
              ________      ________      ________      ________      ________
 MVS9           1.000
 MVS13          1.000         1.000
 MVS14          1.000         1.000         1.000
 MVS15          1.000         1.000         1.000         1.000
 MVS4O          1.000         1.000         1.000         1.000         1.000
 MVS5O          1.000         1.000         1.000         1.000         1.000
 MVS6O          1.000         1.000         1.000         1.000         1.000
 MVS10O         1.000         1.000         1.000         1.000         1.000
 MVS11O         1.000         1.000         1.000         1.000         1.000
 MVS12O         1.000         1.000         1.000         1.000         1.000
 MVS16O         1.000         1.000         1.000         1.000         1.000
 MVS17O         1.000         1.000         1.000         1.000         1.000
 MVS18O         1.000         1.000         1.000         1.000         1.000


           Covariance Coverage
              MVS5O         MVS6O         MVS10O        MVS11O        MVS12O
              ________      ________      ________      ________      ________
 MVS5O          1.000
 MVS6O          1.000         1.000
 MVS10O         1.000         1.000         1.000
 MVS11O         1.000         1.000         1.000         1.000
 MVS12O         1.000         1.000         1.000         1.000         1.000
 MVS16O         1.000         1.000         1.000         1.000         1.000
 MVS17O         1.000         1.000         1.000         1.000         1.000
 MVS18O         1.000         1.000         1.000         1.000         1.000


           Covariance Coverage
              MVS16O        MVS17O        MVS18O
              ________      ________      ________
 MVS16O         1.000
 MVS17O         1.000         1.000
 MVS18O         1.000         1.000         1.000



UNIVARIATE SAMPLE STATISTICS


     UNIVARIATE HIGHER-ORDER MOMENT DESCRIPTIVE STATISTICS

         Variable/         Mean/     Skewness/   Minimum/ % with                Percentiles
        Sample Size      Variance    Kurtosis    Maximum  Min/Max      20%/60%    40%/80%    Median

     MVS1                  3.359      -0.412       1.000    3.97%       2.000      3.000      4.000
             554.000       1.082      -0.647       5.000   10.47%       4.000      4.000
     MVS2                  2.363       0.467       1.000   20.76%       1.000      2.000      2.000
             554.000       1.069      -0.629       5.000    1.62%       2.000      3.000
     MVS3                  3.087      -0.280       1.000    7.94%       2.000      3.000      3.000
             554.000       1.191      -0.959       5.000    5.60%       4.000      4.000
     MVS7                  2.605       0.467       1.000    9.39%       2.000      2.000      2.000
             554.000       0.965      -0.413       5.000    3.25%       3.000      4.000
     MVS8                  3.482      -0.467       1.000    2.17%       2.000      3.000      4.000
             554.000       0.983      -0.535       5.000   12.09%       4.000      4.000
     MVS9                  3.300      -0.214       1.000    3.07%       2.000      3.000      3.000
             554.000       1.037      -0.735       5.000   10.29%       4.000      4.000
     MVS13                 3.166      -0.172       1.000    3.61%       2.000      3.000      3.000
             554.000       1.084      -1.048       5.000    6.68%       4.000      4.000
     MVS14                 3.430      -0.350       1.000    2.89%       2.000      3.000      4.000
             554.000       1.155      -0.845       5.000   14.62%       4.000      4.000
     MVS15                 3.348      -0.362       1.000    4.51%       2.000      3.000      4.000
             554.000       1.209      -0.851       5.000   12.45%       4.000      4.000
     MVS4O                 3.081       0.105       1.000    1.81%       2.000      3.000      3.000
             554.000       0.981      -1.057       5.000    6.14%       3.000      4.000
     MVS5O                 3.287      -0.201       1.000    1.62%       2.000      3.000      3.000
             554.000       0.912      -0.811       5.000    7.40%       4.000      4.000
     MVS6O                 2.780       0.344       1.000    4.33%       2.000      2.000      3.000
             554.000       0.937      -0.916       5.000    2.71%       3.000      4.000
     MVS10O                2.962       0.064       1.000    3.43%       2.000      3.000      3.000
             554.000       0.939      -1.024       5.000    3.25%       3.000      4.000
     MVS11O                2.430       0.652       1.000   10.83%       2.000      2.000      2.000
             554.000       0.855      -0.191       5.000    1.44%       2.000      3.000
     MVS12O                3.146      -0.043       1.000    1.99%       2.000      3.000      3.000
             554.000       0.905      -0.873       5.000    5.60%       4.000      4.000
     MVS16O                3.655      -0.733       1.000    1.81%       3.000      4.000      4.000
             554.000       0.865       0.120       5.000   14.08%       4.000      4.000
     MVS17O                2.776       0.418       1.000    5.78%       2.000      2.000      2.500
             554.000       1.058      -0.772       5.000    5.05%       3.000      4.000
     MVS18O                3.269      -0.203       1.000    1.44%       2.000      3.000      3.000
             554.000       0.879      -0.831       5.000    6.32%       4.000      4.000


THE MODEL ESTIMATION TERMINATED NORMALLY



MODEL FIT INFORMATION

Number of Free Parameters                       60

Loglikelihood

          H0 Value                      -13055.510
          H1 Value                      -12930.493

Information Criteria

          Akaike (AIC)                   26231.021
          Bayesian (BIC)                 26490.050
          Sample-Size Adjusted BIC       26299.583
            (n* = (n + 2) / 24)

Chi-Square Test of Model Fit

          Value                            250.035
          Degrees of Freedom                   129
          P-Value                           0.0000

RMSEA (Root Mean Square Error Of Approximation)

          Estimate                           0.041
          90 Percent C.I.                    0.033  0.049
          Probability RMSEA <= .05           0.973

CFI/TLI

          CFI                                0.947
          TLI                                0.937

Chi-Square Test of Model Fit for the Baseline Model

          Value                           2440.337
          Degrees of Freedom                   153
          P-Value                           0.0000

SRMR (Standardized Root Mean Square Residual)

          Value                              0.040



MODEL RESULTS

                                                    Two-Tailed
                    Estimate       S.E.  Est./S.E.    P-Value

 SUC      BY
    MVS1               0.570      0.046     12.521      0.000
    MVS2               0.495      0.046     10.768      0.000
    MVS3               0.727      0.046     15.795      0.000
    MVS4O             -0.548      0.043    -12.761      0.000
    MVS5O             -0.385      0.043     -8.928      0.000
    MVS6O             -0.569      0.041    -13.732      0.000

 CEN      BY
    MVS7               0.411      0.046      9.024      0.000
    MVS8               0.554      0.044     12.612      0.000
    MVS9               0.655      0.044     14.805      0.000
    MVS10O            -0.524      0.043    -12.247      0.000
    MVS11O            -0.150      0.044     -3.387      0.001
    MVS12O            -0.571      0.042    -13.635      0.000

 HAP      BY
    MVS13              0.751      0.041     18.336      0.000
    MVS14              0.852      0.041     20.894      0.000
    MVS15              0.513      0.048     10.777      0.000
    MVS16O            -0.361      0.042     -8.632      0.000
    MVS17O            -0.653      0.043    -15.263      0.000
    MVS18O            -0.552      0.040    -13.867      0.000

 M1       BY
    MVS1               1.000      0.000    999.000    999.000
    MVS2               1.000      0.000    999.000    999.000
    MVS3               1.000      0.000    999.000    999.000
    MVS4O              1.000      0.000    999.000    999.000
    MVS5O              1.000      0.000    999.000    999.000
    MVS6O              1.000      0.000    999.000    999.000
    MVS7               1.000      0.000    999.000    999.000
    MVS8               1.000      0.000    999.000    999.000
    MVS9               1.000      0.000    999.000    999.000
    MVS10O             1.000      0.000    999.000    999.000
    MVS11O             1.000      0.000    999.000    999.000
    MVS12O             1.000      0.000    999.000    999.000

 M2       BY
    MVS13              1.000      0.000    999.000    999.000
    MVS14              1.000      0.000    999.000    999.000
    MVS15              1.000      0.000    999.000    999.000
    MVS16O             1.000      0.000    999.000    999.000
    MVS17O             1.000      0.000    999.000    999.000
    MVS18O             1.000      0.000    999.000    999.000

 SUC      WITH
    CEN                0.793      0.035     22.526      0.000
    HAP                0.710      0.035     20.394      0.000
    M1                 0.000      0.000    999.000    999.000
    M2                 0.000      0.000    999.000    999.000

 CEN      WITH
    HAP                0.611      0.041     14.970      0.000
    M1                 0.000      0.000    999.000    999.000
    M2                 0.000      0.000    999.000    999.000

 M1       WITH
    M2                 0.034      0.005      6.704      0.000
    HAP                0.000      0.000    999.000    999.000

 HAP      WITH
    M2                 0.000      0.000    999.000    999.000

 Intercepts
    MVS1               3.359      0.044     75.521      0.000
    MVS2               2.363      0.044     53.638      0.000
    MVS3               3.087      0.047     66.262      0.000
    MVS7               2.605      0.042     62.148      0.000
    MVS8               3.482      0.042     82.614      0.000
    MVS9               3.300      0.043     75.971      0.000
    MVS13              3.166      0.044     71.739      0.000
    MVS14              3.430      0.045     75.835      0.000
    MVS15              3.348      0.047     71.893      0.000
    MVS4O              3.081      0.042     73.388      0.000
    MVS5O              3.287      0.041     81.096      0.000
    MVS6O              2.780      0.041     67.769      0.000
    MVS10O             2.962      0.041     72.760      0.000
    MVS11O             2.430      0.039     61.826      0.000
    MVS12O             3.146      0.040     78.220      0.000
    MVS16O             3.655      0.040     91.737      0.000
    MVS17O             2.776      0.044     63.005      0.000
    MVS18O             3.269      0.040     81.887      0.000

 Variances
    SUC                1.000      0.000    999.000    999.000
    CEN                1.000      0.000    999.000    999.000
    HAP                1.000      0.000    999.000    999.000
    M1                 0.042      0.006      7.037      0.000
    M2                 0.039      0.009      4.357      0.000

 Residual Variances
    MVS1               0.730      0.051     14.403      0.000
    MVS2               0.788      0.053     14.984      0.000
    MVS3               0.632      0.050     12.677      0.000
    MVS7               0.762      0.050     15.104      0.000
    MVS8               0.636      0.046     13.853      0.000
    MVS9               0.574      0.046     12.535      0.000
    MVS13              0.476      0.038     12.487      0.000
    MVS14              0.369      0.038      9.830      0.000
    MVS15              0.900      0.058     15.460      0.000
    MVS4O              0.634      0.045     14.065      0.000
    MVS5O              0.721      0.047     15.286      0.000
    MVS6O              0.566      0.042     13.588      0.000
    MVS10O             0.602      0.044     13.708      0.000
    MVS11O             0.792      0.049     16.020      0.000
    MVS12O             0.528      0.042     12.726      0.000
    MVS16O             0.711      0.047     15.115      0.000
    MVS17O             0.611      0.045     13.530      0.000
    MVS18O             0.540      0.040     13.416      0.000


STANDARDIZED MODEL RESULTS


STDYX Standardization

                                                    Two-Tailed
                    Estimate       S.E.  Est./S.E.    P-Value

 SUC      BY
    MVS1               0.544      0.035     15.413      0.000
    MVS2               0.478      0.038     12.580      0.000
    MVS3               0.663      0.030     21.852      0.000
    MVS4O             -0.555      0.035    -15.791      0.000
    MVS5O             -0.403      0.041     -9.922      0.000
    MVS6O             -0.590      0.034    -17.566      0.000

 CEN      BY
    MVS7               0.417      0.041     10.066      0.000
    MVS8               0.558      0.036     15.542      0.000
    MVS9               0.641      0.033     19.637      0.000
    MVS10O            -0.547      0.037    -14.872      0.000
    MVS11O            -0.162      0.047     -3.439      0.001
    MVS12O            -0.603      0.035    -17.273      0.000

 HAP      BY
    MVS13              0.723      0.025     28.600      0.000
    MVS14              0.800      0.022     36.810      0.000
    MVS15              0.468      0.037     12.626      0.000
    MVS16O            -0.385      0.040     -9.519      0.000
    MVS17O            -0.630      0.030    -20.691      0.000
    MVS18O            -0.587      0.033    -17.837      0.000

 M1       BY
    MVS1               0.195      0.015     13.353      0.000
    MVS2               0.197      0.015     13.318      0.000
    MVS3               0.186      0.014     13.217      0.000
    MVS4O              0.206      0.015     13.322      0.000
    MVS5O              0.214      0.016     13.406      0.000
    MVS6O              0.211      0.016     13.273      0.000
    MVS7               0.207      0.015     13.340      0.000
    MVS8               0.205      0.015     13.338      0.000
    MVS9               0.199      0.015     13.281      0.000
    MVS10O             0.213      0.016     13.234      0.000
    MVS11O             0.220      0.017     13.332      0.000
    MVS12O             0.215      0.016     13.280      0.000

 M2       BY
    MVS13              0.189      0.022      8.550      0.000
    MVS14              0.185      0.022      8.465      0.000
    MVS15              0.179      0.021      8.536      0.000
    MVS16O             0.210      0.024      8.565      0.000
    MVS17O             0.189      0.022      8.686      0.000
    MVS18O             0.209      0.024      8.580      0.000

 SUC      WITH
    CEN                0.793      0.035     22.526      0.000
    HAP                0.710      0.035     20.394      0.000
    M1                 0.000      0.000    999.000    999.000
    M2                 0.000      0.000    999.000    999.000

 CEN      WITH
    HAP                0.611      0.041     14.970      0.000
    M1                 0.000      0.000    999.000    999.000
    M2                 0.000      0.000    999.000    999.000

 M1       WITH
    M2                 0.853      0.122      7.000      0.000
    HAP                0.000      0.000    999.000    999.000

 HAP      WITH
    M2                 0.000      0.000    999.000    999.000

 Intercepts
    MVS1               3.209      0.104     30.739      0.000
    MVS2               2.279      0.080     28.540      0.000
    MVS3               2.815      0.094     29.948      0.000
    MVS7               2.640      0.089     29.697      0.000
    MVS8               3.510      0.113     31.199      0.000
    MVS9               3.228      0.105     30.747      0.000
    MVS13              3.048      0.100     30.383      0.000
    MVS14              3.222      0.105     30.676      0.000
    MVS15              3.054      0.100     30.471      0.000
    MVS4O              3.118      0.102     30.639      0.000
    MVS5O              3.445      0.110     31.205      0.000
    MVS6O              2.879      0.095     30.185      0.000
    MVS10O             3.091      0.101     30.659      0.000
    MVS11O             2.627      0.088     29.771      0.000
    MVS12O             3.323      0.107     30.993      0.000
    MVS16O             3.898      0.123     31.585      0.000
    MVS17O             2.677      0.091     29.508      0.000
    MVS18O             3.479      0.112     31.065      0.000

 Variances
    SUC                1.000      0.000    999.000    999.000
    CEN                1.000      0.000    999.000    999.000
    HAP                1.000      0.000    999.000    999.000
    M1                 1.000      0.000    999.000    999.000
    M2                 1.000      0.000    999.000    999.000

 Residual Variances
    MVS1               0.666      0.038     17.539      0.000
    MVS2               0.733      0.036     20.414      0.000
    MVS3               0.526      0.040     13.253      0.000
    MVS7               0.783      0.034     22.745      0.000
    MVS8               0.646      0.040     16.331      0.000
    MVS9               0.550      0.041     13.325      0.000
    MVS13              0.441      0.036     12.409      0.000
    MVS14              0.325      0.035      9.399      0.000
    MVS15              0.749      0.034     21.826      0.000
    MVS4O              0.650      0.039     16.841      0.000
    MVS5O              0.792      0.033     24.248      0.000
    MVS6O              0.608      0.039     15.500      0.000
    MVS10O             0.656      0.040     16.406      0.000
    MVS11O             0.925      0.017     55.840      0.000
    MVS12O             0.590      0.042     14.097      0.000
    MVS16O             0.808      0.033     24.610      0.000
    MVS17O             0.568      0.038     14.760      0.000
    MVS18O             0.611      0.040     15.294      0.000


STDY Standardization

                                                    Two-Tailed
                    Estimate       S.E.  Est./S.E.    P-Value

 SUC      BY
    MVS1               0.544      0.035     15.413      0.000
    MVS2               0.478      0.038     12.580      0.000
    MVS3               0.663      0.030     21.852      0.000
    MVS4O             -0.555      0.035    -15.791      0.000
    MVS5O             -0.403      0.041     -9.922      0.000
    MVS6O             -0.590      0.034    -17.566      0.000

 CEN      BY
    MVS7               0.417      0.041     10.066      0.000
    MVS8               0.558      0.036     15.542      0.000
    MVS9               0.641      0.033     19.637      0.000
    MVS10O            -0.547      0.037    -14.872      0.000
    MVS11O            -0.162      0.047     -3.439      0.001
    MVS12O            -0.603      0.035    -17.273      0.000

 HAP      BY
    MVS13              0.723      0.025     28.600      0.000
    MVS14              0.800      0.022     36.810      0.000
    MVS15              0.468      0.037     12.626      0.000
    MVS16O            -0.385      0.040     -9.519      0.000
    MVS17O            -0.630      0.030    -20.691      0.000
    MVS18O            -0.587      0.033    -17.837      0.000

 M1       BY
    MVS1               0.195      0.015     13.353      0.000
    MVS2               0.197      0.015     13.318      0.000
    MVS3               0.186      0.014     13.217      0.000
    MVS4O              0.206      0.015     13.322      0.000
    MVS5O              0.214      0.016     13.406      0.000
    MVS6O              0.211      0.016     13.273      0.000
    MVS7               0.207      0.015     13.340      0.000
    MVS8               0.205      0.015     13.338      0.000
    MVS9               0.199      0.015     13.281      0.000
    MVS10O             0.213      0.016     13.234      0.000
    MVS11O             0.220      0.017     13.332      0.000
    MVS12O             0.215      0.016     13.280      0.000

 M2       BY
    MVS13              0.189      0.022      8.550      0.000
    MVS14              0.185      0.022      8.465      0.000
    MVS15              0.179      0.021      8.536      0.000
    MVS16O             0.210      0.024      8.565      0.000
    MVS17O             0.189      0.022      8.686      0.000
    MVS18O             0.209      0.024      8.580      0.000

 SUC      WITH
    CEN                0.793      0.035     22.526      0.000
    HAP                0.710      0.035     20.394      0.000
    M1                 0.000      0.000    999.000    999.000
    M2                 0.000      0.000    999.000    999.000

 CEN      WITH
    HAP                0.611      0.041     14.970      0.000
    M1                 0.000      0.000    999.000    999.000
    M2                 0.000      0.000    999.000    999.000

 M1       WITH
    M2                 0.853      0.122      7.000      0.000
    HAP                0.000      0.000    999.000    999.000

 HAP      WITH
    M2                 0.000      0.000    999.000    999.000

 Intercepts
    MVS1               3.209      0.104     30.739      0.000
    MVS2               2.279      0.080     28.540      0.000
    MVS3               2.815      0.094     29.948      0.000
    MVS7               2.640      0.089     29.697      0.000
    MVS8               3.510      0.113     31.199      0.000
    MVS9               3.228      0.105     30.747      0.000
    MVS13              3.048      0.100     30.383      0.000
    MVS14              3.222      0.105     30.676      0.000
    MVS15              3.054      0.100     30.471      0.000
    MVS4O              3.118      0.102     30.639      0.000
    MVS5O              3.445      0.110     31.205      0.000
    MVS6O              2.879      0.095     30.185      0.000
    MVS10O             3.091      0.101     30.659      0.000
    MVS11O             2.627      0.088     29.771      0.000
    MVS12O             3.323      0.107     30.993      0.000
    MVS16O             3.898      0.123     31.585      0.000
    MVS17O             2.677      0.091     29.508      0.000
    MVS18O             3.479      0.112     31.065      0.000

 Variances
    SUC                1.000      0.000    999.000    999.000
    CEN                1.000      0.000    999.000    999.000
    HAP                1.000      0.000    999.000    999.000
    M1                 1.000      0.000    999.000    999.000
    M2                 1.000      0.000    999.000    999.000

 Residual Variances
    MVS1               0.666      0.038     17.539      0.000
    MVS2               0.733      0.036     20.414      0.000
    MVS3               0.526      0.040     13.253      0.000
    MVS7               0.783      0.034     22.745      0.000
    MVS8               0.646      0.040     16.331      0.000
    MVS9               0.550      0.041     13.325      0.000
    MVS13              0.441      0.036     12.409      0.000
    MVS14              0.325      0.035      9.399      0.000
    MVS15              0.749      0.034     21.826      0.000
    MVS4O              0.650      0.039     16.841      0.000
    MVS5O              0.792      0.033     24.248      0.000
    MVS6O              0.608      0.039     15.500      0.000
    MVS10O             0.656      0.040     16.406      0.000
    MVS11O             0.925      0.017     55.840      0.000
    MVS12O             0.590      0.042     14.097      0.000
    MVS16O             0.808      0.033     24.610      0.000
    MVS17O             0.568      0.038     14.760      0.000
    MVS18O             0.611      0.040     15.294      0.000


STD Standardization

                                                    Two-Tailed
                    Estimate       S.E.  Est./S.E.    P-Value

 SUC      BY
    MVS1               0.570      0.046     12.521      0.000
    MVS2               0.495      0.046     10.768      0.000
    MVS3               0.727      0.046     15.795      0.000
    MVS4O             -0.548      0.043    -12.761      0.000
    MVS5O             -0.385      0.043     -8.928      0.000
    MVS6O             -0.569      0.041    -13.732      0.000

 CEN      BY
    MVS7               0.411      0.046      9.024      0.000
    MVS8               0.554      0.044     12.612      0.000
    MVS9               0.655      0.044     14.805      0.000
    MVS10O            -0.524      0.043    -12.247      0.000
    MVS11O            -0.150      0.044     -3.387      0.001
    MVS12O            -0.571      0.042    -13.635      0.000

 HAP      BY
    MVS13              0.751      0.041     18.336      0.000
    MVS14              0.852      0.041     20.894      0.000
    MVS15              0.513      0.048     10.777      0.000
    MVS16O            -0.361      0.042     -8.632      0.000
    MVS17O            -0.653      0.043    -15.263      0.000
    MVS18O            -0.552      0.040    -13.867      0.000

 M1       BY
    MVS1               0.204      0.014     14.074      0.000
    MVS2               0.204      0.014     14.074      0.000
    MVS3               0.204      0.014     14.074      0.000
    MVS4O              0.204      0.014     14.074      0.000
    MVS5O              0.204      0.014     14.074      0.000
    MVS6O              0.204      0.014     14.074      0.000
    MVS7               0.204      0.014     14.074      0.000
    MVS8               0.204      0.014     14.074      0.000
    MVS9               0.204      0.014     14.074      0.000
    MVS10O             0.204      0.014     14.074      0.000
    MVS11O             0.204      0.014     14.074      0.000
    MVS12O             0.204      0.014     14.074      0.000

 M2       BY
    MVS13              0.197      0.023      8.715      0.000
    MVS14              0.197      0.023      8.715      0.000
    MVS15              0.197      0.023      8.715      0.000
    MVS16O             0.197      0.023      8.715      0.000
    MVS17O             0.197      0.023      8.715      0.000
    MVS18O             0.197      0.023      8.715      0.000

 SUC      WITH
    CEN                0.793      0.035     22.526      0.000
    HAP                0.710      0.035     20.394      0.000
    M1                 0.000      0.000    999.000    999.000
    M2                 0.000      0.000    999.000    999.000

 CEN      WITH
    HAP                0.611      0.041     14.970      0.000
    M1                 0.000      0.000    999.000    999.000
    M2                 0.000      0.000    999.000    999.000

 M1       WITH
    M2                 0.853      0.122      7.000      0.000
    HAP                0.000      0.000    999.000    999.000

 HAP      WITH
    M2                 0.000      0.000    999.000    999.000

 Intercepts
    MVS1               3.359      0.044     75.521      0.000
    MVS2               2.363      0.044     53.638      0.000
    MVS3               3.087      0.047     66.262      0.000
    MVS7               2.605      0.042     62.148      0.000
    MVS8               3.482      0.042     82.614      0.000
    MVS9               3.300      0.043     75.971      0.000
    MVS13              3.166      0.044     71.739      0.000
    MVS14              3.430      0.045     75.835      0.000
    MVS15              3.348      0.047     71.893      0.000
    MVS4O              3.081      0.042     73.388      0.000
    MVS5O              3.287      0.041     81.096      0.000
    MVS6O              2.780      0.041     67.769      0.000
    MVS10O             2.962      0.041     72.760      0.000
    MVS11O             2.430      0.039     61.826      0.000
    MVS12O             3.146      0.040     78.220      0.000
    MVS16O             3.655      0.040     91.737      0.000
    MVS17O             2.776      0.044     63.005      0.000
    MVS18O             3.269      0.040     81.887      0.000

 Variances
    SUC                1.000      0.000    999.000    999.000
    CEN                1.000      0.000    999.000    999.000
    HAP                1.000      0.000    999.000    999.000
    M1                 1.000      0.000    999.000    999.000
    M2                 1.000      0.000    999.000    999.000

 Residual Variances
    MVS1               0.730      0.051     14.403      0.000
    MVS2               0.788      0.053     14.984      0.000
    MVS3               0.632      0.050     12.677      0.000
    MVS7               0.762      0.050     15.104      0.000
    MVS8               0.636      0.046     13.853      0.000
    MVS9               0.574      0.046     12.535      0.000
    MVS13              0.476      0.038     12.487      0.000
    MVS14              0.369      0.038      9.830      0.000
    MVS15              0.900      0.058     15.460      0.000
    MVS4O              0.634      0.045     14.065      0.000
    MVS5O              0.721      0.047     15.286      0.000
    MVS6O              0.566      0.042     13.588      0.000
    MVS10O             0.602      0.044     13.708      0.000
    MVS11O             0.792      0.049     16.020      0.000
    MVS12O             0.528      0.042     12.726      0.000
    MVS16O             0.711      0.047     15.115      0.000
    MVS17O             0.611      0.045     13.530      0.000
    MVS18O             0.540      0.040     13.416      0.000


R-SQUARE

    Observed                                        Two-Tailed
    Variable        Estimate       S.E.  Est./S.E.    P-Value

    MVS1               0.334      0.038      8.809      0.000
    MVS2               0.267      0.036      7.435      0.000
    MVS3               0.474      0.040     11.940      0.000
    MVS7               0.217      0.034      6.291      0.000
    MVS8               0.354      0.040      8.942      0.000
    MVS9               0.450      0.041     10.917      0.000
    MVS13              0.559      0.036     15.720      0.000
    MVS14              0.675      0.035     19.492      0.000
    MVS15              0.251      0.034      7.303      0.000
    MVS4O              0.350      0.039      9.085      0.000
    MVS5O              0.208      0.033      6.373      0.000
    MVS6O              0.392      0.039     10.009      0.000
    MVS10O             0.344      0.040      8.610      0.000
    MVS11O             0.075      0.017      4.509      0.000
    MVS12O             0.410      0.042      9.813      0.000
    MVS16O             0.192      0.033      5.852      0.000
    MVS17O             0.432      0.038     11.245      0.000
    MVS18O             0.389      0.040      9.723      0.000


QUALITY OF NUMERICAL RESULTS

     Condition Number for the Information Matrix              0.273E-02
       (ratio of smallest to largest eigenvalue)


CONFIDENCE INTERVALS OF MODEL RESULTS

                  Lower .5%  Lower 2.5%    Lower 5%    Estimate    Upper 5%  Upper 2.5%   Upper .5%

 SUC      BY
    MVS1             0.453       0.481       0.495       0.570       0.645       0.659       0.687
    MVS2             0.377       0.405       0.420       0.495       0.571       0.586       0.614
    MVS3             0.608       0.637       0.651       0.727       0.802       0.817       0.845
    MVS4O           -0.659      -0.633      -0.619      -0.548      -0.478      -0.464      -0.438
    MVS5O           -0.496      -0.469      -0.455      -0.385      -0.314      -0.300      -0.274
    MVS6O           -0.676      -0.651      -0.638      -0.569      -0.501      -0.488      -0.463

 CEN      BY
    MVS7             0.294       0.322       0.336       0.411       0.486       0.501       0.529
    MVS8             0.441       0.468       0.482       0.554       0.626       0.640       0.667
    MVS9             0.541       0.568       0.582       0.655       0.728       0.742       0.769
    MVS10O          -0.634      -0.608      -0.594      -0.524      -0.454      -0.440      -0.414
    MVS11O          -0.263      -0.236      -0.222      -0.150      -0.077      -0.063      -0.036
    MVS12O          -0.679      -0.653      -0.640      -0.571      -0.502      -0.489      -0.463

 HAP      BY
    MVS13            0.646       0.671       0.684       0.751       0.819       0.832       0.857
    MVS14            0.747       0.772       0.785       0.852       0.919       0.932       0.957
    MVS15            0.390       0.419       0.434       0.513       0.591       0.606       0.635
    MVS16O          -0.469      -0.443      -0.430      -0.361      -0.292      -0.279      -0.253
    MVS17O          -0.763      -0.737      -0.723      -0.653      -0.583      -0.569      -0.543
    MVS18O          -0.654      -0.630      -0.617      -0.552      -0.486      -0.474      -0.449

 M1       BY
    MVS1             1.000       1.000       1.000       1.000       1.000       1.000       1.000
    MVS2             1.000       1.000       1.000       1.000       1.000       1.000       1.000
    MVS3             1.000       1.000       1.000       1.000       1.000       1.000       1.000
    MVS4O            1.000       1.000       1.000       1.000       1.000       1.000       1.000
    MVS5O            1.000       1.000       1.000       1.000       1.000       1.000       1.000
    MVS6O            1.000       1.000       1.000       1.000       1.000       1.000       1.000
    MVS7             1.000       1.000       1.000       1.000       1.000       1.000       1.000
    MVS8             1.000       1.000       1.000       1.000       1.000       1.000       1.000
    MVS9             1.000       1.000       1.000       1.000       1.000       1.000       1.000
    MVS10O           1.000       1.000       1.000       1.000       1.000       1.000       1.000
    MVS11O           1.000       1.000       1.000       1.000       1.000       1.000       1.000
    MVS12O           1.000       1.000       1.000       1.000       1.000       1.000       1.000

 M2       BY
    MVS13            1.000       1.000       1.000       1.000       1.000       1.000       1.000
    MVS14            1.000       1.000       1.000       1.000       1.000       1.000       1.000
    MVS15            1.000       1.000       1.000       1.000       1.000       1.000       1.000
    MVS16O           1.000       1.000       1.000       1.000       1.000       1.000       1.000
    MVS17O           1.000       1.000       1.000       1.000       1.000       1.000       1.000
    MVS18O           1.000       1.000       1.000       1.000       1.000       1.000       1.000

 SUC      WITH
    CEN              0.702       0.724       0.735       0.793       0.850       0.861       0.883
    HAP              0.620       0.642       0.653       0.710       0.767       0.778       0.800
    M1               0.000       0.000       0.000       0.000       0.000       0.000       0.000
    M2               0.000       0.000       0.000       0.000       0.000       0.000       0.000

 CEN      WITH
    HAP              0.506       0.531       0.544       0.611       0.678       0.691       0.716
    M1               0.000       0.000       0.000       0.000       0.000       0.000       0.000
    M2               0.000       0.000       0.000       0.000       0.000       0.000       0.000

 M1       WITH
    M2               0.021       0.024       0.026       0.034       0.043       0.044       0.047
    HAP              0.000       0.000       0.000       0.000       0.000       0.000       0.000

 HAP      WITH
    M2               0.000       0.000       0.000       0.000       0.000       0.000       0.000

 Intercepts
    MVS1             3.245       3.272       3.286       3.359       3.432       3.446       3.474
    MVS2             2.249       2.276       2.290       2.363       2.435       2.449       2.476
    MVS3             2.967       2.995       3.010       3.087       3.163       3.178       3.207
    MVS7             2.497       2.523       2.536       2.605       2.674       2.687       2.713
    MVS8             3.373       3.399       3.413       3.482       3.551       3.565       3.591
    MVS9             3.188       3.215       3.228       3.300       3.371       3.385       3.412
    MVS13            3.052       3.080       3.093       3.166       3.239       3.253       3.280
    MVS14            3.313       3.341       3.355       3.430       3.504       3.518       3.546
    MVS15            3.228       3.257       3.272       3.348       3.425       3.440       3.468
    MVS4O            2.973       2.999       3.012       3.081       3.150       3.164       3.189
    MVS5O            3.183       3.208       3.220       3.287       3.354       3.366       3.391
    MVS6O            2.674       2.699       2.712       2.780       2.847       2.860       2.885
    MVS10O           2.857       2.882       2.895       2.962       3.029       3.042       3.067
    MVS11O           2.328       2.353       2.365       2.430       2.494       2.507       2.531
    MVS12O           3.043       3.067       3.080       3.146       3.212       3.225       3.250
    MVS16O           3.553       3.577       3.590       3.655       3.721       3.733       3.758
    MVS17O           2.663       2.690       2.704       2.776       2.849       2.863       2.890
    MVS18O           3.166       3.191       3.203       3.269       3.335       3.347       3.372

 Variances
    SUC              1.000       1.000       1.000       1.000       1.000       1.000       1.000
    CEN              1.000       1.000       1.000       1.000       1.000       1.000       1.000
    HAP              1.000       1.000       1.000       1.000       1.000       1.000       1.000
    M1               0.026       0.030       0.032       0.042       0.051       0.053       0.057
    M2               0.016       0.021       0.024       0.039       0.053       0.056       0.061

 Residual Variances
    MVS1             0.599       0.630       0.646       0.730       0.813       0.829       0.860
    MVS2             0.653       0.685       0.702       0.788       0.875       0.891       0.923
    MVS3             0.504       0.535       0.550       0.632       0.714       0.730       0.761
    MVS7             0.632       0.663       0.679       0.762       0.845       0.861       0.892
    MVS8             0.518       0.546       0.560       0.636       0.711       0.726       0.754
    MVS9             0.456       0.485       0.499       0.574       0.650       0.664       0.692
    MVS13            0.378       0.401       0.413       0.476       0.539       0.551       0.574
    MVS14            0.272       0.295       0.307       0.369       0.430       0.442       0.465
    MVS15            0.750       0.786       0.805       0.900       0.996       1.015       1.050
    MVS4O            0.518       0.546       0.560       0.634       0.709       0.723       0.751
    MVS5O            0.599       0.628       0.643       0.721       0.798       0.813       0.842
    MVS6O            0.459       0.485       0.498       0.566       0.635       0.648       0.674
    MVS10O           0.489       0.516       0.530       0.602       0.674       0.688       0.715
    MVS11O           0.664       0.695       0.710       0.792       0.873       0.888       0.919
    MVS12O           0.421       0.447       0.460       0.528       0.597       0.610       0.635
    MVS16O           0.589       0.618       0.633       0.711       0.788       0.803       0.832
    MVS17O           0.494       0.522       0.536       0.611       0.685       0.699       0.727
    MVS18O           0.436       0.461       0.474       0.540       0.606       0.619       0.643


CONFIDENCE INTERVALS OF STANDARDIZED MODEL RESULTS


STDYX Standardization

                  Lower .5%  Lower 2.5%    Lower 5%    Estimate    Upper 5%  Upper 2.5%   Upper .5%

 SUC      BY
    MVS1             0.453       0.475       0.486       0.544       0.603       0.614       0.635
    MVS2             0.380       0.403       0.415       0.478       0.540       0.552       0.576
    MVS3             0.585       0.603       0.613       0.663       0.713       0.722       0.741
    MVS4O           -0.645      -0.624      -0.613      -0.555      -0.497      -0.486      -0.464
    MVS5O           -0.508      -0.483      -0.470      -0.403      -0.336      -0.323      -0.298
    MVS6O           -0.676      -0.656      -0.645      -0.590      -0.535      -0.524      -0.503

 CEN      BY
    MVS7             0.310       0.336       0.349       0.417       0.485       0.498       0.524
    MVS8             0.466       0.488       0.499       0.558       0.617       0.629       0.651
    MVS9             0.557       0.577       0.587       0.641       0.694       0.705       0.725
    MVS10O          -0.641      -0.619      -0.607      -0.547      -0.486      -0.475      -0.452
    MVS11O          -0.283      -0.254      -0.239      -0.162      -0.084      -0.070      -0.041
    MVS12O          -0.693      -0.672      -0.661      -0.603      -0.546      -0.535      -0.513

 HAP      BY
    MVS13            0.658       0.674       0.682       0.723       0.765       0.773       0.788
    MVS14            0.744       0.758       0.765       0.800       0.836       0.843       0.856
    MVS15            0.372       0.395       0.407       0.468       0.528       0.540       0.563
    MVS16O          -0.489      -0.464      -0.451      -0.385      -0.318      -0.306      -0.281
    MVS17O          -0.708      -0.689      -0.680      -0.630      -0.580      -0.570      -0.551
    MVS18O          -0.672      -0.652      -0.641      -0.587      -0.533      -0.523      -0.502

 M1       BY
    MVS1             0.157       0.166       0.171       0.195       0.219       0.223       0.232
    MVS2             0.159       0.168       0.172       0.197       0.221       0.225       0.235
    MVS3             0.150       0.158       0.163       0.186       0.209       0.213       0.222
    MVS4O            0.166       0.176       0.181       0.206       0.232       0.237       0.246
    MVS5O            0.173       0.182       0.187       0.214       0.240       0.245       0.255
    MVS6O            0.170       0.180       0.185       0.211       0.237       0.242       0.252
    MVS7             0.167       0.176       0.181       0.207       0.232       0.237       0.246
    MVS8             0.166       0.175       0.180       0.205       0.231       0.236       0.245
    MVS9             0.161       0.170       0.175       0.199       0.224       0.229       0.238
    MVS10O           0.171       0.181       0.186       0.213       0.239       0.244       0.254
    MVS11O           0.178       0.188       0.193       0.220       0.248       0.253       0.263
    MVS12O           0.174       0.183       0.189       0.215       0.242       0.247       0.257

 M2       BY
    MVS13            0.132       0.146       0.153       0.189       0.226       0.233       0.246
    MVS14            0.128       0.142       0.149       0.185       0.220       0.227       0.241
    MVS15            0.125       0.138       0.145       0.179       0.214       0.220       0.233
    MVS16O           0.147       0.162       0.169       0.210       0.250       0.257       0.273
    MVS17O           0.133       0.147       0.154       0.189       0.225       0.232       0.246
    MVS18O           0.146       0.161       0.169       0.209       0.249       0.257       0.272

 SUC      WITH
    CEN              0.702       0.724       0.735       0.793       0.850       0.861       0.883
    HAP              0.620       0.642       0.653       0.710       0.767       0.778       0.800
    M1               0.000       0.000       0.000       0.000       0.000       0.000       0.000
    M2               0.000       0.000       0.000       0.000       0.000       0.000       0.000

 CEN      WITH
    HAP              0.506       0.531       0.544       0.611       0.678       0.691       0.716
    M1               0.000       0.000       0.000       0.000       0.000       0.000       0.000
    M2               0.000       0.000       0.000       0.000       0.000       0.000       0.000

 M1       WITH
    M2               0.539       0.614       0.652       0.853       1.053       1.091       1.166
    HAP              0.000       0.000       0.000       0.000       0.000       0.000       0.000

 HAP      WITH
    M2               0.000       0.000       0.000       0.000       0.000       0.000       0.000

 Intercepts
    MVS1             2.940       3.004       3.037       3.209       3.380       3.413       3.477
    MVS2             2.073       2.122       2.148       2.279       2.410       2.435       2.485
    MVS3             2.573       2.631       2.661       2.815       2.970       2.999       3.057
    MVS7             2.411       2.466       2.494       2.640       2.787       2.815       2.869
    MVS8             3.220       3.289       3.325       3.510       3.695       3.730       3.800
    MVS9             2.957       3.022       3.055       3.228       3.400       3.433       3.498
    MVS13            2.790       2.851       2.883       3.048       3.213       3.245       3.306
    MVS14            2.951       3.016       3.049       3.222       3.395       3.428       3.492
    MVS15            2.796       2.858       2.890       3.054       3.219       3.251       3.313
    MVS4O            2.856       2.919       2.951       3.118       3.285       3.317       3.380
    MVS5O            3.161       3.229       3.264       3.445       3.627       3.662       3.730
    MVS6O            2.634       2.692       2.722       2.879       3.036       3.066       3.125
    MVS10O           2.832       2.894       2.925       3.091       3.257       3.289       3.351
    MVS11O           2.399       2.454       2.482       2.627       2.772       2.800       2.854
    MVS12O           3.047       3.113       3.147       3.323       3.500       3.533       3.599
    MVS16O           3.580       3.656       3.695       3.898       4.101       4.139       4.215
    MVS17O           2.443       2.499       2.528       2.677       2.826       2.855       2.910
    MVS18O           3.191       3.260       3.295       3.479       3.663       3.699       3.768

 Variances
    SUC              1.000       1.000       1.000       1.000       1.000       1.000       1.000
    CEN              1.000       1.000       1.000       1.000       1.000       1.000       1.000
    HAP              1.000       1.000       1.000       1.000       1.000       1.000       1.000
    M1               1.000       1.000       1.000       1.000       1.000       1.000       1.000
    M2               1.000       1.000       1.000       1.000       1.000       1.000       1.000

 Residual Variances
    MVS1             0.568       0.591       0.603       0.666       0.728       0.740       0.763
    MVS2             0.641       0.663       0.674       0.733       0.792       0.803       0.826
    MVS3             0.424       0.448       0.461       0.526       0.591       0.604       0.628
    MVS7             0.695       0.716       0.727       0.783       0.840       0.851       0.872
    MVS8             0.544       0.569       0.581       0.646       0.711       0.724       0.748
    MVS9             0.443       0.469       0.482       0.550       0.618       0.631       0.656
    MVS13            0.350       0.371       0.383       0.441       0.500       0.511       0.533
    MVS14            0.236       0.257       0.268       0.325       0.382       0.393       0.414
    MVS15            0.661       0.682       0.693       0.749       0.806       0.817       0.838
    MVS4O            0.550       0.574       0.586       0.650       0.713       0.725       0.749
    MVS5O            0.708       0.728       0.738       0.792       0.846       0.856       0.876
    MVS6O            0.507       0.531       0.543       0.608       0.672       0.684       0.709
    MVS10O           0.553       0.577       0.590       0.656       0.722       0.734       0.759
    MVS11O           0.883       0.893       0.898       0.925       0.953       0.958       0.968
    MVS12O           0.482       0.508       0.521       0.590       0.658       0.672       0.697
    MVS16O           0.723       0.744       0.754       0.808       0.862       0.872       0.892
    MVS17O           0.469       0.492       0.504       0.568       0.631       0.643       0.667
    MVS18O           0.508       0.533       0.546       0.611       0.677       0.690       0.714


STDY Standardization

                  Lower .5%  Lower 2.5%    Lower 5%    Estimate    Upper 5%  Upper 2.5%   Upper .5%

 SUC      BY
    MVS1             0.453       0.475       0.486       0.544       0.603       0.614       0.635
    MVS2             0.380       0.403       0.415       0.478       0.540       0.552       0.576
    MVS3             0.585       0.603       0.613       0.663       0.713       0.722       0.741
    MVS4O           -0.645      -0.624      -0.613      -0.555      -0.497      -0.486      -0.464
    MVS5O           -0.508      -0.483      -0.470      -0.403      -0.336      -0.323      -0.298
    MVS6O           -0.676      -0.656      -0.645      -0.590      -0.535      -0.524      -0.503

 CEN      BY
    MVS7             0.310       0.336       0.349       0.417       0.485       0.498       0.524
    MVS8             0.466       0.488       0.499       0.558       0.617       0.629       0.651
    MVS9             0.557       0.577       0.587       0.641       0.694       0.705       0.725
    MVS10O          -0.641      -0.619      -0.607      -0.547      -0.486      -0.475      -0.452
    MVS11O          -0.283      -0.254      -0.239      -0.162      -0.084      -0.070      -0.041
    MVS12O          -0.693      -0.672      -0.661      -0.603      -0.546      -0.535      -0.513

 HAP      BY
    MVS13            0.658       0.674       0.682       0.723       0.765       0.773       0.788
    MVS14            0.744       0.758       0.765       0.800       0.836       0.843       0.856
    MVS15            0.372       0.395       0.407       0.468       0.528       0.540       0.563
    MVS16O          -0.489      -0.464      -0.451      -0.385      -0.318      -0.306      -0.281
    MVS17O          -0.708      -0.689      -0.680      -0.630      -0.580      -0.570      -0.551
    MVS18O          -0.672      -0.652      -0.641      -0.587      -0.533      -0.523      -0.502

 M1       BY
    MVS1             0.157       0.166       0.171       0.195       0.219       0.223       0.232
    MVS2             0.159       0.168       0.172       0.197       0.221       0.225       0.235
    MVS3             0.150       0.158       0.163       0.186       0.209       0.213       0.222
    MVS4O            0.166       0.176       0.181       0.206       0.232       0.237       0.246
    MVS5O            0.173       0.182       0.187       0.214       0.240       0.245       0.255
    MVS6O            0.170       0.180       0.185       0.211       0.237       0.242       0.252
    MVS7             0.167       0.176       0.181       0.207       0.232       0.237       0.246
    MVS8             0.166       0.175       0.180       0.205       0.231       0.236       0.245
    MVS9             0.161       0.170       0.175       0.199       0.224       0.229       0.238
    MVS10O           0.171       0.181       0.186       0.213       0.239       0.244       0.254
    MVS11O           0.178       0.188       0.193       0.220       0.248       0.253       0.263
    MVS12O           0.174       0.183       0.189       0.215       0.242       0.247       0.257

 M2       BY
    MVS13            0.132       0.146       0.153       0.189       0.226       0.233       0.246
    MVS14            0.128       0.142       0.149       0.185       0.220       0.227       0.241
    MVS15            0.125       0.138       0.145       0.179       0.214       0.220       0.233
    MVS16O           0.147       0.162       0.169       0.210       0.250       0.257       0.273
    MVS17O           0.133       0.147       0.154       0.189       0.225       0.232       0.246
    MVS18O           0.146       0.161       0.169       0.209       0.249       0.257       0.272

 SUC      WITH
    CEN              0.702       0.724       0.735       0.793       0.850       0.861       0.883
    HAP              0.620       0.642       0.653       0.710       0.767       0.778       0.800
    M1               0.000       0.000       0.000       0.000       0.000       0.000       0.000
    M2               0.000       0.000       0.000       0.000       0.000       0.000       0.000

 CEN      WITH
    HAP              0.506       0.531       0.544       0.611       0.678       0.691       0.716
    M1               0.000       0.000       0.000       0.000       0.000       0.000       0.000
    M2               0.000       0.000       0.000       0.000       0.000       0.000       0.000

 M1       WITH
    M2               0.539       0.614       0.652       0.853       1.053       1.091       1.166
    HAP              0.000       0.000       0.000       0.000       0.000       0.000       0.000

 HAP      WITH
    M2               0.000       0.000       0.000       0.000       0.000       0.000       0.000

 Intercepts
    MVS1             2.940       3.004       3.037       3.209       3.380       3.413       3.477
    MVS2             2.073       2.122       2.148       2.279       2.410       2.435       2.485
    MVS3             2.573       2.631       2.661       2.815       2.970       2.999       3.057
    MVS7             2.411       2.466       2.494       2.640       2.787       2.815       2.869
    MVS8             3.220       3.289       3.325       3.510       3.695       3.730       3.800
    MVS9             2.957       3.022       3.055       3.228       3.400       3.433       3.498
    MVS13            2.790       2.851       2.883       3.048       3.213       3.245       3.306
    MVS14            2.951       3.016       3.049       3.222       3.395       3.428       3.492
    MVS15            2.796       2.858       2.890       3.054       3.219       3.251       3.313
    MVS4O            2.856       2.919       2.951       3.118       3.285       3.317       3.380
    MVS5O            3.161       3.229       3.264       3.445       3.627       3.662       3.730
    MVS6O            2.634       2.692       2.722       2.879       3.036       3.066       3.125
    MVS10O           2.832       2.894       2.925       3.091       3.257       3.289       3.351
    MVS11O           2.399       2.454       2.482       2.627       2.772       2.800       2.854
    MVS12O           3.047       3.113       3.147       3.323       3.500       3.533       3.599
    MVS16O           3.580       3.656       3.695       3.898       4.101       4.139       4.215
    MVS17O           2.443       2.499       2.528       2.677       2.826       2.855       2.910
    MVS18O           3.191       3.260       3.295       3.479       3.663       3.699       3.768

 Variances
    SUC              1.000       1.000       1.000       1.000       1.000       1.000       1.000
    CEN              1.000       1.000       1.000       1.000       1.000       1.000       1.000
    HAP              1.000       1.000       1.000       1.000       1.000       1.000       1.000
    M1               1.000       1.000       1.000       1.000       1.000       1.000       1.000
    M2               1.000       1.000       1.000       1.000       1.000       1.000       1.000

 Residual Variances
    MVS1             0.568       0.591       0.603       0.666       0.728       0.740       0.763
    MVS2             0.641       0.663       0.674       0.733       0.792       0.803       0.826
    MVS3             0.424       0.448       0.461       0.526       0.591       0.604       0.628
    MVS7             0.695       0.716       0.727       0.783       0.840       0.851       0.872
    MVS8             0.544       0.569       0.581       0.646       0.711       0.724       0.748
    MVS9             0.443       0.469       0.482       0.550       0.618       0.631       0.656
    MVS13            0.350       0.371       0.383       0.441       0.500       0.511       0.533
    MVS14            0.236       0.257       0.268       0.325       0.382       0.393       0.414
    MVS15            0.661       0.682       0.693       0.749       0.806       0.817       0.838
    MVS4O            0.550       0.574       0.586       0.650       0.713       0.725       0.749
    MVS5O            0.708       0.728       0.738       0.792       0.846       0.856       0.876
    MVS6O            0.507       0.531       0.543       0.608       0.672       0.684       0.709
    MVS10O           0.553       0.577       0.590       0.656       0.722       0.734       0.759
    MVS11O           0.883       0.893       0.898       0.925       0.953       0.958       0.968
    MVS12O           0.482       0.508       0.521       0.590       0.658       0.672       0.697
    MVS16O           0.723       0.744       0.754       0.808       0.862       0.872       0.892
    MVS17O           0.469       0.492       0.504       0.568       0.631       0.643       0.667
    MVS18O           0.508       0.533       0.546       0.611       0.677       0.690       0.714


STD Standardization

                  Lower .5%  Lower 2.5%    Lower 5%    Estimate    Upper 5%  Upper 2.5%   Upper .5%

 SUC      BY
    MVS1             0.453       0.481       0.495       0.570       0.645       0.659       0.687
    MVS2             0.377       0.405       0.420       0.495       0.571       0.586       0.614
    MVS3             0.608       0.637       0.651       0.727       0.802       0.817       0.845
    MVS4O           -0.659      -0.633      -0.619      -0.548      -0.478      -0.464      -0.438
    MVS5O           -0.496      -0.469      -0.455      -0.385      -0.314      -0.300      -0.274
    MVS6O           -0.676      -0.651      -0.638      -0.569      -0.501      -0.488      -0.463

 CEN      BY
    MVS7             0.294       0.322       0.336       0.411       0.486       0.501       0.529
    MVS8             0.441       0.468       0.482       0.554       0.626       0.640       0.667
    MVS9             0.541       0.568       0.582       0.655       0.728       0.742       0.769
    MVS10O          -0.634      -0.608      -0.594      -0.524      -0.454      -0.440      -0.414
    MVS11O          -0.263      -0.236      -0.222      -0.150      -0.077      -0.063      -0.036
    MVS12O          -0.679      -0.653      -0.640      -0.571      -0.502      -0.489      -0.463

 HAP      BY
    MVS13            0.646       0.671       0.684       0.751       0.819       0.832       0.857
    MVS14            0.747       0.772       0.785       0.852       0.919       0.932       0.957
    MVS15            0.390       0.419       0.434       0.513       0.591       0.606       0.635
    MVS16O          -0.469      -0.443      -0.430      -0.361      -0.292      -0.279      -0.253
    MVS17O          -0.763      -0.737      -0.723      -0.653      -0.583      -0.569      -0.543
    MVS18O          -0.654      -0.630      -0.617      -0.552      -0.486      -0.474      -0.449

 M1       BY
    MVS1             0.167       0.175       0.180       0.204       0.228       0.232       0.241
    MVS2             0.167       0.175       0.180       0.204       0.228       0.232       0.241
    MVS3             0.167       0.175       0.180       0.204       0.228       0.232       0.241
    MVS4O            0.167       0.175       0.180       0.204       0.228       0.232       0.241
    MVS5O            0.167       0.175       0.180       0.204       0.228       0.232       0.241
    MVS6O            0.167       0.175       0.180       0.204       0.228       0.232       0.241
    MVS7             0.167       0.175       0.180       0.204       0.228       0.232       0.241
    MVS8             0.167       0.175       0.180       0.204       0.228       0.232       0.241
    MVS9             0.167       0.175       0.180       0.204       0.228       0.232       0.241
    MVS10O           0.167       0.175       0.180       0.204       0.228       0.232       0.241
    MVS11O           0.167       0.175       0.180       0.204       0.228       0.232       0.241
    MVS12O           0.167       0.175       0.180       0.204       0.228       0.232       0.241

 M2       BY
    MVS13            0.138       0.152       0.159       0.197       0.234       0.241       0.255
    MVS14            0.138       0.152       0.159       0.197       0.234       0.241       0.255
    MVS15            0.138       0.152       0.159       0.197       0.234       0.241       0.255
    MVS16O           0.138       0.152       0.159       0.197       0.234       0.241       0.255
    MVS17O           0.138       0.152       0.159       0.197       0.234       0.241       0.255
    MVS18O           0.138       0.152       0.159       0.197       0.234       0.241       0.255

 SUC      WITH
    CEN              0.702       0.724       0.735       0.793       0.850       0.861       0.883
    HAP              0.620       0.642       0.653       0.710       0.767       0.778       0.800
    M1               0.000       0.000       0.000       0.000       0.000       0.000       0.000
    M2               0.000       0.000       0.000       0.000       0.000       0.000       0.000

 CEN      WITH
    HAP              0.506       0.531       0.544       0.611       0.678       0.691       0.716
    M1               0.000       0.000       0.000       0.000       0.000       0.000       0.000
    M2               0.000       0.000       0.000       0.000       0.000       0.000       0.000

 M1       WITH
    M2               0.539       0.614       0.652       0.853       1.053       1.091       1.166
    HAP              0.000       0.000       0.000       0.000       0.000       0.000       0.000

 HAP      WITH
    M2               0.000       0.000       0.000       0.000       0.000       0.000       0.000

 Intercepts
    MVS1             3.245       3.272       3.286       3.359       3.432       3.446       3.474
    MVS2             2.249       2.276       2.290       2.363       2.435       2.449       2.476
    MVS3             2.967       2.995       3.010       3.087       3.163       3.178       3.207
    MVS7             2.497       2.523       2.536       2.605       2.674       2.687       2.713
    MVS8             3.373       3.399       3.413       3.482       3.551       3.565       3.591
    MVS9             3.188       3.215       3.228       3.300       3.371       3.385       3.412
    MVS13            3.052       3.080       3.093       3.166       3.239       3.253       3.280
    MVS14            3.313       3.341       3.355       3.430       3.504       3.518       3.546
    MVS15            3.228       3.257       3.272       3.348       3.425       3.440       3.468
    MVS4O            2.973       2.999       3.012       3.081       3.150       3.164       3.189
    MVS5O            3.183       3.208       3.220       3.287       3.354       3.366       3.391
    MVS6O            2.674       2.699       2.712       2.780       2.847       2.860       2.885
    MVS10O           2.857       2.882       2.895       2.962       3.029       3.042       3.067
    MVS11O           2.328       2.353       2.365       2.430       2.494       2.507       2.531
    MVS12O           3.043       3.067       3.080       3.146       3.212       3.225       3.250
    MVS16O           3.553       3.577       3.590       3.655       3.721       3.733       3.758
    MVS17O           2.663       2.690       2.704       2.776       2.849       2.863       2.890
    MVS18O           3.166       3.191       3.203       3.269       3.335       3.347       3.372

 Variances
    SUC              1.000       1.000       1.000       1.000       1.000       1.000       1.000
    CEN              1.000       1.000       1.000       1.000       1.000       1.000       1.000
    HAP              1.000       1.000       1.000       1.000       1.000       1.000       1.000
    M1               1.000       1.000       1.000       1.000       1.000       1.000       1.000
    M2               1.000       1.000       1.000       1.000       1.000       1.000       1.000

 Residual Variances
    MVS1             0.599       0.630       0.646       0.730       0.813       0.829       0.860
    MVS2             0.653       0.685       0.702       0.788       0.875       0.891       0.923
    MVS3             0.504       0.535       0.550       0.632       0.714       0.730       0.761
    MVS7             0.632       0.663       0.679       0.762       0.845       0.861       0.892
    MVS8             0.518       0.546       0.560       0.636       0.711       0.726       0.754
    MVS9             0.456       0.485       0.499       0.574       0.650       0.664       0.692
    MVS13            0.378       0.401       0.413       0.476       0.539       0.551       0.574
    MVS14            0.272       0.295       0.307       0.369       0.430       0.442       0.465
    MVS15            0.750       0.786       0.805       0.900       0.996       1.015       1.050
    MVS4O            0.518       0.546       0.560       0.634       0.709       0.723       0.751
    MVS5O            0.599       0.628       0.643       0.721       0.798       0.813       0.842
    MVS6O            0.459       0.485       0.498       0.566       0.635       0.648       0.674
    MVS10O           0.489       0.516       0.530       0.602       0.674       0.688       0.715
    MVS11O           0.664       0.695       0.710       0.792       0.873       0.888       0.919
    MVS12O           0.421       0.447       0.460       0.528       0.597       0.610       0.635
    MVS16O           0.589       0.618       0.633       0.711       0.788       0.803       0.832
    MVS17O           0.494       0.522       0.536       0.611       0.685       0.699       0.727
    MVS18O           0.436       0.461       0.474       0.540       0.606       0.619       0.643


MODEL COMMAND WITH FINAL ESTIMATES USED AS STARTING VALUES

     suc BY mvs1*0.57003;
     suc BY mvs2*0.49546;
     suc BY mvs3*0.72678;
     suc BY mvs4o*-0.54833;
     suc BY mvs5o*-0.38457;
     suc BY mvs6o*-0.56939;
     cen BY mvs7*0.41147;
     cen BY mvs8*0.55376;
     cen BY mvs9*0.65505;
     cen BY mvs10o*-0.52391;
     cen BY mvs11o*-0.14963;
     cen BY mvs12o*-0.57125;
     hap BY mvs13*0.75128;
     hap BY mvs14*0.85197;
     hap BY mvs15*0.51251;
     hap BY mvs16o*-0.36103;
     hap BY mvs17o*-0.65306;
     hap BY mvs18o*-0.55184;
     m1 BY mvs1@1;
     m1 BY mvs2@1;
     m1 BY mvs3@1;
     m1 BY mvs4o@1;
     m1 BY mvs5o@1;
     m1 BY mvs6o@1;
     m1 BY mvs7@1;
     m1 BY mvs8@1;
     m1 BY mvs9@1;
     m1 BY mvs10o@1;
     m1 BY mvs11o@1;
     m1 BY mvs12o@1;
     m2 BY mvs13@1;
     m2 BY mvs14@1;
     m2 BY mvs15@1;
     m2 BY mvs16o@1;
     m2 BY mvs17o@1;
     m2 BY mvs18o@1;

     suc WITH cen*0.79250;
     suc WITH hap*0.71017;
     suc WITH m1@0;
     suc WITH m2@0;
     cen WITH hap*0.61102;
     cen WITH m1@0;
     cen WITH m2@0;
     m1 WITH m2*0.03415;
     m1 WITH hap@0;
     hap WITH m2@0;

     [ mvs1*3.35921 ];
     [ mvs2*2.36282 ];
     [ mvs3*3.08664 ];
     [ mvs7*2.60469 ];
     [ mvs8*3.48195 ];
     [ mvs9*3.29964 ];
     [ mvs13*3.16606 ];
     [ mvs14*3.42960 ];
     [ mvs15*3.34838 ];
     [ mvs4o*3.08123 ];
     [ mvs5o*3.28700 ];
     [ mvs6o*2.77978 ];
     [ mvs10o*2.96209 ];
     [ mvs11o*2.42960 ];
     [ mvs12o*3.14621 ];
     [ mvs16o*3.65523 ];
     [ mvs17o*2.77617 ];
     [ mvs18o*3.26895 ];

     mvs1*0.72962 (ev1);
     mvs2*0.78801 (ev2);
     mvs3*0.63239 (ev3);
     mvs7*0.76227 (ev7);
     mvs8*0.63592 (ev8);
     mvs9*0.57444 (ev9);
     mvs13*0.47600 (ev13);
     mvs14*0.36863 (ev14);
     mvs15*0.90046 (ev15);
     mvs4o*0.63437 (ev4);
     mvs5o*0.72071 (ev5);
     mvs6o*0.56638 (ev6);
     mvs10o*0.60215 (ev10);
     mvs11o*0.79162 (ev11);
     mvs12o*0.52844 (ev12);
     mvs16o*0.71057 (ev16);
     mvs17o*0.61051 (ev17);
     mvs18o*0.53974 (ev18);
     suc@1;
     cen@1;
     hap@1;
     m1*0.04153;
     m2*0.03861;



MODEL MODIFICATION INDICES

NOTE:  Modification indices for direct effects of observed dependent variables
regressed on covariates may not be included.  To include these, request
MODINDICES (ALL).

Minimum M.I. value for printing the modification index     3.840

                                   M.I.     E.P.C.  Std E.P.C.  StdYX E.P.C.

BY Statements

SUC      BY MVS7                  12.511    -0.376     -0.376       -0.381
SUC      BY MVS9                   6.308     0.294      0.294        0.288
SUC      BY MVS14                  5.283    -0.167     -0.167       -0.157
SUC      BY MVS18O                15.327    -0.264     -0.264       -0.281
CEN      BY MVS6O                  5.831    -0.248     -0.248       -0.256
CEN      BY MVS18O                24.041    -0.283     -0.283       -0.301
HAP      BY MVS2                   7.719     0.215      0.215        0.208
HAP      BY MVS8                   4.899     0.139      0.139        0.140
M1       BY MVS14                  5.467     0.585      0.119        0.112
M1       BY MVS10O                 3.874     0.535      0.109        0.114
M2       BY MVS14                  6.441     0.727      0.143        0.134
M2       BY MVS10O                 4.552     0.615      0.121        0.126

ON/BY Statements

HAP      ON M1       /
M1       BY HAP                    9.288     0.857      0.175        0.175
HAP      ON M2       /
M2       BY HAP                   10.302     1.037      0.204        0.204
M1       ON HAP      /
HAP      BY M1                     4.371     0.046      0.227        0.227
M2       ON SUC      /
SUC      BY M2                     3.891    -0.060     -0.304       -0.304

WITH Statements

MVS2     WITH MVS1                14.334    -0.142     -0.142       -0.187
MVS8     WITH MVS1                 5.940    -0.082     -0.082       -0.120
MVS9     WITH MVS1                 5.131     0.076      0.076        0.117
MVS9     WITH MVS2                 5.830    -0.082     -0.082       -0.122
MVS9     WITH MVS3                 4.050     0.067      0.067        0.111
MVS13    WITH MVS1                 4.516    -0.064     -0.064       -0.109
MVS13    WITH MVS2                 4.279     0.064      0.064        0.104
MVS14    WITH MVS1                 5.642     0.070      0.070        0.134
MVS14    WITH MVS3                10.006    -0.092     -0.092       -0.190
MVS15    WITH MVS8                10.712     0.117      0.117        0.155
MVS15    WITH MVS13                4.956    -0.078     -0.078       -0.119
MVS5O    WITH MVS14                5.072     0.063      0.063        0.123
MVS6O    WITH MVS2                 6.848     0.088      0.088        0.131
MVS6O    WITH MVS8                 6.003    -0.074     -0.074       -0.123
MVS6O    WITH MVS15                7.996    -0.096     -0.096       -0.135
MVS11O   WITH MVS7                13.358     0.129      0.129        0.166
MVS11O   WITH MVS6O                4.632     0.068      0.068        0.102
MVS12O   WITH MVS2                 4.892    -0.071     -0.071       -0.110
MVS12O   WITH MVS7                13.611    -0.120     -0.120       -0.189
MVS16O   WITH MVS14                3.841     0.059      0.059        0.115
MVS17O   WITH MVS14                7.586    -0.090     -0.090       -0.189
MVS18O   WITH MVS10O               5.909     0.069      0.069        0.122
MVS18O   WITH MVS16O              10.133     0.103      0.103        0.166
MVS18O   WITH MVS17O              13.747    -0.134     -0.134       -0.234
M1       WITH HAP                  4.529     0.025      0.123        0.123
M2       WITH HAP                  3.882     0.040      0.203        0.203


TECHNICAL 1 OUTPUT


     PARAMETER SPECIFICATION


           NU
              MVS1          MVS2          MVS3          MVS7          MVS8
              ________      ________      ________      ________      ________
                  1             2             3             4             5


           NU
              MVS9          MVS13         MVS14         MVS15         MVS4O
              ________      ________      ________      ________      ________
                  6             7             8             9            10


           NU
              MVS5O         MVS6O         MVS10O        MVS11O        MVS12O
              ________      ________      ________      ________      ________
                 11            12            13            14            15


           NU
              MVS16O        MVS17O        MVS18O
              ________      ________      ________
                 16            17            18


           LAMBDA
              SUC           CEN           HAP           M1            M2
              ________      ________      ________      ________      ________
 MVS1              19             0             0             0             0
 MVS2              20             0             0             0             0
 MVS3              21             0             0             0             0
 MVS7               0            22             0             0             0
 MVS8               0            23             0             0             0
 MVS9               0            24             0             0             0
 MVS13              0             0            25             0             0
 MVS14              0             0            26             0             0
 MVS15              0             0            27             0             0
 MVS4O             28             0             0             0             0
 MVS5O             29             0             0             0             0
 MVS6O             30             0             0             0             0
 MVS10O             0            31             0             0             0
 MVS11O             0            32             0             0             0
 MVS12O             0            33             0             0             0
 MVS16O             0             0            34             0             0
 MVS17O             0             0            35             0             0
 MVS18O             0             0            36             0             0


           THETA
              MVS1          MVS2          MVS3          MVS7          MVS8
              ________      ________      ________      ________      ________
 MVS1              37
 MVS2               0            38
 MVS3               0             0            39
 MVS7               0             0             0            40
 MVS8               0             0             0             0            41
 MVS9               0             0             0             0             0
 MVS13              0             0             0             0             0
 MVS14              0             0             0             0             0
 MVS15              0             0             0             0             0
 MVS4O              0             0             0             0             0
 MVS5O              0             0             0             0             0
 MVS6O              0             0             0             0             0
 MVS10O             0             0             0             0             0
 MVS11O             0             0             0             0             0
 MVS12O             0             0             0             0             0
 MVS16O             0             0             0             0             0
 MVS17O             0             0             0             0             0
 MVS18O             0             0             0             0             0


           THETA
              MVS9          MVS13         MVS14         MVS15         MVS4O
              ________      ________      ________      ________      ________
 MVS9              42
 MVS13              0            43
 MVS14              0             0            44
 MVS15              0             0             0            45
 MVS4O              0             0             0             0            46
 MVS5O              0             0             0             0             0
 MVS6O              0             0             0             0             0
 MVS10O             0             0             0             0             0
 MVS11O             0             0             0             0             0
 MVS12O             0             0             0             0             0
 MVS16O             0             0             0             0             0
 MVS17O             0             0             0             0             0
 MVS18O             0             0             0             0             0


           THETA
              MVS5O         MVS6O         MVS10O        MVS11O        MVS12O
              ________      ________      ________      ________      ________
 MVS5O             47
 MVS6O              0            48
 MVS10O             0             0            49
 MVS11O             0             0             0            50
 MVS12O             0             0             0             0            51
 MVS16O             0             0             0             0             0
 MVS17O             0             0             0             0             0
 MVS18O             0             0             0             0             0


           THETA
              MVS16O        MVS17O        MVS18O
              ________      ________      ________
 MVS16O            52
 MVS17O             0            53
 MVS18O             0             0            54


           ALPHA
              SUC           CEN           HAP           M1            M2
              ________      ________      ________      ________      ________
                  0             0             0             0             0


           BETA
              SUC           CEN           HAP           M1            M2
              ________      ________      ________      ________      ________
 SUC                0             0             0             0             0
 CEN                0             0             0             0             0
 HAP                0             0             0             0             0
 M1                 0             0             0             0             0
 M2                 0             0             0             0             0


           PSI
              SUC           CEN           HAP           M1            M2
              ________      ________      ________      ________      ________
 SUC                0
 CEN               55             0
 HAP               56            57             0
 M1                 0             0             0            58
 M2                 0             0             0            59            60


     STARTING VALUES


           NU
              MVS1          MVS2          MVS3          MVS7          MVS8
              ________      ________      ________      ________      ________
                3.359         2.363         3.087         2.605         3.482


           NU
              MVS9          MVS13         MVS14         MVS15         MVS4O
              ________      ________      ________      ________      ________
                3.300         3.166         3.430         3.348         3.081


           NU
              MVS5O         MVS6O         MVS10O        MVS11O        MVS12O
              ________      ________      ________      ________      ________
                3.287         2.780         2.962         2.430         3.146


           NU
              MVS16O        MVS17O        MVS18O
              ________      ________      ________
                3.655         2.776         3.269


           LAMBDA
              SUC           CEN           HAP           M1            M2
              ________      ________      ________      ________      ________
 MVS1           0.500         0.000         0.000         1.000         0.000
 MVS2           0.500         0.000         0.000         1.000         0.000
 MVS3           0.500         0.000         0.000         1.000         0.000
 MVS7           0.000         0.500         0.000         1.000         0.000
 MVS8           0.000         0.500         0.000         1.000         0.000
 MVS9           0.000         0.500         0.000         1.000         0.000
 MVS13          0.000         0.000         0.500         0.000         1.000
 MVS14          0.000         0.000         0.500         0.000         1.000
 MVS15          0.000         0.000         0.500         0.000         1.000
 MVS4O         -0.500         0.000         0.000         1.000         0.000
 MVS5O         -0.500         0.000         0.000         1.000         0.000
 MVS6O         -0.500         0.000         0.000         1.000         0.000
 MVS10O         0.000        -0.500         0.000         1.000         0.000
 MVS11O         0.000        -0.500         0.000         1.000         0.000
 MVS12O         0.000        -0.500         0.000         1.000         0.000
 MVS16O         0.000         0.000        -0.500         0.000         1.000
 MVS17O         0.000         0.000        -0.500         0.000         1.000
 MVS18O         0.000         0.000        -0.500         0.000         1.000


           THETA
              MVS1          MVS2          MVS3          MVS7          MVS8
              ________      ________      ________      ________      ________
 MVS1           0.541
 MVS2           0.000         0.534
 MVS3           0.000         0.000         0.596
 MVS7           0.000         0.000         0.000         0.482
 MVS8           0.000         0.000         0.000         0.000         0.491
 MVS9           0.000         0.000         0.000         0.000         0.000
 MVS13          0.000         0.000         0.000         0.000         0.000
 MVS14          0.000         0.000         0.000         0.000         0.000
 MVS15          0.000         0.000         0.000         0.000         0.000
 MVS4O          0.000         0.000         0.000         0.000         0.000
 MVS5O          0.000         0.000         0.000         0.000         0.000
 MVS6O          0.000         0.000         0.000         0.000         0.000
 MVS10O         0.000         0.000         0.000         0.000         0.000
 MVS11O         0.000         0.000         0.000         0.000         0.000
 MVS12O         0.000         0.000         0.000         0.000         0.000
 MVS16O         0.000         0.000         0.000         0.000         0.000
 MVS17O         0.000         0.000         0.000         0.000         0.000
 MVS18O         0.000         0.000         0.000         0.000         0.000


           THETA
              MVS9          MVS13         MVS14         MVS15         MVS4O
              ________      ________      ________      ________      ________
 MVS9           0.518
 MVS13          0.000         0.542
 MVS14          0.000         0.000         0.577
 MVS15          0.000         0.000         0.000         0.604
 MVS4O          0.000         0.000         0.000         0.000         0.490
 MVS5O          0.000         0.000         0.000         0.000         0.000
 MVS6O          0.000         0.000         0.000         0.000         0.000
 MVS10O         0.000         0.000         0.000         0.000         0.000
 MVS11O         0.000         0.000         0.000         0.000         0.000
 MVS12O         0.000         0.000         0.000         0.000         0.000
 MVS16O         0.000         0.000         0.000         0.000         0.000
 MVS17O         0.000         0.000         0.000         0.000         0.000
 MVS18O         0.000         0.000         0.000         0.000         0.000


           THETA
              MVS5O         MVS6O         MVS10O        MVS11O        MVS12O
              ________      ________      ________      ________      ________
 MVS5O          0.456
 MVS6O          0.000         0.469
 MVS10O         0.000         0.000         0.469
 MVS11O         0.000         0.000         0.000         0.428
 MVS12O         0.000         0.000         0.000         0.000         0.452
 MVS16O         0.000         0.000         0.000         0.000         0.000
 MVS17O         0.000         0.000         0.000         0.000         0.000
 MVS18O         0.000         0.000         0.000         0.000         0.000


           THETA
              MVS16O        MVS17O        MVS18O
              ________      ________      ________
 MVS16O         0.432
 MVS17O         0.000         0.529
 MVS18O         0.000         0.000         0.439


           ALPHA
              SUC           CEN           HAP           M1            M2
              ________      ________      ________      ________      ________
                0.000         0.000         0.000         0.000         0.000


           BETA
              SUC           CEN           HAP           M1            M2
              ________      ________      ________      ________      ________
 SUC            0.000         0.000         0.000         0.000         0.000
 CEN            0.000         0.000         0.000         0.000         0.000
 HAP            0.000         0.000         0.000         0.000         0.000
 M1             0.000         0.000         0.000         0.000         0.000
 M2             0.000         0.000         0.000         0.000         0.000


           PSI
              SUC           CEN           HAP           M1            M2
              ________      ________      ________      ________      ________
 SUC            1.000
 CEN            0.000         1.000
 HAP            0.000         0.000         1.000
 M1             0.000         0.000         0.000         1.000
 M2             0.000         0.000         0.000         0.000         1.000


DIAGRAM INFORMATION

  Use View Diagram under the Diagram menu in the Mplus Editor to view the diagram.
  If running Mplus from the Mplus Diagrammer, the diagram opens automatically.

  Diagram output
    c:\users\jxb14\dropbox (personal)\consumeropinions\feb18oct18\18items\metric\singlegroup\08-mem3(unit)-metric-ml.dgm

     Beginning Time:  17:18:17
        Ending Time:  17:18:17
       Elapsed Time:  00:00:00



MUTHEN & MUTHEN
3463 Stoner Ave.
Los Angeles, CA  90066

Tel: (310) 391-9971
Fax: (310) 391-8971
Web: www.StatModel.com
Support: Support@StatModel.com

Copyright (c) 1998-2018 Muthen & Muthen
