Mplus VERSION 8.2
MUTHEN & MUTHEN
12/13/2018   6:07 PM

INPUT INSTRUCTIONS

  TITLE: cfa with metric data (18 items)
         correlated uniquenesses for regular items

  DATA: file = mvs.dat;

  VARIABLE:
    names = idnum satopt ars ars01 im mvs1-mvs18;
    usevar = mvs1 mvs2 mvs3 mvs7 mvs8 mvs9 mvs13 mvs14 mvs15
             mvs4o mvs5o mvs6o mvs10o mvs11o mvs12o mvs16o mvs17o mvs18o;

    missing = all(-99);

  DEFINE:

    mvs4o=6-mvs4;
    mvs5o=6-mvs5;
    mvs6o=6-mvs6;
    mvs10o=6-mvs10;
    mvs11o=6-mvs11;
    mvs12o=6-mvs12;
    mvs16o=6-mvs16;
    mvs17o=6-mvs17;
    mvs18o=6-mvs18;

  ANALYSIS:

    ESTIMATOR=ML;

  MODEL:

    SUC BY mvs1*1 (l1)
           mvs2 (l2)
           mvs3 (l3)
           mvs4o (l4)
           mvs5o (l5)
           mvs6o (l6);
    CEN BY mvs7*1 (l7)
           mvs8 (l8)
           mvs9 (l9)
           mvs10o (l10)
           mvs11o (l11)
           mvs12o (l12);
    HAP BY mvs13*1 (l13)
           mvs14 (l14)
           mvs15 (l15)
           mvs16o (l16)
           mvs17o (l17)
           mvs18o (l18);

    SUC@1;
    CEN@1;
    HAP@1;

    SUC WITH CEN;
    SUC WITH HAP;
    CEN WITH HAP;

    mvs1 (ev1);
    mvs2 (ev2);
    mvs3 (ev3);
    mvs4o (ev4);
    mvs5o (ev5);
    mvs6o (ev6);
    mvs7 (ev7);
    mvs8 (ev8);
    mvs9 (ev9);
    mvs10o (ev10);
    mvs11o (ev11);
    mvs12o (ev12);
    mvs13 (ev13);
    mvs14 (ev14);
    mvs15 (ev15);
    mvs16o (ev16);
    mvs17o (ev17);
    mvs18o (ev18);

    mvs1 WITH mvs2 mvs3 mvs7 mvs8 mvs9 mvs13 mvs14 mvs15;
    mvs2 WITH mvs3 mvs7 mvs8 mvs9 mvs13 mvs14 mvs15;
    mvs3 WITH mvs7 mvs8 mvs9 mvs13 mvs14 mvs15;

    mvs7 WITH mvs8 mvs9 mvs13 mvs14 mvs15;
    mvs8 WITH mvs9 mvs13 mvs14 mvs15;
    mvs9 WITH mvs13 mvs14 mvs15;

    mvs13 WITH mvs14 mvs15;
    mvs14 WITH mvs15;

  MODEL CONSTRAINT:

    l4<0;
    l10<0;
    l16<0;

  OUTPUT: TECH1 MOD (3.84) svalues CINTERVAL standardized;





*** WARNING in OUTPUT command
  MODINDICES option is not available in conjunction with nonlinear constraints
  through the use of MODEL CONSTRAINT.  Request for MODINDICES is ignored.
   1 WARNING(S) FOUND IN THE INPUT INSTRUCTIONS



cfa with metric data (18 items)
correlated uniquenesses for regular items

SUMMARY OF ANALYSIS

Number of groups                                                 1
Number of observations                                         554

Number of dependent variables                                   18
Number of independent variables                                  0
Number of continuous latent variables                            3

Observed dependent variables

  Continuous
   MVS1        MVS2        MVS3        MVS7        MVS8        MVS9
   MVS13       MVS14       MVS15       MVS4O       MVS5O       MVS6O
   MVS10O      MVS11O      MVS12O      MVS16O      MVS17O      MVS18O

Continuous latent variables
   SUC         CEN         HAP


Estimator                                                       ML
Information matrix                                        OBSERVED
Maximum number of iterations                                  1000
Convergence criterion                                    0.500D-04
Maximum number of steepest descent iterations                   20
Maximum number of iterations for H1                           2000
Convergence criterion for H1                             0.100D-03

Input data file(s)
  mvs.dat

Input data format  FREE


SUMMARY OF DATA

     Number of missing data patterns             1


COVARIANCE COVERAGE OF DATA

Minimum covariance coverage value   0.100


     PROPORTION OF DATA PRESENT


           Covariance Coverage
              MVS1          MVS2          MVS3          MVS7          MVS8
              ________      ________      ________      ________      ________
 MVS1           1.000
 MVS2           1.000         1.000
 MVS3           1.000         1.000         1.000
 MVS7           1.000         1.000         1.000         1.000
 MVS8           1.000         1.000         1.000         1.000         1.000
 MVS9           1.000         1.000         1.000         1.000         1.000
 MVS13          1.000         1.000         1.000         1.000         1.000
 MVS14          1.000         1.000         1.000         1.000         1.000
 MVS15          1.000         1.000         1.000         1.000         1.000
 MVS4O          1.000         1.000         1.000         1.000         1.000
 MVS5O          1.000         1.000         1.000         1.000         1.000
 MVS6O          1.000         1.000         1.000         1.000         1.000
 MVS10O         1.000         1.000         1.000         1.000         1.000
 MVS11O         1.000         1.000         1.000         1.000         1.000
 MVS12O         1.000         1.000         1.000         1.000         1.000
 MVS16O         1.000         1.000         1.000         1.000         1.000
 MVS17O         1.000         1.000         1.000         1.000         1.000
 MVS18O         1.000         1.000         1.000         1.000         1.000


           Covariance Coverage
              MVS9          MVS13         MVS14         MVS15         MVS4O
              ________      ________      ________      ________      ________
 MVS9           1.000
 MVS13          1.000         1.000
 MVS14          1.000         1.000         1.000
 MVS15          1.000         1.000         1.000         1.000
 MVS4O          1.000         1.000         1.000         1.000         1.000
 MVS5O          1.000         1.000         1.000         1.000         1.000
 MVS6O          1.000         1.000         1.000         1.000         1.000
 MVS10O         1.000         1.000         1.000         1.000         1.000
 MVS11O         1.000         1.000         1.000         1.000         1.000
 MVS12O         1.000         1.000         1.000         1.000         1.000
 MVS16O         1.000         1.000         1.000         1.000         1.000
 MVS17O         1.000         1.000         1.000         1.000         1.000
 MVS18O         1.000         1.000         1.000         1.000         1.000


           Covariance Coverage
              MVS5O         MVS6O         MVS10O        MVS11O        MVS12O
              ________      ________      ________      ________      ________
 MVS5O          1.000
 MVS6O          1.000         1.000
 MVS10O         1.000         1.000         1.000
 MVS11O         1.000         1.000         1.000         1.000
 MVS12O         1.000         1.000         1.000         1.000         1.000
 MVS16O         1.000         1.000         1.000         1.000         1.000
 MVS17O         1.000         1.000         1.000         1.000         1.000
 MVS18O         1.000         1.000         1.000         1.000         1.000


           Covariance Coverage
              MVS16O        MVS17O        MVS18O
              ________      ________      ________
 MVS16O         1.000
 MVS17O         1.000         1.000
 MVS18O         1.000         1.000         1.000



UNIVARIATE SAMPLE STATISTICS


     UNIVARIATE HIGHER-ORDER MOMENT DESCRIPTIVE STATISTICS

         Variable/         Mean/     Skewness/   Minimum/ % with                Percentiles
        Sample Size      Variance    Kurtosis    Maximum  Min/Max      20%/60%    40%/80%    Median

     MVS1                  3.359      -0.412       1.000    3.97%       2.000      3.000      4.000
             554.000       1.082      -0.647       5.000   10.47%       4.000      4.000
     MVS2                  2.363       0.467       1.000   20.76%       1.000      2.000      2.000
             554.000       1.069      -0.629       5.000    1.62%       2.000      3.000
     MVS3                  3.087      -0.280       1.000    7.94%       2.000      3.000      3.000
             554.000       1.191      -0.959       5.000    5.60%       4.000      4.000
     MVS7                  2.605       0.467       1.000    9.39%       2.000      2.000      2.000
             554.000       0.965      -0.413       5.000    3.25%       3.000      4.000
     MVS8                  3.482      -0.467       1.000    2.17%       2.000      3.000      4.000
             554.000       0.983      -0.535       5.000   12.09%       4.000      4.000
     MVS9                  3.300      -0.214       1.000    3.07%       2.000      3.000      3.000
             554.000       1.037      -0.735       5.000   10.29%       4.000      4.000
     MVS13                 3.166      -0.172       1.000    3.61%       2.000      3.000      3.000
             554.000       1.084      -1.048       5.000    6.68%       4.000      4.000
     MVS14                 3.430      -0.350       1.000    2.89%       2.000      3.000      4.000
             554.000       1.155      -0.845       5.000   14.62%       4.000      4.000
     MVS15                 3.348      -0.362       1.000    4.51%       2.000      3.000      4.000
             554.000       1.209      -0.851       5.000   12.45%       4.000      4.000
     MVS4O                 3.081       0.105       1.000    1.81%       2.000      3.000      3.000
             554.000       0.981      -1.057       5.000    6.14%       3.000      4.000
     MVS5O                 3.287      -0.201       1.000    1.62%       2.000      3.000      3.000
             554.000       0.912      -0.811       5.000    7.40%       4.000      4.000
     MVS6O                 2.780       0.344       1.000    4.33%       2.000      2.000      3.000
             554.000       0.937      -0.916       5.000    2.71%       3.000      4.000
     MVS10O                2.962       0.064       1.000    3.43%       2.000      3.000      3.000
             554.000       0.939      -1.024       5.000    3.25%       3.000      4.000
     MVS11O                2.430       0.652       1.000   10.83%       2.000      2.000      2.000
             554.000       0.855      -0.191       5.000    1.44%       2.000      3.000
     MVS12O                3.146      -0.043       1.000    1.99%       2.000      3.000      3.000
             554.000       0.905      -0.873       5.000    5.60%       4.000      4.000
     MVS16O                3.655      -0.733       1.000    1.81%       3.000      4.000      4.000
             554.000       0.865       0.120       5.000   14.08%       4.000      4.000
     MVS17O                2.776       0.418       1.000    5.78%       2.000      2.000      2.500
             554.000       1.058      -0.772       5.000    5.05%       3.000      4.000
     MVS18O                3.269      -0.203       1.000    1.44%       2.000      3.000      3.000
             554.000       0.879      -0.831       5.000    6.32%       4.000      4.000


THE MODEL ESTIMATION TERMINATED NORMALLY



MODEL FIT INFORMATION

Number of Free Parameters                       93

Loglikelihood

          H0 Value                      -13021.211
          H1 Value                      -12930.493

Information Criteria

          Akaike (AIC)                   26228.423
          Bayesian (BIC)                 26629.919
          Sample-Size Adjusted BIC       26334.695
            (n* = (n + 2) / 24)

Chi-Square Test of Model Fit

          Value                            181.437
          Degrees of Freedom                    96
          P-Value                           0.0000

RMSEA (Root Mean Square Error Of Approximation)

          Estimate                           0.040
          90 Percent C.I.                    0.031  0.049
          Probability RMSEA <= .05           0.968

CFI/TLI

          CFI                                0.963
          TLI                                0.940

Chi-Square Test of Model Fit for the Baseline Model

          Value                           2440.337
          Degrees of Freedom                   153
          P-Value                           0.0000

SRMR (Standardized Root Mean Square Residual)

          Value                              0.036



MODEL RESULTS

                                                    Two-Tailed
                    Estimate       S.E.  Est./S.E.    P-Value

 SUC      BY
    MVS1               0.483      0.049      9.915      0.000
    MVS2               0.408      0.050      8.241      0.000
    MVS3               0.600      0.050     12.109      0.000
    MVS4O             -0.595      0.045    -13.374      0.000
    MVS5O             -0.428      0.044     -9.639      0.000
    MVS6O             -0.610      0.043    -14.123      0.000

 CEN      BY
    MVS7               0.320      0.049      6.512      0.000
    MVS8               0.450      0.047      9.511      0.000
    MVS9               0.543      0.048     11.367      0.000
    MVS10O            -0.597      0.045    -13.408      0.000
    MVS11O            -0.192      0.046     -4.187      0.000
    MVS12O            -0.630      0.044    -14.381      0.000

 HAP      BY
    MVS13              0.620      0.047     13.119      0.000
    MVS14              0.685      0.048     14.375      0.000
    MVS15              0.400      0.054      7.457      0.000
    MVS16O            -0.388      0.044     -8.890      0.000
    MVS17O            -0.677      0.046    -14.632      0.000
    MVS18O            -0.588      0.043    -13.574      0.000

 SUC      WITH
    CEN                0.780      0.040     19.425      0.000
    HAP                0.714      0.041     17.544      0.000

 CEN      WITH
    HAP                0.591      0.048     12.203      0.000

 MVS1     WITH
    MVS2               0.020      0.041      0.478      0.633
    MVS3               0.180      0.043      4.193      0.000
    MVS7               0.043      0.039      1.101      0.271
    MVS8               0.071      0.039      1.845      0.065
    MVS9               0.193      0.040      4.863      0.000
    MVS13              0.096      0.038      2.552      0.011
    MVS14              0.202      0.039      5.178      0.000
    MVS15              0.148      0.044      3.389      0.001

 MVS2     WITH
    MVS3               0.175      0.043      4.041      0.000
    MVS7               0.121      0.040      3.020      0.003
    MVS8               0.181      0.040      4.524      0.000
    MVS9               0.084      0.039      2.138      0.032
    MVS13              0.197      0.039      5.031      0.000
    MVS14              0.185      0.039      4.722      0.000
    MVS15              0.114      0.044      2.579      0.010

 MVS3     WITH
    MVS7               0.077      0.040      1.935      0.053
    MVS8               0.177      0.040      4.447      0.000
    MVS9               0.221      0.041      5.444      0.000
    MVS13              0.154      0.039      3.966      0.000
    MVS14              0.110      0.039      2.839      0.005
    MVS15              0.078      0.044      1.774      0.076

 MVS7     WITH
    MVS8               0.141      0.039      3.591      0.000
    MVS9               0.154      0.040      3.873      0.000
    MVS13              0.089      0.037      2.415      0.016
    MVS14              0.118      0.037      3.168      0.002
    MVS15              0.085      0.042      2.000      0.045

 MVS8     WITH
    MVS9               0.138      0.039      3.495      0.000
    MVS13              0.153      0.036      4.191      0.000
    MVS14              0.199      0.037      5.340      0.000
    MVS15              0.233      0.043      5.455      0.000

 MVS9     WITH
    MVS13              0.146      0.036      4.011      0.000
    MVS14              0.168      0.037      4.533      0.000
    MVS15              0.106      0.042      2.549      0.011

 MVS13    WITH
    MVS14              0.265      0.044      6.093      0.000
    MVS15              0.125      0.043      2.883      0.004

 MVS14    WITH
    MVS15              0.236      0.045      5.191      0.000

 Intercepts
    MVS1               3.359      0.044     75.783      0.000
    MVS2               2.363      0.044     53.576      0.000
    MVS3               3.087      0.046     66.495      0.000
    MVS7               2.605      0.042     62.228      0.000
    MVS8               3.482      0.042     82.030      0.000
    MVS9               3.300      0.044     75.574      0.000
    MVS13              3.166      0.044     71.938      0.000
    MVS14              3.430      0.045     75.506      0.000
    MVS15              3.348      0.047     71.835      0.000
    MVS4O              3.081      0.042     73.231      0.000
    MVS5O              3.287      0.041     81.004      0.000
    MVS6O              2.780      0.041     67.590      0.000
    MVS10O             2.962      0.041     71.949      0.000
    MVS11O             2.430      0.039     61.840      0.000
    MVS12O             3.146      0.040     77.859      0.000
    MVS16O             3.655      0.040     92.510      0.000
    MVS17O             2.776      0.044     63.521      0.000
    MVS18O             3.269      0.040     82.071      0.000

 Variances
    SUC                1.000      0.000    999.000    999.000
    CEN                1.000      0.000    999.000    999.000
    HAP                1.000      0.000    999.000    999.000

 Residual Variances
    MVS1               0.855      0.057     14.984      0.000
    MVS2               0.911      0.059     15.505      0.000
    MVS3               0.834      0.059     14.133      0.000
    MVS7               0.868      0.055     15.763      0.000
    MVS8               0.796      0.053     14.957      0.000
    MVS9               0.761      0.054     14.143      0.000
    MVS13              0.689      0.053     12.984      0.000
    MVS14              0.674      0.055     12.239      0.000
    MVS15              1.043      0.067     15.493      0.000
    MVS4O              0.626      0.047     13.454      0.000
    MVS5O              0.729      0.048     15.263      0.000
    MVS6O              0.565      0.044     12.936      0.000
    MVS10O             0.583      0.046     12.740      0.000
    MVS11O             0.818      0.050     16.354      0.000
    MVS12O             0.507      0.044     11.475      0.000
    MVS16O             0.714      0.046     15.463      0.000
    MVS17O             0.600      0.050     12.066      0.000
    MVS18O             0.533      0.043     12.377      0.000


STANDARDIZED MODEL RESULTS


STDYX Standardization

                                                    Two-Tailed
                    Estimate       S.E.  Est./S.E.    P-Value

 SUC      BY
    MVS1               0.463      0.041     11.273      0.000
    MVS2               0.393      0.044      9.031      0.000
    MVS3               0.549      0.038     14.597      0.000
    MVS4O             -0.601      0.036    -16.818      0.000
    MVS5O             -0.448      0.041    -10.899      0.000
    MVS6O             -0.630      0.035    -18.190      0.000

 CEN      BY
    MVS7               0.325      0.047      6.905      0.000
    MVS8               0.451      0.042     10.722      0.000
    MVS9               0.529      0.039     13.459      0.000
    MVS10O            -0.616      0.037    -16.809      0.000
    MVS11O            -0.207      0.048     -4.287      0.000
    MVS12O            -0.663      0.036    -18.505      0.000

 HAP      BY
    MVS13              0.598      0.037     16.106      0.000
    MVS14              0.640      0.035     18.238      0.000
    MVS15              0.365      0.046      7.993      0.000
    MVS16O            -0.418      0.042     -9.873      0.000
    MVS17O            -0.658      0.034    -19.089      0.000
    MVS18O            -0.627      0.037    -17.077      0.000

 SUC      WITH
    CEN                0.780      0.040     19.425      0.000
    HAP                0.714      0.041     17.544      0.000

 CEN      WITH
    HAP                0.591      0.048     12.203      0.000

 MVS1     WITH
    MVS2               0.022      0.046      0.480      0.631
    MVS3               0.214      0.046      4.677      0.000
    MVS7               0.050      0.045      1.108      0.268
    MVS8               0.086      0.046      1.877      0.061
    MVS9               0.239      0.044      5.364      0.000
    MVS13              0.125      0.048      2.635      0.008
    MVS14              0.266      0.046      5.791      0.000
    MVS15              0.156      0.044      3.537      0.000

 MVS2     WITH
    MVS3               0.201      0.045      4.431      0.000
    MVS7               0.136      0.044      3.119      0.002
    MVS8               0.212      0.043      4.889      0.000
    MVS9               0.101      0.046      2.188      0.029
    MVS13              0.248      0.045      5.567      0.000
    MVS14              0.237      0.046      5.176      0.000
    MVS15              0.117      0.044      2.644      0.008

 MVS3     WITH
    MVS7               0.090      0.046      1.967      0.049
    MVS8               0.218      0.045      4.842      0.000
    MVS9               0.277      0.045      6.221      0.000
    MVS13              0.203      0.047      4.272      0.000
    MVS14              0.147      0.049      2.967      0.003
    MVS15              0.083      0.046      1.802      0.072

 MVS7     WITH
    MVS8               0.169      0.044      3.824      0.000
    MVS9               0.189      0.045      4.191      0.000
    MVS13              0.115      0.047      2.463      0.014
    MVS14              0.154      0.047      3.272      0.001
    MVS15              0.089      0.044      2.025      0.043

 MVS8     WITH
    MVS9               0.177      0.047      3.797      0.000
    MVS13              0.206      0.046      4.468      0.000
    MVS14              0.272      0.046      5.910      0.000
    MVS15              0.256      0.043      6.018      0.000

 MVS9     WITH
    MVS13              0.202      0.047      4.272      0.000
    MVS14              0.234      0.048      4.903      0.000
    MVS15              0.119      0.046      2.611      0.009

 MVS13    WITH
    MVS14              0.389      0.045      8.605      0.000
    MVS15              0.147      0.048      3.067      0.002

 MVS14    WITH
    MVS15              0.281      0.046      6.148      0.000

 Intercepts
    MVS1               3.220      0.106     30.393      0.000
    MVS2               2.276      0.081     28.158      0.000
    MVS3               2.825      0.095     29.752      0.000
    MVS7               2.644      0.090     29.225      0.000
    MVS8               3.485      0.114     30.602      0.000
    MVS9               3.211      0.106     30.182      0.000
    MVS13              3.056      0.100     30.475      0.000
    MVS14              3.208      0.104     30.787      0.000
    MVS15              3.052      0.101     30.335      0.000
    MVS4O              3.111      0.103     30.303      0.000
    MVS5O              3.442      0.112     30.789      0.000
    MVS6O              2.872      0.096     29.862      0.000
    MVS10O             3.057      0.101     30.210      0.000
    MVS11O             2.627      0.090     29.310      0.000
    MVS12O             3.308      0.108     30.607      0.000
    MVS16O             3.930      0.125     31.321      0.000
    MVS17O             2.699      0.092     29.484      0.000
    MVS18O             3.487      0.113     30.846      0.000

 Variances
    SUC                1.000      0.000    999.000    999.000
    CEN                1.000      0.000    999.000    999.000
    HAP                1.000      0.000    999.000    999.000

 Residual Variances
    MVS1               0.786      0.038     20.665      0.000
    MVS2               0.845      0.034     24.658      0.000
    MVS3               0.698      0.041     16.891      0.000
    MVS7               0.894      0.031     29.172      0.000
    MVS8               0.797      0.038     21.045      0.000
    MVS9               0.721      0.042     17.357      0.000
    MVS13              0.642      0.044     14.452      0.000
    MVS14              0.590      0.045     13.123      0.000
    MVS15              0.867      0.033     26.003      0.000
    MVS4O              0.639      0.043     14.870      0.000
    MVS5O              0.799      0.037     21.643      0.000
    MVS6O              0.603      0.044     13.826      0.000
    MVS10O             0.621      0.045     13.749      0.000
    MVS11O             0.957      0.020     47.692      0.000
    MVS12O             0.561      0.047     11.822      0.000
    MVS16O             0.826      0.035     23.367      0.000
    MVS17O             0.567      0.045     12.518      0.000
    MVS18O             0.607      0.046     13.181      0.000


STDY Standardization

                                                    Two-Tailed
                    Estimate       S.E.  Est./S.E.    P-Value

 SUC      BY
    MVS1               0.463      0.041     11.273      0.000
    MVS2               0.393      0.044      9.031      0.000
    MVS3               0.549      0.038     14.597      0.000
    MVS4O             -0.601      0.036    -16.818      0.000
    MVS5O             -0.448      0.041    -10.899      0.000
    MVS6O             -0.630      0.035    -18.190      0.000

 CEN      BY
    MVS7               0.325      0.047      6.905      0.000
    MVS8               0.451      0.042     10.722      0.000
    MVS9               0.529      0.039     13.459      0.000
    MVS10O            -0.616      0.037    -16.809      0.000
    MVS11O            -0.207      0.048     -4.287      0.000
    MVS12O            -0.663      0.036    -18.505      0.000

 HAP      BY
    MVS13              0.598      0.037     16.106      0.000
    MVS14              0.640      0.035     18.238      0.000
    MVS15              0.365      0.046      7.993      0.000
    MVS16O            -0.418      0.042     -9.873      0.000
    MVS17O            -0.658      0.034    -19.089      0.000
    MVS18O            -0.627      0.037    -17.077      0.000

 SUC      WITH
    CEN                0.780      0.040     19.425      0.000
    HAP                0.714      0.041     17.544      0.000

 CEN      WITH
    HAP                0.591      0.048     12.203      0.000

 MVS1     WITH
    MVS2               0.022      0.046      0.480      0.631
    MVS3               0.214      0.046      4.677      0.000
    MVS7               0.050      0.045      1.108      0.268
    MVS8               0.086      0.046      1.877      0.061
    MVS9               0.239      0.044      5.364      0.000
    MVS13              0.125      0.048      2.635      0.008
    MVS14              0.266      0.046      5.791      0.000
    MVS15              0.156      0.044      3.537      0.000

 MVS2     WITH
    MVS3               0.201      0.045      4.431      0.000
    MVS7               0.136      0.044      3.119      0.002
    MVS8               0.212      0.043      4.889      0.000
    MVS9               0.101      0.046      2.188      0.029
    MVS13              0.248      0.045      5.567      0.000
    MVS14              0.237      0.046      5.176      0.000
    MVS15              0.117      0.044      2.644      0.008

 MVS3     WITH
    MVS7               0.090      0.046      1.967      0.049
    MVS8               0.218      0.045      4.842      0.000
    MVS9               0.277      0.045      6.221      0.000
    MVS13              0.203      0.047      4.272      0.000
    MVS14              0.147      0.049      2.967      0.003
    MVS15              0.083      0.046      1.802      0.072

 MVS7     WITH
    MVS8               0.169      0.044      3.824      0.000
    MVS9               0.189      0.045      4.191      0.000
    MVS13              0.115      0.047      2.463      0.014
    MVS14              0.154      0.047      3.272      0.001
    MVS15              0.089      0.044      2.025      0.043

 MVS8     WITH
    MVS9               0.177      0.047      3.797      0.000
    MVS13              0.206      0.046      4.468      0.000
    MVS14              0.272      0.046      5.910      0.000
    MVS15              0.256      0.043      6.018      0.000

 MVS9     WITH
    MVS13              0.202      0.047      4.272      0.000
    MVS14              0.234      0.048      4.903      0.000
    MVS15              0.119      0.046      2.611      0.009

 MVS13    WITH
    MVS14              0.389      0.045      8.605      0.000
    MVS15              0.147      0.048      3.067      0.002

 MVS14    WITH
    MVS15              0.281      0.046      6.148      0.000

 Intercepts
    MVS1               3.220      0.106     30.393      0.000
    MVS2               2.276      0.081     28.158      0.000
    MVS3               2.825      0.095     29.752      0.000
    MVS7               2.644      0.090     29.225      0.000
    MVS8               3.485      0.114     30.602      0.000
    MVS9               3.211      0.106     30.182      0.000
    MVS13              3.056      0.100     30.475      0.000
    MVS14              3.208      0.104     30.787      0.000
    MVS15              3.052      0.101     30.335      0.000
    MVS4O              3.111      0.103     30.303      0.000
    MVS5O              3.442      0.112     30.789      0.000
    MVS6O              2.872      0.096     29.862      0.000
    MVS10O             3.057      0.101     30.210      0.000
    MVS11O             2.627      0.090     29.310      0.000
    MVS12O             3.308      0.108     30.607      0.000
    MVS16O             3.930      0.125     31.321      0.000
    MVS17O             2.699      0.092     29.484      0.000
    MVS18O             3.487      0.113     30.846      0.000

 Variances
    SUC                1.000      0.000    999.000    999.000
    CEN                1.000      0.000    999.000    999.000
    HAP                1.000      0.000    999.000    999.000

 Residual Variances
    MVS1               0.786      0.038     20.665      0.000
    MVS2               0.845      0.034     24.658      0.000
    MVS3               0.698      0.041     16.891      0.000
    MVS7               0.894      0.031     29.172      0.000
    MVS8               0.797      0.038     21.045      0.000
    MVS9               0.721      0.042     17.357      0.000
    MVS13              0.642      0.044     14.452      0.000
    MVS14              0.590      0.045     13.123      0.000
    MVS15              0.867      0.033     26.003      0.000
    MVS4O              0.639      0.043     14.870      0.000
    MVS5O              0.799      0.037     21.643      0.000
    MVS6O              0.603      0.044     13.826      0.000
    MVS10O             0.621      0.045     13.749      0.000
    MVS11O             0.957      0.020     47.692      0.000
    MVS12O             0.561      0.047     11.822      0.000
    MVS16O             0.826      0.035     23.367      0.000
    MVS17O             0.567      0.045     12.518      0.000
    MVS18O             0.607      0.046     13.181      0.000


STD Standardization

                                                    Two-Tailed
                    Estimate       S.E.  Est./S.E.    P-Value

 SUC      BY
    MVS1               0.483      0.049      9.915      0.000
    MVS2               0.408      0.050      8.241      0.000
    MVS3               0.600      0.050     12.109      0.000
    MVS4O             -0.595      0.045    -13.374      0.000
    MVS5O             -0.428      0.044     -9.639      0.000
    MVS6O             -0.610      0.043    -14.123      0.000

 CEN      BY
    MVS7               0.320      0.049      6.512      0.000
    MVS8               0.450      0.047      9.511      0.000
    MVS9               0.543      0.048     11.367      0.000
    MVS10O            -0.597      0.045    -13.408      0.000
    MVS11O            -0.192      0.046     -4.187      0.000
    MVS12O            -0.630      0.044    -14.381      0.000

 HAP      BY
    MVS13              0.620      0.047     13.119      0.000
    MVS14              0.685      0.048     14.375      0.000
    MVS15              0.400      0.054      7.457      0.000
    MVS16O            -0.388      0.044     -8.890      0.000
    MVS17O            -0.677      0.046    -14.632      0.000
    MVS18O            -0.588      0.043    -13.574      0.000

 SUC      WITH
    CEN                0.780      0.040     19.425      0.000
    HAP                0.714      0.041     17.544      0.000

 CEN      WITH
    HAP                0.591      0.048     12.203      0.000

 MVS1     WITH
    MVS2               0.020      0.041      0.478      0.633
    MVS3               0.180      0.043      4.193      0.000
    MVS7               0.043      0.039      1.101      0.271
    MVS8               0.071      0.039      1.845      0.065
    MVS9               0.193      0.040      4.863      0.000
    MVS13              0.096      0.038      2.552      0.011
    MVS14              0.202      0.039      5.178      0.000
    MVS15              0.148      0.044      3.389      0.001

 MVS2     WITH
    MVS3               0.175      0.043      4.041      0.000
    MVS7               0.121      0.040      3.020      0.003
    MVS8               0.181      0.040      4.524      0.000
    MVS9               0.084      0.039      2.138      0.032
    MVS13              0.197      0.039      5.031      0.000
    MVS14              0.185      0.039      4.722      0.000
    MVS15              0.114      0.044      2.579      0.010

 MVS3     WITH
    MVS7               0.077      0.040      1.935      0.053
    MVS8               0.177      0.040      4.447      0.000
    MVS9               0.221      0.041      5.444      0.000
    MVS13              0.154      0.039      3.966      0.000
    MVS14              0.110      0.039      2.839      0.005
    MVS15              0.078      0.044      1.774      0.076

 MVS7     WITH
    MVS8               0.141      0.039      3.591      0.000
    MVS9               0.154      0.040      3.873      0.000
    MVS13              0.089      0.037      2.415      0.016
    MVS14              0.118      0.037      3.168      0.002
    MVS15              0.085      0.042      2.000      0.045

 MVS8     WITH
    MVS9               0.138      0.039      3.495      0.000
    MVS13              0.153      0.036      4.191      0.000
    MVS14              0.199      0.037      5.340      0.000
    MVS15              0.233      0.043      5.455      0.000

 MVS9     WITH
    MVS13              0.146      0.036      4.011      0.000
    MVS14              0.168      0.037      4.533      0.000
    MVS15              0.106      0.042      2.549      0.011

 MVS13    WITH
    MVS14              0.265      0.044      6.093      0.000
    MVS15              0.125      0.043      2.883      0.004

 MVS14    WITH
    MVS15              0.236      0.045      5.191      0.000

 Intercepts
    MVS1               3.359      0.044     75.783      0.000
    MVS2               2.363      0.044     53.576      0.000
    MVS3               3.087      0.046     66.495      0.000
    MVS7               2.605      0.042     62.228      0.000
    MVS8               3.482      0.042     82.030      0.000
    MVS9               3.300      0.044     75.574      0.000
    MVS13              3.166      0.044     71.938      0.000
    MVS14              3.430      0.045     75.506      0.000
    MVS15              3.348      0.047     71.835      0.000
    MVS4O              3.081      0.042     73.231      0.000
    MVS5O              3.287      0.041     81.004      0.000
    MVS6O              2.780      0.041     67.590      0.000
    MVS10O             2.962      0.041     71.949      0.000
    MVS11O             2.430      0.039     61.840      0.000
    MVS12O             3.146      0.040     77.859      0.000
    MVS16O             3.655      0.040     92.510      0.000
    MVS17O             2.776      0.044     63.521      0.000
    MVS18O             3.269      0.040     82.071      0.000

 Variances
    SUC                1.000      0.000    999.000    999.000
    CEN                1.000      0.000    999.000    999.000
    HAP                1.000      0.000    999.000    999.000

 Residual Variances
    MVS1               0.855      0.057     14.984      0.000
    MVS2               0.911      0.059     15.505      0.000
    MVS3               0.834      0.059     14.133      0.000
    MVS7               0.868      0.055     15.763      0.000
    MVS8               0.796      0.053     14.957      0.000
    MVS9               0.761      0.054     14.143      0.000
    MVS13              0.689      0.053     12.984      0.000
    MVS14              0.674      0.055     12.239      0.000
    MVS15              1.043      0.067     15.493      0.000
    MVS4O              0.626      0.047     13.454      0.000
    MVS5O              0.729      0.048     15.263      0.000
    MVS6O              0.565      0.044     12.936      0.000
    MVS10O             0.583      0.046     12.740      0.000
    MVS11O             0.818      0.050     16.354      0.000
    MVS12O             0.507      0.044     11.475      0.000
    MVS16O             0.714      0.046     15.463      0.000
    MVS17O             0.600      0.050     12.066      0.000
    MVS18O             0.533      0.043     12.377      0.000


R-SQUARE

    Observed                                        Two-Tailed
    Variable        Estimate       S.E.  Est./S.E.    P-Value

    MVS1               0.214      0.038      5.636      0.000
    MVS2               0.155      0.034      4.516      0.000
    MVS3               0.302      0.041      7.298      0.000
    MVS7               0.106      0.031      3.452      0.001
    MVS8               0.203      0.038      5.361      0.000
    MVS9               0.279      0.042      6.729      0.000
    MVS13              0.358      0.044      8.053      0.000
    MVS14              0.410      0.045      9.119      0.000
    MVS15              0.133      0.033      3.997      0.000
    MVS4O              0.361      0.043      8.409      0.000
    MVS5O              0.201      0.037      5.449      0.000
    MVS6O              0.397      0.044      9.095      0.000
    MVS10O             0.379      0.045      8.404      0.000
    MVS11O             0.043      0.020      2.144      0.032
    MVS12O             0.439      0.047      9.252      0.000
    MVS16O             0.174      0.035      4.936      0.000
    MVS17O             0.433      0.045      9.544      0.000
    MVS18O             0.393      0.046      8.539      0.000


QUALITY OF NUMERICAL RESULTS

     Condition Number for the Information Matrix              0.248E-03
       (ratio of smallest to largest eigenvalue)


CONFIDENCE INTERVALS OF MODEL RESULTS

                  Lower .5%  Lower 2.5%    Lower 5%    Estimate    Upper 5%  Upper 2.5%   Upper .5%

 SUC      BY
    MVS1             0.358       0.388       0.403       0.483       0.563       0.578       0.608
    MVS2             0.281       0.311       0.327       0.408       0.490       0.506       0.536
    MVS3             0.472       0.503       0.519       0.600       0.682       0.697       0.728
    MVS4O           -0.710      -0.682      -0.668      -0.595      -0.522      -0.508      -0.481
    MVS5O           -0.543      -0.515      -0.501      -0.428      -0.355      -0.341      -0.314
    MVS6O           -0.721      -0.694      -0.681      -0.610      -0.539      -0.525      -0.499

 CEN      BY
    MVS7             0.194       0.224       0.240       0.320       0.401       0.417       0.447
    MVS8             0.328       0.357       0.372       0.450       0.528       0.543       0.572
    MVS9             0.420       0.450       0.465       0.543       0.622       0.637       0.666
    MVS10O          -0.712      -0.684      -0.670      -0.597      -0.524      -0.510      -0.482
    MVS11O          -0.310      -0.282      -0.267      -0.192      -0.116      -0.102      -0.074
    MVS12O          -0.743      -0.716      -0.702      -0.630      -0.558      -0.544      -0.517

 HAP      BY
    MVS13            0.498       0.527       0.542       0.620       0.697       0.712       0.741
    MVS14            0.562       0.591       0.606       0.685       0.763       0.778       0.807
    MVS15            0.262       0.295       0.312       0.400       0.489       0.506       0.539
    MVS16O          -0.501      -0.474      -0.460      -0.388      -0.317      -0.303      -0.276
    MVS17O          -0.796      -0.767      -0.753      -0.677      -0.601      -0.586      -0.557
    MVS18O          -0.699      -0.673      -0.659      -0.588      -0.517      -0.503      -0.476

 SUC      WITH
    CEN              0.676       0.701       0.714       0.780       0.846       0.858       0.883
    HAP              0.609       0.634       0.647       0.714       0.781       0.794       0.819

 CEN      WITH
    HAP              0.466       0.496       0.511       0.591       0.671       0.686       0.716

 MVS1     WITH
    MVS2            -0.086      -0.061      -0.048       0.020       0.087       0.100       0.126
    MVS3             0.070       0.096       0.110       0.180       0.251       0.265       0.291
    MVS7            -0.058      -0.034      -0.021       0.043       0.107       0.120       0.144
    MVS8            -0.028      -0.004       0.008       0.071       0.135       0.147       0.170
    MVS9             0.091       0.115       0.127       0.193       0.258       0.270       0.294
    MVS13           -0.001       0.022       0.034       0.096       0.158       0.170       0.193
    MVS14            0.102       0.126       0.138       0.202       0.266       0.278       0.303
    MVS15            0.035       0.062       0.076       0.148       0.220       0.233       0.260

 MVS2     WITH
    MVS3             0.063       0.090       0.104       0.175       0.246       0.260       0.286
    MVS7             0.018       0.043       0.055       0.121       0.187       0.200       0.225
    MVS8             0.078       0.102       0.115       0.181       0.246       0.259       0.283
    MVS9            -0.017       0.007       0.019       0.084       0.149       0.161       0.185
    MVS13            0.096       0.120       0.132       0.197       0.261       0.273       0.297
    MVS14            0.084       0.108       0.121       0.185       0.250       0.262       0.287
    MVS15            0.000       0.027       0.041       0.114       0.186       0.200       0.228

 MVS3     WITH
    MVS7            -0.025      -0.001       0.012       0.077       0.142       0.155       0.179
    MVS8             0.075       0.099       0.112       0.177       0.243       0.256       0.280
    MVS9             0.116       0.141       0.154       0.221       0.287       0.300       0.325
    MVS13            0.054       0.078       0.090       0.154       0.217       0.229       0.253
    MVS14            0.010       0.034       0.046       0.110       0.174       0.186       0.210
    MVS15           -0.035      -0.008       0.006       0.078       0.150       0.163       0.190

 MVS7     WITH
    MVS8             0.040       0.064       0.076       0.141       0.205       0.218       0.242
    MVS9             0.051       0.076       0.088       0.154       0.219       0.232       0.256
    MVS13           -0.006       0.017       0.028       0.089       0.149       0.161       0.183
    MVS14            0.022       0.045       0.057       0.118       0.179       0.191       0.214
    MVS15           -0.024       0.002       0.015       0.085       0.155       0.168       0.194

 MVS8     WITH
    MVS9             0.036       0.060       0.073       0.138       0.202       0.215       0.239
    MVS13            0.059       0.081       0.093       0.153       0.213       0.224       0.247
    MVS14            0.103       0.126       0.138       0.199       0.260       0.272       0.295
    MVS15            0.123       0.149       0.163       0.233       0.303       0.317       0.343

 MVS9     WITH
    MVS13            0.052       0.075       0.086       0.146       0.206       0.218       0.240
    MVS14            0.073       0.095       0.107       0.168       0.229       0.241       0.263
    MVS15           -0.001       0.025       0.038       0.106       0.175       0.188       0.214

 MVS13    WITH
    MVS14            0.153       0.180       0.194       0.265       0.337       0.351       0.378
    MVS15            0.013       0.040       0.054       0.125       0.196       0.210       0.237

 MVS14    WITH
    MVS15            0.119       0.147       0.161       0.236       0.311       0.325       0.353

 Intercepts
    MVS1             3.245       3.272       3.286       3.359       3.432       3.446       3.473
    MVS2             2.249       2.276       2.290       2.363       2.435       2.449       2.476
    MVS3             2.967       2.996       3.010       3.087       3.163       3.178       3.206
    MVS7             2.497       2.523       2.536       2.605       2.674       2.687       2.713
    MVS8             3.373       3.399       3.412       3.482       3.552       3.565       3.591
    MVS9             3.187       3.214       3.228       3.300       3.371       3.385       3.412
    MVS13            3.053       3.080       3.094       3.166       3.238       3.252       3.279
    MVS14            3.313       3.341       3.355       3.430       3.504       3.519       3.547
    MVS15            3.228       3.257       3.272       3.348       3.425       3.440       3.468
    MVS4O            2.973       2.999       3.012       3.081       3.150       3.164       3.190
    MVS5O            3.182       3.207       3.220       3.287       3.354       3.367       3.392
    MVS6O            2.674       2.699       2.712       2.780       2.847       2.860       2.886
    MVS10O           2.856       2.881       2.894       2.962       3.030       3.043       3.068
    MVS11O           2.328       2.353       2.365       2.430       2.494       2.507       2.531
    MVS12O           3.042       3.067       3.080       3.146       3.213       3.225       3.250
    MVS16O           3.553       3.578       3.590       3.655       3.720       3.733       3.757
    MVS17O           2.664       2.691       2.704       2.776       2.848       2.862       2.889
    MVS18O           3.166       3.191       3.203       3.269       3.334       3.347       3.372

 Variances
    SUC              1.000       1.000       1.000       1.000       1.000       1.000       1.000
    CEN              1.000       1.000       1.000       1.000       1.000       1.000       1.000
    HAP              1.000       1.000       1.000       1.000       1.000       1.000       1.000

 Residual Variances
    MVS1             0.708       0.743       0.761       0.855       0.949       0.967       1.002
    MVS2             0.759       0.796       0.814       0.911       1.007       1.026       1.062
    MVS3             0.682       0.718       0.737       0.834       0.931       0.949       0.985
    MVS7             0.726       0.760       0.777       0.868       0.958       0.976       1.010
    MVS8             0.659       0.691       0.708       0.796       0.883       0.900       0.933
    MVS9             0.622       0.656       0.673       0.761       0.850       0.866       0.900
    MVS13            0.552       0.585       0.602       0.689       0.776       0.793       0.826
    MVS14            0.532       0.566       0.584       0.674       0.765       0.782       0.816
    MVS15            0.870       0.911       0.933       1.043       1.154       1.175       1.217
    MVS4O            0.507       0.535       0.550       0.626       0.703       0.718       0.746
    MVS5O            0.606       0.635       0.650       0.729       0.807       0.822       0.852
    MVS6O            0.453       0.480       0.493       0.565       0.637       0.651       0.678
    MVS10O           0.465       0.493       0.508       0.583       0.658       0.672       0.701
    MVS11O           0.689       0.720       0.736       0.818       0.901       0.916       0.947
    MVS12O           0.394       0.421       0.435       0.507       0.580       0.594       0.621
    MVS16O           0.595       0.624       0.638       0.714       0.790       0.805       0.833
    MVS17O           0.472       0.503       0.519       0.600       0.682       0.698       0.729
    MVS18O           0.422       0.449       0.463       0.533       0.604       0.618       0.644


CONFIDENCE INTERVALS OF STANDARDIZED MODEL RESULTS


STDYX Standardization

                  Lower .5%  Lower 2.5%    Lower 5%    Estimate    Upper 5%  Upper 2.5%   Upper .5%

 SUC      BY
    MVS1             0.357       0.382       0.395       0.463       0.530       0.543       0.569
    MVS2             0.281       0.308       0.322       0.393       0.465       0.479       0.506
    MVS3             0.452       0.476       0.487       0.549       0.611       0.623       0.646
    MVS4O           -0.693      -0.671      -0.660      -0.601      -0.542      -0.531      -0.509
    MVS5O           -0.554      -0.529      -0.516      -0.448      -0.381      -0.368      -0.342
    MVS6O           -0.719      -0.698      -0.687      -0.630      -0.573      -0.562      -0.541

 CEN      BY
    MVS7             0.204       0.233       0.248       0.325       0.403       0.418       0.447
    MVS8             0.342       0.368       0.381       0.451       0.520       0.533       0.559
    MVS9             0.427       0.452       0.464       0.529       0.593       0.606       0.630
    MVS10O          -0.710      -0.688      -0.676      -0.616      -0.556      -0.544      -0.522
    MVS11O          -0.332      -0.302      -0.287      -0.207      -0.128      -0.113      -0.083
    MVS12O          -0.755      -0.733      -0.721      -0.663      -0.604      -0.592      -0.570

 HAP      BY
    MVS13            0.503       0.525       0.537       0.598       0.659       0.671       0.694
    MVS14            0.550       0.571       0.583       0.640       0.698       0.709       0.731
    MVS15            0.247       0.275       0.290       0.365       0.440       0.454       0.483
    MVS16O          -0.527      -0.501      -0.487      -0.418      -0.348      -0.335      -0.309
    MVS17O          -0.746      -0.725      -0.714      -0.658      -0.601      -0.590      -0.569
    MVS18O          -0.722      -0.699      -0.687      -0.627      -0.567      -0.555      -0.532

 SUC      WITH
    CEN              0.676       0.701       0.714       0.780       0.846       0.858       0.883
    HAP              0.609       0.634       0.647       0.714       0.781       0.794       0.819

 CEN      WITH
    HAP              0.466       0.496       0.511       0.591       0.671       0.686       0.716

 MVS1     WITH
    MVS2            -0.097      -0.069      -0.054       0.022       0.099       0.113       0.142
    MVS3             0.096       0.124       0.139       0.214       0.289       0.303       0.331
    MVS7            -0.066      -0.038      -0.024       0.050       0.124       0.138       0.166
    MVS8            -0.032      -0.004       0.011       0.086       0.162       0.176       0.205
    MVS9             0.124       0.151       0.165       0.239       0.312       0.326       0.353
    MVS13            0.003       0.032       0.047       0.125       0.204       0.219       0.248
    MVS14            0.148       0.176       0.190       0.266       0.342       0.356       0.384
    MVS15            0.043       0.070       0.084       0.156       0.229       0.243       0.270

 MVS2     WITH
    MVS3             0.084       0.112       0.126       0.201       0.275       0.290       0.317
    MVS7             0.024       0.051       0.064       0.136       0.208       0.222       0.249
    MVS8             0.100       0.127       0.141       0.212       0.283       0.297       0.324
    MVS9            -0.018       0.011       0.025       0.101       0.177       0.191       0.220
    MVS13            0.133       0.161       0.175       0.248       0.321       0.335       0.363
    MVS14            0.119       0.147       0.161       0.237       0.312       0.326       0.354
    MVS15            0.003       0.030       0.044       0.117       0.189       0.203       0.230

 MVS3     WITH
    MVS7            -0.028       0.000       0.015       0.090       0.166       0.180       0.208
    MVS8             0.102       0.130       0.144       0.218       0.292       0.306       0.334
    MVS9             0.162       0.190       0.204       0.277       0.350       0.364       0.392
    MVS13            0.080       0.110       0.125       0.203       0.281       0.296       0.325
    MVS14            0.019       0.050       0.065       0.147       0.228       0.244       0.274
    MVS15           -0.036      -0.007       0.007       0.083       0.159       0.174       0.202

 MVS7     WITH
    MVS8             0.055       0.083       0.097       0.169       0.242       0.256       0.284
    MVS9             0.073       0.101       0.115       0.189       0.263       0.278       0.305
    MVS13           -0.005       0.023       0.038       0.115       0.191       0.206       0.235
    MVS14            0.033       0.062       0.077       0.154       0.232       0.247       0.276
    MVS15           -0.024       0.003       0.017       0.089       0.162       0.176       0.203

 MVS8     WITH
    MVS9             0.057       0.086       0.100       0.177       0.253       0.268       0.297
    MVS13            0.087       0.116       0.130       0.206       0.283       0.297       0.326
    MVS14            0.153       0.182       0.196       0.272       0.347       0.362       0.390
    MVS15            0.146       0.172       0.186       0.256       0.326       0.339       0.365

 MVS9     WITH
    MVS13            0.080       0.109       0.124       0.202       0.280       0.295       0.324
    MVS14            0.111       0.141       0.156       0.234       0.313       0.328       0.358
    MVS15            0.002       0.030       0.044       0.119       0.195       0.209       0.237

 MVS13    WITH
    MVS14            0.273       0.301       0.315       0.389       0.464       0.478       0.506
    MVS15            0.024       0.053       0.068       0.147       0.226       0.241       0.271

 MVS14    WITH
    MVS15            0.164       0.192       0.206       0.281       0.357       0.371       0.399

 Intercepts
    MVS1             2.947       3.012       3.045       3.220       3.394       3.427       3.493
    MVS2             2.068       2.118       2.143       2.276       2.409       2.435       2.484
    MVS3             2.581       2.639       2.669       2.825       2.981       3.011       3.070
    MVS7             2.411       2.466       2.495       2.644       2.793       2.821       2.877
    MVS8             3.192       3.262       3.298       3.485       3.672       3.708       3.778
    MVS9             2.937       3.002       3.036       3.211       3.386       3.419       3.485
    MVS13            2.798       2.860       2.891       3.056       3.221       3.253       3.315
    MVS14            2.940       3.004       3.037       3.208       3.379       3.412       3.476
    MVS15            2.793       2.855       2.886       3.052       3.217       3.249       3.311
    MVS4O            2.847       2.910       2.942       3.111       3.280       3.313       3.376
    MVS5O            3.154       3.222       3.258       3.442       3.625       3.661       3.729
    MVS6O            2.624       2.683       2.713       2.872       3.030       3.060       3.119
    MVS10O           2.796       2.858       2.890       3.057       3.223       3.255       3.317
    MVS11O           2.396       2.452       2.480       2.627       2.775       2.803       2.858
    MVS12O           3.030       3.096       3.130       3.308       3.486       3.520       3.586
    MVS16O           3.607       3.684       3.724       3.930       4.137       4.176       4.254
    MVS17O           2.463       2.519       2.548       2.699       2.849       2.878       2.935
    MVS18O           3.196       3.265       3.301       3.487       3.673       3.708       3.778

 Variances
    SUC              1.000       1.000       1.000       1.000       1.000       1.000       1.000
    CEN              1.000       1.000       1.000       1.000       1.000       1.000       1.000
    HAP              1.000       1.000       1.000       1.000       1.000       1.000       1.000

 Residual Variances
    MVS1             0.688       0.711       0.723       0.786       0.848       0.860       0.884
    MVS2             0.757       0.778       0.789       0.845       0.902       0.912       0.934
    MVS3             0.592       0.617       0.630       0.698       0.766       0.779       0.805
    MVS7             0.815       0.834       0.844       0.894       0.945       0.954       0.973
    MVS8             0.699       0.723       0.735       0.797       0.859       0.871       0.895
    MVS9             0.614       0.639       0.652       0.721       0.789       0.802       0.828
    MVS13            0.528       0.555       0.569       0.642       0.715       0.729       0.757
    MVS14            0.474       0.502       0.516       0.590       0.664       0.678       0.706
    MVS15            0.781       0.801       0.812       0.867       0.922       0.932       0.953
    MVS4O            0.528       0.555       0.568       0.639       0.709       0.723       0.749
    MVS5O            0.704       0.727       0.738       0.799       0.860       0.871       0.894
    MVS6O            0.491       0.518       0.531       0.603       0.675       0.689       0.716
    MVS10O           0.504       0.532       0.546       0.621       0.695       0.709       0.737
    MVS11O           0.905       0.918       0.924       0.957       0.990       0.996       1.009
    MVS12O           0.439       0.468       0.483       0.561       0.639       0.654       0.683
    MVS16O           0.735       0.756       0.767       0.826       0.884       0.895       0.917
    MVS17O           0.451       0.479       0.493       0.567       0.642       0.656       0.684
    MVS18O           0.488       0.517       0.531       0.607       0.683       0.697       0.725


STDY Standardization

                  Lower .5%  Lower 2.5%    Lower 5%    Estimate    Upper 5%  Upper 2.5%   Upper .5%

 SUC      BY
    MVS1             0.357       0.382       0.395       0.463       0.530       0.543       0.569
    MVS2             0.281       0.308       0.322       0.393       0.465       0.479       0.506
    MVS3             0.452       0.476       0.487       0.549       0.611       0.623       0.646
    MVS4O           -0.693      -0.671      -0.660      -0.601      -0.542      -0.531      -0.509
    MVS5O           -0.554      -0.529      -0.516      -0.448      -0.381      -0.368      -0.342
    MVS6O           -0.719      -0.698      -0.687      -0.630      -0.573      -0.562      -0.541

 CEN      BY
    MVS7             0.204       0.233       0.248       0.325       0.403       0.418       0.447
    MVS8             0.342       0.368       0.381       0.451       0.520       0.533       0.559
    MVS9             0.427       0.452       0.464       0.529       0.593       0.606       0.630
    MVS10O          -0.710      -0.688      -0.676      -0.616      -0.556      -0.544      -0.522
    MVS11O          -0.332      -0.302      -0.287      -0.207      -0.128      -0.113      -0.083
    MVS12O          -0.755      -0.733      -0.721      -0.663      -0.604      -0.592      -0.570

 HAP      BY
    MVS13            0.503       0.525       0.537       0.598       0.659       0.671       0.694
    MVS14            0.550       0.571       0.583       0.640       0.698       0.709       0.731
    MVS15            0.247       0.275       0.290       0.365       0.440       0.454       0.483
    MVS16O          -0.527      -0.501      -0.487      -0.418      -0.348      -0.335      -0.309
    MVS17O          -0.746      -0.725      -0.714      -0.658      -0.601      -0.590      -0.569
    MVS18O          -0.722      -0.699      -0.687      -0.627      -0.567      -0.555      -0.532

 SUC      WITH
    CEN              0.676       0.701       0.714       0.780       0.846       0.858       0.883
    HAP              0.609       0.634       0.647       0.714       0.781       0.794       0.819

 CEN      WITH
    HAP              0.466       0.496       0.511       0.591       0.671       0.686       0.716

 MVS1     WITH
    MVS2            -0.097      -0.069      -0.054       0.022       0.099       0.113       0.142
    MVS3             0.096       0.124       0.139       0.214       0.289       0.303       0.331
    MVS7            -0.066      -0.038      -0.024       0.050       0.124       0.138       0.166
    MVS8            -0.032      -0.004       0.011       0.086       0.162       0.176       0.205
    MVS9             0.124       0.151       0.165       0.239       0.312       0.326       0.353
    MVS13            0.003       0.032       0.047       0.125       0.204       0.219       0.248
    MVS14            0.148       0.176       0.190       0.266       0.342       0.356       0.384
    MVS15            0.043       0.070       0.084       0.156       0.229       0.243       0.270

 MVS2     WITH
    MVS3             0.084       0.112       0.126       0.201       0.275       0.290       0.317
    MVS7             0.024       0.051       0.064       0.136       0.208       0.222       0.249
    MVS8             0.100       0.127       0.141       0.212       0.283       0.297       0.324
    MVS9            -0.018       0.011       0.025       0.101       0.177       0.191       0.220
    MVS13            0.133       0.161       0.175       0.248       0.321       0.335       0.363
    MVS14            0.119       0.147       0.161       0.237       0.312       0.326       0.354
    MVS15            0.003       0.030       0.044       0.117       0.189       0.203       0.230

 MVS3     WITH
    MVS7            -0.028       0.000       0.015       0.090       0.166       0.180       0.208
    MVS8             0.102       0.130       0.144       0.218       0.292       0.306       0.334
    MVS9             0.162       0.190       0.204       0.277       0.350       0.364       0.392
    MVS13            0.080       0.110       0.125       0.203       0.281       0.296       0.325
    MVS14            0.019       0.050       0.065       0.147       0.228       0.244       0.274
    MVS15           -0.036      -0.007       0.007       0.083       0.159       0.174       0.202

 MVS7     WITH
    MVS8             0.055       0.083       0.097       0.169       0.242       0.256       0.284
    MVS9             0.073       0.101       0.115       0.189       0.263       0.278       0.305
    MVS13           -0.005       0.023       0.038       0.115       0.191       0.206       0.235
    MVS14            0.033       0.062       0.077       0.154       0.232       0.247       0.276
    MVS15           -0.024       0.003       0.017       0.089       0.162       0.176       0.203

 MVS8     WITH
    MVS9             0.057       0.086       0.100       0.177       0.253       0.268       0.297
    MVS13            0.087       0.116       0.130       0.206       0.283       0.297       0.326
    MVS14            0.153       0.182       0.196       0.272       0.347       0.362       0.390
    MVS15            0.146       0.172       0.186       0.256       0.326       0.339       0.365

 MVS9     WITH
    MVS13            0.080       0.109       0.124       0.202       0.280       0.295       0.324
    MVS14            0.111       0.141       0.156       0.234       0.313       0.328       0.358
    MVS15            0.002       0.030       0.044       0.119       0.195       0.209       0.237

 MVS13    WITH
    MVS14            0.273       0.301       0.315       0.389       0.464       0.478       0.506
    MVS15            0.024       0.053       0.068       0.147       0.226       0.241       0.271

 MVS14    WITH
    MVS15            0.164       0.192       0.206       0.281       0.357       0.371       0.399

 Intercepts
    MVS1             2.947       3.012       3.045       3.220       3.394       3.427       3.493
    MVS2             2.068       2.118       2.143       2.276       2.409       2.435       2.484
    MVS3             2.581       2.639       2.669       2.825       2.981       3.011       3.070
    MVS7             2.411       2.466       2.495       2.644       2.793       2.821       2.877
    MVS8             3.192       3.262       3.298       3.485       3.672       3.708       3.778
    MVS9             2.937       3.002       3.036       3.211       3.386       3.419       3.485
    MVS13            2.798       2.860       2.891       3.056       3.221       3.253       3.315
    MVS14            2.940       3.004       3.037       3.208       3.379       3.412       3.476
    MVS15            2.793       2.855       2.886       3.052       3.217       3.249       3.311
    MVS4O            2.847       2.910       2.942       3.111       3.280       3.313       3.376
    MVS5O            3.154       3.222       3.258       3.442       3.625       3.661       3.729
    MVS6O            2.624       2.683       2.713       2.872       3.030       3.060       3.119
    MVS10O           2.796       2.858       2.890       3.057       3.223       3.255       3.317
    MVS11O           2.396       2.452       2.480       2.627       2.775       2.803       2.858
    MVS12O           3.030       3.096       3.130       3.308       3.486       3.520       3.586
    MVS16O           3.607       3.684       3.724       3.930       4.137       4.176       4.254
    MVS17O           2.463       2.519       2.548       2.699       2.849       2.878       2.935
    MVS18O           3.196       3.265       3.301       3.487       3.673       3.708       3.778

 Variances
    SUC              1.000       1.000       1.000       1.000       1.000       1.000       1.000
    CEN              1.000       1.000       1.000       1.000       1.000       1.000       1.000
    HAP              1.000       1.000       1.000       1.000       1.000       1.000       1.000

 Residual Variances
    MVS1             0.688       0.711       0.723       0.786       0.848       0.860       0.884
    MVS2             0.757       0.778       0.789       0.845       0.902       0.912       0.934
    MVS3             0.592       0.617       0.630       0.698       0.766       0.779       0.805
    MVS7             0.815       0.834       0.844       0.894       0.945       0.954       0.973
    MVS8             0.699       0.723       0.735       0.797       0.859       0.871       0.895
    MVS9             0.614       0.639       0.652       0.721       0.789       0.802       0.828
    MVS13            0.528       0.555       0.569       0.642       0.715       0.729       0.757
    MVS14            0.474       0.502       0.516       0.590       0.664       0.678       0.706
    MVS15            0.781       0.801       0.812       0.867       0.922       0.932       0.953
    MVS4O            0.528       0.555       0.568       0.639       0.709       0.723       0.749
    MVS5O            0.704       0.727       0.738       0.799       0.860       0.871       0.894
    MVS6O            0.491       0.518       0.531       0.603       0.675       0.689       0.716
    MVS10O           0.504       0.532       0.546       0.621       0.695       0.709       0.737
    MVS11O           0.905       0.918       0.924       0.957       0.990       0.996       1.009
    MVS12O           0.439       0.468       0.483       0.561       0.639       0.654       0.683
    MVS16O           0.735       0.756       0.767       0.826       0.884       0.895       0.917
    MVS17O           0.451       0.479       0.493       0.567       0.642       0.656       0.684
    MVS18O           0.488       0.517       0.531       0.607       0.683       0.697       0.725


STD Standardization

                  Lower .5%  Lower 2.5%    Lower 5%    Estimate    Upper 5%  Upper 2.5%   Upper .5%

 SUC      BY
    MVS1             0.358       0.388       0.403       0.483       0.563       0.578       0.608
    MVS2             0.281       0.311       0.327       0.408       0.490       0.506       0.536
    MVS3             0.472       0.503       0.519       0.600       0.682       0.697       0.728
    MVS4O           -0.710      -0.682      -0.668      -0.595      -0.522      -0.508      -0.481
    MVS5O           -0.543      -0.515      -0.501      -0.428      -0.355      -0.341      -0.314
    MVS6O           -0.721      -0.694      -0.681      -0.610      -0.539      -0.525      -0.499

 CEN      BY
    MVS7             0.194       0.224       0.240       0.320       0.401       0.417       0.447
    MVS8             0.328       0.357       0.372       0.450       0.528       0.543       0.572
    MVS9             0.420       0.450       0.465       0.543       0.622       0.637       0.666
    MVS10O          -0.712      -0.684      -0.670      -0.597      -0.524      -0.510      -0.482
    MVS11O          -0.310      -0.282      -0.267      -0.192      -0.116      -0.102      -0.074
    MVS12O          -0.743      -0.716      -0.702      -0.630      -0.558      -0.544      -0.517

 HAP      BY
    MVS13            0.498       0.527       0.542       0.620       0.697       0.712       0.741
    MVS14            0.562       0.591       0.606       0.685       0.763       0.778       0.807
    MVS15            0.262       0.295       0.312       0.400       0.489       0.506       0.539
    MVS16O          -0.501      -0.474      -0.460      -0.388      -0.317      -0.303      -0.276
    MVS17O          -0.796      -0.767      -0.753      -0.677      -0.601      -0.586      -0.557
    MVS18O          -0.699      -0.673      -0.659      -0.588      -0.517      -0.503      -0.476

 SUC      WITH
    CEN              0.676       0.701       0.714       0.780       0.846       0.858       0.883
    HAP              0.609       0.634       0.647       0.714       0.781       0.794       0.819

 CEN      WITH
    HAP              0.466       0.496       0.511       0.591       0.671       0.686       0.716

 MVS1     WITH
    MVS2            -0.086      -0.061      -0.048       0.020       0.087       0.100       0.126
    MVS3             0.070       0.096       0.110       0.180       0.251       0.265       0.291
    MVS7            -0.058      -0.034      -0.021       0.043       0.107       0.120       0.144
    MVS8            -0.028      -0.004       0.008       0.071       0.135       0.147       0.170
    MVS9             0.091       0.115       0.127       0.193       0.258       0.270       0.294
    MVS13           -0.001       0.022       0.034       0.096       0.158       0.170       0.193
    MVS14            0.102       0.126       0.138       0.202       0.266       0.278       0.303
    MVS15            0.035       0.062       0.076       0.148       0.220       0.233       0.260

 MVS2     WITH
    MVS3             0.063       0.090       0.104       0.175       0.246       0.260       0.286
    MVS7             0.018       0.043       0.055       0.121       0.187       0.200       0.225
    MVS8             0.078       0.102       0.115       0.181       0.246       0.259       0.283
    MVS9            -0.017       0.007       0.019       0.084       0.149       0.161       0.185
    MVS13            0.096       0.120       0.132       0.197       0.261       0.273       0.297
    MVS14            0.084       0.108       0.121       0.185       0.250       0.262       0.287
    MVS15            0.000       0.027       0.041       0.114       0.186       0.200       0.228

 MVS3     WITH
    MVS7            -0.025      -0.001       0.012       0.077       0.142       0.155       0.179
    MVS8             0.075       0.099       0.112       0.177       0.243       0.256       0.280
    MVS9             0.116       0.141       0.154       0.221       0.287       0.300       0.325
    MVS13            0.054       0.078       0.090       0.154       0.217       0.229       0.253
    MVS14            0.010       0.034       0.046       0.110       0.174       0.186       0.210
    MVS15           -0.035      -0.008       0.006       0.078       0.150       0.163       0.190

 MVS7     WITH
    MVS8             0.040       0.064       0.076       0.141       0.205       0.218       0.242
    MVS9             0.051       0.076       0.088       0.154       0.219       0.232       0.256
    MVS13           -0.006       0.017       0.028       0.089       0.149       0.161       0.183
    MVS14            0.022       0.045       0.057       0.118       0.179       0.191       0.214
    MVS15           -0.024       0.002       0.015       0.085       0.155       0.168       0.194

 MVS8     WITH
    MVS9             0.036       0.060       0.073       0.138       0.202       0.215       0.239
    MVS13            0.059       0.081       0.093       0.153       0.213       0.224       0.247
    MVS14            0.103       0.126       0.138       0.199       0.260       0.272       0.295
    MVS15            0.123       0.149       0.163       0.233       0.303       0.317       0.343

 MVS9     WITH
    MVS13            0.052       0.075       0.086       0.146       0.206       0.218       0.240
    MVS14            0.073       0.095       0.107       0.168       0.229       0.241       0.263
    MVS15           -0.001       0.025       0.038       0.106       0.175       0.188       0.214

 MVS13    WITH
    MVS14            0.153       0.180       0.194       0.265       0.337       0.351       0.378
    MVS15            0.013       0.040       0.054       0.125       0.196       0.210       0.237

 MVS14    WITH
    MVS15            0.119       0.147       0.161       0.236       0.311       0.325       0.353

 Intercepts
    MVS1             3.245       3.272       3.286       3.359       3.432       3.446       3.473
    MVS2             2.249       2.276       2.290       2.363       2.435       2.449       2.476
    MVS3             2.967       2.996       3.010       3.087       3.163       3.178       3.206
    MVS7             2.497       2.523       2.536       2.605       2.674       2.687       2.713
    MVS8             3.373       3.399       3.412       3.482       3.552       3.565       3.591
    MVS9             3.187       3.214       3.228       3.300       3.371       3.385       3.412
    MVS13            3.053       3.080       3.094       3.166       3.238       3.252       3.279
    MVS14            3.313       3.341       3.355       3.430       3.504       3.519       3.547
    MVS15            3.228       3.257       3.272       3.348       3.425       3.440       3.468
    MVS4O            2.973       2.999       3.012       3.081       3.150       3.164       3.190
    MVS5O            3.182       3.207       3.220       3.287       3.354       3.367       3.392
    MVS6O            2.674       2.699       2.712       2.780       2.847       2.860       2.886
    MVS10O           2.856       2.881       2.894       2.962       3.030       3.043       3.068
    MVS11O           2.328       2.353       2.365       2.430       2.494       2.507       2.531
    MVS12O           3.042       3.067       3.080       3.146       3.213       3.225       3.250
    MVS16O           3.553       3.578       3.590       3.655       3.720       3.733       3.757
    MVS17O           2.664       2.691       2.704       2.776       2.848       2.862       2.889
    MVS18O           3.166       3.191       3.203       3.269       3.334       3.347       3.372

 Variances
    SUC              1.000       1.000       1.000       1.000       1.000       1.000       1.000
    CEN              1.000       1.000       1.000       1.000       1.000       1.000       1.000
    HAP              1.000       1.000       1.000       1.000       1.000       1.000       1.000

 Residual Variances
    MVS1             0.708       0.743       0.761       0.855       0.949       0.967       1.002
    MVS2             0.759       0.796       0.814       0.911       1.007       1.026       1.062
    MVS3             0.682       0.718       0.737       0.834       0.931       0.949       0.985
    MVS7             0.726       0.760       0.777       0.868       0.958       0.976       1.010
    MVS8             0.659       0.691       0.708       0.796       0.883       0.900       0.933
    MVS9             0.622       0.656       0.673       0.761       0.850       0.866       0.900
    MVS13            0.552       0.585       0.602       0.689       0.776       0.793       0.826
    MVS14            0.532       0.566       0.584       0.674       0.765       0.782       0.816
    MVS15            0.870       0.911       0.933       1.043       1.154       1.175       1.217
    MVS4O            0.507       0.535       0.550       0.626       0.703       0.718       0.746
    MVS5O            0.606       0.635       0.650       0.729       0.807       0.822       0.852
    MVS6O            0.453       0.480       0.493       0.565       0.637       0.651       0.678
    MVS10O           0.465       0.493       0.508       0.583       0.658       0.672       0.701
    MVS11O           0.689       0.720       0.736       0.818       0.901       0.916       0.947
    MVS12O           0.394       0.421       0.435       0.507       0.580       0.594       0.621
    MVS16O           0.595       0.624       0.638       0.714       0.790       0.805       0.833
    MVS17O           0.472       0.503       0.519       0.600       0.682       0.698       0.729
    MVS18O           0.422       0.449       0.463       0.533       0.604       0.618       0.644


MODEL COMMAND WITH FINAL ESTIMATES USED AS STARTING VALUES

     suc BY mvs1*0.48298 (l1);
     suc BY mvs2*0.40840 (l2);
     suc BY mvs3*0.60014 (l3);
     suc BY mvs4o*-0.59521 (l4);
     suc BY mvs5o*-0.42835 (l5);
     suc BY mvs6o*-0.60977 (l6);
     cen BY mvs7*0.32049 (l7);
     cen BY mvs8*0.45017 (l8);
     cen BY mvs9*0.54320 (l9);
     cen BY mvs10o*-0.59685 (l10);
     cen BY mvs11o*-0.19180 (l11);
     cen BY mvs12o*-0.63020 (l12);
     hap BY mvs13*0.61966 (l13);
     hap BY mvs14*0.68455 (l14);
     hap BY mvs15*0.40044 (l15);
     hap BY mvs16o*-0.38838 (l16);
     hap BY mvs17o*-0.67660 (l17);
     hap BY mvs18o*-0.58782 (l18);

     mvs1 WITH mvs2*0.01969;
     mvs1 WITH mvs3*0.18045;
     mvs1 WITH mvs7*0.04304;
     mvs1 WITH mvs8*0.07111;
     mvs1 WITH mvs9*0.19252;
     mvs1 WITH mvs13*0.09620;
     mvs1 WITH mvs14*0.20201;
     mvs1 WITH mvs15*0.14781;
     mvs2 WITH mvs3*0.17491;
     mvs2 WITH mvs7*0.12118;
     mvs2 WITH mvs8*0.18055;
     mvs2 WITH mvs9*0.08395;
     mvs2 WITH mvs13*0.19653;
     mvs2 WITH mvs14*0.18543;
     mvs2 WITH mvs15*0.11381;
     mvs3 WITH mvs7*0.07677;
     mvs3 WITH mvs8*0.17735;
     mvs3 WITH mvs9*0.22075;
     mvs3 WITH mvs13*0.15353;
     mvs3 WITH mvs14*0.11003;
     mvs3 WITH mvs15*0.07762;
     mvs7 WITH mvs8*0.14084;
     mvs7 WITH mvs9*0.15373;
     mvs7 WITH mvs13*0.08872;
     mvs7 WITH mvs14*0.11797;
     mvs7 WITH mvs15*0.08491;
     mvs8 WITH mvs9*0.13762;
     mvs8 WITH mvs13*0.15289;
     mvs8 WITH mvs14*0.19903;
     mvs8 WITH mvs15*0.23305;
     mvs9 WITH mvs13*0.14640;
     mvs9 WITH mvs14*0.16799;
     mvs9 WITH mvs15*0.10639;
     mvs13 WITH mvs14*0.26547;
     mvs13 WITH mvs15*0.12492;
     mvs14 WITH mvs15*0.23611;
     suc WITH cen*0.77963;
     suc WITH hap*0.71383;
     cen WITH hap*0.59096;

     [ mvs1*3.35921 ];
     [ mvs2*2.36282 ];
     [ mvs3*3.08664 ];
     [ mvs7*2.60469 ];
     [ mvs8*3.48195 ];
     [ mvs9*3.29964 ];
     [ mvs13*3.16606 ];
     [ mvs14*3.42960 ];
     [ mvs15*3.34838 ];
     [ mvs4o*3.08123 ];
     [ mvs5o*3.28700 ];
     [ mvs6o*2.77978 ];
     [ mvs10o*2.96209 ];
     [ mvs11o*2.42960 ];
     [ mvs12o*3.14621 ];
     [ mvs16o*3.65523 ];
     [ mvs17o*2.77617 ];
     [ mvs18o*3.26895 ];

     mvs1*0.85526 (ev1);
     mvs2*0.91076 (ev2);
     mvs3*0.83357 (ev3);
     mvs7*0.86792 (ev7);
     mvs8*0.79553 (ev8);
     mvs9*0.76102 (ev9);
     mvs13*0.68912 (ev13);
     mvs14*0.67435 (ev14);
     mvs15*1.04333 (ev15);
     mvs4o*0.62649 (ev4);
     mvs5o*0.72873 (ev5);
     mvs6o*0.56525 (ev6);
     mvs10o*0.58276 (ev10);
     mvs11o*0.81837 (ev11);
     mvs12o*0.50746 (ev12);
     mvs16o*0.71405 (ev16);
     mvs17o*0.60042 (ev17);
     mvs18o*0.53340 (ev18);
     suc@1;
     cen@1;
     hap@1;



TECHNICAL 1 OUTPUT


     PARAMETER SPECIFICATION


           NU
              MVS1          MVS2          MVS3          MVS7          MVS8
              ________      ________      ________      ________      ________
                  1             2             3             4             5


           NU
              MVS9          MVS13         MVS14         MVS15         MVS4O
              ________      ________      ________      ________      ________
                  6             7             8             9            10


           NU
              MVS5O         MVS6O         MVS10O        MVS11O        MVS12O
              ________      ________      ________      ________      ________
                 11            12            13            14            15


           NU
              MVS16O        MVS17O        MVS18O
              ________      ________      ________
                 16            17            18


           LAMBDA
              SUC           CEN           HAP
              ________      ________      ________
 MVS1              19             0             0
 MVS2              20             0             0
 MVS3              21             0             0
 MVS7               0            22             0
 MVS8               0            23             0
 MVS9               0            24             0
 MVS13              0             0            25
 MVS14              0             0            26
 MVS15              0             0            27
 MVS4O             28             0             0
 MVS5O             29             0             0
 MVS6O             30             0             0
 MVS10O             0            31             0
 MVS11O             0            32             0
 MVS12O             0            33             0
 MVS16O             0             0            34
 MVS17O             0             0            35
 MVS18O             0             0            36


           THETA
              MVS1          MVS2          MVS3          MVS7          MVS8
              ________      ________      ________      ________      ________
 MVS1              37
 MVS2              38            39
 MVS3              40            41            42
 MVS7              43            44            45            46
 MVS8              47            48            49            50            51
 MVS9              52            53            54            55            56
 MVS13             58            59            60            61            62
 MVS14             65            66            67            68            69
 MVS15             73            74            75            76            77
 MVS4O              0             0             0             0             0
 MVS5O              0             0             0             0             0
 MVS6O              0             0             0             0             0
 MVS10O             0             0             0             0             0
 MVS11O             0             0             0             0             0
 MVS12O             0             0             0             0             0
 MVS16O             0             0             0             0             0
 MVS17O             0             0             0             0             0
 MVS18O             0             0             0             0             0


           THETA
              MVS9          MVS13         MVS14         MVS15         MVS4O
              ________      ________      ________      ________      ________
 MVS9              57
 MVS13             63            64
 MVS14             70            71            72
 MVS15             78            79            80            81
 MVS4O              0             0             0             0            82
 MVS5O              0             0             0             0             0
 MVS6O              0             0             0             0             0
 MVS10O             0             0             0             0             0
 MVS11O             0             0             0             0             0
 MVS12O             0             0             0             0             0
 MVS16O             0             0             0             0             0
 MVS17O             0             0             0             0             0
 MVS18O             0             0             0             0             0


           THETA
              MVS5O         MVS6O         MVS10O        MVS11O        MVS12O
              ________      ________      ________      ________      ________
 MVS5O             83
 MVS6O              0            84
 MVS10O             0             0            85
 MVS11O             0             0             0            86
 MVS12O             0             0             0             0            87
 MVS16O             0             0             0             0             0
 MVS17O             0             0             0             0             0
 MVS18O             0             0             0             0             0


           THETA
              MVS16O        MVS17O        MVS18O
              ________      ________      ________
 MVS16O            88
 MVS17O             0            89
 MVS18O             0             0            90


           ALPHA
              SUC           CEN           HAP
              ________      ________      ________
                  0             0             0


           BETA
              SUC           CEN           HAP
              ________      ________      ________
 SUC                0             0             0
 CEN                0             0             0
 HAP                0             0             0


           PSI
              SUC           CEN           HAP
              ________      ________      ________
 SUC                0
 CEN               91             0
 HAP               92            93             0


     STARTING VALUES


           NU
              MVS1          MVS2          MVS3          MVS7          MVS8
              ________      ________      ________      ________      ________
                3.359         2.363         3.087         2.605         3.482


           NU
              MVS9          MVS13         MVS14         MVS15         MVS4O
              ________      ________      ________      ________      ________
                3.300         3.166         3.430         3.348         3.081


           NU
              MVS5O         MVS6O         MVS10O        MVS11O        MVS12O
              ________      ________      ________      ________      ________
                3.287         2.780         2.962         2.430         3.146


           NU
              MVS16O        MVS17O        MVS18O
              ________      ________      ________
                3.655         2.776         3.269


           LAMBDA
              SUC           CEN           HAP
              ________      ________      ________
 MVS1           1.000         0.000         0.000
 MVS2           1.000         0.000         0.000
 MVS3           1.000         0.000         0.000
 MVS7           0.000         1.000         0.000
 MVS8           0.000         1.000         0.000
 MVS9           0.000         1.000         0.000
 MVS13          0.000         0.000         1.000
 MVS14          0.000         0.000         1.000
 MVS15          0.000         0.000         1.000
 MVS4O          1.000         0.000         0.000
 MVS5O          1.000         0.000         0.000
 MVS6O          1.000         0.000         0.000
 MVS10O         0.000         1.000         0.000
 MVS11O         0.000         1.000         0.000
 MVS12O         0.000         1.000         0.000
 MVS16O         0.000         0.000         1.000
 MVS17O         0.000         0.000         1.000
 MVS18O         0.000         0.000         1.000


           THETA
              MVS1          MVS2          MVS3          MVS7          MVS8
              ________      ________      ________      ________      ________
 MVS1           0.541
 MVS2           0.000         0.534
 MVS3           0.000         0.000         0.596
 MVS7           0.000         0.000         0.000         0.482
 MVS8           0.000         0.000         0.000         0.000         0.491
 MVS9           0.000         0.000         0.000         0.000         0.000
 MVS13          0.000         0.000         0.000         0.000         0.000
 MVS14          0.000         0.000         0.000         0.000         0.000
 MVS15          0.000         0.000         0.000         0.000         0.000
 MVS4O          0.000         0.000         0.000         0.000         0.000
 MVS5O          0.000         0.000         0.000         0.000         0.000
 MVS6O          0.000         0.000         0.000         0.000         0.000
 MVS10O         0.000         0.000         0.000         0.000         0.000
 MVS11O         0.000         0.000         0.000         0.000         0.000
 MVS12O         0.000         0.000         0.000         0.000         0.000
 MVS16O         0.000         0.000         0.000         0.000         0.000
 MVS17O         0.000         0.000         0.000         0.000         0.000
 MVS18O         0.000         0.000         0.000         0.000         0.000


           THETA
              MVS9          MVS13         MVS14         MVS15         MVS4O
              ________      ________      ________      ________      ________
 MVS9           0.518
 MVS13          0.000         0.542
 MVS14          0.000         0.000         0.577
 MVS15          0.000         0.000         0.000         0.604
 MVS4O          0.000         0.000         0.000         0.000         0.490
 MVS5O          0.000         0.000         0.000         0.000         0.000
 MVS6O          0.000         0.000         0.000         0.000         0.000
 MVS10O         0.000         0.000         0.000         0.000         0.000
 MVS11O         0.000         0.000         0.000         0.000         0.000
 MVS12O         0.000         0.000         0.000         0.000         0.000
 MVS16O         0.000         0.000         0.000         0.000         0.000
 MVS17O         0.000         0.000         0.000         0.000         0.000
 MVS18O         0.000         0.000         0.000         0.000         0.000


           THETA
              MVS5O         MVS6O         MVS10O        MVS11O        MVS12O
              ________      ________      ________      ________      ________
 MVS5O          0.456
 MVS6O          0.000         0.469
 MVS10O         0.000         0.000         0.469
 MVS11O         0.000         0.000         0.000         0.428
 MVS12O         0.000         0.000         0.000         0.000         0.452
 MVS16O         0.000         0.000         0.000         0.000         0.000
 MVS17O         0.000         0.000         0.000         0.000         0.000
 MVS18O         0.000         0.000         0.000         0.000         0.000


           THETA
              MVS16O        MVS17O        MVS18O
              ________      ________      ________
 MVS16O         0.432
 MVS17O         0.000         0.529
 MVS18O         0.000         0.000         0.439


           ALPHA
              SUC           CEN           HAP
              ________      ________      ________
                0.000         0.000         0.000


           BETA
              SUC           CEN           HAP
              ________      ________      ________
 SUC            0.000         0.000         0.000
 CEN            0.000         0.000         0.000
 HAP            0.000         0.000         0.000


           PSI
              SUC           CEN           HAP
              ________      ________      ________
 SUC            1.000
 CEN            0.000         1.000
 HAP            0.000         0.000         1.000


DIAGRAM INFORMATION

  Use View Diagram under the Diagram menu in the Mplus Editor to view the diagram.
  If running Mplus from the Mplus Diagrammer, the diagram opens automatically.

  Diagram output
    c:\users\jxb14\dropbox (personal)\consumeropinions\feb18oct18\18items\metric\singlegroup\11-t3cupos-metric-ml.dgm

     Beginning Time:  18:07:26
        Ending Time:  18:07:26
       Elapsed Time:  00:00:00



MUTHEN & MUTHEN
3463 Stoner Ave.
Los Angeles, CA  90066

Tel: (310) 391-9971
Fax: (310) 391-8971
Web: www.StatModel.com
Support: Support@StatModel.com

Copyright (c) 1998-2018 Muthen & Muthen
