Mplus VERSION 8.2
MUTHEN & MUTHEN
12/13/2018   6:08 PM

INPUT INSTRUCTIONS

  TITLE: cfa with metric data (18 items)
         correlated uniquenesses for reversed items

  DATA: file = mvs.dat;

  VARIABLE:
    names = idnum satopt ars ars01 im mvs1-mvs18;
    usevar = mvs1 mvs2 mvs3 mvs7 mvs8 mvs9 mvs13 mvs14 mvs15
             mvs4o mvs5o mvs6o mvs10o mvs11o mvs12o mvs16o mvs17o mvs18o;

    missing = all(-99);

  DEFINE:

    mvs4o=6-mvs4;
    mvs5o=6-mvs5;
    mvs6o=6-mvs6;
    mvs10o=6-mvs10;
    mvs11o=6-mvs11;
    mvs12o=6-mvs12;
    mvs16o=6-mvs16;
    mvs17o=6-mvs17;
    mvs18o=6-mvs18;

  ANALYSIS:

    ESTIMATOR=ML;

  MODEL:

    SUC BY mvs1*1 (l1)
           mvs2 (l2)
           mvs3 (l3)
           mvs4o (l4)
           mvs5o (l5)
           mvs6o (l6);
    CEN BY mvs7*1 (l7)
           mvs8 (l8)
           mvs9 (l9)
           mvs10o (l10)
           mvs11o (l11)
           mvs12o (l12);
    HAP BY mvs13*1 (l13)
           mvs14 (l14)
           mvs15 (l15)
           mvs16o (l16)
           mvs17o (l17)
           mvs18o (l18);

    SUC@1;
    CEN@1;
    HAP@1;

    SUC WITH CEN;
    SUC WITH HAP;
    CEN WITH HAP;

    mvs1 (ev1);
    mvs2 (ev2);
    mvs3 (ev3);
    mvs4o (ev4);
    mvs5o (ev5);
    mvs6o (ev6);
    mvs7 (ev7);
    mvs8 (ev8);
    mvs9 (ev9);
    mvs10o (ev10);
    mvs11o (ev11);
    mvs12o (ev12);
    mvs13 (ev13);
    mvs14 (ev14);
    mvs15 (ev15);
    mvs16o (ev16);
    mvs17o (ev17);
    mvs18o (ev18);

    mvs4o WITH mvs5o mvs6o mvs10o mvs11o mvs12o mvs16o mvs17o mvs18o;
    mvs5o WITH mvs6o mvs10o mvs11o mvs12o mvs16o mvs17o mvs18o;
    mvs6o WITH mvs10o mvs11o mvs12o mvs16o mvs17o mvs18o;

    mvs10o WITH mvs11o mvs12o mvs16o mvs17o mvs18o;
    mvs11o WITH mvs12o mvs16o mvs17o mvs18o;
    mvs12o WITH mvs16o mvs17o mvs18o;

    mvs16o WITH mvs17o mvs18o;
    mvs17o WITH mvs18o;

  MODEL CONSTRAINT:

    !ev7>0;
    !ev2>0;
    !l7>0;

  OUTPUT: TECH1 MOD (3.84) svalues CINTERVAL standardized;





INPUT READING TERMINATED NORMALLY



cfa with metric data (18 items)
correlated uniquenesses for reversed items

SUMMARY OF ANALYSIS

Number of groups                                                 1
Number of observations                                         554

Number of dependent variables                                   18
Number of independent variables                                  0
Number of continuous latent variables                            3

Observed dependent variables

  Continuous
   MVS1        MVS2        MVS3        MVS7        MVS8        MVS9
   MVS13       MVS14       MVS15       MVS4O       MVS5O       MVS6O
   MVS10O      MVS11O      MVS12O      MVS16O      MVS17O      MVS18O

Continuous latent variables
   SUC         CEN         HAP


Estimator                                                       ML
Information matrix                                        OBSERVED
Maximum number of iterations                                  1000
Convergence criterion                                    0.500D-04
Maximum number of steepest descent iterations                   20
Maximum number of iterations for H1                           2000
Convergence criterion for H1                             0.100D-03

Input data file(s)
  mvs.dat

Input data format  FREE


SUMMARY OF DATA

     Number of missing data patterns             1


COVARIANCE COVERAGE OF DATA

Minimum covariance coverage value   0.100


     PROPORTION OF DATA PRESENT


           Covariance Coverage
              MVS1          MVS2          MVS3          MVS7          MVS8
              ________      ________      ________      ________      ________
 MVS1           1.000
 MVS2           1.000         1.000
 MVS3           1.000         1.000         1.000
 MVS7           1.000         1.000         1.000         1.000
 MVS8           1.000         1.000         1.000         1.000         1.000
 MVS9           1.000         1.000         1.000         1.000         1.000
 MVS13          1.000         1.000         1.000         1.000         1.000
 MVS14          1.000         1.000         1.000         1.000         1.000
 MVS15          1.000         1.000         1.000         1.000         1.000
 MVS4O          1.000         1.000         1.000         1.000         1.000
 MVS5O          1.000         1.000         1.000         1.000         1.000
 MVS6O          1.000         1.000         1.000         1.000         1.000
 MVS10O         1.000         1.000         1.000         1.000         1.000
 MVS11O         1.000         1.000         1.000         1.000         1.000
 MVS12O         1.000         1.000         1.000         1.000         1.000
 MVS16O         1.000         1.000         1.000         1.000         1.000
 MVS17O         1.000         1.000         1.000         1.000         1.000
 MVS18O         1.000         1.000         1.000         1.000         1.000


           Covariance Coverage
              MVS9          MVS13         MVS14         MVS15         MVS4O
              ________      ________      ________      ________      ________
 MVS9           1.000
 MVS13          1.000         1.000
 MVS14          1.000         1.000         1.000
 MVS15          1.000         1.000         1.000         1.000
 MVS4O          1.000         1.000         1.000         1.000         1.000
 MVS5O          1.000         1.000         1.000         1.000         1.000
 MVS6O          1.000         1.000         1.000         1.000         1.000
 MVS10O         1.000         1.000         1.000         1.000         1.000
 MVS11O         1.000         1.000         1.000         1.000         1.000
 MVS12O         1.000         1.000         1.000         1.000         1.000
 MVS16O         1.000         1.000         1.000         1.000         1.000
 MVS17O         1.000         1.000         1.000         1.000         1.000
 MVS18O         1.000         1.000         1.000         1.000         1.000


           Covariance Coverage
              MVS5O         MVS6O         MVS10O        MVS11O        MVS12O
              ________      ________      ________      ________      ________
 MVS5O          1.000
 MVS6O          1.000         1.000
 MVS10O         1.000         1.000         1.000
 MVS11O         1.000         1.000         1.000         1.000
 MVS12O         1.000         1.000         1.000         1.000         1.000
 MVS16O         1.000         1.000         1.000         1.000         1.000
 MVS17O         1.000         1.000         1.000         1.000         1.000
 MVS18O         1.000         1.000         1.000         1.000         1.000


           Covariance Coverage
              MVS16O        MVS17O        MVS18O
              ________      ________      ________
 MVS16O         1.000
 MVS17O         1.000         1.000
 MVS18O         1.000         1.000         1.000



UNIVARIATE SAMPLE STATISTICS


     UNIVARIATE HIGHER-ORDER MOMENT DESCRIPTIVE STATISTICS

         Variable/         Mean/     Skewness/   Minimum/ % with                Percentiles
        Sample Size      Variance    Kurtosis    Maximum  Min/Max      20%/60%    40%/80%    Median

     MVS1                  3.359      -0.412       1.000    3.97%       2.000      3.000      4.000
             554.000       1.082      -0.647       5.000   10.47%       4.000      4.000
     MVS2                  2.363       0.467       1.000   20.76%       1.000      2.000      2.000
             554.000       1.069      -0.629       5.000    1.62%       2.000      3.000
     MVS3                  3.087      -0.280       1.000    7.94%       2.000      3.000      3.000
             554.000       1.191      -0.959       5.000    5.60%       4.000      4.000
     MVS7                  2.605       0.467       1.000    9.39%       2.000      2.000      2.000
             554.000       0.965      -0.413       5.000    3.25%       3.000      4.000
     MVS8                  3.482      -0.467       1.000    2.17%       2.000      3.000      4.000
             554.000       0.983      -0.535       5.000   12.09%       4.000      4.000
     MVS9                  3.300      -0.214       1.000    3.07%       2.000      3.000      3.000
             554.000       1.037      -0.735       5.000   10.29%       4.000      4.000
     MVS13                 3.166      -0.172       1.000    3.61%       2.000      3.000      3.000
             554.000       1.084      -1.048       5.000    6.68%       4.000      4.000
     MVS14                 3.430      -0.350       1.000    2.89%       2.000      3.000      4.000
             554.000       1.155      -0.845       5.000   14.62%       4.000      4.000
     MVS15                 3.348      -0.362       1.000    4.51%       2.000      3.000      4.000
             554.000       1.209      -0.851       5.000   12.45%       4.000      4.000
     MVS4O                 3.081       0.105       1.000    1.81%       2.000      3.000      3.000
             554.000       0.981      -1.057       5.000    6.14%       3.000      4.000
     MVS5O                 3.287      -0.201       1.000    1.62%       2.000      3.000      3.000
             554.000       0.912      -0.811       5.000    7.40%       4.000      4.000
     MVS6O                 2.780       0.344       1.000    4.33%       2.000      2.000      3.000
             554.000       0.937      -0.916       5.000    2.71%       3.000      4.000
     MVS10O                2.962       0.064       1.000    3.43%       2.000      3.000      3.000
             554.000       0.939      -1.024       5.000    3.25%       3.000      4.000
     MVS11O                2.430       0.652       1.000   10.83%       2.000      2.000      2.000
             554.000       0.855      -0.191       5.000    1.44%       2.000      3.000
     MVS12O                3.146      -0.043       1.000    1.99%       2.000      3.000      3.000
             554.000       0.905      -0.873       5.000    5.60%       4.000      4.000
     MVS16O                3.655      -0.733       1.000    1.81%       3.000      4.000      4.000
             554.000       0.865       0.120       5.000   14.08%       4.000      4.000
     MVS17O                2.776       0.418       1.000    5.78%       2.000      2.000      2.500
             554.000       1.058      -0.772       5.000    5.05%       3.000      4.000
     MVS18O                3.269      -0.203       1.000    1.44%       2.000      3.000      3.000
             554.000       0.879      -0.831       5.000    6.32%       4.000      4.000


THE MODEL ESTIMATION TERMINATED NORMALLY



MODEL FIT INFORMATION

Number of Free Parameters                       93

Loglikelihood

          H0 Value                      -13028.116
          H1 Value                      -12930.493

Information Criteria

          Akaike (AIC)                   26242.232
          Bayesian (BIC)                 26643.728
          Sample-Size Adjusted BIC       26348.504
            (n* = (n + 2) / 24)

Chi-Square Test of Model Fit

          Value                            195.246
          Degrees of Freedom                    96
          P-Value                           0.0000

RMSEA (Root Mean Square Error Of Approximation)

          Estimate                           0.043
          90 Percent C.I.                    0.034  0.052
          Probability RMSEA <= .05           0.899

CFI/TLI

          CFI                                0.957
          TLI                                0.931

Chi-Square Test of Model Fit for the Baseline Model

          Value                           2440.337
          Degrees of Freedom                   153
          P-Value                           0.0000

SRMR (Standardized Root Mean Square Residual)

          Value                              0.034



MODEL RESULTS

                                                    Two-Tailed
                    Estimate       S.E.  Est./S.E.    P-Value

 SUC      BY
    MVS1               0.597      0.046     12.896      0.000
    MVS2               0.524      0.047     11.183      0.000
    MVS3               0.757      0.047     16.090      0.000
    MVS4O             -0.455      0.045    -10.030      0.000
    MVS5O             -0.302      0.045     -6.669      0.000
    MVS6O             -0.476      0.044    -10.868      0.000

 CEN      BY
    MVS7               0.439      0.047      9.394      0.000
    MVS8               0.587      0.045     12.935      0.000
    MVS9               0.692      0.046     15.140      0.000
    MVS10O            -0.383      0.046     -8.392      0.000
    MVS11O            -0.078      0.046     -1.687      0.092
    MVS12O            -0.445      0.044    -10.032      0.000

 HAP      BY
    MVS13              0.773      0.041     18.795      0.000
    MVS14              0.902      0.041     22.028      0.000
    MVS15              0.547      0.047     11.528      0.000
    MVS16O            -0.293      0.043     -6.882      0.000
    MVS17O            -0.603      0.043    -13.940      0.000
    MVS18O            -0.488      0.041    -12.041      0.000

 SUC      WITH
    CEN                0.788      0.039     20.263      0.000
    HAP                0.707      0.037     19.241      0.000

 CEN      WITH
    HAP                0.627      0.042     14.962      0.000

 MVS4O    WITH
    MVS5O              0.144      0.037      3.891      0.000
    MVS6O              0.129      0.036      3.611      0.000
    MVS10O             0.140      0.036      3.887      0.000
    MVS11O             0.068      0.036      1.887      0.059
    MVS12O             0.124      0.035      3.605      0.000
    MVS16O             0.054      0.035      1.574      0.115
    MVS17O             0.117      0.034      3.396      0.001
    MVS18O             0.115      0.033      3.500      0.000

 MVS5O    WITH
    MVS6O              0.091      0.035      2.563      0.010
    MVS10O             0.096      0.036      2.665      0.008
    MVS11O             0.059      0.036      1.646      0.100
    MVS12O             0.116      0.035      3.356      0.001
    MVS16O             0.046      0.035      1.308      0.191
    MVS17O             0.140      0.035      4.000      0.000
    MVS18O             0.104      0.033      3.151      0.002

 MVS6O    WITH
    MVS10O             0.188      0.035      5.329      0.000
    MVS11O             0.147      0.035      4.179      0.000
    MVS12O             0.153      0.034      4.554      0.000
    MVS16O             0.035      0.033      1.064      0.287
    MVS17O             0.088      0.033      2.645      0.008
    MVS18O             0.108      0.032      3.413      0.001

 MVS10O   WITH
    MVS11O             0.056      0.036      1.556      0.120
    MVS12O             0.210      0.037      5.724      0.000
    MVS16O             0.041      0.035      1.191      0.233
    MVS17O             0.104      0.034      3.020      0.003
    MVS18O             0.179      0.033      5.367      0.000

 MVS11O   WITH
    MVS12O             0.112      0.035      3.178      0.001
    MVS16O             0.001      0.035      0.026      0.979
    MVS17O             0.076      0.035      2.189      0.029
    MVS18O             0.055      0.033      1.658      0.097

 MVS12O   WITH
    MVS16O             0.038      0.033      1.146      0.252
    MVS17O             0.071      0.033      2.151      0.031
    MVS18O             0.132      0.032      4.167      0.000

 MVS16O   WITH
    MVS17O             0.074      0.034      2.175      0.030
    MVS18O             0.159      0.033      4.818      0.000

 MVS17O   WITH
    MVS18O             0.044      0.032      1.385      0.166

 Intercepts
    MVS1               3.359      0.044     76.006      0.000
    MVS2               2.363      0.044     53.796      0.000
    MVS3               3.087      0.046     66.570      0.000
    MVS7               2.605      0.042     62.420      0.000
    MVS8               3.482      0.042     82.681      0.000
    MVS9               3.300      0.043     76.282      0.000
    MVS13              3.166      0.044     71.564      0.000
    MVS14              3.430      0.046     75.119      0.000
    MVS15              3.348      0.047     71.678      0.000
    MVS4O              3.081      0.042     73.247      0.000
    MVS5O              3.287      0.041     81.004      0.000
    MVS6O              2.780      0.041     67.617      0.000
    MVS10O             2.962      0.041     72.132      0.000
    MVS11O             2.430      0.039     61.838      0.000
    MVS12O             3.146      0.040     78.022      0.000
    MVS16O             3.655      0.040     92.375      0.000
    MVS17O             2.776      0.044     63.203      0.000
    MVS18O             3.269      0.040     81.543      0.000

 Variances
    SUC                1.000      0.000    999.000    999.000
    CEN                1.000      0.000    999.000    999.000
    HAP                1.000      0.000    999.000    999.000

 Residual Variances
    MVS1               0.726      0.051     14.169      0.000
    MVS2               0.794      0.053     14.884      0.000
    MVS3               0.618      0.052     11.878      0.000
    MVS7               0.772      0.051     15.049      0.000
    MVS8               0.638      0.048     13.333      0.000
    MVS9               0.557      0.049     11.432      0.000
    MVS13              0.487      0.039     12.518      0.000
    MVS14              0.341      0.039      8.856      0.000
    MVS15              0.909      0.058     15.604      0.000
    MVS4O              0.773      0.051     15.213      0.000
    MVS5O              0.821      0.051     16.023      0.000
    MVS6O              0.710      0.047     14.984      0.000
    MVS10O             0.788      0.051     15.460      0.000
    MVS11O             0.849      0.051     16.595      0.000
    MVS12O             0.703      0.047     14.897      0.000
    MVS16O             0.781      0.048     16.239      0.000
    MVS17O             0.705      0.047     14.955      0.000
    MVS18O             0.652      0.042     15.350      0.000


STANDARDIZED MODEL RESULTS


STDYX Standardization

                                                    Two-Tailed
                    Estimate       S.E.  Est./S.E.    P-Value

 SUC      BY
    MVS1               0.573      0.036     16.014      0.000
    MVS2               0.507      0.038     13.184      0.000
    MVS3               0.694      0.031     22.232      0.000
    MVS4O             -0.460      0.040    -11.423      0.000
    MVS5O             -0.317      0.045     -7.070      0.000
    MVS6O             -0.492      0.039    -12.646      0.000

 CEN      BY
    MVS7               0.447      0.042     10.549      0.000
    MVS8               0.592      0.037     16.009      0.000
    MVS9               0.680      0.034     20.039      0.000
    MVS10O            -0.396      0.043     -9.160      0.000
    MVS11O            -0.085      0.050     -1.694      0.090
    MVS12O            -0.469      0.041    -11.398      0.000

 HAP      BY
    MVS13              0.742      0.025     29.904      0.000
    MVS14              0.839      0.021     39.998      0.000
    MVS15              0.498      0.036     13.782      0.000
    MVS16O            -0.315      0.043     -7.346      0.000
    MVS17O            -0.583      0.032    -18.076      0.000
    MVS18O            -0.517      0.035    -14.609      0.000

 SUC      WITH
    CEN                0.788      0.039     20.263      0.000
    HAP                0.707      0.037     19.241      0.000

 CEN      WITH
    HAP                0.627      0.042     14.962      0.000

 MVS4O    WITH
    MVS5O              0.181      0.044      4.156      0.000
    MVS6O              0.174      0.045      3.881      0.000
    MVS10O             0.179      0.044      4.101      0.000
    MVS11O             0.083      0.044      1.908      0.056
    MVS12O             0.169      0.045      3.786      0.000
    MVS16O             0.070      0.044      1.588      0.112
    MVS17O             0.158      0.045      3.535      0.000
    MVS18O             0.162      0.044      3.655      0.000

 MVS5O    WITH
    MVS6O              0.119      0.045      2.650      0.008
    MVS10O             0.119      0.044      2.731      0.006
    MVS11O             0.071      0.043      1.660      0.097
    MVS12O             0.153      0.044      3.491      0.000
    MVS16O             0.057      0.043      1.316      0.188
    MVS17O             0.184      0.044      4.209      0.000
    MVS18O             0.142      0.044      3.256      0.001

 MVS6O    WITH
    MVS10O             0.252      0.043      5.910      0.000
    MVS11O             0.189      0.043      4.409      0.000
    MVS12O             0.217      0.044      4.935      0.000
    MVS16O             0.048      0.045      1.068      0.285
    MVS17O             0.124      0.046      2.716      0.007
    MVS18O             0.159      0.045      3.563      0.000

 MVS10O   WITH
    MVS11O             0.069      0.044      1.569      0.117
    MVS12O             0.282      0.042      6.687      0.000
    MVS16O             0.053      0.044      1.197      0.231
    MVS17O             0.140      0.045      3.105      0.002
    MVS18O             0.250      0.042      5.899      0.000

 MVS11O   WITH
    MVS12O             0.144      0.044      3.286      0.001
    MVS16O             0.001      0.043      0.026      0.979
    MVS17O             0.098      0.044      2.220      0.026
    MVS18O             0.073      0.044      1.672      0.094

 MVS12O   WITH
    MVS16O             0.051      0.044      1.151      0.250
    MVS17O             0.100      0.046      2.184      0.029
    MVS18O             0.194      0.044      4.419      0.000

 MVS16O   WITH
    MVS17O             0.100      0.045      2.228      0.026
    MVS18O             0.223      0.042      5.272      0.000

 MVS17O   WITH
    MVS18O             0.066      0.047      1.410      0.159

 Intercepts
    MVS1               3.229      0.106     30.491      0.000
    MVS2               2.286      0.081     28.306      0.000
    MVS3               2.828      0.095     29.772      0.000
    MVS7               2.652      0.090     29.371      0.000
    MVS8               3.513      0.114     30.878      0.000
    MVS9               3.241      0.106     30.509      0.000
    MVS13              3.040      0.101     30.182      0.000
    MVS14              3.191      0.105     30.433      0.000
    MVS15              3.045      0.101     30.190      0.000
    MVS4O              3.112      0.103     30.349      0.000
    MVS5O              3.442      0.112     30.806      0.000
    MVS6O              2.873      0.096     29.936      0.000
    MVS10O             3.065      0.101     30.383      0.000
    MVS11O             2.627      0.090     29.308      0.000
    MVS12O             3.315      0.108     30.738      0.000
    MVS16O             3.925      0.126     31.236      0.000
    MVS17O             2.685      0.091     29.354      0.000
    MVS18O             3.464      0.113     30.689      0.000

 Variances
    SUC                1.000      0.000    999.000    999.000
    CEN                1.000      0.000    999.000    999.000
    HAP                1.000      0.000    999.000    999.000

 Residual Variances
    MVS1               0.671      0.041     16.340      0.000
    MVS2               0.743      0.039     19.031      0.000
    MVS3               0.519      0.043     11.995      0.000
    MVS7               0.800      0.038     21.080      0.000
    MVS8               0.649      0.044     14.831      0.000
    MVS9               0.537      0.046     11.640      0.000
    MVS13              0.449      0.037     12.170      0.000
    MVS14              0.295      0.035      8.384      0.000
    MVS15              0.752      0.036     20.914      0.000
    MVS4O              0.789      0.037     21.323      0.000
    MVS5O              0.900      0.028     31.755      0.000
    MVS6O              0.758      0.038     19.822      0.000
    MVS10O             0.843      0.034     24.592      0.000
    MVS11O             0.993      0.008    117.150      0.000
    MVS12O             0.780      0.039     20.228      0.000
    MVS16O             0.901      0.027     33.337      0.000
    MVS17O             0.660      0.038     17.528      0.000
    MVS18O             0.733      0.037     20.009      0.000


STDY Standardization

                                                    Two-Tailed
                    Estimate       S.E.  Est./S.E.    P-Value

 SUC      BY
    MVS1               0.573      0.036     16.014      0.000
    MVS2               0.507      0.038     13.184      0.000
    MVS3               0.694      0.031     22.232      0.000
    MVS4O             -0.460      0.040    -11.423      0.000
    MVS5O             -0.317      0.045     -7.070      0.000
    MVS6O             -0.492      0.039    -12.646      0.000

 CEN      BY
    MVS7               0.447      0.042     10.549      0.000
    MVS8               0.592      0.037     16.009      0.000
    MVS9               0.680      0.034     20.039      0.000
    MVS10O            -0.396      0.043     -9.160      0.000
    MVS11O            -0.085      0.050     -1.694      0.090
    MVS12O            -0.469      0.041    -11.398      0.000

 HAP      BY
    MVS13              0.742      0.025     29.904      0.000
    MVS14              0.839      0.021     39.998      0.000
    MVS15              0.498      0.036     13.782      0.000
    MVS16O            -0.315      0.043     -7.346      0.000
    MVS17O            -0.583      0.032    -18.076      0.000
    MVS18O            -0.517      0.035    -14.609      0.000

 SUC      WITH
    CEN                0.788      0.039     20.263      0.000
    HAP                0.707      0.037     19.241      0.000

 CEN      WITH
    HAP                0.627      0.042     14.962      0.000

 MVS4O    WITH
    MVS5O              0.181      0.044      4.156      0.000
    MVS6O              0.174      0.045      3.881      0.000
    MVS10O             0.179      0.044      4.101      0.000
    MVS11O             0.083      0.044      1.908      0.056
    MVS12O             0.169      0.045      3.786      0.000
    MVS16O             0.070      0.044      1.588      0.112
    MVS17O             0.158      0.045      3.535      0.000
    MVS18O             0.162      0.044      3.655      0.000

 MVS5O    WITH
    MVS6O              0.119      0.045      2.650      0.008
    MVS10O             0.119      0.044      2.731      0.006
    MVS11O             0.071      0.043      1.660      0.097
    MVS12O             0.153      0.044      3.491      0.000
    MVS16O             0.057      0.043      1.316      0.188
    MVS17O             0.184      0.044      4.209      0.000
    MVS18O             0.142      0.044      3.256      0.001

 MVS6O    WITH
    MVS10O             0.252      0.043      5.910      0.000
    MVS11O             0.189      0.043      4.409      0.000
    MVS12O             0.217      0.044      4.935      0.000
    MVS16O             0.048      0.045      1.068      0.285
    MVS17O             0.124      0.046      2.716      0.007
    MVS18O             0.159      0.045      3.563      0.000

 MVS10O   WITH
    MVS11O             0.069      0.044      1.569      0.117
    MVS12O             0.282      0.042      6.687      0.000
    MVS16O             0.053      0.044      1.197      0.231
    MVS17O             0.140      0.045      3.105      0.002
    MVS18O             0.250      0.042      5.899      0.000

 MVS11O   WITH
    MVS12O             0.144      0.044      3.286      0.001
    MVS16O             0.001      0.043      0.026      0.979
    MVS17O             0.098      0.044      2.220      0.026
    MVS18O             0.073      0.044      1.672      0.094

 MVS12O   WITH
    MVS16O             0.051      0.044      1.151      0.250
    MVS17O             0.100      0.046      2.184      0.029
    MVS18O             0.194      0.044      4.419      0.000

 MVS16O   WITH
    MVS17O             0.100      0.045      2.228      0.026
    MVS18O             0.223      0.042      5.272      0.000

 MVS17O   WITH
    MVS18O             0.066      0.047      1.410      0.159

 Intercepts
    MVS1               3.229      0.106     30.491      0.000
    MVS2               2.286      0.081     28.306      0.000
    MVS3               2.828      0.095     29.772      0.000
    MVS7               2.652      0.090     29.371      0.000
    MVS8               3.513      0.114     30.878      0.000
    MVS9               3.241      0.106     30.509      0.000
    MVS13              3.040      0.101     30.182      0.000
    MVS14              3.191      0.105     30.433      0.000
    MVS15              3.045      0.101     30.190      0.000
    MVS4O              3.112      0.103     30.349      0.000
    MVS5O              3.442      0.112     30.806      0.000
    MVS6O              2.873      0.096     29.936      0.000
    MVS10O             3.065      0.101     30.383      0.000
    MVS11O             2.627      0.090     29.308      0.000
    MVS12O             3.315      0.108     30.738      0.000
    MVS16O             3.925      0.126     31.236      0.000
    MVS17O             2.685      0.091     29.354      0.000
    MVS18O             3.464      0.113     30.689      0.000

 Variances
    SUC                1.000      0.000    999.000    999.000
    CEN                1.000      0.000    999.000    999.000
    HAP                1.000      0.000    999.000    999.000

 Residual Variances
    MVS1               0.671      0.041     16.340      0.000
    MVS2               0.743      0.039     19.031      0.000
    MVS3               0.519      0.043     11.995      0.000
    MVS7               0.800      0.038     21.080      0.000
    MVS8               0.649      0.044     14.831      0.000
    MVS9               0.537      0.046     11.640      0.000
    MVS13              0.449      0.037     12.170      0.000
    MVS14              0.295      0.035      8.384      0.000
    MVS15              0.752      0.036     20.914      0.000
    MVS4O              0.789      0.037     21.323      0.000
    MVS5O              0.900      0.028     31.755      0.000
    MVS6O              0.758      0.038     19.822      0.000
    MVS10O             0.843      0.034     24.592      0.000
    MVS11O             0.993      0.008    117.150      0.000
    MVS12O             0.780      0.039     20.228      0.000
    MVS16O             0.901      0.027     33.337      0.000
    MVS17O             0.660      0.038     17.528      0.000
    MVS18O             0.733      0.037     20.009      0.000


STD Standardization

                                                    Two-Tailed
                    Estimate       S.E.  Est./S.E.    P-Value

 SUC      BY
    MVS1               0.597      0.046     12.896      0.000
    MVS2               0.524      0.047     11.183      0.000
    MVS3               0.757      0.047     16.090      0.000
    MVS4O             -0.455      0.045    -10.030      0.000
    MVS5O             -0.302      0.045     -6.669      0.000
    MVS6O             -0.476      0.044    -10.868      0.000

 CEN      BY
    MVS7               0.439      0.047      9.394      0.000
    MVS8               0.587      0.045     12.935      0.000
    MVS9               0.692      0.046     15.140      0.000
    MVS10O            -0.383      0.046     -8.392      0.000
    MVS11O            -0.078      0.046     -1.687      0.092
    MVS12O            -0.445      0.044    -10.032      0.000

 HAP      BY
    MVS13              0.773      0.041     18.795      0.000
    MVS14              0.902      0.041     22.028      0.000
    MVS15              0.547      0.047     11.528      0.000
    MVS16O            -0.293      0.043     -6.882      0.000
    MVS17O            -0.603      0.043    -13.940      0.000
    MVS18O            -0.488      0.041    -12.041      0.000

 SUC      WITH
    CEN                0.788      0.039     20.263      0.000
    HAP                0.707      0.037     19.241      0.000

 CEN      WITH
    HAP                0.627      0.042     14.962      0.000

 MVS4O    WITH
    MVS5O              0.144      0.037      3.891      0.000
    MVS6O              0.129      0.036      3.611      0.000
    MVS10O             0.140      0.036      3.887      0.000
    MVS11O             0.068      0.036      1.887      0.059
    MVS12O             0.124      0.035      3.605      0.000
    MVS16O             0.054      0.035      1.574      0.115
    MVS17O             0.117      0.034      3.396      0.001
    MVS18O             0.115      0.033      3.500      0.000

 MVS5O    WITH
    MVS6O              0.091      0.035      2.563      0.010
    MVS10O             0.096      0.036      2.665      0.008
    MVS11O             0.059      0.036      1.646      0.100
    MVS12O             0.116      0.035      3.356      0.001
    MVS16O             0.046      0.035      1.308      0.191
    MVS17O             0.140      0.035      4.000      0.000
    MVS18O             0.104      0.033      3.151      0.002

 MVS6O    WITH
    MVS10O             0.188      0.035      5.329      0.000
    MVS11O             0.147      0.035      4.179      0.000
    MVS12O             0.153      0.034      4.554      0.000
    MVS16O             0.035      0.033      1.064      0.287
    MVS17O             0.088      0.033      2.645      0.008
    MVS18O             0.108      0.032      3.413      0.001

 MVS10O   WITH
    MVS11O             0.056      0.036      1.556      0.120
    MVS12O             0.210      0.037      5.724      0.000
    MVS16O             0.041      0.035      1.191      0.233
    MVS17O             0.104      0.034      3.020      0.003
    MVS18O             0.179      0.033      5.367      0.000

 MVS11O   WITH
    MVS12O             0.112      0.035      3.178      0.001
    MVS16O             0.001      0.035      0.026      0.979
    MVS17O             0.076      0.035      2.189      0.029
    MVS18O             0.055      0.033      1.658      0.097

 MVS12O   WITH
    MVS16O             0.038      0.033      1.146      0.252
    MVS17O             0.071      0.033      2.151      0.031
    MVS18O             0.132      0.032      4.167      0.000

 MVS16O   WITH
    MVS17O             0.074      0.034      2.175      0.030
    MVS18O             0.159      0.033      4.818      0.000

 MVS17O   WITH
    MVS18O             0.044      0.032      1.385      0.166

 Intercepts
    MVS1               3.359      0.044     76.006      0.000
    MVS2               2.363      0.044     53.796      0.000
    MVS3               3.087      0.046     66.570      0.000
    MVS7               2.605      0.042     62.420      0.000
    MVS8               3.482      0.042     82.681      0.000
    MVS9               3.300      0.043     76.282      0.000
    MVS13              3.166      0.044     71.564      0.000
    MVS14              3.430      0.046     75.119      0.000
    MVS15              3.348      0.047     71.678      0.000
    MVS4O              3.081      0.042     73.247      0.000
    MVS5O              3.287      0.041     81.004      0.000
    MVS6O              2.780      0.041     67.617      0.000
    MVS10O             2.962      0.041     72.132      0.000
    MVS11O             2.430      0.039     61.838      0.000
    MVS12O             3.146      0.040     78.022      0.000
    MVS16O             3.655      0.040     92.375      0.000
    MVS17O             2.776      0.044     63.203      0.000
    MVS18O             3.269      0.040     81.543      0.000

 Variances
    SUC                1.000      0.000    999.000    999.000
    CEN                1.000      0.000    999.000    999.000
    HAP                1.000      0.000    999.000    999.000

 Residual Variances
    MVS1               0.726      0.051     14.169      0.000
    MVS2               0.794      0.053     14.884      0.000
    MVS3               0.618      0.052     11.878      0.000
    MVS7               0.772      0.051     15.049      0.000
    MVS8               0.638      0.048     13.333      0.000
    MVS9               0.557      0.049     11.432      0.000
    MVS13              0.487      0.039     12.518      0.000
    MVS14              0.341      0.039      8.856      0.000
    MVS15              0.909      0.058     15.604      0.000
    MVS4O              0.773      0.051     15.213      0.000
    MVS5O              0.821      0.051     16.023      0.000
    MVS6O              0.710      0.047     14.984      0.000
    MVS10O             0.788      0.051     15.460      0.000
    MVS11O             0.849      0.051     16.595      0.000
    MVS12O             0.703      0.047     14.897      0.000
    MVS16O             0.781      0.048     16.239      0.000
    MVS17O             0.705      0.047     14.955      0.000
    MVS18O             0.652      0.042     15.350      0.000


R-SQUARE

    Observed                                        Two-Tailed
    Variable        Estimate       S.E.  Est./S.E.    P-Value

    MVS1               0.329      0.041      8.007      0.000
    MVS2               0.257      0.039      6.592      0.000
    MVS3               0.481      0.043     11.116      0.000
    MVS7               0.200      0.038      5.275      0.000
    MVS8               0.351      0.044      8.004      0.000
    MVS9               0.463      0.046     10.019      0.000
    MVS13              0.551      0.037     14.952      0.000
    MVS14              0.705      0.035     19.999      0.000
    MVS15              0.248      0.036      6.891      0.000
    MVS4O              0.211      0.037      5.712      0.000
    MVS5O              0.100      0.028      3.535      0.000
    MVS6O              0.242      0.038      6.323      0.000
    MVS10O             0.157      0.034      4.580      0.000
    MVS11O             0.007      0.008      0.847      0.397
    MVS12O             0.220      0.039      5.699      0.000
    MVS16O             0.099      0.027      3.673      0.000
    MVS17O             0.340      0.038      9.038      0.000
    MVS18O             0.267      0.037      7.304      0.000


QUALITY OF NUMERICAL RESULTS

     Condition Number for the Information Matrix              0.362E-01
       (ratio of smallest to largest eigenvalue)


CONFIDENCE INTERVALS OF MODEL RESULTS

                  Lower .5%  Lower 2.5%    Lower 5%    Estimate    Upper 5%  Upper 2.5%   Upper .5%

 SUC      BY
    MVS1             0.477       0.506       0.520       0.597       0.673       0.687       0.716
    MVS2             0.404       0.432       0.447       0.524       0.601       0.616       0.645
    MVS3             0.636       0.665       0.680       0.757       0.834       0.849       0.878
    MVS4O           -0.572      -0.544      -0.530      -0.455      -0.380      -0.366      -0.338
    MVS5O           -0.419      -0.391      -0.377      -0.302      -0.228      -0.213      -0.186
    MVS6O           -0.589      -0.562      -0.548      -0.476      -0.404      -0.390      -0.363

 CEN      BY
    MVS7             0.319       0.348       0.362       0.439       0.516       0.531       0.560
    MVS8             0.470       0.498       0.512       0.587       0.661       0.676       0.704
    MVS9             0.575       0.603       0.617       0.692       0.768       0.782       0.810
    MVS10O          -0.501      -0.472      -0.458      -0.383      -0.308      -0.294      -0.265
    MVS11O          -0.198      -0.169      -0.155      -0.078      -0.002       0.013       0.041
    MVS12O          -0.559      -0.532      -0.518      -0.445      -0.372      -0.358      -0.331

 HAP      BY
    MVS13            0.667       0.693       0.706       0.773       0.841       0.854       0.879
    MVS14            0.797       0.822       0.835       0.902       0.969       0.982       1.008
    MVS15            0.425       0.454       0.469       0.547       0.625       0.640       0.670
    MVS16O          -0.403      -0.377      -0.364      -0.293      -0.223      -0.210      -0.184
    MVS17O          -0.714      -0.688      -0.674      -0.603      -0.532      -0.518      -0.492
    MVS18O          -0.592      -0.567      -0.555      -0.488      -0.421      -0.409      -0.384

 SUC      WITH
    CEN              0.688       0.712       0.724       0.788       0.852       0.865       0.889
    HAP              0.612       0.635       0.646       0.707       0.767       0.779       0.801

 CEN      WITH
    HAP              0.519       0.545       0.558       0.627       0.696       0.709       0.735

 MVS4O    WITH
    MVS5O            0.049       0.071       0.083       0.144       0.205       0.217       0.239
    MVS6O            0.037       0.059       0.070       0.129       0.188       0.199       0.221
    MVS10O           0.047       0.069       0.081       0.140       0.199       0.211       0.233
    MVS11O          -0.025      -0.003       0.009       0.068       0.126       0.138       0.160
    MVS12O           0.036       0.057       0.068       0.124       0.181       0.192       0.213
    MVS16O          -0.035      -0.013      -0.002       0.054       0.111       0.122       0.144
    MVS17O           0.028       0.049       0.060       0.117       0.174       0.185       0.206
    MVS18O           0.030       0.051       0.061       0.115       0.169       0.179       0.199

 MVS5O    WITH
    MVS6O            0.000       0.021       0.032       0.091       0.149       0.160       0.182
    MVS10O           0.003       0.025       0.037       0.096       0.155       0.166       0.189
    MVS11O          -0.034      -0.011       0.000       0.059       0.119       0.130       0.153
    MVS12O           0.027       0.048       0.059       0.116       0.173       0.184       0.205
    MVS16O          -0.044      -0.023      -0.012       0.046       0.103       0.114       0.136
    MVS17O           0.050       0.071       0.082       0.140       0.197       0.208       0.230
    MVS18O           0.019       0.039       0.050       0.104       0.159       0.169       0.189

 MVS6O    WITH
    MVS10O           0.097       0.119       0.130       0.188       0.246       0.257       0.279
    MVS11O           0.056       0.078       0.089       0.147       0.204       0.215       0.237
    MVS12O           0.067       0.087       0.098       0.153       0.208       0.219       0.240
    MVS16O          -0.050      -0.030      -0.019       0.035       0.090       0.101       0.121
    MVS17O           0.002       0.023       0.033       0.088       0.142       0.152       0.173
    MVS18O           0.027       0.046       0.056       0.108       0.160       0.170       0.190

 MVS10O   WITH
    MVS11O          -0.037      -0.015      -0.003       0.056       0.116       0.127       0.150
    MVS12O           0.115       0.138       0.149       0.210       0.270       0.282       0.304
    MVS16O          -0.048      -0.027      -0.016       0.041       0.098       0.109       0.130
    MVS17O           0.015       0.037       0.047       0.104       0.161       0.172       0.193
    MVS18O           0.093       0.114       0.124       0.179       0.234       0.245       0.265

 MVS11O   WITH
    MVS12O           0.021       0.043       0.054       0.112       0.169       0.180       0.202
    MVS16O          -0.089      -0.068      -0.057       0.001       0.058       0.070       0.091
    MVS17O          -0.013       0.008       0.019       0.076       0.133       0.144       0.165
    MVS18O          -0.030      -0.010       0.000       0.055       0.109       0.119       0.139

 MVS12O   WITH
    MVS16O          -0.047      -0.027      -0.017       0.038       0.092       0.103       0.123
    MVS17O          -0.014       0.006       0.017       0.071       0.125       0.135       0.155
    MVS18O           0.050       0.070       0.080       0.132       0.183       0.193       0.213

 MVS16O   WITH
    MVS17O          -0.014       0.007       0.018       0.074       0.130       0.141       0.162
    MVS18O           0.074       0.094       0.105       0.159       0.213       0.224       0.244

 MVS17O   WITH
    MVS18O          -0.038      -0.018      -0.008       0.044       0.097       0.107       0.127

 Intercepts
    MVS1             3.245       3.273       3.287       3.359       3.432       3.446       3.473
    MVS2             2.250       2.277       2.291       2.363       2.435       2.449       2.476
    MVS3             2.967       2.996       3.010       3.087       3.163       3.178       3.206
    MVS7             2.497       2.523       2.536       2.605       2.673       2.686       2.712
    MVS8             3.373       3.399       3.413       3.482       3.551       3.564       3.590
    MVS9             3.188       3.215       3.228       3.300       3.371       3.384       3.411
    MVS13            3.052       3.079       3.093       3.166       3.239       3.253       3.280
    MVS14            3.312       3.340       3.354       3.430       3.505       3.519       3.547
    MVS15            3.228       3.257       3.272       3.348       3.425       3.440       3.469
    MVS4O            2.973       2.999       3.012       3.081       3.150       3.164       3.190
    MVS5O            3.182       3.207       3.220       3.287       3.354       3.367       3.392
    MVS6O            2.674       2.699       2.712       2.780       2.847       2.860       2.886
    MVS10O           2.856       2.882       2.895       2.962       3.030       3.043       3.068
    MVS11O           2.328       2.353       2.365       2.430       2.494       2.507       2.531
    MVS12O           3.042       3.067       3.080       3.146       3.213       3.225       3.250
    MVS16O           3.553       3.578       3.590       3.655       3.720       3.733       3.757
    MVS17O           2.663       2.690       2.704       2.776       2.848       2.862       2.889
    MVS18O           3.166       3.190       3.203       3.269       3.335       3.348       3.372

 Variances
    SUC              1.000       1.000       1.000       1.000       1.000       1.000       1.000
    CEN              1.000       1.000       1.000       1.000       1.000       1.000       1.000
    HAP              1.000       1.000       1.000       1.000       1.000       1.000       1.000

 Residual Variances
    MVS1             0.594       0.626       0.642       0.726       0.811       0.827       0.858
    MVS2             0.656       0.689       0.706       0.794       0.882       0.898       0.931
    MVS3             0.484       0.516       0.533       0.618       0.704       0.720       0.752
    MVS7             0.640       0.671       0.687       0.772       0.856       0.872       0.904
    MVS8             0.515       0.544       0.559       0.638       0.717       0.732       0.761
    MVS9             0.432       0.462       0.477       0.557       0.637       0.653       0.683
    MVS13            0.386       0.410       0.423       0.487       0.550       0.563       0.587
    MVS14            0.242       0.266       0.278       0.341       0.404       0.417       0.440
    MVS15            0.759       0.795       0.813       0.909       1.005       1.024       1.059
    MVS4O            0.642       0.674       0.690       0.773       0.857       0.873       0.904
    MVS5O            0.689       0.720       0.737       0.821       0.905       0.921       0.953
    MVS6O            0.588       0.617       0.632       0.710       0.788       0.803       0.832
    MVS10O           0.656       0.688       0.704       0.788       0.871       0.887       0.919
    MVS11O           0.717       0.749       0.765       0.849       0.933       0.949       0.981
    MVS12O           0.581       0.610       0.625       0.703       0.780       0.795       0.824
    MVS16O           0.657       0.687       0.702       0.781       0.860       0.876       0.905
    MVS17O           0.584       0.613       0.628       0.705       0.783       0.798       0.827
    MVS18O           0.543       0.569       0.582       0.652       0.722       0.736       0.762


CONFIDENCE INTERVALS OF STANDARDIZED MODEL RESULTS


STDYX Standardization

                  Lower .5%  Lower 2.5%    Lower 5%    Estimate    Upper 5%  Upper 2.5%   Upper .5%

 SUC      BY
    MVS1             0.481       0.503       0.515       0.573       0.632       0.644       0.666
    MVS2             0.408       0.432       0.444       0.507       0.571       0.583       0.606
    MVS3             0.613       0.632       0.642       0.694       0.745       0.755       0.774
    MVS4O           -0.563      -0.539      -0.526      -0.460      -0.393      -0.381      -0.356
    MVS5O           -0.432      -0.404      -0.390      -0.317      -0.243      -0.229      -0.201
    MVS6O           -0.592      -0.568      -0.556      -0.492      -0.428      -0.416      -0.392

 CEN      BY
    MVS7             0.338       0.364       0.378       0.447       0.517       0.530       0.557
    MVS8             0.497       0.520       0.531       0.592       0.653       0.665       0.687
    MVS9             0.593       0.614       0.624       0.680       0.736       0.747       0.768
    MVS10O          -0.508      -0.481      -0.467      -0.396      -0.325      -0.311      -0.285
    MVS11O          -0.214      -0.183      -0.167      -0.085      -0.002       0.013       0.044
    MVS12O          -0.575      -0.549      -0.537      -0.469      -0.401      -0.388      -0.363

 HAP      BY
    MVS13            0.679       0.694       0.702       0.742       0.783       0.791       0.806
    MVS14            0.785       0.798       0.805       0.839       0.874       0.881       0.893
    MVS15            0.405       0.427       0.438       0.498       0.557       0.569       0.591
    MVS16O          -0.425      -0.399      -0.386      -0.315      -0.244      -0.231      -0.205
    MVS17O          -0.666      -0.647      -0.636      -0.583      -0.530      -0.520      -0.500
    MVS18O          -0.608      -0.587      -0.575      -0.517      -0.459      -0.448      -0.426

 SUC      WITH
    CEN              0.688       0.712       0.724       0.788       0.852       0.865       0.889
    HAP              0.612       0.635       0.646       0.707       0.767       0.779       0.801

 CEN      WITH
    HAP              0.519       0.545       0.558       0.627       0.696       0.709       0.735

 MVS4O    WITH
    MVS5O            0.069       0.096       0.109       0.181       0.252       0.266       0.293
    MVS6O            0.059       0.086       0.101       0.174       0.248       0.263       0.290
    MVS10O           0.067       0.094       0.107       0.179       0.251       0.265       0.292
    MVS11O          -0.029      -0.002       0.011       0.083       0.155       0.169       0.196
    MVS12O           0.054       0.081       0.095       0.169       0.242       0.256       0.284
    MVS16O          -0.044      -0.016      -0.003       0.070       0.143       0.157       0.184
    MVS17O           0.043       0.071       0.085       0.158       0.232       0.246       0.274
    MVS18O           0.048       0.075       0.089       0.162       0.234       0.248       0.276

 MVS5O    WITH
    MVS6O            0.003       0.031       0.045       0.119       0.192       0.206       0.234
    MVS10O           0.007       0.034       0.047       0.119       0.191       0.205       0.232
    MVS11O          -0.039      -0.013       0.001       0.071       0.142       0.155       0.182
    MVS12O           0.040       0.067       0.081       0.153       0.225       0.239       0.266
    MVS16O          -0.055      -0.028      -0.014       0.057       0.129       0.142       0.169
    MVS17O           0.071       0.098       0.112       0.184       0.256       0.269       0.296
    MVS18O           0.030       0.057       0.070       0.142       0.214       0.228       0.255

 MVS6O    WITH
    MVS10O           0.142       0.168       0.182       0.252       0.322       0.335       0.361
    MVS11O           0.078       0.105       0.118       0.189       0.259       0.273       0.299
    MVS12O           0.104       0.131       0.145       0.217       0.289       0.303       0.330
    MVS16O          -0.067      -0.040      -0.026       0.048       0.121       0.135       0.162
    MVS17O           0.006       0.034       0.049       0.124       0.199       0.213       0.241
    MVS18O           0.044       0.071       0.085       0.159       0.232       0.246       0.273

 MVS10O   WITH
    MVS11O          -0.044      -0.017      -0.003       0.069       0.141       0.155       0.182
    MVS12O           0.173       0.199       0.213       0.282       0.351       0.365       0.391
    MVS16O          -0.061      -0.034      -0.020       0.053       0.125       0.139       0.166
    MVS17O           0.024       0.051       0.066       0.140       0.214       0.228       0.255
    MVS18O           0.141       0.167       0.180       0.250       0.320       0.333       0.359

 MVS11O   WITH
    MVS12O           0.031       0.058       0.072       0.144       0.217       0.231       0.258
    MVS16O          -0.110      -0.083      -0.070       0.001       0.072       0.085       0.112
    MVS17O          -0.016       0.011       0.025       0.098       0.170       0.184       0.211
    MVS18O          -0.040      -0.013       0.001       0.073       0.146       0.159       0.186

 MVS12O   WITH
    MVS16O          -0.063      -0.036      -0.022       0.051       0.124       0.138       0.166
    MVS17O          -0.018       0.010       0.025       0.100       0.176       0.190       0.218
    MVS18O           0.081       0.108       0.122       0.194       0.267       0.280       0.308

 MVS16O   WITH
    MVS17O          -0.016       0.012       0.026       0.100       0.174       0.188       0.216
    MVS18O           0.114       0.140       0.153       0.223       0.292       0.306       0.332

 MVS17O   WITH
    MVS18O          -0.054      -0.026      -0.011       0.066       0.142       0.157       0.185

 Intercepts
    MVS1             2.956       3.022       3.055       3.229       3.403       3.437       3.502
    MVS2             2.078       2.127       2.153       2.286       2.418       2.444       2.494
    MVS3             2.584       2.642       2.672       2.828       2.985       3.014       3.073
    MVS7             2.419       2.475       2.503       2.652       2.800       2.829       2.885
    MVS8             3.220       3.290       3.326       3.513       3.700       3.736       3.806
    MVS9             2.967       3.033       3.066       3.241       3.416       3.449       3.515
    MVS13            2.781       2.843       2.875       3.040       3.206       3.238       3.300
    MVS14            2.921       2.986       3.019       3.191       3.364       3.397       3.462
    MVS15            2.785       2.848       2.879       3.045       3.211       3.243       3.305
    MVS4O            2.848       2.911       2.943       3.112       3.281       3.313       3.376
    MVS5O            3.154       3.223       3.258       3.442       3.625       3.660       3.729
    MVS6O            2.626       2.685       2.715       2.873       3.031       3.061       3.120
    MVS10O           2.805       2.867       2.899       3.065       3.231       3.262       3.324
    MVS11O           2.396       2.452       2.480       2.627       2.775       2.803       2.858
    MVS12O           3.037       3.103       3.137       3.315       3.492       3.526       3.593
    MVS16O           3.601       3.678       3.718       3.925       4.131       4.171       4.248
    MVS17O           2.450       2.506       2.535       2.685       2.836       2.865       2.921
    MVS18O           3.174       3.243       3.279       3.464       3.650       3.686       3.755

 Variances
    SUC              1.000       1.000       1.000       1.000       1.000       1.000       1.000
    CEN              1.000       1.000       1.000       1.000       1.000       1.000       1.000
    HAP              1.000       1.000       1.000       1.000       1.000       1.000       1.000

 Residual Variances
    MVS1             0.565       0.591       0.604       0.671       0.739       0.752       0.777
    MVS2             0.642       0.666       0.679       0.743       0.807       0.819       0.843
    MVS3             0.408       0.434       0.448       0.519       0.590       0.604       0.630
    MVS7             0.702       0.725       0.737       0.800       0.862       0.874       0.898
    MVS8             0.537       0.564       0.577       0.649       0.722       0.735       0.762
    MVS9             0.418       0.447       0.461       0.537       0.613       0.628       0.656
    MVS13            0.354       0.376       0.388       0.449       0.509       0.521       0.544
    MVS14            0.205       0.226       0.237       0.295       0.353       0.364       0.386
    MVS15            0.660       0.682       0.693       0.752       0.811       0.823       0.845
    MVS4O            0.693       0.716       0.728       0.789       0.850       0.861       0.884
    MVS5O            0.827       0.844       0.853       0.900       0.946       0.955       0.973
    MVS6O            0.660       0.683       0.695       0.758       0.821       0.833       0.857
    MVS10O           0.755       0.776       0.787       0.843       0.899       0.910       0.931
    MVS11O           0.971       0.976       0.979       0.993       1.007       1.009       1.015
    MVS12O           0.681       0.705       0.717       0.780       0.844       0.856       0.880
    MVS16O           0.831       0.848       0.856       0.901       0.945       0.954       0.970
    MVS17O           0.563       0.586       0.598       0.660       0.722       0.734       0.757
    MVS18O           0.638       0.661       0.672       0.733       0.793       0.804       0.827


STDY Standardization

                  Lower .5%  Lower 2.5%    Lower 5%    Estimate    Upper 5%  Upper 2.5%   Upper .5%

 SUC      BY
    MVS1             0.481       0.503       0.515       0.573       0.632       0.644       0.666
    MVS2             0.408       0.432       0.444       0.507       0.571       0.583       0.606
    MVS3             0.613       0.632       0.642       0.694       0.745       0.755       0.774
    MVS4O           -0.563      -0.539      -0.526      -0.460      -0.393      -0.381      -0.356
    MVS5O           -0.432      -0.404      -0.390      -0.317      -0.243      -0.229      -0.201
    MVS6O           -0.592      -0.568      -0.556      -0.492      -0.428      -0.416      -0.392

 CEN      BY
    MVS7             0.338       0.364       0.378       0.447       0.517       0.530       0.557
    MVS8             0.497       0.520       0.531       0.592       0.653       0.665       0.687
    MVS9             0.593       0.614       0.624       0.680       0.736       0.747       0.768
    MVS10O          -0.508      -0.481      -0.467      -0.396      -0.325      -0.311      -0.285
    MVS11O          -0.214      -0.183      -0.167      -0.085      -0.002       0.013       0.044
    MVS12O          -0.575      -0.549      -0.537      -0.469      -0.401      -0.388      -0.363

 HAP      BY
    MVS13            0.679       0.694       0.702       0.742       0.783       0.791       0.806
    MVS14            0.785       0.798       0.805       0.839       0.874       0.881       0.893
    MVS15            0.405       0.427       0.438       0.498       0.557       0.569       0.591
    MVS16O          -0.425      -0.399      -0.386      -0.315      -0.244      -0.231      -0.205
    MVS17O          -0.666      -0.647      -0.636      -0.583      -0.530      -0.520      -0.500
    MVS18O          -0.608      -0.587      -0.575      -0.517      -0.459      -0.448      -0.426

 SUC      WITH
    CEN              0.688       0.712       0.724       0.788       0.852       0.865       0.889
    HAP              0.612       0.635       0.646       0.707       0.767       0.779       0.801

 CEN      WITH
    HAP              0.519       0.545       0.558       0.627       0.696       0.709       0.735

 MVS4O    WITH
    MVS5O            0.069       0.096       0.109       0.181       0.252       0.266       0.293
    MVS6O            0.059       0.086       0.101       0.174       0.248       0.263       0.290
    MVS10O           0.067       0.094       0.107       0.179       0.251       0.265       0.292
    MVS11O          -0.029      -0.002       0.011       0.083       0.155       0.169       0.196
    MVS12O           0.054       0.081       0.095       0.169       0.242       0.256       0.284
    MVS16O          -0.044      -0.016      -0.003       0.070       0.143       0.157       0.184
    MVS17O           0.043       0.071       0.085       0.158       0.232       0.246       0.274
    MVS18O           0.048       0.075       0.089       0.162       0.234       0.248       0.276

 MVS5O    WITH
    MVS6O            0.003       0.031       0.045       0.119       0.192       0.206       0.234
    MVS10O           0.007       0.034       0.047       0.119       0.191       0.205       0.232
    MVS11O          -0.039      -0.013       0.001       0.071       0.142       0.155       0.182
    MVS12O           0.040       0.067       0.081       0.153       0.225       0.239       0.266
    MVS16O          -0.055      -0.028      -0.014       0.057       0.129       0.142       0.169
    MVS17O           0.071       0.098       0.112       0.184       0.256       0.269       0.296
    MVS18O           0.030       0.057       0.070       0.142       0.214       0.228       0.255

 MVS6O    WITH
    MVS10O           0.142       0.168       0.182       0.252       0.322       0.335       0.361
    MVS11O           0.078       0.105       0.118       0.189       0.259       0.273       0.299
    MVS12O           0.104       0.131       0.145       0.217       0.289       0.303       0.330
    MVS16O          -0.067      -0.040      -0.026       0.048       0.121       0.135       0.162
    MVS17O           0.006       0.034       0.049       0.124       0.199       0.213       0.241
    MVS18O           0.044       0.071       0.085       0.159       0.232       0.246       0.273

 MVS10O   WITH
    MVS11O          -0.044      -0.017      -0.003       0.069       0.141       0.155       0.182
    MVS12O           0.173       0.199       0.213       0.282       0.351       0.365       0.391
    MVS16O          -0.061      -0.034      -0.020       0.053       0.125       0.139       0.166
    MVS17O           0.024       0.051       0.066       0.140       0.214       0.228       0.255
    MVS18O           0.141       0.167       0.180       0.250       0.320       0.333       0.359

 MVS11O   WITH
    MVS12O           0.031       0.058       0.072       0.144       0.217       0.231       0.258
    MVS16O          -0.110      -0.083      -0.070       0.001       0.072       0.085       0.112
    MVS17O          -0.016       0.011       0.025       0.098       0.170       0.184       0.211
    MVS18O          -0.040      -0.013       0.001       0.073       0.146       0.159       0.186

 MVS12O   WITH
    MVS16O          -0.063      -0.036      -0.022       0.051       0.124       0.138       0.166
    MVS17O          -0.018       0.010       0.025       0.100       0.176       0.190       0.218
    MVS18O           0.081       0.108       0.122       0.194       0.267       0.280       0.308

 MVS16O   WITH
    MVS17O          -0.016       0.012       0.026       0.100       0.174       0.188       0.216
    MVS18O           0.114       0.140       0.153       0.223       0.292       0.306       0.332

 MVS17O   WITH
    MVS18O          -0.054      -0.026      -0.011       0.066       0.142       0.157       0.185

 Intercepts
    MVS1             2.956       3.022       3.055       3.229       3.403       3.437       3.502
    MVS2             2.078       2.127       2.153       2.286       2.418       2.444       2.494
    MVS3             2.584       2.642       2.672       2.828       2.985       3.014       3.073
    MVS7             2.419       2.475       2.503       2.652       2.800       2.829       2.885
    MVS8             3.220       3.290       3.326       3.513       3.700       3.736       3.806
    MVS9             2.967       3.033       3.066       3.241       3.416       3.449       3.515
    MVS13            2.781       2.843       2.875       3.040       3.206       3.238       3.300
    MVS14            2.921       2.986       3.019       3.191       3.364       3.397       3.462
    MVS15            2.785       2.848       2.879       3.045       3.211       3.243       3.305
    MVS4O            2.848       2.911       2.943       3.112       3.281       3.313       3.376
    MVS5O            3.154       3.223       3.258       3.442       3.625       3.660       3.729
    MVS6O            2.626       2.685       2.715       2.873       3.031       3.061       3.120
    MVS10O           2.805       2.867       2.899       3.065       3.231       3.262       3.324
    MVS11O           2.396       2.452       2.480       2.627       2.775       2.803       2.858
    MVS12O           3.037       3.103       3.137       3.315       3.492       3.526       3.593
    MVS16O           3.601       3.678       3.718       3.925       4.131       4.171       4.248
    MVS17O           2.450       2.506       2.535       2.685       2.836       2.865       2.921
    MVS18O           3.174       3.243       3.279       3.464       3.650       3.686       3.755

 Variances
    SUC              1.000       1.000       1.000       1.000       1.000       1.000       1.000
    CEN              1.000       1.000       1.000       1.000       1.000       1.000       1.000
    HAP              1.000       1.000       1.000       1.000       1.000       1.000       1.000

 Residual Variances
    MVS1             0.565       0.591       0.604       0.671       0.739       0.752       0.777
    MVS2             0.642       0.666       0.679       0.743       0.807       0.819       0.843
    MVS3             0.408       0.434       0.448       0.519       0.590       0.604       0.630
    MVS7             0.702       0.725       0.737       0.800       0.862       0.874       0.898
    MVS8             0.537       0.564       0.577       0.649       0.722       0.735       0.762
    MVS9             0.418       0.447       0.461       0.537       0.613       0.628       0.656
    MVS13            0.354       0.376       0.388       0.449       0.509       0.521       0.544
    MVS14            0.205       0.226       0.237       0.295       0.353       0.364       0.386
    MVS15            0.660       0.682       0.693       0.752       0.811       0.823       0.845
    MVS4O            0.693       0.716       0.728       0.789       0.850       0.861       0.884
    MVS5O            0.827       0.844       0.853       0.900       0.946       0.955       0.973
    MVS6O            0.660       0.683       0.695       0.758       0.821       0.833       0.857
    MVS10O           0.755       0.776       0.787       0.843       0.899       0.910       0.931
    MVS11O           0.971       0.976       0.979       0.993       1.007       1.009       1.015
    MVS12O           0.681       0.705       0.717       0.780       0.844       0.856       0.880
    MVS16O           0.831       0.848       0.856       0.901       0.945       0.954       0.970
    MVS17O           0.563       0.586       0.598       0.660       0.722       0.734       0.757
    MVS18O           0.638       0.661       0.672       0.733       0.793       0.804       0.827


STD Standardization

                  Lower .5%  Lower 2.5%    Lower 5%    Estimate    Upper 5%  Upper 2.5%   Upper .5%

 SUC      BY
    MVS1             0.477       0.506       0.520       0.597       0.673       0.687       0.716
    MVS2             0.404       0.432       0.447       0.524       0.601       0.616       0.645
    MVS3             0.636       0.665       0.680       0.757       0.834       0.849       0.878
    MVS4O           -0.572      -0.544      -0.530      -0.455      -0.380      -0.366      -0.338
    MVS5O           -0.419      -0.391      -0.377      -0.302      -0.228      -0.213      -0.186
    MVS6O           -0.589      -0.562      -0.548      -0.476      -0.404      -0.390      -0.363

 CEN      BY
    MVS7             0.319       0.348       0.362       0.439       0.516       0.531       0.560
    MVS8             0.470       0.498       0.512       0.587       0.661       0.676       0.704
    MVS9             0.575       0.603       0.617       0.692       0.768       0.782       0.810
    MVS10O          -0.501      -0.472      -0.458      -0.383      -0.308      -0.294      -0.265
    MVS11O          -0.198      -0.169      -0.155      -0.078      -0.002       0.013       0.041
    MVS12O          -0.559      -0.532      -0.518      -0.445      -0.372      -0.358      -0.331

 HAP      BY
    MVS13            0.667       0.693       0.706       0.773       0.841       0.854       0.879
    MVS14            0.797       0.822       0.835       0.902       0.969       0.982       1.008
    MVS15            0.425       0.454       0.469       0.547       0.625       0.640       0.670
    MVS16O          -0.403      -0.377      -0.364      -0.293      -0.223      -0.210      -0.184
    MVS17O          -0.714      -0.688      -0.674      -0.603      -0.532      -0.518      -0.492
    MVS18O          -0.592      -0.567      -0.555      -0.488      -0.421      -0.409      -0.384

 SUC      WITH
    CEN              0.688       0.712       0.724       0.788       0.852       0.865       0.889
    HAP              0.612       0.635       0.646       0.707       0.767       0.779       0.801

 CEN      WITH
    HAP              0.519       0.545       0.558       0.627       0.696       0.709       0.735

 MVS4O    WITH
    MVS5O            0.049       0.071       0.083       0.144       0.205       0.217       0.239
    MVS6O            0.037       0.059       0.070       0.129       0.188       0.199       0.221
    MVS10O           0.047       0.069       0.081       0.140       0.199       0.211       0.233
    MVS11O          -0.025      -0.003       0.009       0.068       0.126       0.138       0.160
    MVS12O           0.036       0.057       0.068       0.124       0.181       0.192       0.213
    MVS16O          -0.035      -0.013      -0.002       0.054       0.111       0.122       0.144
    MVS17O           0.028       0.049       0.060       0.117       0.174       0.185       0.206
    MVS18O           0.030       0.051       0.061       0.115       0.169       0.179       0.199

 MVS5O    WITH
    MVS6O            0.000       0.021       0.032       0.091       0.149       0.160       0.182
    MVS10O           0.003       0.025       0.037       0.096       0.155       0.166       0.189
    MVS11O          -0.034      -0.011       0.000       0.059       0.119       0.130       0.153
    MVS12O           0.027       0.048       0.059       0.116       0.173       0.184       0.205
    MVS16O          -0.044      -0.023      -0.012       0.046       0.103       0.114       0.136
    MVS17O           0.050       0.071       0.082       0.140       0.197       0.208       0.230
    MVS18O           0.019       0.039       0.050       0.104       0.159       0.169       0.189

 MVS6O    WITH
    MVS10O           0.097       0.119       0.130       0.188       0.246       0.257       0.279
    MVS11O           0.056       0.078       0.089       0.147       0.204       0.215       0.237
    MVS12O           0.067       0.087       0.098       0.153       0.208       0.219       0.240
    MVS16O          -0.050      -0.030      -0.019       0.035       0.090       0.101       0.121
    MVS17O           0.002       0.023       0.033       0.088       0.142       0.152       0.173
    MVS18O           0.027       0.046       0.056       0.108       0.160       0.170       0.190

 MVS10O   WITH
    MVS11O          -0.037      -0.015      -0.003       0.056       0.116       0.127       0.150
    MVS12O           0.115       0.138       0.149       0.210       0.270       0.282       0.304
    MVS16O          -0.048      -0.027      -0.016       0.041       0.098       0.109       0.130
    MVS17O           0.015       0.037       0.047       0.104       0.161       0.172       0.193
    MVS18O           0.093       0.114       0.124       0.179       0.234       0.245       0.265

 MVS11O   WITH
    MVS12O           0.021       0.043       0.054       0.112       0.169       0.180       0.202
    MVS16O          -0.089      -0.068      -0.057       0.001       0.058       0.070       0.091
    MVS17O          -0.013       0.008       0.019       0.076       0.133       0.144       0.165
    MVS18O          -0.030      -0.010       0.000       0.055       0.109       0.119       0.139

 MVS12O   WITH
    MVS16O          -0.047      -0.027      -0.017       0.038       0.092       0.103       0.123
    MVS17O          -0.014       0.006       0.017       0.071       0.125       0.135       0.155
    MVS18O           0.050       0.070       0.080       0.132       0.183       0.193       0.213

 MVS16O   WITH
    MVS17O          -0.014       0.007       0.018       0.074       0.130       0.141       0.162
    MVS18O           0.074       0.094       0.105       0.159       0.213       0.224       0.244

 MVS17O   WITH
    MVS18O          -0.038      -0.018      -0.008       0.044       0.097       0.107       0.127

 Intercepts
    MVS1             3.245       3.273       3.287       3.359       3.432       3.446       3.473
    MVS2             2.250       2.277       2.291       2.363       2.435       2.449       2.476
    MVS3             2.967       2.996       3.010       3.087       3.163       3.178       3.206
    MVS7             2.497       2.523       2.536       2.605       2.673       2.686       2.712
    MVS8             3.373       3.399       3.413       3.482       3.551       3.564       3.590
    MVS9             3.188       3.215       3.228       3.300       3.371       3.384       3.411
    MVS13            3.052       3.079       3.093       3.166       3.239       3.253       3.280
    MVS14            3.312       3.340       3.354       3.430       3.505       3.519       3.547
    MVS15            3.228       3.257       3.272       3.348       3.425       3.440       3.469
    MVS4O            2.973       2.999       3.012       3.081       3.150       3.164       3.190
    MVS5O            3.182       3.207       3.220       3.287       3.354       3.367       3.392
    MVS6O            2.674       2.699       2.712       2.780       2.847       2.860       2.886
    MVS10O           2.856       2.882       2.895       2.962       3.030       3.043       3.068
    MVS11O           2.328       2.353       2.365       2.430       2.494       2.507       2.531
    MVS12O           3.042       3.067       3.080       3.146       3.213       3.225       3.250
    MVS16O           3.553       3.578       3.590       3.655       3.720       3.733       3.757
    MVS17O           2.663       2.690       2.704       2.776       2.848       2.862       2.889
    MVS18O           3.166       3.190       3.203       3.269       3.335       3.348       3.372

 Variances
    SUC              1.000       1.000       1.000       1.000       1.000       1.000       1.000
    CEN              1.000       1.000       1.000       1.000       1.000       1.000       1.000
    HAP              1.000       1.000       1.000       1.000       1.000       1.000       1.000

 Residual Variances
    MVS1             0.594       0.626       0.642       0.726       0.811       0.827       0.858
    MVS2             0.656       0.689       0.706       0.794       0.882       0.898       0.931
    MVS3             0.484       0.516       0.533       0.618       0.704       0.720       0.752
    MVS7             0.640       0.671       0.687       0.772       0.856       0.872       0.904
    MVS8             0.515       0.544       0.559       0.638       0.717       0.732       0.761
    MVS9             0.432       0.462       0.477       0.557       0.637       0.653       0.683
    MVS13            0.386       0.410       0.423       0.487       0.550       0.563       0.587
    MVS14            0.242       0.266       0.278       0.341       0.404       0.417       0.440
    MVS15            0.759       0.795       0.813       0.909       1.005       1.024       1.059
    MVS4O            0.642       0.674       0.690       0.773       0.857       0.873       0.904
    MVS5O            0.689       0.720       0.737       0.821       0.905       0.921       0.953
    MVS6O            0.588       0.617       0.632       0.710       0.788       0.803       0.832
    MVS10O           0.656       0.688       0.704       0.788       0.871       0.887       0.919
    MVS11O           0.717       0.749       0.765       0.849       0.933       0.949       0.981
    MVS12O           0.581       0.610       0.625       0.703       0.780       0.795       0.824
    MVS16O           0.657       0.687       0.702       0.781       0.860       0.876       0.905
    MVS17O           0.584       0.613       0.628       0.705       0.783       0.798       0.827
    MVS18O           0.543       0.569       0.582       0.652       0.722       0.736       0.762


MODEL COMMAND WITH FINAL ESTIMATES USED AS STARTING VALUES

     suc BY mvs1*0.59657 (l1);
     suc BY mvs2*0.52435 (l2);
     suc BY mvs3*0.75689 (l3);
     suc BY mvs4o*-0.45511 (l4);
     suc BY mvs5o*-0.30229 (l5);
     suc BY mvs6o*-0.47586 (l6);
     cen BY mvs7*0.43940 (l7);
     cen BY mvs8*0.58685 (l8);
     cen BY mvs9*0.69247 (l9);
     cen BY mvs10o*-0.38297 (l10);
     cen BY mvs11o*-0.07834 (l11);
     cen BY mvs12o*-0.44499 (l12);
     hap BY mvs13*0.77317 (l13);
     hap BY mvs14*0.90204 (l14);
     hap BY mvs15*0.54738 (l15);
     hap BY mvs16o*-0.29341 (l16);
     hap BY mvs17o*-0.60302 (l17);
     hap BY mvs18o*-0.48795 (l18);

     mvs4o WITH mvs5o*0.14404;
     mvs4o WITH mvs6o*0.12927;
     mvs4o WITH mvs10o*0.14005;
     mvs4o WITH mvs11o*0.06754;
     mvs4o WITH mvs12o*0.12443;
     mvs4o WITH mvs16o*0.05446;
     mvs4o WITH mvs17o*0.11703;
     mvs4o WITH mvs18o*0.11481;
     mvs5o WITH mvs6o*0.09061;
     mvs5o WITH mvs10o*0.09586;
     mvs5o WITH mvs11o*0.05949;
     mvs5o WITH mvs12o*0.11624;
     mvs5o WITH mvs16o*0.04573;
     mvs5o WITH mvs17o*0.13987;
     mvs5o WITH mvs18o*0.10422;
     mvs6o WITH mvs10o*0.18819;
     mvs6o WITH mvs11o*0.14655;
     mvs6o WITH mvs12o*0.15316;
     mvs6o WITH mvs16o*0.03544;
     mvs6o WITH mvs17o*0.08752;
     mvs6o WITH mvs18o*0.10801;
     mvs10o WITH mvs11o*0.05634;
     mvs10o WITH mvs12o*0.20979;
     mvs10o WITH mvs16o*0.04125;
     mvs10o WITH mvs17o*0.10402;
     mvs10o WITH mvs18o*0.17918;
     mvs11o WITH mvs12o*0.11156;
     mvs11o WITH mvs16o*0.00091;
     mvs11o WITH mvs17o*0.07571;
     mvs11o WITH mvs18o*0.05462;
     mvs12o WITH mvs16o*0.03795;
     mvs12o WITH mvs17o*0.07056;
     mvs12o WITH mvs18o*0.13155;
     mvs16o WITH mvs17o*0.07420;
     mvs16o WITH mvs18o*0.15906;
     mvs17o WITH mvs18o*0.04447;
     suc WITH cen*0.78844;
     suc WITH hap*0.70673;
     cen WITH hap*0.62726;

     [ mvs1*3.35921 ];
     [ mvs2*2.36282 ];
     [ mvs3*3.08664 ];
     [ mvs7*2.60469 ];
     [ mvs8*3.48195 ];
     [ mvs9*3.29964 ];
     [ mvs13*3.16606 ];
     [ mvs14*3.42960 ];
     [ mvs15*3.34838 ];
     [ mvs4o*3.08123 ];
     [ mvs5o*3.28700 ];
     [ mvs6o*2.77978 ];
     [ mvs10o*2.96209 ];
     [ mvs11o*2.42960 ];
     [ mvs12o*3.14621 ];
     [ mvs16o*3.65523 ];
     [ mvs17o*2.77617 ];
     [ mvs18o*3.26895 ];

     mvs1*0.72626 (ev1);
     mvs2*0.79378 (ev2);
     mvs3*0.61817 (ev3);
     mvs7*0.77160 (ev7);
     mvs8*0.63813 (ev8);
     mvs9*0.55705 (ev9);
     mvs13*0.48654 (ev13);
     mvs14*0.34111 (ev14);
     mvs15*0.90933 (ev15);
     mvs4o*0.77323 (ev4);
     mvs5o*0.82084 (ev5);
     mvs6o*0.70988 (ev6);
     mvs10o*0.78755 (ev10);
     mvs11o*0.84908 (ev11);
     mvs12o*0.70283 (ev12);
     mvs16o*0.78133 (ev16);
     mvs17o*0.70524 (ev17);
     mvs18o*0.65224 (ev18);
     suc@1;
     cen@1;
     hap@1;



MODEL MODIFICATION INDICES

NOTE:  Modification indices for direct effects of observed dependent variables
regressed on covariates may not be included.  To include these, request
MODINDICES (ALL).

Minimum M.I. value for printing the modification index     3.840

                                   M.I.     E.P.C.  Std E.P.C.  StdYX E.P.C.

BY Statements

SUC      BY MVS7                  12.899    -0.404     -0.404       -0.412
SUC      BY MVS9                   5.361     0.327      0.327        0.321
SUC      BY MVS18O                 7.063    -0.189     -0.189       -0.200
CEN      BY MVS17O                 5.651     0.163      0.163        0.157
CEN      BY MVS18O                 8.961    -0.187     -0.187       -0.199
HAP      BY MVS2                   8.782     0.235      0.235        0.227
HAP      BY MVS3                   6.646    -0.229     -0.229       -0.210
HAP      BY MVS8                   5.372     0.161      0.161        0.162

WITH Statements

MVS2     WITH MVS1                14.356    -0.144     -0.144       -0.190
MVS8     WITH MVS1                 5.182    -0.077     -0.077       -0.113
MVS8     WITH MVS2                 4.489     0.073      0.073        0.103
MVS9     WITH MVS1                 5.447     0.079      0.079        0.124
MVS9     WITH MVS2                 5.787    -0.083     -0.083       -0.124
MVS9     WITH MVS3                 3.854     0.067      0.067        0.115
MVS9     WITH MVS8                 7.221    -0.111     -0.111       -0.186
MVS13    WITH MVS1                 4.327    -0.063     -0.063       -0.106
MVS13    WITH MVS2                 4.879     0.068      0.068        0.110
MVS14    WITH MVS1                 5.680     0.070      0.070        0.140
MVS14    WITH MVS3                12.823    -0.105     -0.105       -0.229
MVS15    WITH MVS8                11.983     0.124      0.124        0.163
MVS5O    WITH MVS14                3.937     0.058      0.058        0.109
MVS6O    WITH MVS2                 6.898     0.087      0.087        0.116
MVS6O    WITH MVS8                 4.704    -0.066     -0.066       -0.098
MVS6O    WITH MVS15                5.701    -0.081     -0.081       -0.100
MVS11O   WITH MVS7                13.866     0.131      0.131        0.162
MVS12O   WITH MVS2                 4.845    -0.070     -0.070       -0.094
MVS12O   WITH MVS7                14.137    -0.120     -0.120       -0.163
MVS16O   WITH MVS13                6.951    -0.079     -0.079       -0.128


TECHNICAL 1 OUTPUT


     PARAMETER SPECIFICATION


           NU
              MVS1          MVS2          MVS3          MVS7          MVS8
              ________      ________      ________      ________      ________
                  1             2             3             4             5


           NU
              MVS9          MVS13         MVS14         MVS15         MVS4O
              ________      ________      ________      ________      ________
                  6             7             8             9            10


           NU
              MVS5O         MVS6O         MVS10O        MVS11O        MVS12O
              ________      ________      ________      ________      ________
                 11            12            13            14            15


           NU
              MVS16O        MVS17O        MVS18O
              ________      ________      ________
                 16            17            18


           LAMBDA
              SUC           CEN           HAP
              ________      ________      ________
 MVS1              19             0             0
 MVS2              20             0             0
 MVS3              21             0             0
 MVS7               0            22             0
 MVS8               0            23             0
 MVS9               0            24             0
 MVS13              0             0            25
 MVS14              0             0            26
 MVS15              0             0            27
 MVS4O             28             0             0
 MVS5O             29             0             0
 MVS6O             30             0             0
 MVS10O             0            31             0
 MVS11O             0            32             0
 MVS12O             0            33             0
 MVS16O             0             0            34
 MVS17O             0             0            35
 MVS18O             0             0            36


           THETA
              MVS1          MVS2          MVS3          MVS7          MVS8
              ________      ________      ________      ________      ________
 MVS1              37
 MVS2               0            38
 MVS3               0             0            39
 MVS7               0             0             0            40
 MVS8               0             0             0             0            41
 MVS9               0             0             0             0             0
 MVS13              0             0             0             0             0
 MVS14              0             0             0             0             0
 MVS15              0             0             0             0             0
 MVS4O              0             0             0             0             0
 MVS5O              0             0             0             0             0
 MVS6O              0             0             0             0             0
 MVS10O             0             0             0             0             0
 MVS11O             0             0             0             0             0
 MVS12O             0             0             0             0             0
 MVS16O             0             0             0             0             0
 MVS17O             0             0             0             0             0
 MVS18O             0             0             0             0             0


           THETA
              MVS9          MVS13         MVS14         MVS15         MVS4O
              ________      ________      ________      ________      ________
 MVS9              42
 MVS13              0            43
 MVS14              0             0            44
 MVS15              0             0             0            45
 MVS4O              0             0             0             0            46
 MVS5O              0             0             0             0            47
 MVS6O              0             0             0             0            49
 MVS10O             0             0             0             0            52
 MVS11O             0             0             0             0            56
 MVS12O             0             0             0             0            61
 MVS16O             0             0             0             0            67
 MVS17O             0             0             0             0            74
 MVS18O             0             0             0             0            82


           THETA
              MVS5O         MVS6O         MVS10O        MVS11O        MVS12O
              ________      ________      ________      ________      ________
 MVS5O             48
 MVS6O             50            51
 MVS10O            53            54            55
 MVS11O            57            58            59            60
 MVS12O            62            63            64            65            66
 MVS16O            68            69            70            71            72
 MVS17O            75            76            77            78            79
 MVS18O            83            84            85            86            87


           THETA
              MVS16O        MVS17O        MVS18O
              ________      ________      ________
 MVS16O            73
 MVS17O            80            81
 MVS18O            88            89            90


           ALPHA
              SUC           CEN           HAP
              ________      ________      ________
                  0             0             0


           BETA
              SUC           CEN           HAP
              ________      ________      ________
 SUC                0             0             0
 CEN                0             0             0
 HAP                0             0             0


           PSI
              SUC           CEN           HAP
              ________      ________      ________
 SUC                0
 CEN               91             0
 HAP               92            93             0


     STARTING VALUES


           NU
              MVS1          MVS2          MVS3          MVS7          MVS8
              ________      ________      ________      ________      ________
                3.359         2.363         3.087         2.605         3.482


           NU
              MVS9          MVS13         MVS14         MVS15         MVS4O
              ________      ________      ________      ________      ________
                3.300         3.166         3.430         3.348         3.081


           NU
              MVS5O         MVS6O         MVS10O        MVS11O        MVS12O
              ________      ________      ________      ________      ________
                3.287         2.780         2.962         2.430         3.146


           NU
              MVS16O        MVS17O        MVS18O
              ________      ________      ________
                3.655         2.776         3.269


           LAMBDA
              SUC           CEN           HAP
              ________      ________      ________
 MVS1           1.000         0.000         0.000
 MVS2           1.000         0.000         0.000
 MVS3           1.000         0.000         0.000
 MVS7           0.000         1.000         0.000
 MVS8           0.000         1.000         0.000
 MVS9           0.000         1.000         0.000
 MVS13          0.000         0.000         1.000
 MVS14          0.000         0.000         1.000
 MVS15          0.000         0.000         1.000
 MVS4O          1.000         0.000         0.000
 MVS5O          1.000         0.000         0.000
 MVS6O          1.000         0.000         0.000
 MVS10O         0.000         1.000         0.000
 MVS11O         0.000         1.000         0.000
 MVS12O         0.000         1.000         0.000
 MVS16O         0.000         0.000         1.000
 MVS17O         0.000         0.000         1.000
 MVS18O         0.000         0.000         1.000


           THETA
              MVS1          MVS2          MVS3          MVS7          MVS8
              ________      ________      ________      ________      ________
 MVS1           0.541
 MVS2           0.000         0.534
 MVS3           0.000         0.000         0.596
 MVS7           0.000         0.000         0.000         0.482
 MVS8           0.000         0.000         0.000         0.000         0.491
 MVS9           0.000         0.000         0.000         0.000         0.000
 MVS13          0.000         0.000         0.000         0.000         0.000
 MVS14          0.000         0.000         0.000         0.000         0.000
 MVS15          0.000         0.000         0.000         0.000         0.000
 MVS4O          0.000         0.000         0.000         0.000         0.000
 MVS5O          0.000         0.000         0.000         0.000         0.000
 MVS6O          0.000         0.000         0.000         0.000         0.000
 MVS10O         0.000         0.000         0.000         0.000         0.000
 MVS11O         0.000         0.000         0.000         0.000         0.000
 MVS12O         0.000         0.000         0.000         0.000         0.000
 MVS16O         0.000         0.000         0.000         0.000         0.000
 MVS17O         0.000         0.000         0.000         0.000         0.000
 MVS18O         0.000         0.000         0.000         0.000         0.000


           THETA
              MVS9          MVS13         MVS14         MVS15         MVS4O
              ________      ________      ________      ________      ________
 MVS9           0.518
 MVS13          0.000         0.542
 MVS14          0.000         0.000         0.577
 MVS15          0.000         0.000         0.000         0.604
 MVS4O          0.000         0.000         0.000         0.000         0.490
 MVS5O          0.000         0.000         0.000         0.000         0.000
 MVS6O          0.000         0.000         0.000         0.000         0.000
 MVS10O         0.000         0.000         0.000         0.000         0.000
 MVS11O         0.000         0.000         0.000         0.000         0.000
 MVS12O         0.000         0.000         0.000         0.000         0.000
 MVS16O         0.000         0.000         0.000         0.000         0.000
 MVS17O         0.000         0.000         0.000         0.000         0.000
 MVS18O         0.000         0.000         0.000         0.000         0.000


           THETA
              MVS5O         MVS6O         MVS10O        MVS11O        MVS12O
              ________      ________      ________      ________      ________
 MVS5O          0.456
 MVS6O          0.000         0.469
 MVS10O         0.000         0.000         0.469
 MVS11O         0.000         0.000         0.000         0.428
 MVS12O         0.000         0.000         0.000         0.000         0.452
 MVS16O         0.000         0.000         0.000         0.000         0.000
 MVS17O         0.000         0.000         0.000         0.000         0.000
 MVS18O         0.000         0.000         0.000         0.000         0.000


           THETA
              MVS16O        MVS17O        MVS18O
              ________      ________      ________
 MVS16O         0.432
 MVS17O         0.000         0.529
 MVS18O         0.000         0.000         0.439


           ALPHA
              SUC           CEN           HAP
              ________      ________      ________
                0.000         0.000         0.000


           BETA
              SUC           CEN           HAP
              ________      ________      ________
 SUC            0.000         0.000         0.000
 CEN            0.000         0.000         0.000
 HAP            0.000         0.000         0.000


           PSI
              SUC           CEN           HAP
              ________      ________      ________
 SUC            1.000
 CEN            0.000         1.000
 HAP            0.000         0.000         1.000


DIAGRAM INFORMATION

  Use View Diagram under the Diagram menu in the Mplus Editor to view the diagram.
  If running Mplus from the Mplus Diagrammer, the diagram opens automatically.

  Diagram output
    c:\users\jxb14\dropbox (personal)\consumeropinions\feb18oct18\18items\metric\singlegroup\12-t3cuneg-metric-ml.dgm

     Beginning Time:  18:08:20
        Ending Time:  18:08:20
       Elapsed Time:  00:00:00



MUTHEN & MUTHEN
3463 Stoner Ave.
Los Angeles, CA  90066

Tel: (310) 391-9971
Fax: (310) 391-8971
Web: www.StatModel.com
Support: Support@StatModel.com

Copyright (c) 1998-2018 Muthen & Muthen
